<?xml version="1.0" encoding="UTF-8"?>
<testsuite name="com.eleks.groupservice.controller.PaymentControllerTest" tests="17" skipped="0" failures="0" errors="0" timestamp="2020-01-29T18:56:08" hostname="WS-LV-CP3577" time="0.598">
  <properties/>
  <testcase name="getPayments_GroupExistsPaymentsDontExist_ReturnOkAndEmptyList()" classname="com.eleks.groupservice.controller.PaymentControllerTest" time="0.031"/>
  <testcase name="createPayment_PaymentWithBlankDescription_ShouldReturnBadRequestAndError()" classname="com.eleks.groupservice.controller.PaymentControllerTest" time="0.042"/>
  <testcase name="createPayment_PaymentWithZeroPrice_ShouldReturnBadRequestAndError()" classname="com.eleks.groupservice.controller.PaymentControllerTest" time="0.049"/>
  <testcase name="getPayment_GettingExistingPayment_ReturnOkAndPaymentData()" classname="com.eleks.groupservice.controller.PaymentControllerTest" time="0.032"/>
  <testcase name="deletePayment_GroupOrPaymentDontExist_ReturnNotFoundAndError()" classname="com.eleks.groupservice.controller.PaymentControllerTest" time="0.029"/>
  <testcase name="createPayment_PaymentWithTooLongDescription_ShouldReturnBadRequestAndError()" classname="com.eleks.groupservice.controller.PaymentControllerTest" time="0.034"/>
  <testcase name="createPayment_PaymentWithoutDescription_ShouldReturnBadRequestAndError()" classname="com.eleks.groupservice.controller.PaymentControllerTest" time="0.029"/>
  <testcase name="getPayment_PaymentDoesntExist_ReturnNotFoundAndError()" classname="com.eleks.groupservice.controller.PaymentControllerTest" time="0.035"/>
  <testcase name="getPayments_GroupExistsPaymentsExist_ReturnOkListOfPayments()" classname="com.eleks.groupservice.controller.PaymentControllerTest" time="0.038"/>
  <testcase name="createPayment_PaymentWithoutPrice_ShouldReturnBadRequestAndError()" classname="com.eleks.groupservice.controller.PaymentControllerTest" time="0.037"/>
  <testcase name="createPayment_CoPayersIdsAreInvalid_ShouldReturnBadRequestAndErrorWithMsgFromUsersIdsValidationException()" classname="com.eleks.groupservice.controller.PaymentControllerTest" time="0.032"/>
  <testcase name="createPayment_PaymentWithNegativePrice_ShouldReturnBadRequestAndError()" classname="com.eleks.groupservice.controller.PaymentControllerTest" time="0.031"/>
  <testcase name="createPayment_GroupDoesntExist_ShouldReturnNotFoundAndErrorWithMsgFromResourceNotFoundException()" classname="com.eleks.groupservice.controller.PaymentControllerTest" time="0.037"/>
  <testcase name="createPayment_PaymentWithoutCoPayers_ShouldReturnBadRequestAndError()" classname="com.eleks.groupservice.controller.PaymentControllerTest" time="0.032"/>
  <testcase name="deletePayment_GroupAndPaymentExist_ReturnOk()" classname="com.eleks.groupservice.controller.PaymentControllerTest" time="0.025"/>
  <testcase name="getPayments_GroupDoesntExist_ReturnNotFoundAndError()" classname="com.eleks.groupservice.controller.PaymentControllerTest" time="0.03"/>
  <testcase name="createPayment_AllDataIsSet_ReturnOkAndSavedPayment()" classname="com.eleks.groupservice.controller.PaymentControllerTest" time="0.032"/>
  <system-out><![CDATA[2020-01-29 20:56:07.087  INFO 17952 --- [    Test worker] .b.t.a.w.s.WebMvcTestContextBootstrapper : Neither @ContextConfiguration nor @ContextHierarchy found for test class [com.eleks.groupservice.controller.PaymentControllerTest], using SpringBootContextLoader
2020-01-29 20:56:07.089  INFO 17952 --- [    Test worker] o.s.t.c.support.AbstractContextLoader    : Could not detect default resource locations for test class [com.eleks.groupservice.controller.PaymentControllerTest]: no resource found for suffixes {-context.xml, Context.groovy}.
2020-01-29 20:56:07.089  INFO 17952 --- [    Test worker] t.c.s.AnnotationConfigContextLoaderUtils : Could not detect default configuration classes for test class [com.eleks.groupservice.controller.PaymentControllerTest]: PaymentControllerTest does not declare any static, non-private, non-final, nested classes annotated with @Configuration.
2020-01-29 20:56:07.094  INFO 17952 --- [    Test worker] .b.t.c.SpringBootTestContextBootstrapper : Found @SpringBootConfiguration com.eleks.groupservice.GroupServiceApplication for test class com.eleks.groupservice.controller.PaymentControllerTest
2020-01-29 20:56:07.094  INFO 17952 --- [    Test worker] .b.t.a.w.s.WebMvcTestContextBootstrapper : Loaded default TestExecutionListener class names from location [META-INF/spring.factories]: [org.springframework.security.test.context.support.WithSecurityContextTestExecutionListener, org.springframework.security.test.context.support.ReactorContextTestExecutionListener, org.springframework.boot.test.autoconfigure.restdocs.RestDocsTestExecutionListener, org.springframework.boot.test.autoconfigure.web.client.MockRestServiceServerResetTestExecutionListener, org.springframework.boot.test.autoconfigure.web.servlet.MockMvcPrintOnlyOnFailureTestExecutionListener, org.springframework.boot.test.autoconfigure.web.servlet.WebDriverTestExecutionListener, org.springframework.boot.test.mock.mockito.MockitoTestExecutionListener, org.springframework.boot.test.mock.mockito.ResetMocksTestExecutionListener, org.springframework.test.context.web.ServletTestExecutionListener, org.springframework.test.context.support.DirtiesContextBeforeModesTestExecutionListener, org.springframework.test.context.support.DependencyInjectionTestExecutionListener, org.springframework.test.context.support.DirtiesContextTestExecutionListener, org.springframework.test.context.transaction.TransactionalTestExecutionListener, org.springframework.test.context.jdbc.SqlScriptsTestExecutionListener, org.springframework.test.context.event.EventPublishingTestExecutionListener]
2020-01-29 20:56:07.096  INFO 17952 --- [    Test worker] .b.t.a.w.s.WebMvcTestContextBootstrapper : Using TestExecutionListeners: [org.springframework.test.context.web.ServletTestExecutionListener@6650b7da, org.springframework.test.context.support.DirtiesContextBeforeModesTestExecutionListener@30a07d76, org.springframework.boot.test.mock.mockito.MockitoTestExecutionListener@6e6fde25, org.springframework.boot.test.autoconfigure.SpringBootDependencyInjectionTestExecutionListener@d687ae3, org.springframework.test.context.support.DirtiesContextTestExecutionListener@6e65f2f3, org.springframework.test.context.transaction.TransactionalTestExecutionListener@5d9d6984, org.springframework.test.context.jdbc.SqlScriptsTestExecutionListener@4d930ae4, org.springframework.security.test.context.support.WithSecurityContextTestExecutionListener@362ced7, org.springframework.test.context.event.EventPublishingTestExecutionListener@42514622, org.springframework.security.test.context.support.ReactorContextTestExecutionListener@7436d6a5, org.springframework.boot.test.autoconfigure.restdocs.RestDocsTestExecutionListener@21a726ed, org.springframework.boot.test.autoconfigure.web.client.MockRestServiceServerResetTestExecutionListener@34265078, org.springframework.boot.test.autoconfigure.web.servlet.MockMvcPrintOnlyOnFailureTestExecutionListener@7c8e6088, org.springframework.boot.test.autoconfigure.web.servlet.WebDriverTestExecutionListener@3e4f0242, org.springframework.boot.test.mock.mockito.ResetMocksTestExecutionListener@2647cb28]

  .   ____          _            __ _ _
 /\\ / ___'_ __ _ _(_)_ __  __ _ \ \ \ \
( ( )\___ | '_ | '_| | '_ \/ _` | \ \ \ \
 \\/  ___)| |_)| | | | | || (_| |  ) ) ) )
  '  |____| .__|_| |_|_| |_\__, | / / / /
 =========|_|==============|___/=/_/_/_/
 :: Spring Boot ::        (v2.2.2.RELEASE)

2020-01-29 20:56:07.144  INFO 17952 --- [    Test worker] c.e.g.controller.PaymentControllerTest   : Starting PaymentControllerTest on WS-LV-CP3577 with PID 17952 (started by nazarii.liutyi in C:\Development\America Projects\liutyi-payment-splitter-master\GroupService)
2020-01-29 20:56:07.145  INFO 17952 --- [    Test worker] c.e.g.controller.PaymentControllerTest   : No active profile set, falling back to default profiles: default
2020-01-29 20:56:07.593  INFO 17952 --- [    Test worker] o.s.s.concurrent.ThreadPoolTaskExecutor  : Initializing ExecutorService 'applicationTaskExecutor'
2020-01-29 20:56:07.832  INFO 17952 --- [    Test worker] .s.s.UserDetailsServiceAutoConfiguration : 

Using generated security password: e9754b7f-2761-4e4e-b532-392b5f93709a

2020-01-29 20:56:07.998  INFO 17952 --- [    Test worker] o.s.s.web.DefaultSecurityFilterChain     : Creating filter chain: any request, [org.springframework.security.web.context.request.async.WebAsyncManagerIntegrationFilter@52b52bfc, org.springframework.security.web.context.SecurityContextPersistenceFilter@6f9e6f6f, org.springframework.security.web.header.HeaderWriterFilter@7b4d8eec, org.springframework.security.web.csrf.CsrfFilter@189e82c2, org.springframework.security.web.authentication.logout.LogoutFilter@46f0f84f, org.springframework.security.web.authentication.UsernamePasswordAuthenticationFilter@4d91e9a8, org.springframework.security.web.authentication.ui.DefaultLoginPageGeneratingFilter@6f1ec169, org.springframework.security.web.authentication.ui.DefaultLogoutPageGeneratingFilter@39e239c4, org.springframework.security.web.authentication.www.BasicAuthenticationFilter@6582aa69, org.springframework.security.web.savedrequest.RequestCacheAwareFilter@28b3b22b, org.springframework.security.web.servletapi.SecurityContextHolderAwareRequestFilter@3f1e733f, org.springframework.security.web.authentication.AnonymousAuthenticationFilter@7b7c4bf9, org.springframework.security.web.session.SessionManagementFilter@37a6550, org.springframework.security.web.access.ExceptionTranslationFilter@157a421d, org.springframework.security.web.access.intercept.FilterSecurityInterceptor@189e744a]
2020-01-29 20:56:08.025  INFO 17952 --- [    Test worker] o.s.b.t.m.w.SpringBootMockServletContext : Initializing Spring TestDispatcherServlet ''
2020-01-29 20:56:08.025  INFO 17952 --- [    Test worker] o.s.t.web.servlet.TestDispatcherServlet  : Initializing Servlet ''
2020-01-29 20:56:08.035  INFO 17952 --- [    Test worker] o.s.t.web.servlet.TestDispatcherServlet  : Completed initialization in 10 ms
2020-01-29 20:56:08.051  INFO 17952 --- [    Test worker] c.e.g.controller.PaymentControllerTest   : Started PaymentControllerTest in 0.951 seconds (JVM running for 15.622)
2020-01-29 20:56:08.079  INFO 17952 --- [    Test worker] o.s.mock.web.MockServletContext          : Initializing Spring TestDispatcherServlet ''
2020-01-29 20:56:08.079  INFO 17952 --- [    Test worker] o.s.t.web.servlet.TestDispatcherServlet  : Initializing Servlet ''
2020-01-29 20:56:08.079  INFO 17952 --- [    Test worker] o.s.t.web.servlet.TestDispatcherServlet  : Completed initialization in 0 ms
2020-01-29 20:56:08.112  INFO 17952 --- [    Test worker] o.s.mock.web.MockServletContext          : Initializing Spring TestDispatcherServlet ''
2020-01-29 20:56:08.112  INFO 17952 --- [    Test worker] o.s.t.web.servlet.TestDispatcherServlet  : Initializing Servlet ''
2020-01-29 20:56:08.112  INFO 17952 --- [    Test worker] o.s.t.web.servlet.TestDispatcherServlet  : Completed initialization in 0 ms
2020-01-29 20:56:08.166  INFO 17952 --- [    Test worker] o.s.mock.web.MockServletContext          : Initializing Spring TestDispatcherServlet ''
2020-01-29 20:56:08.167  INFO 17952 --- [    Test worker] o.s.t.web.servlet.TestDispatcherServlet  : Initializing Servlet ''
2020-01-29 20:56:08.167  INFO 17952 --- [    Test worker] o.s.t.web.servlet.TestDispatcherServlet  : Completed initialization in 0 ms
2020-01-29 20:56:08.200  INFO 17952 --- [    Test worker] o.s.mock.web.MockServletContext          : Initializing Spring TestDispatcherServlet ''
2020-01-29 20:56:08.200  INFO 17952 --- [    Test worker] o.s.t.web.servlet.TestDispatcherServlet  : Initializing Servlet ''
2020-01-29 20:56:08.200  INFO 17952 --- [    Test worker] o.s.t.web.servlet.TestDispatcherServlet  : Completed initialization in 0 ms
2020-01-29 20:56:08.233  INFO 17952 --- [    Test worker] o.s.mock.web.MockServletContext          : Initializing Spring TestDispatcherServlet ''
2020-01-29 20:56:08.234  INFO 17952 --- [    Test worker] o.s.t.web.servlet.TestDispatcherServlet  : Initializing Servlet ''
2020-01-29 20:56:08.234  INFO 17952 --- [    Test worker] o.s.t.web.servlet.TestDispatcherServlet  : Completed initialization in 0 ms
2020-01-29 20:56:08.268  INFO 17952 --- [    Test worker] o.s.mock.web.MockServletContext          : Initializing Spring TestDispatcherServlet ''
2020-01-29 20:56:08.268  INFO 17952 --- [    Test worker] o.s.t.web.servlet.TestDispatcherServlet  : Initializing Servlet ''
2020-01-29 20:56:08.269  INFO 17952 --- [    Test worker] o.s.t.web.servlet.TestDispatcherServlet  : Completed initialization in 1 ms
2020-01-29 20:56:08.298  INFO 17952 --- [    Test worker] o.s.mock.web.MockServletContext          : Initializing Spring TestDispatcherServlet ''
2020-01-29 20:56:08.298  INFO 17952 --- [    Test worker] o.s.t.web.servlet.TestDispatcherServlet  : Initializing Servlet ''
2020-01-29 20:56:08.298  INFO 17952 --- [    Test worker] o.s.t.web.servlet.TestDispatcherServlet  : Completed initialization in 0 ms
2020-01-29 20:56:08.333  INFO 17952 --- [    Test worker] o.s.mock.web.MockServletContext          : Initializing Spring TestDispatcherServlet ''
2020-01-29 20:56:08.334  INFO 17952 --- [    Test worker] o.s.t.web.servlet.TestDispatcherServlet  : Initializing Servlet ''
2020-01-29 20:56:08.334  INFO 17952 --- [    Test worker] o.s.t.web.servlet.TestDispatcherServlet  : Completed initialization in 0 ms
2020-01-29 20:56:08.374  INFO 17952 --- [    Test worker] o.s.mock.web.MockServletContext          : Initializing Spring TestDispatcherServlet ''
2020-01-29 20:56:08.374  INFO 17952 --- [    Test worker] o.s.t.web.servlet.TestDispatcherServlet  : Initializing Servlet ''
2020-01-29 20:56:08.375  INFO 17952 --- [    Test worker] o.s.t.web.servlet.TestDispatcherServlet  : Completed initialization in 1 ms
2020-01-29 20:56:08.411  INFO 17952 --- [    Test worker] o.s.mock.web.MockServletContext          : Initializing Spring TestDispatcherServlet ''
2020-01-29 20:56:08.411  INFO 17952 --- [    Test worker] o.s.t.web.servlet.TestDispatcherServlet  : Initializing Servlet ''
2020-01-29 20:56:08.412  INFO 17952 --- [    Test worker] o.s.t.web.servlet.TestDispatcherServlet  : Completed initialization in 1 ms
2020-01-29 20:56:08.442  INFO 17952 --- [    Test worker] o.s.mock.web.MockServletContext          : Initializing Spring TestDispatcherServlet ''
2020-01-29 20:56:08.443  INFO 17952 --- [    Test worker] o.s.t.web.servlet.TestDispatcherServlet  : Initializing Servlet ''
2020-01-29 20:56:08.443  INFO 17952 --- [    Test worker] o.s.t.web.servlet.TestDispatcherServlet  : Completed initialization in 0 ms
2020-01-29 20:56:08.478  INFO 17952 --- [    Test worker] o.s.mock.web.MockServletContext          : Initializing Spring TestDispatcherServlet ''
2020-01-29 20:56:08.478  INFO 17952 --- [    Test worker] o.s.t.web.servlet.TestDispatcherServlet  : Initializing Servlet ''
2020-01-29 20:56:08.478  INFO 17952 --- [    Test worker] o.s.t.web.servlet.TestDispatcherServlet  : Completed initialization in 0 ms
2020-01-29 20:56:08.510  INFO 17952 --- [    Test worker] o.s.mock.web.MockServletContext          : Initializing Spring TestDispatcherServlet ''
2020-01-29 20:56:08.510  INFO 17952 --- [    Test worker] o.s.t.web.servlet.TestDispatcherServlet  : Initializing Servlet ''
2020-01-29 20:56:08.511  INFO 17952 --- [    Test worker] o.s.t.web.servlet.TestDispatcherServlet  : Completed initialization in 1 ms
2020-01-29 20:56:08.552  INFO 17952 --- [    Test worker] o.s.mock.web.MockServletContext          : Initializing Spring TestDispatcherServlet ''
2020-01-29 20:56:08.553  INFO 17952 --- [    Test worker] o.s.t.web.servlet.TestDispatcherServlet  : Initializing Servlet ''
2020-01-29 20:56:08.553  INFO 17952 --- [    Test worker] o.s.t.web.servlet.TestDispatcherServlet  : Completed initialization in 0 ms
2020-01-29 20:56:08.583  INFO 17952 --- [    Test worker] o.s.mock.web.MockServletContext          : Initializing Spring TestDispatcherServlet ''
2020-01-29 20:56:08.584  INFO 17952 --- [    Test worker] o.s.t.web.servlet.TestDispatcherServlet  : Initializing Servlet ''
2020-01-29 20:56:08.584  INFO 17952 --- [    Test worker] o.s.t.web.servlet.TestDispatcherServlet  : Completed initialization in 0 ms
2020-01-29 20:56:08.614  INFO 17952 --- [    Test worker] o.s.mock.web.MockServletContext          : Initializing Spring TestDispatcherServlet ''
2020-01-29 20:56:08.614  INFO 17952 --- [    Test worker] o.s.t.web.servlet.TestDispatcherServlet  : Initializing Servlet ''
2020-01-29 20:56:08.614  INFO 17952 --- [    Test worker] o.s.t.web.servlet.TestDispatcherServlet  : Completed initialization in 0 ms
2020-01-29 20:56:08.639  INFO 17952 --- [    Test worker] o.s.mock.web.MockServletContext          : Initializing Spring TestDispatcherServlet ''
2020-01-29 20:56:08.639  INFO 17952 --- [    Test worker] o.s.t.web.servlet.TestDispatcherServlet  : Initializing Servlet ''
2020-01-29 20:56:08.639  INFO 17952 --- [    Test worker] o.s.t.web.servlet.TestDispatcherServlet  : Completed initialization in 0 ms
]]></system-out>
  <system-err><![CDATA[]]></system-err>
</testsuite>
