<?xml version="1.0" encoding="UTF-8"?>
<testsuite name="com.eleks.groupservice.mapper.PaymentMapperTest" tests="2" skipped="0" failures="0" errors="0" timestamp="2020-01-29T18:56:08" hostname="WS-LV-CP3577" time="0.003">
  <properties/>
  <testcase name="toDto()" classname="com.eleks.groupservice.mapper.PaymentMapperTest" time="0.002"/>
  <testcase name="toEntity()" classname="com.eleks.groupservice.mapper.PaymentMapperTest" time="0.0"/>
  <system-out><![CDATA[]]></system-out>
  <system-err><![CDATA[]]></system-err>
</testsuite>
