<?xml version="1.0" encoding="UTF-8"?>
<testsuite name="com.eleks.groupservice.repository.GroupRepositoryTest" tests="9" skipped="0" failures="0" errors="0" timestamp="2020-02-02T14:27:28" hostname="furious" time="0.829">
  <properties/>
  <testcase name="save_SaveGroupWithoutId_ShouldReturnSavedWithId()" classname="com.eleks.groupservice.repository.GroupRepositoryTest" time="0.185"/>
  <testcase name="save_UpdateGroupWithNewData_ShouldReturnUpdatedGroup()" classname="com.eleks.groupservice.repository.GroupRepositoryTest" time="0.183"/>
  <testcase name="findById_GroupWithIdExists_ReturnUser()" classname="com.eleks.groupservice.repository.GroupRepositoryTest" time="0.076"/>
  <testcase name="findById_GroupWithIdDoesntExist_ReturnNothing()" classname="com.eleks.groupservice.repository.GroupRepositoryTest" time="0.032"/>
  <testcase name="save_GroupWithoutCurrency_ShouldThrowDataIntegrityViolationException()" classname="com.eleks.groupservice.repository.GroupRepositoryTest" time="0.035"/>
  <testcase name="deleteById_DeleteExistingGroup_ShouldDeleteTwoPayments()" classname="com.eleks.groupservice.repository.GroupRepositoryTest" time="0.184"/>
  <testcase name="deleteById_DeleteNonExistingGroup_ShouldThrowEmptyResultDataAccessException()" classname="com.eleks.groupservice.repository.GroupRepositoryTest" time="0.03"/>
  <testcase name="deleteById_DeleteExistingGroup_ShouldBeDeleted()" classname="com.eleks.groupservice.repository.GroupRepositoryTest" time="0.039"/>
  <testcase name="save_GroupWithoutName_ShouldThrowDataIntegrityViolationException()" classname="com.eleks.groupservice.repository.GroupRepositoryTest" time="0.034"/>
  <system-out><![CDATA[2020-02-02 16:27:26.977  INFO 19868 --- [    Test worker] b.t.a.o.j.DataJpaTestContextBootstrapper : Neither @ContextConfiguration nor @ContextHierarchy found for test class [com.eleks.groupservice.repository.GroupRepositoryTest], using SpringBootContextLoader
2020-02-02 16:27:26.979  INFO 19868 --- [    Test worker] o.s.t.c.support.AbstractContextLoader    : Could not detect default resource locations for test class [com.eleks.groupservice.repository.GroupRepositoryTest]: no resource found for suffixes {-context.xml, Context.groovy}.
2020-02-02 16:27:26.979  INFO 19868 --- [    Test worker] t.c.s.AnnotationConfigContextLoaderUtils : Could not detect default configuration classes for test class [com.eleks.groupservice.repository.GroupRepositoryTest]: GroupRepositoryTest does not declare any static, non-private, non-final, nested classes annotated with @Configuration.
2020-02-02 16:27:26.992  INFO 19868 --- [    Test worker] .b.t.c.SpringBootTestContextBootstrapper : Found @SpringBootConfiguration com.eleks.groupservice.GroupServiceApplication for test class com.eleks.groupservice.repository.GroupRepositoryTest
2020-02-02 16:27:26.993  INFO 19868 --- [    Test worker] b.t.a.o.j.DataJpaTestContextBootstrapper : Loaded default TestExecutionListener class names from location [META-INF/spring.factories]: [org.springframework.security.test.context.support.WithSecurityContextTestExecutionListener, org.springframework.security.test.context.support.ReactorContextTestExecutionListener, org.springframework.boot.test.autoconfigure.restdocs.RestDocsTestExecutionListener, org.springframework.boot.test.autoconfigure.web.client.MockRestServiceServerResetTestExecutionListener, org.springframework.boot.test.autoconfigure.web.servlet.MockMvcPrintOnlyOnFailureTestExecutionListener, org.springframework.boot.test.autoconfigure.web.servlet.WebDriverTestExecutionListener, org.springframework.boot.test.mock.mockito.MockitoTestExecutionListener, org.springframework.boot.test.mock.mockito.ResetMocksTestExecutionListener, org.springframework.test.context.web.ServletTestExecutionListener, org.springframework.test.context.support.DirtiesContextBeforeModesTestExecutionListener, org.springframework.test.context.support.DependencyInjectionTestExecutionListener, org.springframework.test.context.support.DirtiesContextTestExecutionListener, org.springframework.test.context.transaction.TransactionalTestExecutionListener, org.springframework.test.context.jdbc.SqlScriptsTestExecutionListener, org.springframework.test.context.event.EventPublishingTestExecutionListener]
2020-02-02 16:27:26.995  INFO 19868 --- [    Test worker] b.t.a.o.j.DataJpaTestContextBootstrapper : Using TestExecutionListeners: [org.springframework.test.context.web.ServletTestExecutionListener@d1ad73e, org.springframework.test.context.support.DirtiesContextBeforeModesTestExecutionListener@6ee6eb, org.springframework.boot.test.mock.mockito.MockitoTestExecutionListener@61a246c4, org.springframework.boot.test.autoconfigure.SpringBootDependencyInjectionTestExecutionListener@6f17ad29, org.springframework.test.context.support.DirtiesContextTestExecutionListener@346f24d2, org.springframework.test.context.transaction.TransactionalTestExecutionListener@43c1d50a, org.springframework.test.context.jdbc.SqlScriptsTestExecutionListener@30262fd0, org.springframework.security.test.context.support.WithSecurityContextTestExecutionListener@628ab218, org.springframework.test.context.event.EventPublishingTestExecutionListener@2f0e532f, org.springframework.security.test.context.support.ReactorContextTestExecutionListener@622aba41, org.springframework.boot.test.autoconfigure.restdocs.RestDocsTestExecutionListener@6373417b, org.springframework.boot.test.autoconfigure.web.client.MockRestServiceServerResetTestExecutionListener@54de257f, org.springframework.boot.test.autoconfigure.web.servlet.MockMvcPrintOnlyOnFailureTestExecutionListener@91483e0, org.springframework.boot.test.autoconfigure.web.servlet.WebDriverTestExecutionListener@3edbd831, org.springframework.boot.test.mock.mockito.ResetMocksTestExecutionListener@475a2e08]

  .   ____          _            __ _ _
 /\\ / ___'_ __ _ _(_)_ __  __ _ \ \ \ \
( ( )\___ | '_ | '_| | '_ \/ _` | \ \ \ \
 \\/  ___)| |_)| | | | | || (_| |  ) ) ) )
  '  |____| .__|_| |_|_| |_\__, | / / / /
 =========|_|==============|___/=/_/_/_/
 :: Spring Boot ::        (v2.2.2.RELEASE)

2020-02-02 16:27:27.156  INFO 19868 --- [    Test worker] c.e.g.repository.GroupRepositoryTest     : Starting GroupRepositoryTest on furious with PID 19868 (started by liuty in C:\Users\liuty\IdeaProjects\liutyi-payment-splitter-master\GroupService)
2020-02-02 16:27:27.160  INFO 19868 --- [    Test worker] c.e.g.repository.GroupRepositoryTest     : No active profile set, falling back to default profiles: default
2020-02-02 16:27:27.611  INFO 19868 --- [    Test worker] .s.d.r.c.RepositoryConfigurationDelegate : Bootstrapping Spring Data JPA repositories in DEFAULT mode.
2020-02-02 16:27:27.679  INFO 19868 --- [    Test worker] .s.d.r.c.RepositoryConfigurationDelegate : Finished Spring Data repository scanning in 66ms. Found 2 JPA repository interfaces.
2020-02-02 16:27:27.705  INFO 19868 --- [    Test worker] beddedDataSourceBeanFactoryPostProcessor : Replacing 'dataSource' DataSource bean with embedded version
2020-02-02 16:27:27.784  INFO 19868 --- [    Test worker] o.s.j.d.e.EmbeddedDatabaseFactory        : Starting embedded database: url='jdbc:h2:mem:4f5783df-aec8-4ba3-82c6-79c3f46085cf;DB_CLOSE_DELAY=-1;DB_CLOSE_ON_EXIT=false', username='sa'
2020-02-02 16:27:27.949  INFO 19868 --- [    Test worker] o.hibernate.jpa.internal.util.LogHelper  : HHH000204: Processing PersistenceUnitInfo [name: default]
2020-02-02 16:27:27.968  INFO 19868 --- [    Test worker] org.hibernate.dialect.Dialect            : HHH000400: Using dialect: org.hibernate.dialect.H2Dialect
Hibernate: drop table payment if exists
Hibernate: drop table user_group if exists
Hibernate: create table payment (id bigint generated by default as identity, co_payers varchar(255), creator_id bigint, payment_description varchar(200) not null, price double not null, timestamp timestamp not null, group_id bigint, primary key (id))
Hibernate: create table user_group (id bigint generated by default as identity, currency varchar(255) not null, group_name varchar(50) not null, members varchar(255), primary key (id))
Hibernate: alter table payment add constraint FKtmyeeyj2pvntvstvl4pdvt030 foreign key (group_id) references user_group
2020-02-02 16:27:28.059  INFO 19868 --- [    Test worker] o.h.e.t.j.p.i.JtaPlatformInitiator       : HHH000490: Using JtaPlatform implementation: [org.hibernate.engine.transaction.jta.platform.internal.NoJtaPlatform]
2020-02-02 16:27:28.060  INFO 19868 --- [    Test worker] j.LocalContainerEntityManagerFactoryBean : Initialized JPA EntityManagerFactory for persistence unit 'default'
2020-02-02 16:27:28.387  INFO 19868 --- [    Test worker] c.e.g.repository.GroupRepositoryTest     : Started GroupRepositoryTest in 1.388 seconds (JVM running for 38.096)
2020-02-02 16:27:28.421  INFO 19868 --- [    Test worker] o.s.t.c.transaction.TransactionContext   : Began transaction (1) for test context [DefaultTestContext@24cdce90 testClass = GroupRepositoryTest, testInstance = com.eleks.groupservice.repository.GroupRepositoryTest@2e766888, testMethod = save_SaveGroupWithoutId_ShouldReturnSavedWithId@GroupRepositoryTest, testException = [null], mergedContextConfiguration = [MergedContextConfiguration@f6c18c2 testClass = GroupRepositoryTest, locations = '{}', classes = '{class com.eleks.groupservice.GroupServiceApplication}', contextInitializerClasses = '[]', activeProfiles = '{}', propertySourceLocations = '{}', propertySourceProperties = '{org.springframework.boot.test.autoconfigure.orm.jpa.DataJpaTestContextBootstrapper=true}', contextCustomizers = set[org.springframework.boot.test.autoconfigure.OverrideAutoConfigurationContextCustomizerFactory$DisableAutoConfigurationContextCustomizer@36348cae, org.springframework.boot.test.autoconfigure.filter.TypeExcludeFiltersContextCustomizer@351584c0, org.springframework.boot.test.autoconfigure.properties.PropertyMappingContextCustomizer@2862c16d, org.springframework.boot.test.autoconfigure.web.servlet.WebDriverContextCustomizerFactory$Customizer@3337936d, [ImportsContextCustomizer@40a40ef2 key = [org.springframework.boot.autoconfigure.cache.CacheAutoConfiguration, org.springframework.boot.autoconfigure.data.jpa.JpaRepositoriesAutoConfiguration, org.springframework.boot.autoconfigure.flyway.FlywayAutoConfiguration, org.springframework.boot.autoconfigure.jdbc.DataSourceAutoConfiguration, org.springframework.boot.autoconfigure.jdbc.DataSourceTransactionManagerAutoConfiguration, org.springframework.boot.autoconfigure.jdbc.JdbcTemplateAutoConfiguration, org.springframework.boot.autoconfigure.liquibase.LiquibaseAutoConfiguration, org.springframework.boot.autoconfigure.orm.jpa.HibernateJpaAutoConfiguration, org.springframework.boot.autoconfigure.transaction.TransactionAutoConfiguration, org.springframework.boot.test.autoconfigure.jdbc.TestDatabaseAutoConfiguration, org.springframework.boot.test.autoconfigure.orm.jpa.TestEntityManagerAutoConfiguration]], org.springframework.boot.test.context.filter.ExcludeFilterContextCustomizer@e49b20c, org.springframework.boot.test.json.DuplicateJsonObjectContextCustomizerFactory$DuplicateJsonObjectContextCustomizer@2c210581, org.springframework.boot.test.mock.mockito.MockitoContextCustomizer@0], contextLoader = 'org.springframework.boot.test.context.SpringBootContextLoader', parent = [null]], attributes = map[[empty]]]; transaction manager [org.springframework.orm.jpa.JpaTransactionManager@18feeca0]; rollback [true]
Hibernate: insert into user_group (id, currency, group_name, members) values (null, ?, ?, ?)
2020-02-02 16:27:28.573  INFO 19868 --- [    Test worker] o.s.t.c.transaction.TransactionContext   : Rolled back transaction for test: [DefaultTestContext@24cdce90 testClass = GroupRepositoryTest, testInstance = com.eleks.groupservice.repository.GroupRepositoryTest@2e766888, testMethod = save_SaveGroupWithoutId_ShouldReturnSavedWithId@GroupRepositoryTest, testException = [null], mergedContextConfiguration = [MergedContextConfiguration@f6c18c2 testClass = GroupRepositoryTest, locations = '{}', classes = '{class com.eleks.groupservice.GroupServiceApplication}', contextInitializerClasses = '[]', activeProfiles = '{}', propertySourceLocations = '{}', propertySourceProperties = '{org.springframework.boot.test.autoconfigure.orm.jpa.DataJpaTestContextBootstrapper=true}', contextCustomizers = set[org.springframework.boot.test.autoconfigure.OverrideAutoConfigurationContextCustomizerFactory$DisableAutoConfigurationContextCustomizer@36348cae, org.springframework.boot.test.autoconfigure.filter.TypeExcludeFiltersContextCustomizer@351584c0, org.springframework.boot.test.autoconfigure.properties.PropertyMappingContextCustomizer@2862c16d, org.springframework.boot.test.autoconfigure.web.servlet.WebDriverContextCustomizerFactory$Customizer@3337936d, [ImportsContextCustomizer@40a40ef2 key = [org.springframework.boot.autoconfigure.cache.CacheAutoConfiguration, org.springframework.boot.autoconfigure.data.jpa.JpaRepositoriesAutoConfiguration, org.springframework.boot.autoconfigure.flyway.FlywayAutoConfiguration, org.springframework.boot.autoconfigure.jdbc.DataSourceAutoConfiguration, org.springframework.boot.autoconfigure.jdbc.DataSourceTransactionManagerAutoConfiguration, org.springframework.boot.autoconfigure.jdbc.JdbcTemplateAutoConfiguration, org.springframework.boot.autoconfigure.liquibase.LiquibaseAutoConfiguration, org.springframework.boot.autoconfigure.orm.jpa.HibernateJpaAutoConfiguration, org.springframework.boot.autoconfigure.transaction.TransactionAutoConfiguration, org.springframework.boot.test.autoconfigure.jdbc.TestDatabaseAutoConfiguration, org.springframework.boot.test.autoconfigure.orm.jpa.TestEntityManagerAutoConfiguration]], org.springframework.boot.test.context.filter.ExcludeFilterContextCustomizer@e49b20c, org.springframework.boot.test.json.DuplicateJsonObjectContextCustomizerFactory$DuplicateJsonObjectContextCustomizer@2c210581, org.springframework.boot.test.mock.mockito.MockitoContextCustomizer@0], contextLoader = 'org.springframework.boot.test.context.SpringBootContextLoader', parent = [null]], attributes = map[[empty]]]
2020-02-02 16:27:28.582  INFO 19868 --- [    Test worker] o.s.t.c.transaction.TransactionContext   : Began transaction (1) for test context [DefaultTestContext@24cdce90 testClass = GroupRepositoryTest, testInstance = com.eleks.groupservice.repository.GroupRepositoryTest@10e7613a, testMethod = save_UpdateGroupWithNewData_ShouldReturnUpdatedGroup@GroupRepositoryTest, testException = [null], mergedContextConfiguration = [MergedContextConfiguration@f6c18c2 testClass = GroupRepositoryTest, locations = '{}', classes = '{class com.eleks.groupservice.GroupServiceApplication}', contextInitializerClasses = '[]', activeProfiles = '{}', propertySourceLocations = '{}', propertySourceProperties = '{org.springframework.boot.test.autoconfigure.orm.jpa.DataJpaTestContextBootstrapper=true}', contextCustomizers = set[org.springframework.boot.test.autoconfigure.OverrideAutoConfigurationContextCustomizerFactory$DisableAutoConfigurationContextCustomizer@36348cae, org.springframework.boot.test.autoconfigure.filter.TypeExcludeFiltersContextCustomizer@351584c0, org.springframework.boot.test.autoconfigure.properties.PropertyMappingContextCustomizer@2862c16d, org.springframework.boot.test.autoconfigure.web.servlet.WebDriverContextCustomizerFactory$Customizer@3337936d, [ImportsContextCustomizer@40a40ef2 key = [org.springframework.boot.autoconfigure.cache.CacheAutoConfiguration, org.springframework.boot.autoconfigure.data.jpa.JpaRepositoriesAutoConfiguration, org.springframework.boot.autoconfigure.flyway.FlywayAutoConfiguration, org.springframework.boot.autoconfigure.jdbc.DataSourceAutoConfiguration, org.springframework.boot.autoconfigure.jdbc.DataSourceTransactionManagerAutoConfiguration, org.springframework.boot.autoconfigure.jdbc.JdbcTemplateAutoConfiguration, org.springframework.boot.autoconfigure.liquibase.LiquibaseAutoConfiguration, org.springframework.boot.autoconfigure.orm.jpa.HibernateJpaAutoConfiguration, org.springframework.boot.autoconfigure.transaction.TransactionAutoConfiguration, org.springframework.boot.test.autoconfigure.jdbc.TestDatabaseAutoConfiguration, org.springframework.boot.test.autoconfigure.orm.jpa.TestEntityManagerAutoConfiguration]], org.springframework.boot.test.context.filter.ExcludeFilterContextCustomizer@e49b20c, org.springframework.boot.test.json.DuplicateJsonObjectContextCustomizerFactory$DuplicateJsonObjectContextCustomizer@2c210581, org.springframework.boot.test.mock.mockito.MockitoContextCustomizer@0], contextLoader = 'org.springframework.boot.test.context.SpringBootContextLoader', parent = [null]], attributes = map[[empty]]]; transaction manager [org.springframework.orm.jpa.JpaTransactionManager@18feeca0]; rollback [true]
Hibernate: select group0_.id as id1_1_1_, group0_.currency as currency2_1_1_, group0_.group_name as group_na3_1_1_, group0_.members as members4_1_1_, payments1_.group_id as group_id7_0_3_, payments1_.id as id1_0_3_, payments1_.id as id1_0_0_, payments1_.co_payers as co_payer2_0_0_, payments1_.creator_id as creator_3_0_0_, payments1_.group_id as group_id7_0_0_, payments1_.payment_description as payment_4_0_0_, payments1_.price as price5_0_0_, payments1_.timestamp as timestam6_0_0_ from user_group group0_ left outer join payment payments1_ on group0_.id=payments1_.group_id where group0_.id=?
2020-02-02 16:27:28.761  INFO 19868 --- [    Test worker] o.s.t.c.transaction.TransactionContext   : Rolled back transaction for test: [DefaultTestContext@24cdce90 testClass = GroupRepositoryTest, testInstance = com.eleks.groupservice.repository.GroupRepositoryTest@10e7613a, testMethod = save_UpdateGroupWithNewData_ShouldReturnUpdatedGroup@GroupRepositoryTest, testException = [null], mergedContextConfiguration = [MergedContextConfiguration@f6c18c2 testClass = GroupRepositoryTest, locations = '{}', classes = '{class com.eleks.groupservice.GroupServiceApplication}', contextInitializerClasses = '[]', activeProfiles = '{}', propertySourceLocations = '{}', propertySourceProperties = '{org.springframework.boot.test.autoconfigure.orm.jpa.DataJpaTestContextBootstrapper=true}', contextCustomizers = set[org.springframework.boot.test.autoconfigure.OverrideAutoConfigurationContextCustomizerFactory$DisableAutoConfigurationContextCustomizer@36348cae, org.springframework.boot.test.autoconfigure.filter.TypeExcludeFiltersContextCustomizer@351584c0, org.springframework.boot.test.autoconfigure.properties.PropertyMappingContextCustomizer@2862c16d, org.springframework.boot.test.autoconfigure.web.servlet.WebDriverContextCustomizerFactory$Customizer@3337936d, [ImportsContextCustomizer@40a40ef2 key = [org.springframework.boot.autoconfigure.cache.CacheAutoConfiguration, org.springframework.boot.autoconfigure.data.jpa.JpaRepositoriesAutoConfiguration, org.springframework.boot.autoconfigure.flyway.FlywayAutoConfiguration, org.springframework.boot.autoconfigure.jdbc.DataSourceAutoConfiguration, org.springframework.boot.autoconfigure.jdbc.DataSourceTransactionManagerAutoConfiguration, org.springframework.boot.autoconfigure.jdbc.JdbcTemplateAutoConfiguration, org.springframework.boot.autoconfigure.liquibase.LiquibaseAutoConfiguration, org.springframework.boot.autoconfigure.orm.jpa.HibernateJpaAutoConfiguration, org.springframework.boot.autoconfigure.transaction.TransactionAutoConfiguration, org.springframework.boot.test.autoconfigure.jdbc.TestDatabaseAutoConfiguration, org.springframework.boot.test.autoconfigure.orm.jpa.TestEntityManagerAutoConfiguration]], org.springframework.boot.test.context.filter.ExcludeFilterContextCustomizer@e49b20c, org.springframework.boot.test.json.DuplicateJsonObjectContextCustomizerFactory$DuplicateJsonObjectContextCustomizer@2c210581, org.springframework.boot.test.mock.mockito.MockitoContextCustomizer@0], contextLoader = 'org.springframework.boot.test.context.SpringBootContextLoader', parent = [null]], attributes = map[[empty]]]
2020-02-02 16:27:28.781  INFO 19868 --- [    Test worker] o.s.t.c.transaction.TransactionContext   : Began transaction (1) for test context [DefaultTestContext@24cdce90 testClass = GroupRepositoryTest, testInstance = com.eleks.groupservice.repository.GroupRepositoryTest@48d7bc2d, testMethod = findById_GroupWithIdExists_ReturnUser@GroupRepositoryTest, testException = [null], mergedContextConfiguration = [MergedContextConfiguration@f6c18c2 testClass = GroupRepositoryTest, locations = '{}', classes = '{class com.eleks.groupservice.GroupServiceApplication}', contextInitializerClasses = '[]', activeProfiles = '{}', propertySourceLocations = '{}', propertySourceProperties = '{org.springframework.boot.test.autoconfigure.orm.jpa.DataJpaTestContextBootstrapper=true}', contextCustomizers = set[org.springframework.boot.test.autoconfigure.OverrideAutoConfigurationContextCustomizerFactory$DisableAutoConfigurationContextCustomizer@36348cae, org.springframework.boot.test.autoconfigure.filter.TypeExcludeFiltersContextCustomizer@351584c0, org.springframework.boot.test.autoconfigure.properties.PropertyMappingContextCustomizer@2862c16d, org.springframework.boot.test.autoconfigure.web.servlet.WebDriverContextCustomizerFactory$Customizer@3337936d, [ImportsContextCustomizer@40a40ef2 key = [org.springframework.boot.autoconfigure.cache.CacheAutoConfiguration, org.springframework.boot.autoconfigure.data.jpa.JpaRepositoriesAutoConfiguration, org.springframework.boot.autoconfigure.flyway.FlywayAutoConfiguration, org.springframework.boot.autoconfigure.jdbc.DataSourceAutoConfiguration, org.springframework.boot.autoconfigure.jdbc.DataSourceTransactionManagerAutoConfiguration, org.springframework.boot.autoconfigure.jdbc.JdbcTemplateAutoConfiguration, org.springframework.boot.autoconfigure.liquibase.LiquibaseAutoConfiguration, org.springframework.boot.autoconfigure.orm.jpa.HibernateJpaAutoConfiguration, org.springframework.boot.autoconfigure.transaction.TransactionAutoConfiguration, org.springframework.boot.test.autoconfigure.jdbc.TestDatabaseAutoConfiguration, org.springframework.boot.test.autoconfigure.orm.jpa.TestEntityManagerAutoConfiguration]], org.springframework.boot.test.context.filter.ExcludeFilterContextCustomizer@e49b20c, org.springframework.boot.test.json.DuplicateJsonObjectContextCustomizerFactory$DuplicateJsonObjectContextCustomizer@2c210581, org.springframework.boot.test.mock.mockito.MockitoContextCustomizer@0], contextLoader = 'org.springframework.boot.test.context.SpringBootContextLoader', parent = [null]], attributes = map[[empty]]]; transaction manager [org.springframework.orm.jpa.JpaTransactionManager@18feeca0]; rollback [true]
Hibernate: select group0_.id as id1_1_0_, group0_.currency as currency2_1_0_, group0_.group_name as group_na3_1_0_, group0_.members as members4_1_0_, payments1_.group_id as group_id7_0_1_, payments1_.id as id1_0_1_, payments1_.id as id1_0_2_, payments1_.co_payers as co_payer2_0_2_, payments1_.creator_id as creator_3_0_2_, payments1_.group_id as group_id7_0_2_, payments1_.payment_description as payment_4_0_2_, payments1_.price as price5_0_2_, payments1_.timestamp as timestam6_0_2_ from user_group group0_ left outer join payment payments1_ on group0_.id=payments1_.group_id where group0_.id=?
2020-02-02 16:27:28.837  INFO 19868 --- [    Test worker] o.s.t.c.transaction.TransactionContext   : Rolled back transaction for test: [DefaultTestContext@24cdce90 testClass = GroupRepositoryTest, testInstance = com.eleks.groupservice.repository.GroupRepositoryTest@48d7bc2d, testMethod = findById_GroupWithIdExists_ReturnUser@GroupRepositoryTest, testException = [null], mergedContextConfiguration = [MergedContextConfiguration@f6c18c2 testClass = GroupRepositoryTest, locations = '{}', classes = '{class com.eleks.groupservice.GroupServiceApplication}', contextInitializerClasses = '[]', activeProfiles = '{}', propertySourceLocations = '{}', propertySourceProperties = '{org.springframework.boot.test.autoconfigure.orm.jpa.DataJpaTestContextBootstrapper=true}', contextCustomizers = set[org.springframework.boot.test.autoconfigure.OverrideAutoConfigurationContextCustomizerFactory$DisableAutoConfigurationContextCustomizer@36348cae, org.springframework.boot.test.autoconfigure.filter.TypeExcludeFiltersContextCustomizer@351584c0, org.springframework.boot.test.autoconfigure.properties.PropertyMappingContextCustomizer@2862c16d, org.springframework.boot.test.autoconfigure.web.servlet.WebDriverContextCustomizerFactory$Customizer@3337936d, [ImportsContextCustomizer@40a40ef2 key = [org.springframework.boot.autoconfigure.cache.CacheAutoConfiguration, org.springframework.boot.autoconfigure.data.jpa.JpaRepositoriesAutoConfiguration, org.springframework.boot.autoconfigure.flyway.FlywayAutoConfiguration, org.springframework.boot.autoconfigure.jdbc.DataSourceAutoConfiguration, org.springframework.boot.autoconfigure.jdbc.DataSourceTransactionManagerAutoConfiguration, org.springframework.boot.autoconfigure.jdbc.JdbcTemplateAutoConfiguration, org.springframework.boot.autoconfigure.liquibase.LiquibaseAutoConfiguration, org.springframework.boot.autoconfigure.orm.jpa.HibernateJpaAutoConfiguration, org.springframework.boot.autoconfigure.transaction.TransactionAutoConfiguration, org.springframework.boot.test.autoconfigure.jdbc.TestDatabaseAutoConfiguration, org.springframework.boot.test.autoconfigure.orm.jpa.TestEntityManagerAutoConfiguration]], org.springframework.boot.test.context.filter.ExcludeFilterContextCustomizer@e49b20c, org.springframework.boot.test.json.DuplicateJsonObjectContextCustomizerFactory$DuplicateJsonObjectContextCustomizer@2c210581, org.springframework.boot.test.mock.mockito.MockitoContextCustomizer@0], contextLoader = 'org.springframework.boot.test.context.SpringBootContextLoader', parent = [null]], attributes = map[[empty]]]
2020-02-02 16:27:28.856  INFO 19868 --- [    Test worker] o.s.t.c.transaction.TransactionContext   : Began transaction (1) for test context [DefaultTestContext@24cdce90 testClass = GroupRepositoryTest, testInstance = com.eleks.groupservice.repository.GroupRepositoryTest@2a73424e, testMethod = findById_GroupWithIdDoesntExist_ReturnNothing@GroupRepositoryTest, testException = [null], mergedContextConfiguration = [MergedContextConfiguration@f6c18c2 testClass = GroupRepositoryTest, locations = '{}', classes = '{class com.eleks.groupservice.GroupServiceApplication}', contextInitializerClasses = '[]', activeProfiles = '{}', propertySourceLocations = '{}', propertySourceProperties = '{org.springframework.boot.test.autoconfigure.orm.jpa.DataJpaTestContextBootstrapper=true}', contextCustomizers = set[org.springframework.boot.test.autoconfigure.OverrideAutoConfigurationContextCustomizerFactory$DisableAutoConfigurationContextCustomizer@36348cae, org.springframework.boot.test.autoconfigure.filter.TypeExcludeFiltersContextCustomizer@351584c0, org.springframework.boot.test.autoconfigure.properties.PropertyMappingContextCustomizer@2862c16d, org.springframework.boot.test.autoconfigure.web.servlet.WebDriverContextCustomizerFactory$Customizer@3337936d, [ImportsContextCustomizer@40a40ef2 key = [org.springframework.boot.autoconfigure.cache.CacheAutoConfiguration, org.springframework.boot.autoconfigure.data.jpa.JpaRepositoriesAutoConfiguration, org.springframework.boot.autoconfigure.flyway.FlywayAutoConfiguration, org.springframework.boot.autoconfigure.jdbc.DataSourceAutoConfiguration, org.springframework.boot.autoconfigure.jdbc.DataSourceTransactionManagerAutoConfiguration, org.springframework.boot.autoconfigure.jdbc.JdbcTemplateAutoConfiguration, org.springframework.boot.autoconfigure.liquibase.LiquibaseAutoConfiguration, org.springframework.boot.autoconfigure.orm.jpa.HibernateJpaAutoConfiguration, org.springframework.boot.autoconfigure.transaction.TransactionAutoConfiguration, org.springframework.boot.test.autoconfigure.jdbc.TestDatabaseAutoConfiguration, org.springframework.boot.test.autoconfigure.orm.jpa.TestEntityManagerAutoConfiguration]], org.springframework.boot.test.context.filter.ExcludeFilterContextCustomizer@e49b20c, org.springframework.boot.test.json.DuplicateJsonObjectContextCustomizerFactory$DuplicateJsonObjectContextCustomizer@2c210581, org.springframework.boot.test.mock.mockito.MockitoContextCustomizer@0], contextLoader = 'org.springframework.boot.test.context.SpringBootContextLoader', parent = [null]], attributes = map[[empty]]]; transaction manager [org.springframework.orm.jpa.JpaTransactionManager@18feeca0]; rollback [true]
Hibernate: select group0_.id as id1_1_0_, group0_.currency as currency2_1_0_, group0_.group_name as group_na3_1_0_, group0_.members as members4_1_0_, payments1_.group_id as group_id7_0_1_, payments1_.id as id1_0_1_, payments1_.id as id1_0_2_, payments1_.co_payers as co_payer2_0_2_, payments1_.creator_id as creator_3_0_2_, payments1_.group_id as group_id7_0_2_, payments1_.payment_description as payment_4_0_2_, payments1_.price as price5_0_2_, payments1_.timestamp as timestam6_0_2_ from user_group group0_ left outer join payment payments1_ on group0_.id=payments1_.group_id where group0_.id=?
2020-02-02 16:27:28.882  INFO 19868 --- [    Test worker] o.s.t.c.transaction.TransactionContext   : Rolled back transaction for test: [DefaultTestContext@24cdce90 testClass = GroupRepositoryTest, testInstance = com.eleks.groupservice.repository.GroupRepositoryTest@2a73424e, testMethod = findById_GroupWithIdDoesntExist_ReturnNothing@GroupRepositoryTest, testException = [null], mergedContextConfiguration = [MergedContextConfiguration@f6c18c2 testClass = GroupRepositoryTest, locations = '{}', classes = '{class com.eleks.groupservice.GroupServiceApplication}', contextInitializerClasses = '[]', activeProfiles = '{}', propertySourceLocations = '{}', propertySourceProperties = '{org.springframework.boot.test.autoconfigure.orm.jpa.DataJpaTestContextBootstrapper=true}', contextCustomizers = set[org.springframework.boot.test.autoconfigure.OverrideAutoConfigurationContextCustomizerFactory$DisableAutoConfigurationContextCustomizer@36348cae, org.springframework.boot.test.autoconfigure.filter.TypeExcludeFiltersContextCustomizer@351584c0, org.springframework.boot.test.autoconfigure.properties.PropertyMappingContextCustomizer@2862c16d, org.springframework.boot.test.autoconfigure.web.servlet.WebDriverContextCustomizerFactory$Customizer@3337936d, [ImportsContextCustomizer@40a40ef2 key = [org.springframework.boot.autoconfigure.cache.CacheAutoConfiguration, org.springframework.boot.autoconfigure.data.jpa.JpaRepositoriesAutoConfiguration, org.springframework.boot.autoconfigure.flyway.FlywayAutoConfiguration, org.springframework.boot.autoconfigure.jdbc.DataSourceAutoConfiguration, org.springframework.boot.autoconfigure.jdbc.DataSourceTransactionManagerAutoConfiguration, org.springframework.boot.autoconfigure.jdbc.JdbcTemplateAutoConfiguration, org.springframework.boot.autoconfigure.liquibase.LiquibaseAutoConfiguration, org.springframework.boot.autoconfigure.orm.jpa.HibernateJpaAutoConfiguration, org.springframework.boot.autoconfigure.transaction.TransactionAutoConfiguration, org.springframework.boot.test.autoconfigure.jdbc.TestDatabaseAutoConfiguration, org.springframework.boot.test.autoconfigure.orm.jpa.TestEntityManagerAutoConfiguration]], org.springframework.boot.test.context.filter.ExcludeFilterContextCustomizer@e49b20c, org.springframework.boot.test.json.DuplicateJsonObjectContextCustomizerFactory$DuplicateJsonObjectContextCustomizer@2c210581, org.springframework.boot.test.mock.mockito.MockitoContextCustomizer@0], contextLoader = 'org.springframework.boot.test.context.SpringBootContextLoader', parent = [null]], attributes = map[[empty]]]
2020-02-02 16:27:28.888  INFO 19868 --- [    Test worker] o.s.t.c.transaction.TransactionContext   : Began transaction (1) for test context [DefaultTestContext@24cdce90 testClass = GroupRepositoryTest, testInstance = com.eleks.groupservice.repository.GroupRepositoryTest@58e8c8ce, testMethod = save_GroupWithoutCurrency_ShouldThrowDataIntegrityViolationException@GroupRepositoryTest, testException = [null], mergedContextConfiguration = [MergedContextConfiguration@f6c18c2 testClass = GroupRepositoryTest, locations = '{}', classes = '{class com.eleks.groupservice.GroupServiceApplication}', contextInitializerClasses = '[]', activeProfiles = '{}', propertySourceLocations = '{}', propertySourceProperties = '{org.springframework.boot.test.autoconfigure.orm.jpa.DataJpaTestContextBootstrapper=true}', contextCustomizers = set[org.springframework.boot.test.autoconfigure.OverrideAutoConfigurationContextCustomizerFactory$DisableAutoConfigurationContextCustomizer@36348cae, org.springframework.boot.test.autoconfigure.filter.TypeExcludeFiltersContextCustomizer@351584c0, org.springframework.boot.test.autoconfigure.properties.PropertyMappingContextCustomizer@2862c16d, org.springframework.boot.test.autoconfigure.web.servlet.WebDriverContextCustomizerFactory$Customizer@3337936d, [ImportsContextCustomizer@40a40ef2 key = [org.springframework.boot.autoconfigure.cache.CacheAutoConfiguration, org.springframework.boot.autoconfigure.data.jpa.JpaRepositoriesAutoConfiguration, org.springframework.boot.autoconfigure.flyway.FlywayAutoConfiguration, org.springframework.boot.autoconfigure.jdbc.DataSourceAutoConfiguration, org.springframework.boot.autoconfigure.jdbc.DataSourceTransactionManagerAutoConfiguration, org.springframework.boot.autoconfigure.jdbc.JdbcTemplateAutoConfiguration, org.springframework.boot.autoconfigure.liquibase.LiquibaseAutoConfiguration, org.springframework.boot.autoconfigure.orm.jpa.HibernateJpaAutoConfiguration, org.springframework.boot.autoconfigure.transaction.TransactionAutoConfiguration, org.springframework.boot.test.autoconfigure.jdbc.TestDatabaseAutoConfiguration, org.springframework.boot.test.autoconfigure.orm.jpa.TestEntityManagerAutoConfiguration]], org.springframework.boot.test.context.filter.ExcludeFilterContextCustomizer@e49b20c, org.springframework.boot.test.json.DuplicateJsonObjectContextCustomizerFactory$DuplicateJsonObjectContextCustomizer@2c210581, org.springframework.boot.test.mock.mockito.MockitoContextCustomizer@0], contextLoader = 'org.springframework.boot.test.context.SpringBootContextLoader', parent = [null]], attributes = map[[empty]]]; transaction manager [org.springframework.orm.jpa.JpaTransactionManager@18feeca0]; rollback [true]
Hibernate: insert into user_group (id, currency, group_name, members) values (null, ?, ?, ?)
2020-02-02 16:27:28.897  WARN 19868 --- [    Test worker] o.h.engine.jdbc.spi.SqlExceptionHelper   : SQL Error: 23502, SQLState: 23502
2020-02-02 16:27:28.897 ERROR 19868 --- [    Test worker] o.h.engine.jdbc.spi.SqlExceptionHelper   : NULL not allowed for column "CURRENCY"; SQL statement:
insert into user_group (id, currency, group_name, members) values (null, ?, ?, ?) [23502-200]
2020-02-02 16:27:28.921  INFO 19868 --- [    Test worker] o.s.t.c.transaction.TransactionContext   : Rolled back transaction for test: [DefaultTestContext@24cdce90 testClass = GroupRepositoryTest, testInstance = com.eleks.groupservice.repository.GroupRepositoryTest@58e8c8ce, testMethod = save_GroupWithoutCurrency_ShouldThrowDataIntegrityViolationException@GroupRepositoryTest, testException = [null], mergedContextConfiguration = [MergedContextConfiguration@f6c18c2 testClass = GroupRepositoryTest, locations = '{}', classes = '{class com.eleks.groupservice.GroupServiceApplication}', contextInitializerClasses = '[]', activeProfiles = '{}', propertySourceLocations = '{}', propertySourceProperties = '{org.springframework.boot.test.autoconfigure.orm.jpa.DataJpaTestContextBootstrapper=true}', contextCustomizers = set[org.springframework.boot.test.autoconfigure.OverrideAutoConfigurationContextCustomizerFactory$DisableAutoConfigurationContextCustomizer@36348cae, org.springframework.boot.test.autoconfigure.filter.TypeExcludeFiltersContextCustomizer@351584c0, org.springframework.boot.test.autoconfigure.properties.PropertyMappingContextCustomizer@2862c16d, org.springframework.boot.test.autoconfigure.web.servlet.WebDriverContextCustomizerFactory$Customizer@3337936d, [ImportsContextCustomizer@40a40ef2 key = [org.springframework.boot.autoconfigure.cache.CacheAutoConfiguration, org.springframework.boot.autoconfigure.data.jpa.JpaRepositoriesAutoConfiguration, org.springframework.boot.autoconfigure.flyway.FlywayAutoConfiguration, org.springframework.boot.autoconfigure.jdbc.DataSourceAutoConfiguration, org.springframework.boot.autoconfigure.jdbc.DataSourceTransactionManagerAutoConfiguration, org.springframework.boot.autoconfigure.jdbc.JdbcTemplateAutoConfiguration, org.springframework.boot.autoconfigure.liquibase.LiquibaseAutoConfiguration, org.springframework.boot.autoconfigure.orm.jpa.HibernateJpaAutoConfiguration, org.springframework.boot.autoconfigure.transaction.TransactionAutoConfiguration, org.springframework.boot.test.autoconfigure.jdbc.TestDatabaseAutoConfiguration, org.springframework.boot.test.autoconfigure.orm.jpa.TestEntityManagerAutoConfiguration]], org.springframework.boot.test.context.filter.ExcludeFilterContextCustomizer@e49b20c, org.springframework.boot.test.json.DuplicateJsonObjectContextCustomizerFactory$DuplicateJsonObjectContextCustomizer@2c210581, org.springframework.boot.test.mock.mockito.MockitoContextCustomizer@0], contextLoader = 'org.springframework.boot.test.context.SpringBootContextLoader', parent = [null]], attributes = map[[empty]]]
2020-02-02 16:27:28.940  INFO 19868 --- [    Test worker] o.s.t.c.transaction.TransactionContext   : Began transaction (1) for test context [DefaultTestContext@24cdce90 testClass = GroupRepositoryTest, testInstance = com.eleks.groupservice.repository.GroupRepositoryTest@452fce13, testMethod = deleteById_DeleteExistingGroup_ShouldDeleteTwoPayments@GroupRepositoryTest, testException = [null], mergedContextConfiguration = [MergedContextConfiguration@f6c18c2 testClass = GroupRepositoryTest, locations = '{}', classes = '{class com.eleks.groupservice.GroupServiceApplication}', contextInitializerClasses = '[]', activeProfiles = '{}', propertySourceLocations = '{}', propertySourceProperties = '{org.springframework.boot.test.autoconfigure.orm.jpa.DataJpaTestContextBootstrapper=true}', contextCustomizers = set[org.springframework.boot.test.autoconfigure.OverrideAutoConfigurationContextCustomizerFactory$DisableAutoConfigurationContextCustomizer@36348cae, org.springframework.boot.test.autoconfigure.filter.TypeExcludeFiltersContextCustomizer@351584c0, org.springframework.boot.test.autoconfigure.properties.PropertyMappingContextCustomizer@2862c16d, org.springframework.boot.test.autoconfigure.web.servlet.WebDriverContextCustomizerFactory$Customizer@3337936d, [ImportsContextCustomizer@40a40ef2 key = [org.springframework.boot.autoconfigure.cache.CacheAutoConfiguration, org.springframework.boot.autoconfigure.data.jpa.JpaRepositoriesAutoConfiguration, org.springframework.boot.autoconfigure.flyway.FlywayAutoConfiguration, org.springframework.boot.autoconfigure.jdbc.DataSourceAutoConfiguration, org.springframework.boot.autoconfigure.jdbc.DataSourceTransactionManagerAutoConfiguration, org.springframework.boot.autoconfigure.jdbc.JdbcTemplateAutoConfiguration, org.springframework.boot.autoconfigure.liquibase.LiquibaseAutoConfiguration, org.springframework.boot.autoconfigure.orm.jpa.HibernateJpaAutoConfiguration, org.springframework.boot.autoconfigure.transaction.TransactionAutoConfiguration, org.springframework.boot.test.autoconfigure.jdbc.TestDatabaseAutoConfiguration, org.springframework.boot.test.autoconfigure.orm.jpa.TestEntityManagerAutoConfiguration]], org.springframework.boot.test.context.filter.ExcludeFilterContextCustomizer@e49b20c, org.springframework.boot.test.json.DuplicateJsonObjectContextCustomizerFactory$DuplicateJsonObjectContextCustomizer@2c210581, org.springframework.boot.test.mock.mockito.MockitoContextCustomizer@0], contextLoader = 'org.springframework.boot.test.context.SpringBootContextLoader', parent = [null]], attributes = map[[empty]]]; transaction manager [org.springframework.orm.jpa.JpaTransactionManager@18feeca0]; rollback [true]
Hibernate: select group0_.id as id1_1_0_, group0_.currency as currency2_1_0_, group0_.group_name as group_na3_1_0_, group0_.members as members4_1_0_, payments1_.group_id as group_id7_0_1_, payments1_.id as id1_0_1_, payments1_.id as id1_0_2_, payments1_.co_payers as co_payer2_0_2_, payments1_.creator_id as creator_3_0_2_, payments1_.group_id as group_id7_0_2_, payments1_.payment_description as payment_4_0_2_, payments1_.price as price5_0_2_, payments1_.timestamp as timestam6_0_2_ from user_group group0_ left outer join payment payments1_ on group0_.id=payments1_.group_id where group0_.id=?
2020-02-02 16:27:29.110  INFO 19868 --- [    Test worker] o.s.t.c.transaction.TransactionContext   : Rolled back transaction for test: [DefaultTestContext@24cdce90 testClass = GroupRepositoryTest, testInstance = com.eleks.groupservice.repository.GroupRepositoryTest@452fce13, testMethod = deleteById_DeleteExistingGroup_ShouldDeleteTwoPayments@GroupRepositoryTest, testException = [null], mergedContextConfiguration = [MergedContextConfiguration@f6c18c2 testClass = GroupRepositoryTest, locations = '{}', classes = '{class com.eleks.groupservice.GroupServiceApplication}', contextInitializerClasses = '[]', activeProfiles = '{}', propertySourceLocations = '{}', propertySourceProperties = '{org.springframework.boot.test.autoconfigure.orm.jpa.DataJpaTestContextBootstrapper=true}', contextCustomizers = set[org.springframework.boot.test.autoconfigure.OverrideAutoConfigurationContextCustomizerFactory$DisableAutoConfigurationContextCustomizer@36348cae, org.springframework.boot.test.autoconfigure.filter.TypeExcludeFiltersContextCustomizer@351584c0, org.springframework.boot.test.autoconfigure.properties.PropertyMappingContextCustomizer@2862c16d, org.springframework.boot.test.autoconfigure.web.servlet.WebDriverContextCustomizerFactory$Customizer@3337936d, [ImportsContextCustomizer@40a40ef2 key = [org.springframework.boot.autoconfigure.cache.CacheAutoConfiguration, org.springframework.boot.autoconfigure.data.jpa.JpaRepositoriesAutoConfiguration, org.springframework.boot.autoconfigure.flyway.FlywayAutoConfiguration, org.springframework.boot.autoconfigure.jdbc.DataSourceAutoConfiguration, org.springframework.boot.autoconfigure.jdbc.DataSourceTransactionManagerAutoConfiguration, org.springframework.boot.autoconfigure.jdbc.JdbcTemplateAutoConfiguration, org.springframework.boot.autoconfigure.liquibase.LiquibaseAutoConfiguration, org.springframework.boot.autoconfigure.orm.jpa.HibernateJpaAutoConfiguration, org.springframework.boot.autoconfigure.transaction.TransactionAutoConfiguration, org.springframework.boot.test.autoconfigure.jdbc.TestDatabaseAutoConfiguration, org.springframework.boot.test.autoconfigure.orm.jpa.TestEntityManagerAutoConfiguration]], org.springframework.boot.test.context.filter.ExcludeFilterContextCustomizer@e49b20c, org.springframework.boot.test.json.DuplicateJsonObjectContextCustomizerFactory$DuplicateJsonObjectContextCustomizer@2c210581, org.springframework.boot.test.mock.mockito.MockitoContextCustomizer@0], contextLoader = 'org.springframework.boot.test.context.SpringBootContextLoader', parent = [null]], attributes = map[[empty]]]
2020-02-02 16:27:29.117  INFO 19868 --- [    Test worker] o.s.t.c.transaction.TransactionContext   : Began transaction (1) for test context [DefaultTestContext@24cdce90 testClass = GroupRepositoryTest, testInstance = com.eleks.groupservice.repository.GroupRepositoryTest@5a008fa8, testMethod = deleteById_DeleteNonExistingGroup_ShouldThrowEmptyResultDataAccessException@GroupRepositoryTest, testException = [null], mergedContextConfiguration = [MergedContextConfiguration@f6c18c2 testClass = GroupRepositoryTest, locations = '{}', classes = '{class com.eleks.groupservice.GroupServiceApplication}', contextInitializerClasses = '[]', activeProfiles = '{}', propertySourceLocations = '{}', propertySourceProperties = '{org.springframework.boot.test.autoconfigure.orm.jpa.DataJpaTestContextBootstrapper=true}', contextCustomizers = set[org.springframework.boot.test.autoconfigure.OverrideAutoConfigurationContextCustomizerFactory$DisableAutoConfigurationContextCustomizer@36348cae, org.springframework.boot.test.autoconfigure.filter.TypeExcludeFiltersContextCustomizer@351584c0, org.springframework.boot.test.autoconfigure.properties.PropertyMappingContextCustomizer@2862c16d, org.springframework.boot.test.autoconfigure.web.servlet.WebDriverContextCustomizerFactory$Customizer@3337936d, [ImportsContextCustomizer@40a40ef2 key = [org.springframework.boot.autoconfigure.cache.CacheAutoConfiguration, org.springframework.boot.autoconfigure.data.jpa.JpaRepositoriesAutoConfiguration, org.springframework.boot.autoconfigure.flyway.FlywayAutoConfiguration, org.springframework.boot.autoconfigure.jdbc.DataSourceAutoConfiguration, org.springframework.boot.autoconfigure.jdbc.DataSourceTransactionManagerAutoConfiguration, org.springframework.boot.autoconfigure.jdbc.JdbcTemplateAutoConfiguration, org.springframework.boot.autoconfigure.liquibase.LiquibaseAutoConfiguration, org.springframework.boot.autoconfigure.orm.jpa.HibernateJpaAutoConfiguration, org.springframework.boot.autoconfigure.transaction.TransactionAutoConfiguration, org.springframework.boot.test.autoconfigure.jdbc.TestDatabaseAutoConfiguration, org.springframework.boot.test.autoconfigure.orm.jpa.TestEntityManagerAutoConfiguration]], org.springframework.boot.test.context.filter.ExcludeFilterContextCustomizer@e49b20c, org.springframework.boot.test.json.DuplicateJsonObjectContextCustomizerFactory$DuplicateJsonObjectContextCustomizer@2c210581, org.springframework.boot.test.mock.mockito.MockitoContextCustomizer@0], contextLoader = 'org.springframework.boot.test.context.SpringBootContextLoader', parent = [null]], attributes = map[[empty]]]; transaction manager [org.springframework.orm.jpa.JpaTransactionManager@18feeca0]; rollback [true]
Hibernate: select group0_.id as id1_1_0_, group0_.currency as currency2_1_0_, group0_.group_name as group_na3_1_0_, group0_.members as members4_1_0_, payments1_.group_id as group_id7_0_1_, payments1_.id as id1_0_1_, payments1_.id as id1_0_2_, payments1_.co_payers as co_payer2_0_2_, payments1_.creator_id as creator_3_0_2_, payments1_.group_id as group_id7_0_2_, payments1_.payment_description as payment_4_0_2_, payments1_.price as price5_0_2_, payments1_.timestamp as timestam6_0_2_ from user_group group0_ left outer join payment payments1_ on group0_.id=payments1_.group_id where group0_.id=?
2020-02-02 16:27:29.144  INFO 19868 --- [    Test worker] o.s.t.c.transaction.TransactionContext   : Rolled back transaction for test: [DefaultTestContext@24cdce90 testClass = GroupRepositoryTest, testInstance = com.eleks.groupservice.repository.GroupRepositoryTest@5a008fa8, testMethod = deleteById_DeleteNonExistingGroup_ShouldThrowEmptyResultDataAccessException@GroupRepositoryTest, testException = [null], mergedContextConfiguration = [MergedContextConfiguration@f6c18c2 testClass = GroupRepositoryTest, locations = '{}', classes = '{class com.eleks.groupservice.GroupServiceApplication}', contextInitializerClasses = '[]', activeProfiles = '{}', propertySourceLocations = '{}', propertySourceProperties = '{org.springframework.boot.test.autoconfigure.orm.jpa.DataJpaTestContextBootstrapper=true}', contextCustomizers = set[org.springframework.boot.test.autoconfigure.OverrideAutoConfigurationContextCustomizerFactory$DisableAutoConfigurationContextCustomizer@36348cae, org.springframework.boot.test.autoconfigure.filter.TypeExcludeFiltersContextCustomizer@351584c0, org.springframework.boot.test.autoconfigure.properties.PropertyMappingContextCustomizer@2862c16d, org.springframework.boot.test.autoconfigure.web.servlet.WebDriverContextCustomizerFactory$Customizer@3337936d, [ImportsContextCustomizer@40a40ef2 key = [org.springframework.boot.autoconfigure.cache.CacheAutoConfiguration, org.springframework.boot.autoconfigure.data.jpa.JpaRepositoriesAutoConfiguration, org.springframework.boot.autoconfigure.flyway.FlywayAutoConfiguration, org.springframework.boot.autoconfigure.jdbc.DataSourceAutoConfiguration, org.springframework.boot.autoconfigure.jdbc.DataSourceTransactionManagerAutoConfiguration, org.springframework.boot.autoconfigure.jdbc.JdbcTemplateAutoConfiguration, org.springframework.boot.autoconfigure.liquibase.LiquibaseAutoConfiguration, org.springframework.boot.autoconfigure.orm.jpa.HibernateJpaAutoConfiguration, org.springframework.boot.autoconfigure.transaction.TransactionAutoConfiguration, org.springframework.boot.test.autoconfigure.jdbc.TestDatabaseAutoConfiguration, org.springframework.boot.test.autoconfigure.orm.jpa.TestEntityManagerAutoConfiguration]], org.springframework.boot.test.context.filter.ExcludeFilterContextCustomizer@e49b20c, org.springframework.boot.test.json.DuplicateJsonObjectContextCustomizerFactory$DuplicateJsonObjectContextCustomizer@2c210581, org.springframework.boot.test.mock.mockito.MockitoContextCustomizer@0], contextLoader = 'org.springframework.boot.test.context.SpringBootContextLoader', parent = [null]], attributes = map[[empty]]]
2020-02-02 16:27:29.150  INFO 19868 --- [    Test worker] o.s.t.c.transaction.TransactionContext   : Began transaction (1) for test context [DefaultTestContext@24cdce90 testClass = GroupRepositoryTest, testInstance = com.eleks.groupservice.repository.GroupRepositoryTest@4917b9be, testMethod = deleteById_DeleteExistingGroup_ShouldBeDeleted@GroupRepositoryTest, testException = [null], mergedContextConfiguration = [MergedContextConfiguration@f6c18c2 testClass = GroupRepositoryTest, locations = '{}', classes = '{class com.eleks.groupservice.GroupServiceApplication}', contextInitializerClasses = '[]', activeProfiles = '{}', propertySourceLocations = '{}', propertySourceProperties = '{org.springframework.boot.test.autoconfigure.orm.jpa.DataJpaTestContextBootstrapper=true}', contextCustomizers = set[org.springframework.boot.test.autoconfigure.OverrideAutoConfigurationContextCustomizerFactory$DisableAutoConfigurationContextCustomizer@36348cae, org.springframework.boot.test.autoconfigure.filter.TypeExcludeFiltersContextCustomizer@351584c0, org.springframework.boot.test.autoconfigure.properties.PropertyMappingContextCustomizer@2862c16d, org.springframework.boot.test.autoconfigure.web.servlet.WebDriverContextCustomizerFactory$Customizer@3337936d, [ImportsContextCustomizer@40a40ef2 key = [org.springframework.boot.autoconfigure.cache.CacheAutoConfiguration, org.springframework.boot.autoconfigure.data.jpa.JpaRepositoriesAutoConfiguration, org.springframework.boot.autoconfigure.flyway.FlywayAutoConfiguration, org.springframework.boot.autoconfigure.jdbc.DataSourceAutoConfiguration, org.springframework.boot.autoconfigure.jdbc.DataSourceTransactionManagerAutoConfiguration, org.springframework.boot.autoconfigure.jdbc.JdbcTemplateAutoConfiguration, org.springframework.boot.autoconfigure.liquibase.LiquibaseAutoConfiguration, org.springframework.boot.autoconfigure.orm.jpa.HibernateJpaAutoConfiguration, org.springframework.boot.autoconfigure.transaction.TransactionAutoConfiguration, org.springframework.boot.test.autoconfigure.jdbc.TestDatabaseAutoConfiguration, org.springframework.boot.test.autoconfigure.orm.jpa.TestEntityManagerAutoConfiguration]], org.springframework.boot.test.context.filter.ExcludeFilterContextCustomizer@e49b20c, org.springframework.boot.test.json.DuplicateJsonObjectContextCustomizerFactory$DuplicateJsonObjectContextCustomizer@2c210581, org.springframework.boot.test.mock.mockito.MockitoContextCustomizer@0], contextLoader = 'org.springframework.boot.test.context.SpringBootContextLoader', parent = [null]], attributes = map[[empty]]]; transaction manager [org.springframework.orm.jpa.JpaTransactionManager@18feeca0]; rollback [true]
Hibernate: select group0_.id as id1_1_0_, group0_.currency as currency2_1_0_, group0_.group_name as group_na3_1_0_, group0_.members as members4_1_0_, payments1_.group_id as group_id7_0_1_, payments1_.id as id1_0_1_, payments1_.id as id1_0_2_, payments1_.co_payers as co_payer2_0_2_, payments1_.creator_id as creator_3_0_2_, payments1_.group_id as group_id7_0_2_, payments1_.payment_description as payment_4_0_2_, payments1_.price as price5_0_2_, payments1_.timestamp as timestam6_0_2_ from user_group group0_ left outer join payment payments1_ on group0_.id=payments1_.group_id where group0_.id=?
2020-02-02 16:27:29.186  INFO 19868 --- [    Test worker] o.s.t.c.transaction.TransactionContext   : Rolled back transaction for test: [DefaultTestContext@24cdce90 testClass = GroupRepositoryTest, testInstance = com.eleks.groupservice.repository.GroupRepositoryTest@4917b9be, testMethod = deleteById_DeleteExistingGroup_ShouldBeDeleted@GroupRepositoryTest, testException = [null], mergedContextConfiguration = [MergedContextConfiguration@f6c18c2 testClass = GroupRepositoryTest, locations = '{}', classes = '{class com.eleks.groupservice.GroupServiceApplication}', contextInitializerClasses = '[]', activeProfiles = '{}', propertySourceLocations = '{}', propertySourceProperties = '{org.springframework.boot.test.autoconfigure.orm.jpa.DataJpaTestContextBootstrapper=true}', contextCustomizers = set[org.springframework.boot.test.autoconfigure.OverrideAutoConfigurationContextCustomizerFactory$DisableAutoConfigurationContextCustomizer@36348cae, org.springframework.boot.test.autoconfigure.filter.TypeExcludeFiltersContextCustomizer@351584c0, org.springframework.boot.test.autoconfigure.properties.PropertyMappingContextCustomizer@2862c16d, org.springframework.boot.test.autoconfigure.web.servlet.WebDriverContextCustomizerFactory$Customizer@3337936d, [ImportsContextCustomizer@40a40ef2 key = [org.springframework.boot.autoconfigure.cache.CacheAutoConfiguration, org.springframework.boot.autoconfigure.data.jpa.JpaRepositoriesAutoConfiguration, org.springframework.boot.autoconfigure.flyway.FlywayAutoConfiguration, org.springframework.boot.autoconfigure.jdbc.DataSourceAutoConfiguration, org.springframework.boot.autoconfigure.jdbc.DataSourceTransactionManagerAutoConfiguration, org.springframework.boot.autoconfigure.jdbc.JdbcTemplateAutoConfiguration, org.springframework.boot.autoconfigure.liquibase.LiquibaseAutoConfiguration, org.springframework.boot.autoconfigure.orm.jpa.HibernateJpaAutoConfiguration, org.springframework.boot.autoconfigure.transaction.TransactionAutoConfiguration, org.springframework.boot.test.autoconfigure.jdbc.TestDatabaseAutoConfiguration, org.springframework.boot.test.autoconfigure.orm.jpa.TestEntityManagerAutoConfiguration]], org.springframework.boot.test.context.filter.ExcludeFilterContextCustomizer@e49b20c, org.springframework.boot.test.json.DuplicateJsonObjectContextCustomizerFactory$DuplicateJsonObjectContextCustomizer@2c210581, org.springframework.boot.test.mock.mockito.MockitoContextCustomizer@0], contextLoader = 'org.springframework.boot.test.context.SpringBootContextLoader', parent = [null]], attributes = map[[empty]]]
2020-02-02 16:27:29.193  INFO 19868 --- [    Test worker] o.s.t.c.transaction.TransactionContext   : Began transaction (1) for test context [DefaultTestContext@24cdce90 testClass = GroupRepositoryTest, testInstance = com.eleks.groupservice.repository.GroupRepositoryTest@72d662c3, testMethod = save_GroupWithoutName_ShouldThrowDataIntegrityViolationException@GroupRepositoryTest, testException = [null], mergedContextConfiguration = [MergedContextConfiguration@f6c18c2 testClass = GroupRepositoryTest, locations = '{}', classes = '{class com.eleks.groupservice.GroupServiceApplication}', contextInitializerClasses = '[]', activeProfiles = '{}', propertySourceLocations = '{}', propertySourceProperties = '{org.springframework.boot.test.autoconfigure.orm.jpa.DataJpaTestContextBootstrapper=true}', contextCustomizers = set[org.springframework.boot.test.autoconfigure.OverrideAutoConfigurationContextCustomizerFactory$DisableAutoConfigurationContextCustomizer@36348cae, org.springframework.boot.test.autoconfigure.filter.TypeExcludeFiltersContextCustomizer@351584c0, org.springframework.boot.test.autoconfigure.properties.PropertyMappingContextCustomizer@2862c16d, org.springframework.boot.test.autoconfigure.web.servlet.WebDriverContextCustomizerFactory$Customizer@3337936d, [ImportsContextCustomizer@40a40ef2 key = [org.springframework.boot.autoconfigure.cache.CacheAutoConfiguration, org.springframework.boot.autoconfigure.data.jpa.JpaRepositoriesAutoConfiguration, org.springframework.boot.autoconfigure.flyway.FlywayAutoConfiguration, org.springframework.boot.autoconfigure.jdbc.DataSourceAutoConfiguration, org.springframework.boot.autoconfigure.jdbc.DataSourceTransactionManagerAutoConfiguration, org.springframework.boot.autoconfigure.jdbc.JdbcTemplateAutoConfiguration, org.springframework.boot.autoconfigure.liquibase.LiquibaseAutoConfiguration, org.springframework.boot.autoconfigure.orm.jpa.HibernateJpaAutoConfiguration, org.springframework.boot.autoconfigure.transaction.TransactionAutoConfiguration, org.springframework.boot.test.autoconfigure.jdbc.TestDatabaseAutoConfiguration, org.springframework.boot.test.autoconfigure.orm.jpa.TestEntityManagerAutoConfiguration]], org.springframework.boot.test.context.filter.ExcludeFilterContextCustomizer@e49b20c, org.springframework.boot.test.json.DuplicateJsonObjectContextCustomizerFactory$DuplicateJsonObjectContextCustomizer@2c210581, org.springframework.boot.test.mock.mockito.MockitoContextCustomizer@0], contextLoader = 'org.springframework.boot.test.context.SpringBootContextLoader', parent = [null]], attributes = map[[empty]]]; transaction manager [org.springframework.orm.jpa.JpaTransactionManager@18feeca0]; rollback [true]
Hibernate: insert into user_group (id, currency, group_name, members) values (null, ?, ?, ?)
2020-02-02 16:27:29.201  WARN 19868 --- [    Test worker] o.h.engine.jdbc.spi.SqlExceptionHelper   : SQL Error: 23502, SQLState: 23502
2020-02-02 16:27:29.202 ERROR 19868 --- [    Test worker] o.h.engine.jdbc.spi.SqlExceptionHelper   : NULL not allowed for column "GROUP_NAME"; SQL statement:
insert into user_group (id, currency, group_name, members) values (null, ?, ?, ?) [23502-200]
2020-02-02 16:27:29.215  INFO 19868 --- [    Test worker] o.s.t.c.transaction.TransactionContext   : Rolled back transaction for test: [DefaultTestContext@24cdce90 testClass = GroupRepositoryTest, testInstance = com.eleks.groupservice.repository.GroupRepositoryTest@72d662c3, testMethod = save_GroupWithoutName_ShouldThrowDataIntegrityViolationException@GroupRepositoryTest, testException = [null], mergedContextConfiguration = [MergedContextConfiguration@f6c18c2 testClass = GroupRepositoryTest, locations = '{}', classes = '{class com.eleks.groupservice.GroupServiceApplication}', contextInitializerClasses = '[]', activeProfiles = '{}', propertySourceLocations = '{}', propertySourceProperties = '{org.springframework.boot.test.autoconfigure.orm.jpa.DataJpaTestContextBootstrapper=true}', contextCustomizers = set[org.springframework.boot.test.autoconfigure.OverrideAutoConfigurationContextCustomizerFactory$DisableAutoConfigurationContextCustomizer@36348cae, org.springframework.boot.test.autoconfigure.filter.TypeExcludeFiltersContextCustomizer@351584c0, org.springframework.boot.test.autoconfigure.properties.PropertyMappingContextCustomizer@2862c16d, org.springframework.boot.test.autoconfigure.web.servlet.WebDriverContextCustomizerFactory$Customizer@3337936d, [ImportsContextCustomizer@40a40ef2 key = [org.springframework.boot.autoconfigure.cache.CacheAutoConfiguration, org.springframework.boot.autoconfigure.data.jpa.JpaRepositoriesAutoConfiguration, org.springframework.boot.autoconfigure.flyway.FlywayAutoConfiguration, org.springframework.boot.autoconfigure.jdbc.DataSourceAutoConfiguration, org.springframework.boot.autoconfigure.jdbc.DataSourceTransactionManagerAutoConfiguration, org.springframework.boot.autoconfigure.jdbc.JdbcTemplateAutoConfiguration, org.springframework.boot.autoconfigure.liquibase.LiquibaseAutoConfiguration, org.springframework.boot.autoconfigure.orm.jpa.HibernateJpaAutoConfiguration, org.springframework.boot.autoconfigure.transaction.TransactionAutoConfiguration, org.springframework.boot.test.autoconfigure.jdbc.TestDatabaseAutoConfiguration, org.springframework.boot.test.autoconfigure.orm.jpa.TestEntityManagerAutoConfiguration]], org.springframework.boot.test.context.filter.ExcludeFilterContextCustomizer@e49b20c, org.springframework.boot.test.json.DuplicateJsonObjectContextCustomizerFactory$DuplicateJsonObjectContextCustomizer@2c210581, org.springframework.boot.test.mock.mockito.MockitoContextCustomizer@0], contextLoader = 'org.springframework.boot.test.context.SpringBootContextLoader', parent = [null]], attributes = map[[empty]]]
]]></system-out>
  <system-err><![CDATA[]]></system-err>
</testsuite>
