<?xml version="1.0" encoding="UTF-8"?>
<testsuite name="com.eleks.groupservice.repository.PaymentRepositoryTest" tests="7" skipped="0" failures="0" errors="0" timestamp="2020-01-29T18:56:09" hostname="WS-LV-CP3577" time="0.23">
  <properties/>
  <testcase name="findAll_UsersExist_ReturnUsers()" classname="com.eleks.groupservice.repository.PaymentRepositoryTest" time="0.167"/>
  <testcase name="deleteById_DeleteExistingPayment_ShouldBeDeleted()" classname="com.eleks.groupservice.repository.PaymentRepositoryTest" time="0.017"/>
  <testcase name="findAll_UsersDontExist_ReturnEmptyList()" classname="com.eleks.groupservice.repository.PaymentRepositoryTest" time="0.006"/>
  <testcase name="findById_PaymentDoesntExist_ShouldReturnNothing()" classname="com.eleks.groupservice.repository.PaymentRepositoryTest" time="0.006"/>
  <testcase name="findById_GroupAndPaymentExists_ShouldReturnRightModel()" classname="com.eleks.groupservice.repository.PaymentRepositoryTest" time="0.011"/>
  <testcase name="deleteById_DeleteNonExistingPayment_ShouldThrowEmptyResultDataAccessException()" classname="com.eleks.groupservice.repository.PaymentRepositoryTest" time="0.007"/>
  <testcase name="save_SavePaymentToGroup_ShouldBeSavedWithIdAndTimestamp()" classname="com.eleks.groupservice.repository.PaymentRepositoryTest" time="0.011"/>
  <system-out><![CDATA[2020-01-29 20:56:09.556  INFO 17952 --- [    Test worker] b.t.a.o.j.DataJpaTestContextBootstrapper : Neither @ContextConfiguration nor @ContextHierarchy found for test class [com.eleks.groupservice.repository.PaymentRepositoryTest], using SpringBootContextLoader
2020-01-29 20:56:09.557  INFO 17952 --- [    Test worker] o.s.t.c.support.AbstractContextLoader    : Could not detect default resource locations for test class [com.eleks.groupservice.repository.PaymentRepositoryTest]: no resource found for suffixes {-context.xml, Context.groovy}.
2020-01-29 20:56:09.557  INFO 17952 --- [    Test worker] t.c.s.AnnotationConfigContextLoaderUtils : Could not detect default configuration classes for test class [com.eleks.groupservice.repository.PaymentRepositoryTest]: PaymentRepositoryTest does not declare any static, non-private, non-final, nested classes annotated with @Configuration.
2020-01-29 20:56:09.561  INFO 17952 --- [    Test worker] .b.t.c.SpringBootTestContextBootstrapper : Found @SpringBootConfiguration com.eleks.groupservice.GroupServiceApplication for test class com.eleks.groupservice.repository.PaymentRepositoryTest
2020-01-29 20:56:09.561  INFO 17952 --- [    Test worker] b.t.a.o.j.DataJpaTestContextBootstrapper : Loaded default TestExecutionListener class names from location [META-INF/spring.factories]: [org.springframework.security.test.context.support.WithSecurityContextTestExecutionListener, org.springframework.security.test.context.support.ReactorContextTestExecutionListener, org.springframework.boot.test.autoconfigure.restdocs.RestDocsTestExecutionListener, org.springframework.boot.test.autoconfigure.web.client.MockRestServiceServerResetTestExecutionListener, org.springframework.boot.test.autoconfigure.web.servlet.MockMvcPrintOnlyOnFailureTestExecutionListener, org.springframework.boot.test.autoconfigure.web.servlet.WebDriverTestExecutionListener, org.springframework.boot.test.mock.mockito.MockitoTestExecutionListener, org.springframework.boot.test.mock.mockito.ResetMocksTestExecutionListener, org.springframework.test.context.web.ServletTestExecutionListener, org.springframework.test.context.support.DirtiesContextBeforeModesTestExecutionListener, org.springframework.test.context.support.DependencyInjectionTestExecutionListener, org.springframework.test.context.support.DirtiesContextTestExecutionListener, org.springframework.test.context.transaction.TransactionalTestExecutionListener, org.springframework.test.context.jdbc.SqlScriptsTestExecutionListener, org.springframework.test.context.event.EventPublishingTestExecutionListener]
2020-01-29 20:56:09.562  INFO 17952 --- [    Test worker] b.t.a.o.j.DataJpaTestContextBootstrapper : Using TestExecutionListeners: [org.springframework.test.context.web.ServletTestExecutionListener@5622765d, org.springframework.test.context.support.DirtiesContextBeforeModesTestExecutionListener@6f104ecc, org.springframework.boot.test.mock.mockito.MockitoTestExecutionListener@332907aa, org.springframework.boot.test.autoconfigure.SpringBootDependencyInjectionTestExecutionListener@e982a83, org.springframework.test.context.support.DirtiesContextTestExecutionListener@4b4d3593, org.springframework.test.context.transaction.TransactionalTestExecutionListener@26c66418, org.springframework.test.context.jdbc.SqlScriptsTestExecutionListener@5d29233d, org.springframework.security.test.context.support.WithSecurityContextTestExecutionListener@12aac629, org.springframework.test.context.event.EventPublishingTestExecutionListener@30e99842, org.springframework.security.test.context.support.ReactorContextTestExecutionListener@251adce3, org.springframework.boot.test.autoconfigure.restdocs.RestDocsTestExecutionListener@31be23b6, org.springframework.boot.test.autoconfigure.web.client.MockRestServiceServerResetTestExecutionListener@75e12026, org.springframework.boot.test.autoconfigure.web.servlet.MockMvcPrintOnlyOnFailureTestExecutionListener@9b68d50, org.springframework.boot.test.autoconfigure.web.servlet.WebDriverTestExecutionListener@7ab8b541, org.springframework.boot.test.mock.mockito.ResetMocksTestExecutionListener@3a5b9a33]
2020-01-29 20:56:09.569  INFO 17952 --- [    Test worker] o.s.t.c.transaction.TransactionContext   : Began transaction (1) for test context [DefaultTestContext@226794e3 testClass = PaymentRepositoryTest, testInstance = com.eleks.groupservice.repository.PaymentRepositoryTest@5fb7b0ec, testMethod = findAll_UsersExist_ReturnUsers@PaymentRepositoryTest, testException = [null], mergedContextConfiguration = [MergedContextConfiguration@11f9473d testClass = PaymentRepositoryTest, locations = '{}', classes = '{class com.eleks.groupservice.GroupServiceApplication}', contextInitializerClasses = '[]', activeProfiles = '{}', propertySourceLocations = '{}', propertySourceProperties = '{org.springframework.boot.test.autoconfigure.orm.jpa.DataJpaTestContextBootstrapper=true}', contextCustomizers = set[org.springframework.boot.test.autoconfigure.OverrideAutoConfigurationContextCustomizerFactory$DisableAutoConfigurationContextCustomizer@6d0f825d, org.springframework.boot.test.autoconfigure.filter.TypeExcludeFiltersContextCustomizer@351584c0, org.springframework.boot.test.autoconfigure.properties.PropertyMappingContextCustomizer@f82b2eff, org.springframework.boot.test.autoconfigure.web.servlet.WebDriverContextCustomizerFactory$Customizer@25c3944e, [ImportsContextCustomizer@dcc704d key = [org.springframework.boot.autoconfigure.cache.CacheAutoConfiguration, org.springframework.boot.autoconfigure.data.jpa.JpaRepositoriesAutoConfiguration, org.springframework.boot.autoconfigure.flyway.FlywayAutoConfiguration, org.springframework.boot.autoconfigure.jdbc.DataSourceAutoConfiguration, org.springframework.boot.autoconfigure.jdbc.DataSourceTransactionManagerAutoConfiguration, org.springframework.boot.autoconfigure.jdbc.JdbcTemplateAutoConfiguration, org.springframework.boot.autoconfigure.liquibase.LiquibaseAutoConfiguration, org.springframework.boot.autoconfigure.orm.jpa.HibernateJpaAutoConfiguration, org.springframework.boot.autoconfigure.transaction.TransactionAutoConfiguration, org.springframework.boot.test.autoconfigure.jdbc.TestDatabaseAutoConfiguration, org.springframework.boot.test.autoconfigure.orm.jpa.TestEntityManagerAutoConfiguration]], org.springframework.boot.test.context.filter.ExcludeFilterContextCustomizer@b1e0da6, org.springframework.boot.test.json.DuplicateJsonObjectContextCustomizerFactory$DuplicateJsonObjectContextCustomizer@78a5d0fb, org.springframework.boot.test.mock.mockito.MockitoContextCustomizer@0], contextLoader = 'org.springframework.boot.test.context.SpringBootContextLoader', parent = [null]], attributes = map[[empty]]]; transaction manager [org.springframework.orm.jpa.JpaTransactionManager@c23d9f7]; rollback [true]
Hibernate: select payment0_.id as id1_0_, payment0_.co_payers as co_payer2_0_, payment0_.creator_id as creator_3_0_, payment0_.group_id as group_id7_0_, payment0_.payment_description as payment_4_0_, payment0_.price as price5_0_, payment0_.timestamp as timestam6_0_ from payment payment0_
Hibernate: select group0_.id as id1_1_0_, group0_.currency as currency2_1_0_, group0_.group_name as group_na3_1_0_, group0_.members as members4_1_0_, payments1_.group_id as group_id7_0_1_, payments1_.id as id1_0_1_, payments1_.id as id1_0_2_, payments1_.co_payers as co_payer2_0_2_, payments1_.creator_id as creator_3_0_2_, payments1_.group_id as group_id7_0_2_, payments1_.payment_description as payment_4_0_2_, payments1_.price as price5_0_2_, payments1_.timestamp as timestam6_0_2_ from user_group group0_ left outer join payment payments1_ on group0_.id=payments1_.group_id where group0_.id=?
2020-01-29 20:56:09.734  INFO 17952 --- [    Test worker] o.s.t.c.transaction.TransactionContext   : Rolled back transaction for test: [DefaultTestContext@226794e3 testClass = PaymentRepositoryTest, testInstance = com.eleks.groupservice.repository.PaymentRepositoryTest@5fb7b0ec, testMethod = findAll_UsersExist_ReturnUsers@PaymentRepositoryTest, testException = [null], mergedContextConfiguration = [MergedContextConfiguration@11f9473d testClass = PaymentRepositoryTest, locations = '{}', classes = '{class com.eleks.groupservice.GroupServiceApplication}', contextInitializerClasses = '[]', activeProfiles = '{}', propertySourceLocations = '{}', propertySourceProperties = '{org.springframework.boot.test.autoconfigure.orm.jpa.DataJpaTestContextBootstrapper=true}', contextCustomizers = set[org.springframework.boot.test.autoconfigure.OverrideAutoConfigurationContextCustomizerFactory$DisableAutoConfigurationContextCustomizer@6d0f825d, org.springframework.boot.test.autoconfigure.filter.TypeExcludeFiltersContextCustomizer@351584c0, org.springframework.boot.test.autoconfigure.properties.PropertyMappingContextCustomizer@f82b2eff, org.springframework.boot.test.autoconfigure.web.servlet.WebDriverContextCustomizerFactory$Customizer@25c3944e, [ImportsContextCustomizer@dcc704d key = [org.springframework.boot.autoconfigure.cache.CacheAutoConfiguration, org.springframework.boot.autoconfigure.data.jpa.JpaRepositoriesAutoConfiguration, org.springframework.boot.autoconfigure.flyway.FlywayAutoConfiguration, org.springframework.boot.autoconfigure.jdbc.DataSourceAutoConfiguration, org.springframework.boot.autoconfigure.jdbc.DataSourceTransactionManagerAutoConfiguration, org.springframework.boot.autoconfigure.jdbc.JdbcTemplateAutoConfiguration, org.springframework.boot.autoconfigure.liquibase.LiquibaseAutoConfiguration, org.springframework.boot.autoconfigure.orm.jpa.HibernateJpaAutoConfiguration, org.springframework.boot.autoconfigure.transaction.TransactionAutoConfiguration, org.springframework.boot.test.autoconfigure.jdbc.TestDatabaseAutoConfiguration, org.springframework.boot.test.autoconfigure.orm.jpa.TestEntityManagerAutoConfiguration]], org.springframework.boot.test.context.filter.ExcludeFilterContextCustomizer@b1e0da6, org.springframework.boot.test.json.DuplicateJsonObjectContextCustomizerFactory$DuplicateJsonObjectContextCustomizer@78a5d0fb, org.springframework.boot.test.mock.mockito.MockitoContextCustomizer@0], contextLoader = 'org.springframework.boot.test.context.SpringBootContextLoader', parent = [null]], attributes = map[[empty]]]
2020-01-29 20:56:09.736  INFO 17952 --- [    Test worker] o.s.t.c.transaction.TransactionContext   : Began transaction (1) for test context [DefaultTestContext@226794e3 testClass = PaymentRepositoryTest, testInstance = com.eleks.groupservice.repository.PaymentRepositoryTest@5a8f1e7a, testMethod = deleteById_DeleteExistingPayment_ShouldBeDeleted@PaymentRepositoryTest, testException = [null], mergedContextConfiguration = [MergedContextConfiguration@11f9473d testClass = PaymentRepositoryTest, locations = '{}', classes = '{class com.eleks.groupservice.GroupServiceApplication}', contextInitializerClasses = '[]', activeProfiles = '{}', propertySourceLocations = '{}', propertySourceProperties = '{org.springframework.boot.test.autoconfigure.orm.jpa.DataJpaTestContextBootstrapper=true}', contextCustomizers = set[org.springframework.boot.test.autoconfigure.OverrideAutoConfigurationContextCustomizerFactory$DisableAutoConfigurationContextCustomizer@6d0f825d, org.springframework.boot.test.autoconfigure.filter.TypeExcludeFiltersContextCustomizer@351584c0, org.springframework.boot.test.autoconfigure.properties.PropertyMappingContextCustomizer@f82b2eff, org.springframework.boot.test.autoconfigure.web.servlet.WebDriverContextCustomizerFactory$Customizer@25c3944e, [ImportsContextCustomizer@dcc704d key = [org.springframework.boot.autoconfigure.cache.CacheAutoConfiguration, org.springframework.boot.autoconfigure.data.jpa.JpaRepositoriesAutoConfiguration, org.springframework.boot.autoconfigure.flyway.FlywayAutoConfiguration, org.springframework.boot.autoconfigure.jdbc.DataSourceAutoConfiguration, org.springframework.boot.autoconfigure.jdbc.DataSourceTransactionManagerAutoConfiguration, org.springframework.boot.autoconfigure.jdbc.JdbcTemplateAutoConfiguration, org.springframework.boot.autoconfigure.liquibase.LiquibaseAutoConfiguration, org.springframework.boot.autoconfigure.orm.jpa.HibernateJpaAutoConfiguration, org.springframework.boot.autoconfigure.transaction.TransactionAutoConfiguration, org.springframework.boot.test.autoconfigure.jdbc.TestDatabaseAutoConfiguration, org.springframework.boot.test.autoconfigure.orm.jpa.TestEntityManagerAutoConfiguration]], org.springframework.boot.test.context.filter.ExcludeFilterContextCustomizer@b1e0da6, org.springframework.boot.test.json.DuplicateJsonObjectContextCustomizerFactory$DuplicateJsonObjectContextCustomizer@78a5d0fb, org.springframework.boot.test.mock.mockito.MockitoContextCustomizer@0], contextLoader = 'org.springframework.boot.test.context.SpringBootContextLoader', parent = [null]], attributes = map[[empty]]]; transaction manager [org.springframework.orm.jpa.JpaTransactionManager@c23d9f7]; rollback [true]
Hibernate: select payment0_.id as id1_0_0_, payment0_.co_payers as co_payer2_0_0_, payment0_.creator_id as creator_3_0_0_, payment0_.group_id as group_id7_0_0_, payment0_.payment_description as payment_4_0_0_, payment0_.price as price5_0_0_, payment0_.timestamp as timestam6_0_0_, group1_.id as id1_1_1_, group1_.currency as currency2_1_1_, group1_.group_name as group_na3_1_1_, group1_.members as members4_1_1_ from payment payment0_ left outer join user_group group1_ on payment0_.group_id=group1_.id where payment0_.id=?
Hibernate: select payments0_.group_id as group_id7_0_0_, payments0_.id as id1_0_0_, payments0_.id as id1_0_1_, payments0_.co_payers as co_payer2_0_1_, payments0_.creator_id as creator_3_0_1_, payments0_.group_id as group_id7_0_1_, payments0_.payment_description as payment_4_0_1_, payments0_.price as price5_0_1_, payments0_.timestamp as timestam6_0_1_ from payment payments0_ where payments0_.group_id=?
2020-01-29 20:56:09.751  INFO 17952 --- [    Test worker] o.s.t.c.transaction.TransactionContext   : Rolled back transaction for test: [DefaultTestContext@226794e3 testClass = PaymentRepositoryTest, testInstance = com.eleks.groupservice.repository.PaymentRepositoryTest@5a8f1e7a, testMethod = deleteById_DeleteExistingPayment_ShouldBeDeleted@PaymentRepositoryTest, testException = [null], mergedContextConfiguration = [MergedContextConfiguration@11f9473d testClass = PaymentRepositoryTest, locations = '{}', classes = '{class com.eleks.groupservice.GroupServiceApplication}', contextInitializerClasses = '[]', activeProfiles = '{}', propertySourceLocations = '{}', propertySourceProperties = '{org.springframework.boot.test.autoconfigure.orm.jpa.DataJpaTestContextBootstrapper=true}', contextCustomizers = set[org.springframework.boot.test.autoconfigure.OverrideAutoConfigurationContextCustomizerFactory$DisableAutoConfigurationContextCustomizer@6d0f825d, org.springframework.boot.test.autoconfigure.filter.TypeExcludeFiltersContextCustomizer@351584c0, org.springframework.boot.test.autoconfigure.properties.PropertyMappingContextCustomizer@f82b2eff, org.springframework.boot.test.autoconfigure.web.servlet.WebDriverContextCustomizerFactory$Customizer@25c3944e, [ImportsContextCustomizer@dcc704d key = [org.springframework.boot.autoconfigure.cache.CacheAutoConfiguration, org.springframework.boot.autoconfigure.data.jpa.JpaRepositoriesAutoConfiguration, org.springframework.boot.autoconfigure.flyway.FlywayAutoConfiguration, org.springframework.boot.autoconfigure.jdbc.DataSourceAutoConfiguration, org.springframework.boot.autoconfigure.jdbc.DataSourceTransactionManagerAutoConfiguration, org.springframework.boot.autoconfigure.jdbc.JdbcTemplateAutoConfiguration, org.springframework.boot.autoconfigure.liquibase.LiquibaseAutoConfiguration, org.springframework.boot.autoconfigure.orm.jpa.HibernateJpaAutoConfiguration, org.springframework.boot.autoconfigure.transaction.TransactionAutoConfiguration, org.springframework.boot.test.autoconfigure.jdbc.TestDatabaseAutoConfiguration, org.springframework.boot.test.autoconfigure.orm.jpa.TestEntityManagerAutoConfiguration]], org.springframework.boot.test.context.filter.ExcludeFilterContextCustomizer@b1e0da6, org.springframework.boot.test.json.DuplicateJsonObjectContextCustomizerFactory$DuplicateJsonObjectContextCustomizer@78a5d0fb, org.springframework.boot.test.mock.mockito.MockitoContextCustomizer@0], contextLoader = 'org.springframework.boot.test.context.SpringBootContextLoader', parent = [null]], attributes = map[[empty]]]
2020-01-29 20:56:09.754  INFO 17952 --- [    Test worker] o.s.t.c.transaction.TransactionContext   : Began transaction (1) for test context [DefaultTestContext@226794e3 testClass = PaymentRepositoryTest, testInstance = com.eleks.groupservice.repository.PaymentRepositoryTest@5fc6fb99, testMethod = findAll_UsersDontExist_ReturnEmptyList@PaymentRepositoryTest, testException = [null], mergedContextConfiguration = [MergedContextConfiguration@11f9473d testClass = PaymentRepositoryTest, locations = '{}', classes = '{class com.eleks.groupservice.GroupServiceApplication}', contextInitializerClasses = '[]', activeProfiles = '{}', propertySourceLocations = '{}', propertySourceProperties = '{org.springframework.boot.test.autoconfigure.orm.jpa.DataJpaTestContextBootstrapper=true}', contextCustomizers = set[org.springframework.boot.test.autoconfigure.OverrideAutoConfigurationContextCustomizerFactory$DisableAutoConfigurationContextCustomizer@6d0f825d, org.springframework.boot.test.autoconfigure.filter.TypeExcludeFiltersContextCustomizer@351584c0, org.springframework.boot.test.autoconfigure.properties.PropertyMappingContextCustomizer@f82b2eff, org.springframework.boot.test.autoconfigure.web.servlet.WebDriverContextCustomizerFactory$Customizer@25c3944e, [ImportsContextCustomizer@dcc704d key = [org.springframework.boot.autoconfigure.cache.CacheAutoConfiguration, org.springframework.boot.autoconfigure.data.jpa.JpaRepositoriesAutoConfiguration, org.springframework.boot.autoconfigure.flyway.FlywayAutoConfiguration, org.springframework.boot.autoconfigure.jdbc.DataSourceAutoConfiguration, org.springframework.boot.autoconfigure.jdbc.DataSourceTransactionManagerAutoConfiguration, org.springframework.boot.autoconfigure.jdbc.JdbcTemplateAutoConfiguration, org.springframework.boot.autoconfigure.liquibase.LiquibaseAutoConfiguration, org.springframework.boot.autoconfigure.orm.jpa.HibernateJpaAutoConfiguration, org.springframework.boot.autoconfigure.transaction.TransactionAutoConfiguration, org.springframework.boot.test.autoconfigure.jdbc.TestDatabaseAutoConfiguration, org.springframework.boot.test.autoconfigure.orm.jpa.TestEntityManagerAutoConfiguration]], org.springframework.boot.test.context.filter.ExcludeFilterContextCustomizer@b1e0da6, org.springframework.boot.test.json.DuplicateJsonObjectContextCustomizerFactory$DuplicateJsonObjectContextCustomizer@78a5d0fb, org.springframework.boot.test.mock.mockito.MockitoContextCustomizer@0], contextLoader = 'org.springframework.boot.test.context.SpringBootContextLoader', parent = [null]], attributes = map[[empty]]]; transaction manager [org.springframework.orm.jpa.JpaTransactionManager@c23d9f7]; rollback [true]
Hibernate: select payment0_.id as id1_0_, payment0_.co_payers as co_payer2_0_, payment0_.creator_id as creator_3_0_, payment0_.group_id as group_id7_0_, payment0_.payment_description as payment_4_0_, payment0_.price as price5_0_, payment0_.timestamp as timestam6_0_ from payment payment0_
2020-01-29 20:56:09.759  INFO 17952 --- [    Test worker] o.s.t.c.transaction.TransactionContext   : Rolled back transaction for test: [DefaultTestContext@226794e3 testClass = PaymentRepositoryTest, testInstance = com.eleks.groupservice.repository.PaymentRepositoryTest@5fc6fb99, testMethod = findAll_UsersDontExist_ReturnEmptyList@PaymentRepositoryTest, testException = [null], mergedContextConfiguration = [MergedContextConfiguration@11f9473d testClass = PaymentRepositoryTest, locations = '{}', classes = '{class com.eleks.groupservice.GroupServiceApplication}', contextInitializerClasses = '[]', activeProfiles = '{}', propertySourceLocations = '{}', propertySourceProperties = '{org.springframework.boot.test.autoconfigure.orm.jpa.DataJpaTestContextBootstrapper=true}', contextCustomizers = set[org.springframework.boot.test.autoconfigure.OverrideAutoConfigurationContextCustomizerFactory$DisableAutoConfigurationContextCustomizer@6d0f825d, org.springframework.boot.test.autoconfigure.filter.TypeExcludeFiltersContextCustomizer@351584c0, org.springframework.boot.test.autoconfigure.properties.PropertyMappingContextCustomizer@f82b2eff, org.springframework.boot.test.autoconfigure.web.servlet.WebDriverContextCustomizerFactory$Customizer@25c3944e, [ImportsContextCustomizer@dcc704d key = [org.springframework.boot.autoconfigure.cache.CacheAutoConfiguration, org.springframework.boot.autoconfigure.data.jpa.JpaRepositoriesAutoConfiguration, org.springframework.boot.autoconfigure.flyway.FlywayAutoConfiguration, org.springframework.boot.autoconfigure.jdbc.DataSourceAutoConfiguration, org.springframework.boot.autoconfigure.jdbc.DataSourceTransactionManagerAutoConfiguration, org.springframework.boot.autoconfigure.jdbc.JdbcTemplateAutoConfiguration, org.springframework.boot.autoconfigure.liquibase.LiquibaseAutoConfiguration, org.springframework.boot.autoconfigure.orm.jpa.HibernateJpaAutoConfiguration, org.springframework.boot.autoconfigure.transaction.TransactionAutoConfiguration, org.springframework.boot.test.autoconfigure.jdbc.TestDatabaseAutoConfiguration, org.springframework.boot.test.autoconfigure.orm.jpa.TestEntityManagerAutoConfiguration]], org.springframework.boot.test.context.filter.ExcludeFilterContextCustomizer@b1e0da6, org.springframework.boot.test.json.DuplicateJsonObjectContextCustomizerFactory$DuplicateJsonObjectContextCustomizer@78a5d0fb, org.springframework.boot.test.mock.mockito.MockitoContextCustomizer@0], contextLoader = 'org.springframework.boot.test.context.SpringBootContextLoader', parent = [null]], attributes = map[[empty]]]
2020-01-29 20:56:09.761  INFO 17952 --- [    Test worker] o.s.t.c.transaction.TransactionContext   : Began transaction (1) for test context [DefaultTestContext@226794e3 testClass = PaymentRepositoryTest, testInstance = com.eleks.groupservice.repository.PaymentRepositoryTest@34ad5763, testMethod = findById_PaymentDoesntExist_ShouldReturnNothing@PaymentRepositoryTest, testException = [null], mergedContextConfiguration = [MergedContextConfiguration@11f9473d testClass = PaymentRepositoryTest, locations = '{}', classes = '{class com.eleks.groupservice.GroupServiceApplication}', contextInitializerClasses = '[]', activeProfiles = '{}', propertySourceLocations = '{}', propertySourceProperties = '{org.springframework.boot.test.autoconfigure.orm.jpa.DataJpaTestContextBootstrapper=true}', contextCustomizers = set[org.springframework.boot.test.autoconfigure.OverrideAutoConfigurationContextCustomizerFactory$DisableAutoConfigurationContextCustomizer@6d0f825d, org.springframework.boot.test.autoconfigure.filter.TypeExcludeFiltersContextCustomizer@351584c0, org.springframework.boot.test.autoconfigure.properties.PropertyMappingContextCustomizer@f82b2eff, org.springframework.boot.test.autoconfigure.web.servlet.WebDriverContextCustomizerFactory$Customizer@25c3944e, [ImportsContextCustomizer@dcc704d key = [org.springframework.boot.autoconfigure.cache.CacheAutoConfiguration, org.springframework.boot.autoconfigure.data.jpa.JpaRepositoriesAutoConfiguration, org.springframework.boot.autoconfigure.flyway.FlywayAutoConfiguration, org.springframework.boot.autoconfigure.jdbc.DataSourceAutoConfiguration, org.springframework.boot.autoconfigure.jdbc.DataSourceTransactionManagerAutoConfiguration, org.springframework.boot.autoconfigure.jdbc.JdbcTemplateAutoConfiguration, org.springframework.boot.autoconfigure.liquibase.LiquibaseAutoConfiguration, org.springframework.boot.autoconfigure.orm.jpa.HibernateJpaAutoConfiguration, org.springframework.boot.autoconfigure.transaction.TransactionAutoConfiguration, org.springframework.boot.test.autoconfigure.jdbc.TestDatabaseAutoConfiguration, org.springframework.boot.test.autoconfigure.orm.jpa.TestEntityManagerAutoConfiguration]], org.springframework.boot.test.context.filter.ExcludeFilterContextCustomizer@b1e0da6, org.springframework.boot.test.json.DuplicateJsonObjectContextCustomizerFactory$DuplicateJsonObjectContextCustomizer@78a5d0fb, org.springframework.boot.test.mock.mockito.MockitoContextCustomizer@0], contextLoader = 'org.springframework.boot.test.context.SpringBootContextLoader', parent = [null]], attributes = map[[empty]]]; transaction manager [org.springframework.orm.jpa.JpaTransactionManager@c23d9f7]; rollback [true]
Hibernate: select payment0_.id as id1_0_0_, payment0_.co_payers as co_payer2_0_0_, payment0_.creator_id as creator_3_0_0_, payment0_.group_id as group_id7_0_0_, payment0_.payment_description as payment_4_0_0_, payment0_.price as price5_0_0_, payment0_.timestamp as timestam6_0_0_, group1_.id as id1_1_1_, group1_.currency as currency2_1_1_, group1_.group_name as group_na3_1_1_, group1_.members as members4_1_1_ from payment payment0_ left outer join user_group group1_ on payment0_.group_id=group1_.id where payment0_.id=?
2020-01-29 20:56:09.766  INFO 17952 --- [    Test worker] o.s.t.c.transaction.TransactionContext   : Rolled back transaction for test: [DefaultTestContext@226794e3 testClass = PaymentRepositoryTest, testInstance = com.eleks.groupservice.repository.PaymentRepositoryTest@34ad5763, testMethod = findById_PaymentDoesntExist_ShouldReturnNothing@PaymentRepositoryTest, testException = [null], mergedContextConfiguration = [MergedContextConfiguration@11f9473d testClass = PaymentRepositoryTest, locations = '{}', classes = '{class com.eleks.groupservice.GroupServiceApplication}', contextInitializerClasses = '[]', activeProfiles = '{}', propertySourceLocations = '{}', propertySourceProperties = '{org.springframework.boot.test.autoconfigure.orm.jpa.DataJpaTestContextBootstrapper=true}', contextCustomizers = set[org.springframework.boot.test.autoconfigure.OverrideAutoConfigurationContextCustomizerFactory$DisableAutoConfigurationContextCustomizer@6d0f825d, org.springframework.boot.test.autoconfigure.filter.TypeExcludeFiltersContextCustomizer@351584c0, org.springframework.boot.test.autoconfigure.properties.PropertyMappingContextCustomizer@f82b2eff, org.springframework.boot.test.autoconfigure.web.servlet.WebDriverContextCustomizerFactory$Customizer@25c3944e, [ImportsContextCustomizer@dcc704d key = [org.springframework.boot.autoconfigure.cache.CacheAutoConfiguration, org.springframework.boot.autoconfigure.data.jpa.JpaRepositoriesAutoConfiguration, org.springframework.boot.autoconfigure.flyway.FlywayAutoConfiguration, org.springframework.boot.autoconfigure.jdbc.DataSourceAutoConfiguration, org.springframework.boot.autoconfigure.jdbc.DataSourceTransactionManagerAutoConfiguration, org.springframework.boot.autoconfigure.jdbc.JdbcTemplateAutoConfiguration, org.springframework.boot.autoconfigure.liquibase.LiquibaseAutoConfiguration, org.springframework.boot.autoconfigure.orm.jpa.HibernateJpaAutoConfiguration, org.springframework.boot.autoconfigure.transaction.TransactionAutoConfiguration, org.springframework.boot.test.autoconfigure.jdbc.TestDatabaseAutoConfiguration, org.springframework.boot.test.autoconfigure.orm.jpa.TestEntityManagerAutoConfiguration]], org.springframework.boot.test.context.filter.ExcludeFilterContextCustomizer@b1e0da6, org.springframework.boot.test.json.DuplicateJsonObjectContextCustomizerFactory$DuplicateJsonObjectContextCustomizer@78a5d0fb, org.springframework.boot.test.mock.mockito.MockitoContextCustomizer@0], contextLoader = 'org.springframework.boot.test.context.SpringBootContextLoader', parent = [null]], attributes = map[[empty]]]
2020-01-29 20:56:09.769  INFO 17952 --- [    Test worker] o.s.t.c.transaction.TransactionContext   : Began transaction (1) for test context [DefaultTestContext@226794e3 testClass = PaymentRepositoryTest, testInstance = com.eleks.groupservice.repository.PaymentRepositoryTest@205f6847, testMethod = findById_GroupAndPaymentExists_ShouldReturnRightModel@PaymentRepositoryTest, testException = [null], mergedContextConfiguration = [MergedContextConfiguration@11f9473d testClass = PaymentRepositoryTest, locations = '{}', classes = '{class com.eleks.groupservice.GroupServiceApplication}', contextInitializerClasses = '[]', activeProfiles = '{}', propertySourceLocations = '{}', propertySourceProperties = '{org.springframework.boot.test.autoconfigure.orm.jpa.DataJpaTestContextBootstrapper=true}', contextCustomizers = set[org.springframework.boot.test.autoconfigure.OverrideAutoConfigurationContextCustomizerFactory$DisableAutoConfigurationContextCustomizer@6d0f825d, org.springframework.boot.test.autoconfigure.filter.TypeExcludeFiltersContextCustomizer@351584c0, org.springframework.boot.test.autoconfigure.properties.PropertyMappingContextCustomizer@f82b2eff, org.springframework.boot.test.autoconfigure.web.servlet.WebDriverContextCustomizerFactory$Customizer@25c3944e, [ImportsContextCustomizer@dcc704d key = [org.springframework.boot.autoconfigure.cache.CacheAutoConfiguration, org.springframework.boot.autoconfigure.data.jpa.JpaRepositoriesAutoConfiguration, org.springframework.boot.autoconfigure.flyway.FlywayAutoConfiguration, org.springframework.boot.autoconfigure.jdbc.DataSourceAutoConfiguration, org.springframework.boot.autoconfigure.jdbc.DataSourceTransactionManagerAutoConfiguration, org.springframework.boot.autoconfigure.jdbc.JdbcTemplateAutoConfiguration, org.springframework.boot.autoconfigure.liquibase.LiquibaseAutoConfiguration, org.springframework.boot.autoconfigure.orm.jpa.HibernateJpaAutoConfiguration, org.springframework.boot.autoconfigure.transaction.TransactionAutoConfiguration, org.springframework.boot.test.autoconfigure.jdbc.TestDatabaseAutoConfiguration, org.springframework.boot.test.autoconfigure.orm.jpa.TestEntityManagerAutoConfiguration]], org.springframework.boot.test.context.filter.ExcludeFilterContextCustomizer@b1e0da6, org.springframework.boot.test.json.DuplicateJsonObjectContextCustomizerFactory$DuplicateJsonObjectContextCustomizer@78a5d0fb, org.springframework.boot.test.mock.mockito.MockitoContextCustomizer@0], contextLoader = 'org.springframework.boot.test.context.SpringBootContextLoader', parent = [null]], attributes = map[[empty]]]; transaction manager [org.springframework.orm.jpa.JpaTransactionManager@c23d9f7]; rollback [true]
Hibernate: select payment0_.id as id1_0_0_, payment0_.co_payers as co_payer2_0_0_, payment0_.creator_id as creator_3_0_0_, payment0_.group_id as group_id7_0_0_, payment0_.payment_description as payment_4_0_0_, payment0_.price as price5_0_0_, payment0_.timestamp as timestam6_0_0_, group1_.id as id1_1_1_, group1_.currency as currency2_1_1_, group1_.group_name as group_na3_1_1_, group1_.members as members4_1_1_ from payment payment0_ left outer join user_group group1_ on payment0_.group_id=group1_.id where payment0_.id=?
Hibernate: select payments0_.group_id as group_id7_0_0_, payments0_.id as id1_0_0_, payments0_.id as id1_0_1_, payments0_.co_payers as co_payer2_0_1_, payments0_.creator_id as creator_3_0_1_, payments0_.group_id as group_id7_0_1_, payments0_.payment_description as payment_4_0_1_, payments0_.price as price5_0_1_, payments0_.timestamp as timestam6_0_1_ from payment payments0_ where payments0_.group_id=?
2020-01-29 20:56:09.778  INFO 17952 --- [    Test worker] o.s.t.c.transaction.TransactionContext   : Rolled back transaction for test: [DefaultTestContext@226794e3 testClass = PaymentRepositoryTest, testInstance = com.eleks.groupservice.repository.PaymentRepositoryTest@205f6847, testMethod = findById_GroupAndPaymentExists_ShouldReturnRightModel@PaymentRepositoryTest, testException = [null], mergedContextConfiguration = [MergedContextConfiguration@11f9473d testClass = PaymentRepositoryTest, locations = '{}', classes = '{class com.eleks.groupservice.GroupServiceApplication}', contextInitializerClasses = '[]', activeProfiles = '{}', propertySourceLocations = '{}', propertySourceProperties = '{org.springframework.boot.test.autoconfigure.orm.jpa.DataJpaTestContextBootstrapper=true}', contextCustomizers = set[org.springframework.boot.test.autoconfigure.OverrideAutoConfigurationContextCustomizerFactory$DisableAutoConfigurationContextCustomizer@6d0f825d, org.springframework.boot.test.autoconfigure.filter.TypeExcludeFiltersContextCustomizer@351584c0, org.springframework.boot.test.autoconfigure.properties.PropertyMappingContextCustomizer@f82b2eff, org.springframework.boot.test.autoconfigure.web.servlet.WebDriverContextCustomizerFactory$Customizer@25c3944e, [ImportsContextCustomizer@dcc704d key = [org.springframework.boot.autoconfigure.cache.CacheAutoConfiguration, org.springframework.boot.autoconfigure.data.jpa.JpaRepositoriesAutoConfiguration, org.springframework.boot.autoconfigure.flyway.FlywayAutoConfiguration, org.springframework.boot.autoconfigure.jdbc.DataSourceAutoConfiguration, org.springframework.boot.autoconfigure.jdbc.DataSourceTransactionManagerAutoConfiguration, org.springframework.boot.autoconfigure.jdbc.JdbcTemplateAutoConfiguration, org.springframework.boot.autoconfigure.liquibase.LiquibaseAutoConfiguration, org.springframework.boot.autoconfigure.orm.jpa.HibernateJpaAutoConfiguration, org.springframework.boot.autoconfigure.transaction.TransactionAutoConfiguration, org.springframework.boot.test.autoconfigure.jdbc.TestDatabaseAutoConfiguration, org.springframework.boot.test.autoconfigure.orm.jpa.TestEntityManagerAutoConfiguration]], org.springframework.boot.test.context.filter.ExcludeFilterContextCustomizer@b1e0da6, org.springframework.boot.test.json.DuplicateJsonObjectContextCustomizerFactory$DuplicateJsonObjectContextCustomizer@78a5d0fb, org.springframework.boot.test.mock.mockito.MockitoContextCustomizer@0], contextLoader = 'org.springframework.boot.test.context.SpringBootContextLoader', parent = [null]], attributes = map[[empty]]]
2020-01-29 20:56:09.780  INFO 17952 --- [    Test worker] o.s.t.c.transaction.TransactionContext   : Began transaction (1) for test context [DefaultTestContext@226794e3 testClass = PaymentRepositoryTest, testInstance = com.eleks.groupservice.repository.PaymentRepositoryTest@75e355c1, testMethod = deleteById_DeleteNonExistingPayment_ShouldThrowEmptyResultDataAccessException@PaymentRepositoryTest, testException = [null], mergedContextConfiguration = [MergedContextConfiguration@11f9473d testClass = PaymentRepositoryTest, locations = '{}', classes = '{class com.eleks.groupservice.GroupServiceApplication}', contextInitializerClasses = '[]', activeProfiles = '{}', propertySourceLocations = '{}', propertySourceProperties = '{org.springframework.boot.test.autoconfigure.orm.jpa.DataJpaTestContextBootstrapper=true}', contextCustomizers = set[org.springframework.boot.test.autoconfigure.OverrideAutoConfigurationContextCustomizerFactory$DisableAutoConfigurationContextCustomizer@6d0f825d, org.springframework.boot.test.autoconfigure.filter.TypeExcludeFiltersContextCustomizer@351584c0, org.springframework.boot.test.autoconfigure.properties.PropertyMappingContextCustomizer@f82b2eff, org.springframework.boot.test.autoconfigure.web.servlet.WebDriverContextCustomizerFactory$Customizer@25c3944e, [ImportsContextCustomizer@dcc704d key = [org.springframework.boot.autoconfigure.cache.CacheAutoConfiguration, org.springframework.boot.autoconfigure.data.jpa.JpaRepositoriesAutoConfiguration, org.springframework.boot.autoconfigure.flyway.FlywayAutoConfiguration, org.springframework.boot.autoconfigure.jdbc.DataSourceAutoConfiguration, org.springframework.boot.autoconfigure.jdbc.DataSourceTransactionManagerAutoConfiguration, org.springframework.boot.autoconfigure.jdbc.JdbcTemplateAutoConfiguration, org.springframework.boot.autoconfigure.liquibase.LiquibaseAutoConfiguration, org.springframework.boot.autoconfigure.orm.jpa.HibernateJpaAutoConfiguration, org.springframework.boot.autoconfigure.transaction.TransactionAutoConfiguration, org.springframework.boot.test.autoconfigure.jdbc.TestDatabaseAutoConfiguration, org.springframework.boot.test.autoconfigure.orm.jpa.TestEntityManagerAutoConfiguration]], org.springframework.boot.test.context.filter.ExcludeFilterContextCustomizer@b1e0da6, org.springframework.boot.test.json.DuplicateJsonObjectContextCustomizerFactory$DuplicateJsonObjectContextCustomizer@78a5d0fb, org.springframework.boot.test.mock.mockito.MockitoContextCustomizer@0], contextLoader = 'org.springframework.boot.test.context.SpringBootContextLoader', parent = [null]], attributes = map[[empty]]]; transaction manager [org.springframework.orm.jpa.JpaTransactionManager@c23d9f7]; rollback [true]
Hibernate: select payment0_.id as id1_0_0_, payment0_.co_payers as co_payer2_0_0_, payment0_.creator_id as creator_3_0_0_, payment0_.group_id as group_id7_0_0_, payment0_.payment_description as payment_4_0_0_, payment0_.price as price5_0_0_, payment0_.timestamp as timestam6_0_0_, group1_.id as id1_1_1_, group1_.currency as currency2_1_1_, group1_.group_name as group_na3_1_1_, group1_.members as members4_1_1_ from payment payment0_ left outer join user_group group1_ on payment0_.group_id=group1_.id where payment0_.id=?
2020-01-29 20:56:09.786  INFO 17952 --- [    Test worker] o.s.t.c.transaction.TransactionContext   : Rolled back transaction for test: [DefaultTestContext@226794e3 testClass = PaymentRepositoryTest, testInstance = com.eleks.groupservice.repository.PaymentRepositoryTest@75e355c1, testMethod = deleteById_DeleteNonExistingPayment_ShouldThrowEmptyResultDataAccessException@PaymentRepositoryTest, testException = [null], mergedContextConfiguration = [MergedContextConfiguration@11f9473d testClass = PaymentRepositoryTest, locations = '{}', classes = '{class com.eleks.groupservice.GroupServiceApplication}', contextInitializerClasses = '[]', activeProfiles = '{}', propertySourceLocations = '{}', propertySourceProperties = '{org.springframework.boot.test.autoconfigure.orm.jpa.DataJpaTestContextBootstrapper=true}', contextCustomizers = set[org.springframework.boot.test.autoconfigure.OverrideAutoConfigurationContextCustomizerFactory$DisableAutoConfigurationContextCustomizer@6d0f825d, org.springframework.boot.test.autoconfigure.filter.TypeExcludeFiltersContextCustomizer@351584c0, org.springframework.boot.test.autoconfigure.properties.PropertyMappingContextCustomizer@f82b2eff, org.springframework.boot.test.autoconfigure.web.servlet.WebDriverContextCustomizerFactory$Customizer@25c3944e, [ImportsContextCustomizer@dcc704d key = [org.springframework.boot.autoconfigure.cache.CacheAutoConfiguration, org.springframework.boot.autoconfigure.data.jpa.JpaRepositoriesAutoConfiguration, org.springframework.boot.autoconfigure.flyway.FlywayAutoConfiguration, org.springframework.boot.autoconfigure.jdbc.DataSourceAutoConfiguration, org.springframework.boot.autoconfigure.jdbc.DataSourceTransactionManagerAutoConfiguration, org.springframework.boot.autoconfigure.jdbc.JdbcTemplateAutoConfiguration, org.springframework.boot.autoconfigure.liquibase.LiquibaseAutoConfiguration, org.springframework.boot.autoconfigure.orm.jpa.HibernateJpaAutoConfiguration, org.springframework.boot.autoconfigure.transaction.TransactionAutoConfiguration, org.springframework.boot.test.autoconfigure.jdbc.TestDatabaseAutoConfiguration, org.springframework.boot.test.autoconfigure.orm.jpa.TestEntityManagerAutoConfiguration]], org.springframework.boot.test.context.filter.ExcludeFilterContextCustomizer@b1e0da6, org.springframework.boot.test.json.DuplicateJsonObjectContextCustomizerFactory$DuplicateJsonObjectContextCustomizer@78a5d0fb, org.springframework.boot.test.mock.mockito.MockitoContextCustomizer@0], contextLoader = 'org.springframework.boot.test.context.SpringBootContextLoader', parent = [null]], attributes = map[[empty]]]
2020-01-29 20:56:09.788  INFO 17952 --- [    Test worker] o.s.t.c.transaction.TransactionContext   : Began transaction (1) for test context [DefaultTestContext@226794e3 testClass = PaymentRepositoryTest, testInstance = com.eleks.groupservice.repository.PaymentRepositoryTest@3642f8d3, testMethod = save_SavePaymentToGroup_ShouldBeSavedWithIdAndTimestamp@PaymentRepositoryTest, testException = [null], mergedContextConfiguration = [MergedContextConfiguration@11f9473d testClass = PaymentRepositoryTest, locations = '{}', classes = '{class com.eleks.groupservice.GroupServiceApplication}', contextInitializerClasses = '[]', activeProfiles = '{}', propertySourceLocations = '{}', propertySourceProperties = '{org.springframework.boot.test.autoconfigure.orm.jpa.DataJpaTestContextBootstrapper=true}', contextCustomizers = set[org.springframework.boot.test.autoconfigure.OverrideAutoConfigurationContextCustomizerFactory$DisableAutoConfigurationContextCustomizer@6d0f825d, org.springframework.boot.test.autoconfigure.filter.TypeExcludeFiltersContextCustomizer@351584c0, org.springframework.boot.test.autoconfigure.properties.PropertyMappingContextCustomizer@f82b2eff, org.springframework.boot.test.autoconfigure.web.servlet.WebDriverContextCustomizerFactory$Customizer@25c3944e, [ImportsContextCustomizer@dcc704d key = [org.springframework.boot.autoconfigure.cache.CacheAutoConfiguration, org.springframework.boot.autoconfigure.data.jpa.JpaRepositoriesAutoConfiguration, org.springframework.boot.autoconfigure.flyway.FlywayAutoConfiguration, org.springframework.boot.autoconfigure.jdbc.DataSourceAutoConfiguration, org.springframework.boot.autoconfigure.jdbc.DataSourceTransactionManagerAutoConfiguration, org.springframework.boot.autoconfigure.jdbc.JdbcTemplateAutoConfiguration, org.springframework.boot.autoconfigure.liquibase.LiquibaseAutoConfiguration, org.springframework.boot.autoconfigure.orm.jpa.HibernateJpaAutoConfiguration, org.springframework.boot.autoconfigure.transaction.TransactionAutoConfiguration, org.springframework.boot.test.autoconfigure.jdbc.TestDatabaseAutoConfiguration, org.springframework.boot.test.autoconfigure.orm.jpa.TestEntityManagerAutoConfiguration]], org.springframework.boot.test.context.filter.ExcludeFilterContextCustomizer@b1e0da6, org.springframework.boot.test.json.DuplicateJsonObjectContextCustomizerFactory$DuplicateJsonObjectContextCustomizer@78a5d0fb, org.springframework.boot.test.mock.mockito.MockitoContextCustomizer@0], contextLoader = 'org.springframework.boot.test.context.SpringBootContextLoader', parent = [null]], attributes = map[[empty]]]; transaction manager [org.springframework.orm.jpa.JpaTransactionManager@c23d9f7]; rollback [true]
Hibernate: insert into payment (id, co_payers, creator_id, group_id, payment_description, price, timestamp) values (null, ?, ?, ?, ?, ?, ?)
2020-01-29 20:56:09.797  INFO 17952 --- [    Test worker] o.s.t.c.transaction.TransactionContext   : Rolled back transaction for test: [DefaultTestContext@226794e3 testClass = PaymentRepositoryTest, testInstance = com.eleks.groupservice.repository.PaymentRepositoryTest@3642f8d3, testMethod = save_SavePaymentToGroup_ShouldBeSavedWithIdAndTimestamp@PaymentRepositoryTest, testException = [null], mergedContextConfiguration = [MergedContextConfiguration@11f9473d testClass = PaymentRepositoryTest, locations = '{}', classes = '{class com.eleks.groupservice.GroupServiceApplication}', contextInitializerClasses = '[]', activeProfiles = '{}', propertySourceLocations = '{}', propertySourceProperties = '{org.springframework.boot.test.autoconfigure.orm.jpa.DataJpaTestContextBootstrapper=true}', contextCustomizers = set[org.springframework.boot.test.autoconfigure.OverrideAutoConfigurationContextCustomizerFactory$DisableAutoConfigurationContextCustomizer@6d0f825d, org.springframework.boot.test.autoconfigure.filter.TypeExcludeFiltersContextCustomizer@351584c0, org.springframework.boot.test.autoconfigure.properties.PropertyMappingContextCustomizer@f82b2eff, org.springframework.boot.test.autoconfigure.web.servlet.WebDriverContextCustomizerFactory$Customizer@25c3944e, [ImportsContextCustomizer@dcc704d key = [org.springframework.boot.autoconfigure.cache.CacheAutoConfiguration, org.springframework.boot.autoconfigure.data.jpa.JpaRepositoriesAutoConfiguration, org.springframework.boot.autoconfigure.flyway.FlywayAutoConfiguration, org.springframework.boot.autoconfigure.jdbc.DataSourceAutoConfiguration, org.springframework.boot.autoconfigure.jdbc.DataSourceTransactionManagerAutoConfiguration, org.springframework.boot.autoconfigure.jdbc.JdbcTemplateAutoConfiguration, org.springframework.boot.autoconfigure.liquibase.LiquibaseAutoConfiguration, org.springframework.boot.autoconfigure.orm.jpa.HibernateJpaAutoConfiguration, org.springframework.boot.autoconfigure.transaction.TransactionAutoConfiguration, org.springframework.boot.test.autoconfigure.jdbc.TestDatabaseAutoConfiguration, org.springframework.boot.test.autoconfigure.orm.jpa.TestEntityManagerAutoConfiguration]], org.springframework.boot.test.context.filter.ExcludeFilterContextCustomizer@b1e0da6, org.springframework.boot.test.json.DuplicateJsonObjectContextCustomizerFactory$DuplicateJsonObjectContextCustomizer@78a5d0fb, org.springframework.boot.test.mock.mockito.MockitoContextCustomizer@0], contextLoader = 'org.springframework.boot.test.context.SpringBootContextLoader', parent = [null]], attributes = map[[empty]]]
]]></system-out>
  <system-err><![CDATA[]]></system-err>
</testsuite>
