<?xml version="1.0" encoding="UTF-8"?>
<testsuite name="com.eleks.groupservice.controller.GroupControllerTest" tests="25" skipped="0" failures="0" errors="0" timestamp="2020-01-29T18:56:05" hostname="WS-LV-CP3577" time="1.238">
  <properties/>
  <testcase name="editGroup_GroupDoesntExist_ReturnNotFoundAndError()" classname="com.eleks.groupservice.controller.GroupControllerTest" time="0.2"/>
  <testcase name="saveGroup_GroupWithLongGroupName_ShouldReturnBadRequestAndError()" classname="com.eleks.groupservice.controller.GroupControllerTest" time="0.047"/>
  <testcase name="saveGroup_GroupWithoutCurrency_ShouldReturnBadRequestAndError()" classname="com.eleks.groupservice.controller.GroupControllerTest" time="0.041"/>
  <testcase name="getGroup_GroupDoesntExist_ReturnNotFoundAndError()" classname="com.eleks.groupservice.controller.GroupControllerTest" time="0.038"/>
  <testcase name="saveGroup_UserServiceError_ShouldReturnServerErrorAndErrorWithMsgFromException()" classname="com.eleks.groupservice.controller.GroupControllerTest" time="0.041"/>
  <testcase name="saveGroup_AllDataIsCorrect_ShouldReturnOkAndModel()" classname="com.eleks.groupservice.controller.GroupControllerTest" time="0.058"/>
  <testcase name="editGroup_GroupWithoutGroupName_ShouldReturnBadRequestAndError()" classname="com.eleks.groupservice.controller.GroupControllerTest" time="0.047"/>
  <testcase name="deleteGroup_GroupDoesntExist_ReturnNotFoundAndError()" classname="com.eleks.groupservice.controller.GroupControllerTest" time="0.035"/>
  <testcase name="saveGroup_GroupWithBlankGroupName_ShouldReturnBadRequestAndError()" classname="com.eleks.groupservice.controller.GroupControllerTest" time="0.04"/>
  <testcase name="getGroupMembersStatus_GroupExistsRequesterIsGroupMember_ReturnListOfStatuses()" classname="com.eleks.groupservice.controller.GroupControllerTest" time="0.038"/>
  <testcase name="editGroup_GroupMembersIdsAreInvalid_ShouldReturnBadRequestAndErrorWithMsgFromException()" classname="com.eleks.groupservice.controller.GroupControllerTest" time="0.044"/>
  <testcase name="deleteGroup_GroupExists_ReturnOk()" classname="com.eleks.groupservice.controller.GroupControllerTest" time="0.043"/>
  <testcase name="editGroup_GroupWithoutCurrency_ShouldReturnBadRequestAndError()" classname="com.eleks.groupservice.controller.GroupControllerTest" time="0.04"/>
  <testcase name="editGroup_GroupWithLongGroupName_ShouldReturnBadRequestAndError()" classname="com.eleks.groupservice.controller.GroupControllerTest" time="0.042"/>
  <testcase name="saveGroup_GroupWithoutGroupName_ShouldReturnBadRequestAndError()" classname="com.eleks.groupservice.controller.GroupControllerTest" time="0.039"/>
  <testcase name="editGroup_UserServiceError_ShouldReturnServerErrorAndErrorWithMsgFromException()" classname="com.eleks.groupservice.controller.GroupControllerTest" time="0.049"/>
  <testcase name="editGroup_GroupWithoutMembers_ShouldReturnBadRequestAndError()" classname="com.eleks.groupservice.controller.GroupControllerTest" time="0.037"/>
  <testcase name="editGroup_GroupWithBlankGroupName_ShouldReturnBadRequestAndError()" classname="com.eleks.groupservice.controller.GroupControllerTest" time="0.045"/>
  <testcase name="saveGroup_GroupWithoutMembers_ShouldReturnBadRequestAndError()" classname="com.eleks.groupservice.controller.GroupControllerTest" time="0.043"/>
  <testcase name="getGroupMembersStatus_GroupExistsButRequesterIsNotAMember_ReturnBadRequestAndError()" classname="com.eleks.groupservice.controller.GroupControllerTest" time="0.037"/>
  <testcase name="getGroup_GettingExistingGroup_ReturnOkAndGroupData()" classname="com.eleks.groupservice.controller.GroupControllerTest" time="0.034"/>
  <testcase name="getGroupMembersStatus_UserServiceError_ReturnServerErrorAndError()" classname="com.eleks.groupservice.controller.GroupControllerTest" time="0.035"/>
  <testcase name="getGroupMembersStatus_GroupDoesntExist_ReturnNotFoundAndError()" classname="com.eleks.groupservice.controller.GroupControllerTest" time="0.036"/>
  <testcase name="editGroup_GroupExists_ReturnOkAndUpdatedData()" classname="com.eleks.groupservice.controller.GroupControllerTest" time="0.046"/>
  <testcase name="saveGroup_GroupMembersIdsAreInvalid_ShouldReturnBadRequestAndErrorWithMsgFromException()" classname="com.eleks.groupservice.controller.GroupControllerTest" time="0.037"/>
  <system-out><![CDATA[2020-01-29 20:56:04.626  INFO 17952 --- [    Test worker] .b.t.a.w.s.WebMvcTestContextBootstrapper : Neither @ContextConfiguration nor @ContextHierarchy found for test class [com.eleks.groupservice.controller.GroupControllerTest], using SpringBootContextLoader
2020-01-29 20:56:04.628  INFO 17952 --- [    Test worker] o.s.t.c.support.AbstractContextLoader    : Could not detect default resource locations for test class [com.eleks.groupservice.controller.GroupControllerTest]: no resource found for suffixes {-context.xml, Context.groovy}.
2020-01-29 20:56:04.628  INFO 17952 --- [    Test worker] t.c.s.AnnotationConfigContextLoaderUtils : Could not detect default configuration classes for test class [com.eleks.groupservice.controller.GroupControllerTest]: GroupControllerTest does not declare any static, non-private, non-final, nested classes annotated with @Configuration.
2020-01-29 20:56:04.663  INFO 17952 --- [    Test worker] .b.t.c.SpringBootTestContextBootstrapper : Found @SpringBootConfiguration com.eleks.groupservice.GroupServiceApplication for test class com.eleks.groupservice.controller.GroupControllerTest
2020-01-29 20:56:04.665  INFO 17952 --- [    Test worker] .b.t.a.w.s.WebMvcTestContextBootstrapper : Loaded default TestExecutionListener class names from location [META-INF/spring.factories]: [org.springframework.security.test.context.support.WithSecurityContextTestExecutionListener, org.springframework.security.test.context.support.ReactorContextTestExecutionListener, org.springframework.boot.test.autoconfigure.restdocs.RestDocsTestExecutionListener, org.springframework.boot.test.autoconfigure.web.client.MockRestServiceServerResetTestExecutionListener, org.springframework.boot.test.autoconfigure.web.servlet.MockMvcPrintOnlyOnFailureTestExecutionListener, org.springframework.boot.test.autoconfigure.web.servlet.WebDriverTestExecutionListener, org.springframework.boot.test.mock.mockito.MockitoTestExecutionListener, org.springframework.boot.test.mock.mockito.ResetMocksTestExecutionListener, org.springframework.test.context.web.ServletTestExecutionListener, org.springframework.test.context.support.DirtiesContextBeforeModesTestExecutionListener, org.springframework.test.context.support.DependencyInjectionTestExecutionListener, org.springframework.test.context.support.DirtiesContextTestExecutionListener, org.springframework.test.context.transaction.TransactionalTestExecutionListener, org.springframework.test.context.jdbc.SqlScriptsTestExecutionListener, org.springframework.test.context.event.EventPublishingTestExecutionListener]
2020-01-29 20:56:04.668  INFO 17952 --- [    Test worker] .b.t.a.w.s.WebMvcTestContextBootstrapper : Using TestExecutionListeners: [org.springframework.test.context.web.ServletTestExecutionListener@d97c344, org.springframework.test.context.support.DirtiesContextBeforeModesTestExecutionListener@11c6d098, org.springframework.boot.test.mock.mockito.MockitoTestExecutionListener@508bdbce, org.springframework.boot.test.autoconfigure.SpringBootDependencyInjectionTestExecutionListener@24e9d92b, org.springframework.test.context.support.DirtiesContextTestExecutionListener@17d7b311, org.springframework.test.context.transaction.TransactionalTestExecutionListener@3032f363, org.springframework.test.context.jdbc.SqlScriptsTestExecutionListener@3ee90b00, org.springframework.security.test.context.support.WithSecurityContextTestExecutionListener@54a3bd77, org.springframework.test.context.event.EventPublishingTestExecutionListener@7ec6d3c9, org.springframework.security.test.context.support.ReactorContextTestExecutionListener@59c88e99, org.springframework.boot.test.autoconfigure.restdocs.RestDocsTestExecutionListener@2f8f3fab, org.springframework.boot.test.autoconfigure.web.client.MockRestServiceServerResetTestExecutionListener@660e6728, org.springframework.boot.test.autoconfigure.web.servlet.MockMvcPrintOnlyOnFailureTestExecutionListener@2e9ea8bb, org.springframework.boot.test.autoconfigure.web.servlet.WebDriverTestExecutionListener@333f47b7, org.springframework.boot.test.mock.mockito.ResetMocksTestExecutionListener@659b441c]

  .   ____          _            __ _ _
 /\\ / ___'_ __ _ _(_)_ __  __ _ \ \ \ \
( ( )\___ | '_ | '_| | '_ \/ _` | \ \ \ \
 \\/  ___)| |_)| | | | | || (_| |  ) ) ) )
  '  |____| .__|_| |_|_| |_\__, | / / / /
 =========|_|==============|___/=/_/_/_/
 :: Spring Boot ::        (v2.2.2.RELEASE)

2020-01-29 20:56:04.749  INFO 17952 --- [    Test worker] c.e.g.controller.GroupControllerTest     : Starting GroupControllerTest on WS-LV-CP3577 with PID 17952 (started by nazarii.liutyi in C:\Development\America Projects\liutyi-payment-splitter-master\GroupService)
2020-01-29 20:56:04.751  INFO 17952 --- [    Test worker] c.e.g.controller.GroupControllerTest     : No active profile set, falling back to default profiles: default
2020-01-29 20:56:05.309  INFO 17952 --- [    Test worker] o.s.s.concurrent.ThreadPoolTaskExecutor  : Initializing ExecutorService 'applicationTaskExecutor'
2020-01-29 20:56:05.560  INFO 17952 --- [    Test worker] .s.s.UserDetailsServiceAutoConfiguration : 

Using generated security password: 4c74bbfc-8589-4bf5-8ca7-4026f0da29e6

2020-01-29 20:56:05.745  INFO 17952 --- [    Test worker] o.s.s.web.DefaultSecurityFilterChain     : Creating filter chain: any request, [org.springframework.security.web.context.request.async.WebAsyncManagerIntegrationFilter@35b50293, org.springframework.security.web.context.SecurityContextPersistenceFilter@3b5eef0f, org.springframework.security.web.header.HeaderWriterFilter@3b7fc112, org.springframework.security.web.csrf.CsrfFilter@1879d766, org.springframework.security.web.authentication.logout.LogoutFilter@6d1898a8, org.springframework.security.web.authentication.UsernamePasswordAuthenticationFilter@b0cba94, org.springframework.security.web.authentication.ui.DefaultLoginPageGeneratingFilter@1d0aabde, org.springframework.security.web.authentication.ui.DefaultLogoutPageGeneratingFilter@4290f91, org.springframework.security.web.authentication.www.BasicAuthenticationFilter@3532af8, org.springframework.security.web.savedrequest.RequestCacheAwareFilter@9cec3d3, org.springframework.security.web.servletapi.SecurityContextHolderAwareRequestFilter@4c7cf4a9, org.springframework.security.web.authentication.AnonymousAuthenticationFilter@1eb7f106, org.springframework.security.web.session.SessionManagementFilter@2c6fb909, org.springframework.security.web.access.ExceptionTranslationFilter@6debe92e, org.springframework.security.web.access.intercept.FilterSecurityInterceptor@1bb26e11]
2020-01-29 20:56:05.800  INFO 17952 --- [    Test worker] o.s.b.t.m.w.SpringBootMockServletContext : Initializing Spring TestDispatcherServlet ''
2020-01-29 20:56:05.800  INFO 17952 --- [    Test worker] o.s.t.web.servlet.TestDispatcherServlet  : Initializing Servlet ''
2020-01-29 20:56:05.820  INFO 17952 --- [    Test worker] o.s.t.web.servlet.TestDispatcherServlet  : Completed initialization in 20 ms
2020-01-29 20:56:05.839  INFO 17952 --- [    Test worker] c.e.g.controller.GroupControllerTest     : Started GroupControllerTest in 1.158 seconds (JVM running for 13.41)
2020-01-29 20:56:05.885  INFO 17952 --- [    Test worker] o.s.mock.web.MockServletContext          : Initializing Spring TestDispatcherServlet ''
2020-01-29 20:56:05.885  INFO 17952 --- [    Test worker] o.s.t.web.servlet.TestDispatcherServlet  : Initializing Servlet ''
2020-01-29 20:56:05.885  INFO 17952 --- [    Test worker] o.s.t.web.servlet.TestDispatcherServlet  : Completed initialization in 0 ms
2020-01-29 20:56:06.067  INFO 17952 --- [    Test worker] o.s.mock.web.MockServletContext          : Initializing Spring TestDispatcherServlet ''
2020-01-29 20:56:06.067  INFO 17952 --- [    Test worker] o.s.t.web.servlet.TestDispatcherServlet  : Initializing Servlet ''
2020-01-29 20:56:06.067  INFO 17952 --- [    Test worker] o.s.t.web.servlet.TestDispatcherServlet  : Completed initialization in 0 ms
{"statusCode":400,"messages":["groupName length should be between 1 and 50"],"timestamp":"20:56:06 29-01-2020"}
2020-01-29 20:56:06.122  INFO 17952 --- [    Test worker] o.s.mock.web.MockServletContext          : Initializing Spring TestDispatcherServlet ''
2020-01-29 20:56:06.122  INFO 17952 --- [    Test worker] o.s.t.web.servlet.TestDispatcherServlet  : Initializing Servlet ''
2020-01-29 20:56:06.122  INFO 17952 --- [    Test worker] o.s.t.web.servlet.TestDispatcherServlet  : Completed initialization in 0 ms
{"statusCode":400,"messages":["currency is required"],"timestamp":"20:56:06 29-01-2020"}
2020-01-29 20:56:06.164  INFO 17952 --- [    Test worker] o.s.mock.web.MockServletContext          : Initializing Spring TestDispatcherServlet ''
2020-01-29 20:56:06.164  INFO 17952 --- [    Test worker] o.s.t.web.servlet.TestDispatcherServlet  : Initializing Servlet ''
2020-01-29 20:56:06.165  INFO 17952 --- [    Test worker] o.s.t.web.servlet.TestDispatcherServlet  : Completed initialization in 1 ms
2020-01-29 20:56:06.199  INFO 17952 --- [    Test worker] o.s.mock.web.MockServletContext          : Initializing Spring TestDispatcherServlet ''
2020-01-29 20:56:06.199  INFO 17952 --- [    Test worker] o.s.t.web.servlet.TestDispatcherServlet  : Initializing Servlet ''
2020-01-29 20:56:06.200  INFO 17952 --- [    Test worker] o.s.t.web.servlet.TestDispatcherServlet  : Completed initialization in 1 ms
{"statusCode":500,"messages":["msg"],"timestamp":"20:56:06 29-01-2020"}
2020-01-29 20:56:06.243  INFO 17952 --- [    Test worker] o.s.mock.web.MockServletContext          : Initializing Spring TestDispatcherServlet ''
2020-01-29 20:56:06.243  INFO 17952 --- [    Test worker] o.s.t.web.servlet.TestDispatcherServlet  : Initializing Servlet ''
2020-01-29 20:56:06.243  INFO 17952 --- [    Test worker] o.s.t.web.servlet.TestDispatcherServlet  : Completed initialization in 0 ms
2020-01-29 20:56:06.309  INFO 17952 --- [    Test worker] o.s.mock.web.MockServletContext          : Initializing Spring TestDispatcherServlet ''
2020-01-29 20:56:06.309  INFO 17952 --- [    Test worker] o.s.t.web.servlet.TestDispatcherServlet  : Initializing Servlet ''
2020-01-29 20:56:06.310  INFO 17952 --- [    Test worker] o.s.t.web.servlet.TestDispatcherServlet  : Completed initialization in 1 ms
2020-01-29 20:56:06.353  INFO 17952 --- [    Test worker] o.s.mock.web.MockServletContext          : Initializing Spring TestDispatcherServlet ''
2020-01-29 20:56:06.353  INFO 17952 --- [    Test worker] o.s.t.web.servlet.TestDispatcherServlet  : Initializing Servlet ''
2020-01-29 20:56:06.354  INFO 17952 --- [    Test worker] o.s.t.web.servlet.TestDispatcherServlet  : Completed initialization in 1 ms
2020-01-29 20:56:06.390  INFO 17952 --- [    Test worker] o.s.mock.web.MockServletContext          : Initializing Spring TestDispatcherServlet ''
2020-01-29 20:56:06.390  INFO 17952 --- [    Test worker] o.s.t.web.servlet.TestDispatcherServlet  : Initializing Servlet ''
2020-01-29 20:56:06.390  INFO 17952 --- [    Test worker] o.s.t.web.servlet.TestDispatcherServlet  : Completed initialization in 0 ms
{"statusCode":400,"messages":["groupName length should be between 1 and 50"],"timestamp":"20:56:06 29-01-2020"}
2020-01-29 20:56:06.433  INFO 17952 --- [    Test worker] o.s.mock.web.MockServletContext          : Initializing Spring TestDispatcherServlet ''
2020-01-29 20:56:06.433  INFO 17952 --- [    Test worker] o.s.t.web.servlet.TestDispatcherServlet  : Initializing Servlet ''
2020-01-29 20:56:06.433  INFO 17952 --- [    Test worker] o.s.t.web.servlet.TestDispatcherServlet  : Completed initialization in 0 ms
2020-01-29 20:56:06.474  INFO 17952 --- [    Test worker] o.s.mock.web.MockServletContext          : Initializing Spring TestDispatcherServlet ''
2020-01-29 20:56:06.474  INFO 17952 --- [    Test worker] o.s.t.web.servlet.TestDispatcherServlet  : Initializing Servlet ''
2020-01-29 20:56:06.474  INFO 17952 --- [    Test worker] o.s.t.web.servlet.TestDispatcherServlet  : Completed initialization in 0 ms
2020-01-29 20:56:06.522  INFO 17952 --- [    Test worker] o.s.mock.web.MockServletContext          : Initializing Spring TestDispatcherServlet ''
2020-01-29 20:56:06.522  INFO 17952 --- [    Test worker] o.s.t.web.servlet.TestDispatcherServlet  : Initializing Servlet ''
2020-01-29 20:56:06.522  INFO 17952 --- [    Test worker] o.s.t.web.servlet.TestDispatcherServlet  : Completed initialization in 0 ms
2020-01-29 20:56:06.562  INFO 17952 --- [    Test worker] o.s.mock.web.MockServletContext          : Initializing Spring TestDispatcherServlet ''
2020-01-29 20:56:06.563  INFO 17952 --- [    Test worker] o.s.t.web.servlet.TestDispatcherServlet  : Initializing Servlet ''
2020-01-29 20:56:06.563  INFO 17952 --- [    Test worker] o.s.t.web.servlet.TestDispatcherServlet  : Completed initialization in 0 ms
2020-01-29 20:56:06.609  INFO 17952 --- [    Test worker] o.s.mock.web.MockServletContext          : Initializing Spring TestDispatcherServlet ''
2020-01-29 20:56:06.609  INFO 17952 --- [    Test worker] o.s.t.web.servlet.TestDispatcherServlet  : Initializing Servlet ''
2020-01-29 20:56:06.610  INFO 17952 --- [    Test worker] o.s.t.web.servlet.TestDispatcherServlet  : Completed initialization in 1 ms
2020-01-29 20:56:06.651  INFO 17952 --- [    Test worker] o.s.mock.web.MockServletContext          : Initializing Spring TestDispatcherServlet ''
2020-01-29 20:56:06.651  INFO 17952 --- [    Test worker] o.s.t.web.servlet.TestDispatcherServlet  : Initializing Servlet ''
2020-01-29 20:56:06.652  INFO 17952 --- [    Test worker] o.s.t.web.servlet.TestDispatcherServlet  : Completed initialization in 0 ms
{"statusCode":400,"messages":["groupName is required"],"timestamp":"20:56:06 29-01-2020"}
2020-01-29 20:56:06.702  INFO 17952 --- [    Test worker] o.s.mock.web.MockServletContext          : Initializing Spring TestDispatcherServlet ''
2020-01-29 20:56:06.703  INFO 17952 --- [    Test worker] o.s.t.web.servlet.TestDispatcherServlet  : Initializing Servlet ''
2020-01-29 20:56:06.703  INFO 17952 --- [    Test worker] o.s.t.web.servlet.TestDispatcherServlet  : Completed initialization in 0 ms
2020-01-29 20:56:06.742  INFO 17952 --- [    Test worker] o.s.mock.web.MockServletContext          : Initializing Spring TestDispatcherServlet ''
2020-01-29 20:56:06.742  INFO 17952 --- [    Test worker] o.s.t.web.servlet.TestDispatcherServlet  : Initializing Servlet ''
2020-01-29 20:56:06.742  INFO 17952 --- [    Test worker] o.s.t.web.servlet.TestDispatcherServlet  : Completed initialization in 0 ms
2020-01-29 20:56:06.785  INFO 17952 --- [    Test worker] o.s.mock.web.MockServletContext          : Initializing Spring TestDispatcherServlet ''
2020-01-29 20:56:06.785  INFO 17952 --- [    Test worker] o.s.t.web.servlet.TestDispatcherServlet  : Initializing Servlet ''
2020-01-29 20:56:06.786  INFO 17952 --- [    Test worker] o.s.t.web.servlet.TestDispatcherServlet  : Completed initialization in 1 ms
2020-01-29 20:56:06.832  INFO 17952 --- [    Test worker] o.s.mock.web.MockServletContext          : Initializing Spring TestDispatcherServlet ''
2020-01-29 20:56:06.832  INFO 17952 --- [    Test worker] o.s.t.web.servlet.TestDispatcherServlet  : Initializing Servlet ''
2020-01-29 20:56:06.832  INFO 17952 --- [    Test worker] o.s.t.web.servlet.TestDispatcherServlet  : Completed initialization in 0 ms
{"statusCode":400,"messages":["members is required"],"timestamp":"20:56:06 29-01-2020"}
2020-01-29 20:56:06.877  INFO 17952 --- [    Test worker] o.s.mock.web.MockServletContext          : Initializing Spring TestDispatcherServlet ''
2020-01-29 20:56:06.877  INFO 17952 --- [    Test worker] o.s.t.web.servlet.TestDispatcherServlet  : Initializing Servlet ''
2020-01-29 20:56:06.877  INFO 17952 --- [    Test worker] o.s.t.web.servlet.TestDispatcherServlet  : Completed initialization in 0 ms
2020-01-29 20:56:06.912  INFO 17952 --- [    Test worker] o.s.mock.web.MockServletContext          : Initializing Spring TestDispatcherServlet ''
2020-01-29 20:56:06.912  INFO 17952 --- [    Test worker] o.s.t.web.servlet.TestDispatcherServlet  : Initializing Servlet ''
2020-01-29 20:56:06.912  INFO 17952 --- [    Test worker] o.s.t.web.servlet.TestDispatcherServlet  : Completed initialization in 0 ms
2020-01-29 20:56:06.948  INFO 17952 --- [    Test worker] o.s.mock.web.MockServletContext          : Initializing Spring TestDispatcherServlet ''
2020-01-29 20:56:06.949  INFO 17952 --- [    Test worker] o.s.t.web.servlet.TestDispatcherServlet  : Initializing Servlet ''
2020-01-29 20:56:06.949  INFO 17952 --- [    Test worker] o.s.t.web.servlet.TestDispatcherServlet  : Completed initialization in 0 ms
2020-01-29 20:56:06.986  INFO 17952 --- [    Test worker] o.s.mock.web.MockServletContext          : Initializing Spring TestDispatcherServlet ''
2020-01-29 20:56:06.986  INFO 17952 --- [    Test worker] o.s.t.web.servlet.TestDispatcherServlet  : Initializing Servlet ''
2020-01-29 20:56:06.986  INFO 17952 --- [    Test worker] o.s.t.web.servlet.TestDispatcherServlet  : Completed initialization in 0 ms
2020-01-29 20:56:07.026  INFO 17952 --- [    Test worker] o.s.mock.web.MockServletContext          : Initializing Spring TestDispatcherServlet ''
2020-01-29 20:56:07.026  INFO 17952 --- [    Test worker] o.s.t.web.servlet.TestDispatcherServlet  : Initializing Servlet ''
2020-01-29 20:56:07.026  INFO 17952 --- [    Test worker] o.s.t.web.servlet.TestDispatcherServlet  : Completed initialization in 0 ms
2020-01-29 20:56:07.067  INFO 17952 --- [    Test worker] o.s.mock.web.MockServletContext          : Initializing Spring TestDispatcherServlet ''
2020-01-29 20:56:07.068  INFO 17952 --- [    Test worker] o.s.t.web.servlet.TestDispatcherServlet  : Initializing Servlet ''
2020-01-29 20:56:07.068  INFO 17952 --- [    Test worker] o.s.t.web.servlet.TestDispatcherServlet  : Completed initialization in 0 ms
{"statusCode":400,"messages":["msg"],"timestamp":"20:56:07 29-01-2020"}
]]></system-out>
  <system-err><![CDATA[]]></system-err>
</testsuite>
