<?xml version="1.0" encoding="UTF-8"?>
<testsuite name="com.eleks.groupservice.controller.PaymentControllerTest" tests="17" skipped="0" failures="0" errors="0" timestamp="2020-02-02T14:27:25" hostname="furious" time="1.341">
  <properties/>
  <testcase name="getPayments_GroupExistsPaymentsDontExist_ReturnOkAndEmptyList()" classname="com.eleks.groupservice.controller.PaymentControllerTest" time="0.041"/>
  <testcase name="createPayment_PaymentWithBlankDescription_ShouldReturnBadRequestAndError()" classname="com.eleks.groupservice.controller.PaymentControllerTest" time="0.076"/>
  <testcase name="createPayment_PaymentWithZeroPrice_ShouldReturnBadRequestAndError()" classname="com.eleks.groupservice.controller.PaymentControllerTest" time="0.037"/>
  <testcase name="getPayment_GettingExistingPayment_ReturnOkAndPaymentData()" classname="com.eleks.groupservice.controller.PaymentControllerTest" time="0.06"/>
  <testcase name="deletePayment_GroupOrPaymentDontExist_ReturnNotFoundAndError()" classname="com.eleks.groupservice.controller.PaymentControllerTest" time="0.035"/>
  <testcase name="createPayment_PaymentWithTooLongDescription_ShouldReturnBadRequestAndError()" classname="com.eleks.groupservice.controller.PaymentControllerTest" time="0.14"/>
  <testcase name="createPayment_PaymentWithoutDescription_ShouldReturnBadRequestAndError()" classname="com.eleks.groupservice.controller.PaymentControllerTest" time="0.089"/>
  <testcase name="getPayment_PaymentDoesntExist_ReturnNotFoundAndError()" classname="com.eleks.groupservice.controller.PaymentControllerTest" time="0.071"/>
  <testcase name="getPayments_GroupExistsPaymentsExist_ReturnOkListOfPayments()" classname="com.eleks.groupservice.controller.PaymentControllerTest" time="0.183"/>
  <testcase name="createPayment_PaymentWithoutPrice_ShouldReturnBadRequestAndError()" classname="com.eleks.groupservice.controller.PaymentControllerTest" time="0.131"/>
  <testcase name="createPayment_CoPayersIdsAreInvalid_ShouldReturnBadRequestAndErrorWithMsgFromUsersIdsValidationException()" classname="com.eleks.groupservice.controller.PaymentControllerTest" time="0.054"/>
  <testcase name="createPayment_PaymentWithNegativePrice_ShouldReturnBadRequestAndError()" classname="com.eleks.groupservice.controller.PaymentControllerTest" time="0.139"/>
  <testcase name="createPayment_GroupDoesntExist_ShouldReturnNotFoundAndErrorWithMsgFromResourceNotFoundException()" classname="com.eleks.groupservice.controller.PaymentControllerTest" time="0.057"/>
  <testcase name="createPayment_PaymentWithoutCoPayers_ShouldReturnBadRequestAndError()" classname="com.eleks.groupservice.controller.PaymentControllerTest" time="0.056"/>
  <testcase name="deletePayment_GroupAndPaymentExist_ReturnOk()" classname="com.eleks.groupservice.controller.PaymentControllerTest" time="0.032"/>
  <testcase name="getPayments_GroupDoesntExist_ReturnNotFoundAndError()" classname="com.eleks.groupservice.controller.PaymentControllerTest" time="0.04"/>
  <testcase name="createPayment_AllDataIsSet_ReturnOkAndSavedPayment()" classname="com.eleks.groupservice.controller.PaymentControllerTest" time="0.042"/>
  <system-out><![CDATA[2020-02-02 16:27:23.240  INFO 19868 --- [    Test worker] .b.t.a.w.s.WebMvcTestContextBootstrapper : Neither @ContextConfiguration nor @ContextHierarchy found for test class [com.eleks.groupservice.controller.PaymentControllerTest], using SpringBootContextLoader
2020-02-02 16:27:23.243  INFO 19868 --- [    Test worker] o.s.t.c.support.AbstractContextLoader    : Could not detect default resource locations for test class [com.eleks.groupservice.controller.PaymentControllerTest]: no resource found for suffixes {-context.xml, Context.groovy}.
2020-02-02 16:27:23.243  INFO 19868 --- [    Test worker] t.c.s.AnnotationConfigContextLoaderUtils : Could not detect default configuration classes for test class [com.eleks.groupservice.controller.PaymentControllerTest]: PaymentControllerTest does not declare any static, non-private, non-final, nested classes annotated with @Configuration.
2020-02-02 16:27:23.253  INFO 19868 --- [    Test worker] .b.t.c.SpringBootTestContextBootstrapper : Found @SpringBootConfiguration com.eleks.groupservice.GroupServiceApplication for test class com.eleks.groupservice.controller.PaymentControllerTest
2020-02-02 16:27:23.254  INFO 19868 --- [    Test worker] .b.t.a.w.s.WebMvcTestContextBootstrapper : Loaded default TestExecutionListener class names from location [META-INF/spring.factories]: [org.springframework.security.test.context.support.WithSecurityContextTestExecutionListener, org.springframework.security.test.context.support.ReactorContextTestExecutionListener, org.springframework.boot.test.autoconfigure.restdocs.RestDocsTestExecutionListener, org.springframework.boot.test.autoconfigure.web.client.MockRestServiceServerResetTestExecutionListener, org.springframework.boot.test.autoconfigure.web.servlet.MockMvcPrintOnlyOnFailureTestExecutionListener, org.springframework.boot.test.autoconfigure.web.servlet.WebDriverTestExecutionListener, org.springframework.boot.test.mock.mockito.MockitoTestExecutionListener, org.springframework.boot.test.mock.mockito.ResetMocksTestExecutionListener, org.springframework.test.context.web.ServletTestExecutionListener, org.springframework.test.context.support.DirtiesContextBeforeModesTestExecutionListener, org.springframework.test.context.support.DependencyInjectionTestExecutionListener, org.springframework.test.context.support.DirtiesContextTestExecutionListener, org.springframework.test.context.transaction.TransactionalTestExecutionListener, org.springframework.test.context.jdbc.SqlScriptsTestExecutionListener, org.springframework.test.context.event.EventPublishingTestExecutionListener]
2020-02-02 16:27:23.258  INFO 19868 --- [    Test worker] .b.t.a.w.s.WebMvcTestContextBootstrapper : Using TestExecutionListeners: [org.springframework.test.context.web.ServletTestExecutionListener@79a92faf, org.springframework.test.context.support.DirtiesContextBeforeModesTestExecutionListener@1327a00a, org.springframework.boot.test.mock.mockito.MockitoTestExecutionListener@2dd37520, org.springframework.boot.test.autoconfigure.SpringBootDependencyInjectionTestExecutionListener@3bb65880, org.springframework.test.context.support.DirtiesContextTestExecutionListener@b52cc0e, org.springframework.test.context.transaction.TransactionalTestExecutionListener@255b0a9e, org.springframework.test.context.jdbc.SqlScriptsTestExecutionListener@13971160, org.springframework.security.test.context.support.WithSecurityContextTestExecutionListener@1aec39ca, org.springframework.test.context.event.EventPublishingTestExecutionListener@7c3b425, org.springframework.security.test.context.support.ReactorContextTestExecutionListener@7ab141b9, org.springframework.boot.test.autoconfigure.restdocs.RestDocsTestExecutionListener@5106439e, org.springframework.boot.test.autoconfigure.web.client.MockRestServiceServerResetTestExecutionListener@2a5f121d, org.springframework.boot.test.autoconfigure.web.servlet.MockMvcPrintOnlyOnFailureTestExecutionListener@3027f9ef, org.springframework.boot.test.autoconfigure.web.servlet.WebDriverTestExecutionListener@406bdadb, org.springframework.boot.test.mock.mockito.ResetMocksTestExecutionListener@23927bfb]

  .   ____          _            __ _ _
 /\\ / ___'_ __ _ _(_)_ __  __ _ \ \ \ \
( ( )\___ | '_ | '_| | '_ \/ _` | \ \ \ \
 \\/  ___)| |_)| | | | | || (_| |  ) ) ) )
  '  |____| .__|_| |_|_| |_\__, | / / / /
 =========|_|==============|___/=/_/_/_/
 :: Spring Boot ::        (v2.2.2.RELEASE)

2020-02-02 16:27:23.353  INFO 19868 --- [    Test worker] c.e.g.controller.PaymentControllerTest   : Starting PaymentControllerTest on furious with PID 19868 (started by liuty in C:\Users\liuty\IdeaProjects\liutyi-payment-splitter-master\GroupService)
2020-02-02 16:27:23.353  INFO 19868 --- [    Test worker] c.e.g.controller.PaymentControllerTest   : No active profile set, falling back to default profiles: default
2020-02-02 16:27:24.453  INFO 19868 --- [    Test worker] o.s.s.concurrent.ThreadPoolTaskExecutor  : Initializing ExecutorService 'applicationTaskExecutor'
2020-02-02 16:27:24.988  INFO 19868 --- [    Test worker] .s.s.UserDetailsServiceAutoConfiguration : 

Using generated security password: 901dc220-9ec2-402e-855d-5b00d0ddb9ae

2020-02-02 16:27:25.353  INFO 19868 --- [    Test worker] o.s.s.web.DefaultSecurityFilterChain     : Creating filter chain: any request, [org.springframework.security.web.context.request.async.WebAsyncManagerIntegrationFilter@d87fdc1, org.springframework.security.web.context.SecurityContextPersistenceFilter@48bb1c62, org.springframework.security.web.header.HeaderWriterFilter@6e03df51, org.springframework.security.web.csrf.CsrfFilter@7dc5cb9f, org.springframework.security.web.authentication.logout.LogoutFilter@fc0bb67, org.springframework.security.web.authentication.UsernamePasswordAuthenticationFilter@573aec05, org.springframework.security.web.authentication.ui.DefaultLoginPageGeneratingFilter@70c7365, org.springframework.security.web.authentication.ui.DefaultLogoutPageGeneratingFilter@e2499f9, org.springframework.security.web.authentication.www.BasicAuthenticationFilter@80cc8d8, org.springframework.security.web.savedrequest.RequestCacheAwareFilter@614f3a67, org.springframework.security.web.servletapi.SecurityContextHolderAwareRequestFilter@11469848, org.springframework.security.web.authentication.AnonymousAuthenticationFilter@e7e16fc, org.springframework.security.web.session.SessionManagementFilter@1b71a5a0, org.springframework.security.web.access.ExceptionTranslationFilter@5e4ee270, org.springframework.security.web.access.intercept.FilterSecurityInterceptor@724e2dcd]
2020-02-02 16:27:25.399  INFO 19868 --- [    Test worker] o.s.b.t.m.w.SpringBootMockServletContext : Initializing Spring TestDispatcherServlet ''
2020-02-02 16:27:25.399  INFO 19868 --- [    Test worker] o.s.t.web.servlet.TestDispatcherServlet  : Initializing Servlet ''
2020-02-02 16:27:25.418  INFO 19868 --- [    Test worker] o.s.t.web.servlet.TestDispatcherServlet  : Completed initialization in 19 ms
2020-02-02 16:27:25.449  INFO 19868 --- [    Test worker] c.e.g.controller.PaymentControllerTest   : Started PaymentControllerTest in 2.185 seconds (JVM running for 35.158)
2020-02-02 16:27:25.481  INFO 19868 --- [    Test worker] o.s.mock.web.MockServletContext          : Initializing Spring TestDispatcherServlet ''
2020-02-02 16:27:25.482  INFO 19868 --- [    Test worker] o.s.t.web.servlet.TestDispatcherServlet  : Initializing Servlet ''
2020-02-02 16:27:25.483  INFO 19868 --- [    Test worker] o.s.t.web.servlet.TestDispatcherServlet  : Completed initialization in 0 ms
2020-02-02 16:27:25.551  INFO 19868 --- [    Test worker] o.s.mock.web.MockServletContext          : Initializing Spring TestDispatcherServlet ''
2020-02-02 16:27:25.551  INFO 19868 --- [    Test worker] o.s.t.web.servlet.TestDispatcherServlet  : Initializing Servlet ''
2020-02-02 16:27:25.551  INFO 19868 --- [    Test worker] o.s.t.web.servlet.TestDispatcherServlet  : Completed initialization in 0 ms
2020-02-02 16:27:25.602  INFO 19868 --- [    Test worker] o.s.mock.web.MockServletContext          : Initializing Spring TestDispatcherServlet ''
2020-02-02 16:27:25.602  INFO 19868 --- [    Test worker] o.s.t.web.servlet.TestDispatcherServlet  : Initializing Servlet ''
2020-02-02 16:27:25.602  INFO 19868 --- [    Test worker] o.s.t.web.servlet.TestDispatcherServlet  : Completed initialization in 0 ms
2020-02-02 16:27:25.658  INFO 19868 --- [    Test worker] o.s.mock.web.MockServletContext          : Initializing Spring TestDispatcherServlet ''
2020-02-02 16:27:25.658  INFO 19868 --- [    Test worker] o.s.t.web.servlet.TestDispatcherServlet  : Initializing Servlet ''
2020-02-02 16:27:25.659  INFO 19868 --- [    Test worker] o.s.t.web.servlet.TestDispatcherServlet  : Completed initialization in 0 ms
2020-02-02 16:27:25.710  INFO 19868 --- [    Test worker] o.s.mock.web.MockServletContext          : Initializing Spring TestDispatcherServlet ''
2020-02-02 16:27:25.710  INFO 19868 --- [    Test worker] o.s.t.web.servlet.TestDispatcherServlet  : Initializing Servlet ''
2020-02-02 16:27:25.710  INFO 19868 --- [    Test worker] o.s.t.web.servlet.TestDispatcherServlet  : Completed initialization in 0 ms
2020-02-02 16:27:25.834  INFO 19868 --- [    Test worker] o.s.mock.web.MockServletContext          : Initializing Spring TestDispatcherServlet ''
2020-02-02 16:27:25.836  INFO 19868 --- [    Test worker] o.s.t.web.servlet.TestDispatcherServlet  : Initializing Servlet ''
2020-02-02 16:27:25.837  INFO 19868 --- [    Test worker] o.s.t.web.servlet.TestDispatcherServlet  : Completed initialization in 0 ms
2020-02-02 16:27:25.901  INFO 19868 --- [    Test worker] o.s.mock.web.MockServletContext          : Initializing Spring TestDispatcherServlet ''
2020-02-02 16:27:25.902  INFO 19868 --- [    Test worker] o.s.t.web.servlet.TestDispatcherServlet  : Initializing Servlet ''
2020-02-02 16:27:25.902  INFO 19868 --- [    Test worker] o.s.t.web.servlet.TestDispatcherServlet  : Completed initialization in 0 ms
2020-02-02 16:27:25.985  INFO 19868 --- [    Test worker] o.s.mock.web.MockServletContext          : Initializing Spring TestDispatcherServlet ''
2020-02-02 16:27:25.985  INFO 19868 --- [    Test worker] o.s.t.web.servlet.TestDispatcherServlet  : Initializing Servlet ''
2020-02-02 16:27:25.985  INFO 19868 --- [    Test worker] o.s.t.web.servlet.TestDispatcherServlet  : Completed initialization in 0 ms
2020-02-02 16:27:26.210  INFO 19868 --- [    Test worker] o.s.mock.web.MockServletContext          : Initializing Spring TestDispatcherServlet ''
2020-02-02 16:27:26.210  INFO 19868 --- [    Test worker] o.s.t.web.servlet.TestDispatcherServlet  : Initializing Servlet ''
2020-02-02 16:27:26.210  INFO 19868 --- [    Test worker] o.s.t.web.servlet.TestDispatcherServlet  : Completed initialization in 0 ms
2020-02-02 16:27:26.333  INFO 19868 --- [    Test worker] o.s.mock.web.MockServletContext          : Initializing Spring TestDispatcherServlet ''
2020-02-02 16:27:26.334  INFO 19868 --- [    Test worker] o.s.t.web.servlet.TestDispatcherServlet  : Initializing Servlet ''
2020-02-02 16:27:26.335  INFO 19868 --- [    Test worker] o.s.t.web.servlet.TestDispatcherServlet  : Completed initialization in 0 ms
2020-02-02 16:27:26.404  INFO 19868 --- [    Test worker] o.s.mock.web.MockServletContext          : Initializing Spring TestDispatcherServlet ''
2020-02-02 16:27:26.404  INFO 19868 --- [    Test worker] o.s.t.web.servlet.TestDispatcherServlet  : Initializing Servlet ''
2020-02-02 16:27:26.405  INFO 19868 --- [    Test worker] o.s.t.web.servlet.TestDispatcherServlet  : Completed initialization in 1 ms
2020-02-02 16:27:26.467  INFO 19868 --- [    Test worker] o.s.mock.web.MockServletContext          : Initializing Spring TestDispatcherServlet ''
2020-02-02 16:27:26.468  INFO 19868 --- [    Test worker] o.s.t.web.servlet.TestDispatcherServlet  : Initializing Servlet ''
2020-02-02 16:27:26.479  INFO 19868 --- [    Test worker] o.s.t.web.servlet.TestDispatcherServlet  : Completed initialization in 0 ms
2020-02-02 16:27:26.603  INFO 19868 --- [    Test worker] o.s.mock.web.MockServletContext          : Initializing Spring TestDispatcherServlet ''
2020-02-02 16:27:26.603  INFO 19868 --- [    Test worker] o.s.t.web.servlet.TestDispatcherServlet  : Initializing Servlet ''
2020-02-02 16:27:26.603  INFO 19868 --- [    Test worker] o.s.t.web.servlet.TestDispatcherServlet  : Completed initialization in 0 ms
2020-02-02 16:27:26.660  INFO 19868 --- [    Test worker] o.s.mock.web.MockServletContext          : Initializing Spring TestDispatcherServlet ''
2020-02-02 16:27:26.660  INFO 19868 --- [    Test worker] o.s.t.web.servlet.TestDispatcherServlet  : Initializing Servlet ''
2020-02-02 16:27:26.660  INFO 19868 --- [    Test worker] o.s.t.web.servlet.TestDispatcherServlet  : Completed initialization in 0 ms
2020-02-02 16:27:26.706  INFO 19868 --- [    Test worker] o.s.mock.web.MockServletContext          : Initializing Spring TestDispatcherServlet ''
2020-02-02 16:27:26.707  INFO 19868 --- [    Test worker] o.s.t.web.servlet.TestDispatcherServlet  : Initializing Servlet ''
2020-02-02 16:27:26.707  INFO 19868 --- [    Test worker] o.s.t.web.servlet.TestDispatcherServlet  : Completed initialization in 0 ms
2020-02-02 16:27:26.743  INFO 19868 --- [    Test worker] o.s.mock.web.MockServletContext          : Initializing Spring TestDispatcherServlet ''
2020-02-02 16:27:26.744  INFO 19868 --- [    Test worker] o.s.t.web.servlet.TestDispatcherServlet  : Initializing Servlet ''
2020-02-02 16:27:26.744  INFO 19868 --- [    Test worker] o.s.t.web.servlet.TestDispatcherServlet  : Completed initialization in 0 ms
2020-02-02 16:27:26.778  INFO 19868 --- [    Test worker] o.s.mock.web.MockServletContext          : Initializing Spring TestDispatcherServlet ''
2020-02-02 16:27:26.780  INFO 19868 --- [    Test worker] o.s.t.web.servlet.TestDispatcherServlet  : Initializing Servlet ''
2020-02-02 16:27:26.780  INFO 19868 --- [    Test worker] o.s.t.web.servlet.TestDispatcherServlet  : Completed initialization in 0 ms
]]></system-out>
  <system-err><![CDATA[]]></system-err>
</testsuite>
