<?xml version="1.0" encoding="UTF-8"?>
<testsuite name="com.eleks.groupservice.mapper.PaymentMapperTest" tests="2" skipped="0" failures="0" errors="0" timestamp="2020-02-02T14:27:26" hostname="furious" time="0.009">
  <properties/>
  <testcase name="toDto()" classname="com.eleks.groupservice.mapper.PaymentMapperTest" time="0.004"/>
  <testcase name="toEntity()" classname="com.eleks.groupservice.mapper.PaymentMapperTest" time="0.002"/>
  <system-out><![CDATA[]]></system-out>
  <system-err><![CDATA[]]></system-err>
</testsuite>
