<?xml version="1.0" encoding="UTF-8"?>
<testsuite name="com.eleks.groupservice.mapper.GroupMapperTest" tests="4" skipped="0" failures="0" errors="0" timestamp="2020-01-29T18:56:08" hostname="WS-LV-CP3577" time="0.007">
  <properties/>
  <testcase name="toDto_NotNullEntity_ReturnDto()" classname="com.eleks.groupservice.mapper.GroupMapperTest" time="0.004"/>
  <testcase name="toEntity_NotNullDto_ReturnEntity()" classname="com.eleks.groupservice.mapper.GroupMapperTest" time="0.001"/>
  <testcase name="toEntity_NullDto_ReturnNull()" classname="com.eleks.groupservice.mapper.GroupMapperTest" time="0.0"/>
  <testcase name="toDto_NullEntity_ReturnNull()" classname="com.eleks.groupservice.mapper.GroupMapperTest" time="0.0"/>
  <system-out><![CDATA[]]></system-out>
  <system-err><![CDATA[]]></system-err>
</testsuite>
