<?xml version="1.0" encoding="UTF-8"?>
<testsuite name="com.eleks.groupservice.repository.PaymentRepositoryTest" tests="7" skipped="0" failures="0" errors="0" timestamp="2020-02-02T14:27:29" hostname="furious" time="0.736">
  <properties/>
  <testcase name="findAll_UsersExist_ReturnUsers()" classname="com.eleks.groupservice.repository.PaymentRepositoryTest" time="0.506"/>
  <testcase name="deleteById_DeleteExistingPayment_ShouldBeDeleted()" classname="com.eleks.groupservice.repository.PaymentRepositoryTest" time="0.062"/>
  <testcase name="findAll_UsersDontExist_ReturnEmptyList()" classname="com.eleks.groupservice.repository.PaymentRepositoryTest" time="0.017"/>
  <testcase name="findById_PaymentDoesntExist_ShouldReturnNothing()" classname="com.eleks.groupservice.repository.PaymentRepositoryTest" time="0.011"/>
  <testcase name="findById_GroupAndPaymentExists_ShouldReturnRightModel()" classname="com.eleks.groupservice.repository.PaymentRepositoryTest" time="0.037"/>
  <testcase name="deleteById_DeleteNonExistingPayment_ShouldThrowEmptyResultDataAccessException()" classname="com.eleks.groupservice.repository.PaymentRepositoryTest" time="0.026"/>
  <testcase name="save_SavePaymentToGroup_ShouldBeSavedWithIdAndTimestamp()" classname="com.eleks.groupservice.repository.PaymentRepositoryTest" time="0.043"/>
  <system-out><![CDATA[2020-02-02 16:27:29.245  INFO 19868 --- [    Test worker] b.t.a.o.j.DataJpaTestContextBootstrapper : Neither @ContextConfiguration nor @ContextHierarchy found for test class [com.eleks.groupservice.repository.PaymentRepositoryTest], using SpringBootContextLoader
2020-02-02 16:27:29.247  INFO 19868 --- [    Test worker] o.s.t.c.support.AbstractContextLoader    : Could not detect default resource locations for test class [com.eleks.groupservice.repository.PaymentRepositoryTest]: no resource found for suffixes {-context.xml, Context.groovy}.
2020-02-02 16:27:29.248  INFO 19868 --- [    Test worker] t.c.s.AnnotationConfigContextLoaderUtils : Could not detect default configuration classes for test class [com.eleks.groupservice.repository.PaymentRepositoryTest]: PaymentRepositoryTest does not declare any static, non-private, non-final, nested classes annotated with @Configuration.
2020-02-02 16:27:29.264  INFO 19868 --- [    Test worker] .b.t.c.SpringBootTestContextBootstrapper : Found @SpringBootConfiguration com.eleks.groupservice.GroupServiceApplication for test class com.eleks.groupservice.repository.PaymentRepositoryTest
2020-02-02 16:27:29.266  INFO 19868 --- [    Test worker] b.t.a.o.j.DataJpaTestContextBootstrapper : Loaded default TestExecutionListener class names from location [META-INF/spring.factories]: [org.springframework.security.test.context.support.WithSecurityContextTestExecutionListener, org.springframework.security.test.context.support.ReactorContextTestExecutionListener, org.springframework.boot.test.autoconfigure.restdocs.RestDocsTestExecutionListener, org.springframework.boot.test.autoconfigure.web.client.MockRestServiceServerResetTestExecutionListener, org.springframework.boot.test.autoconfigure.web.servlet.MockMvcPrintOnlyOnFailureTestExecutionListener, org.springframework.boot.test.autoconfigure.web.servlet.WebDriverTestExecutionListener, org.springframework.boot.test.mock.mockito.MockitoTestExecutionListener, org.springframework.boot.test.mock.mockito.ResetMocksTestExecutionListener, org.springframework.test.context.web.ServletTestExecutionListener, org.springframework.test.context.support.DirtiesContextBeforeModesTestExecutionListener, org.springframework.test.context.support.DependencyInjectionTestExecutionListener, org.springframework.test.context.support.DirtiesContextTestExecutionListener, org.springframework.test.context.transaction.TransactionalTestExecutionListener, org.springframework.test.context.jdbc.SqlScriptsTestExecutionListener, org.springframework.test.context.event.EventPublishingTestExecutionListener]
2020-02-02 16:27:29.272  INFO 19868 --- [    Test worker] b.t.a.o.j.DataJpaTestContextBootstrapper : Using TestExecutionListeners: [org.springframework.test.context.web.ServletTestExecutionListener@164d3060, org.springframework.test.context.support.DirtiesContextBeforeModesTestExecutionListener@5f8151ad, org.springframework.boot.test.mock.mockito.MockitoTestExecutionListener@28e7823a, org.springframework.boot.test.autoconfigure.SpringBootDependencyInjectionTestExecutionListener@633bdc15, org.springframework.test.context.support.DirtiesContextTestExecutionListener@1c0a2e22, org.springframework.test.context.transaction.TransactionalTestExecutionListener@49530837, org.springframework.test.context.jdbc.SqlScriptsTestExecutionListener@5d31b575, org.springframework.security.test.context.support.WithSecurityContextTestExecutionListener@605711b2, org.springframework.test.context.event.EventPublishingTestExecutionListener@2de148a4, org.springframework.security.test.context.support.ReactorContextTestExecutionListener@7ca2ef9f, org.springframework.boot.test.autoconfigure.restdocs.RestDocsTestExecutionListener@2ce86763, org.springframework.boot.test.autoconfigure.web.client.MockRestServiceServerResetTestExecutionListener@746a29cd, org.springframework.boot.test.autoconfigure.web.servlet.MockMvcPrintOnlyOnFailureTestExecutionListener@53e9fb8c, org.springframework.boot.test.autoconfigure.web.servlet.WebDriverTestExecutionListener@385c2879, org.springframework.boot.test.mock.mockito.ResetMocksTestExecutionListener@5760936e]
2020-02-02 16:27:29.297  INFO 19868 --- [    Test worker] o.s.t.c.transaction.TransactionContext   : Began transaction (1) for test context [DefaultTestContext@64a6a079 testClass = PaymentRepositoryTest, testInstance = com.eleks.groupservice.repository.PaymentRepositoryTest@195a216f, testMethod = findAll_UsersExist_ReturnUsers@PaymentRepositoryTest, testException = [null], mergedContextConfiguration = [MergedContextConfiguration@355c7c65 testClass = PaymentRepositoryTest, locations = '{}', classes = '{class com.eleks.groupservice.GroupServiceApplication}', contextInitializerClasses = '[]', activeProfiles = '{}', propertySourceLocations = '{}', propertySourceProperties = '{org.springframework.boot.test.autoconfigure.orm.jpa.DataJpaTestContextBootstrapper=true}', contextCustomizers = set[org.springframework.boot.test.autoconfigure.OverrideAutoConfigurationContextCustomizerFactory$DisableAutoConfigurationContextCustomizer@36348cae, org.springframework.boot.test.autoconfigure.filter.TypeExcludeFiltersContextCustomizer@351584c0, org.springframework.boot.test.autoconfigure.properties.PropertyMappingContextCustomizer@2862c16d, org.springframework.boot.test.autoconfigure.web.servlet.WebDriverContextCustomizerFactory$Customizer@3337936d, [ImportsContextCustomizer@77e082cd key = [org.springframework.boot.autoconfigure.cache.CacheAutoConfiguration, org.springframework.boot.autoconfigure.data.jpa.JpaRepositoriesAutoConfiguration, org.springframework.boot.autoconfigure.flyway.FlywayAutoConfiguration, org.springframework.boot.autoconfigure.jdbc.DataSourceAutoConfiguration, org.springframework.boot.autoconfigure.jdbc.DataSourceTransactionManagerAutoConfiguration, org.springframework.boot.autoconfigure.jdbc.JdbcTemplateAutoConfiguration, org.springframework.boot.autoconfigure.liquibase.LiquibaseAutoConfiguration, org.springframework.boot.autoconfigure.orm.jpa.HibernateJpaAutoConfiguration, org.springframework.boot.autoconfigure.transaction.TransactionAutoConfiguration, org.springframework.boot.test.autoconfigure.jdbc.TestDatabaseAutoConfiguration, org.springframework.boot.test.autoconfigure.orm.jpa.TestEntityManagerAutoConfiguration]], org.springframework.boot.test.context.filter.ExcludeFilterContextCustomizer@e49b20c, org.springframework.boot.test.json.DuplicateJsonObjectContextCustomizerFactory$DuplicateJsonObjectContextCustomizer@2c210581, org.springframework.boot.test.mock.mockito.MockitoContextCustomizer@0], contextLoader = 'org.springframework.boot.test.context.SpringBootContextLoader', parent = [null]], attributes = map[[empty]]]; transaction manager [org.springframework.orm.jpa.JpaTransactionManager@18feeca0]; rollback [true]
Hibernate: select payment0_.id as id1_0_, payment0_.co_payers as co_payer2_0_, payment0_.creator_id as creator_3_0_, payment0_.group_id as group_id7_0_, payment0_.payment_description as payment_4_0_, payment0_.price as price5_0_, payment0_.timestamp as timestam6_0_ from payment payment0_
Hibernate: select group0_.id as id1_1_0_, group0_.currency as currency2_1_0_, group0_.group_name as group_na3_1_0_, group0_.members as members4_1_0_, payments1_.group_id as group_id7_0_1_, payments1_.id as id1_0_1_, payments1_.id as id1_0_2_, payments1_.co_payers as co_payer2_0_2_, payments1_.creator_id as creator_3_0_2_, payments1_.group_id as group_id7_0_2_, payments1_.payment_description as payment_4_0_2_, payments1_.price as price5_0_2_, payments1_.timestamp as timestam6_0_2_ from user_group group0_ left outer join payment payments1_ on group0_.id=payments1_.group_id where group0_.id=?
2020-02-02 16:27:29.779  INFO 19868 --- [    Test worker] o.s.t.c.transaction.TransactionContext   : Rolled back transaction for test: [DefaultTestContext@64a6a079 testClass = PaymentRepositoryTest, testInstance = com.eleks.groupservice.repository.PaymentRepositoryTest@195a216f, testMethod = findAll_UsersExist_ReturnUsers@PaymentRepositoryTest, testException = [null], mergedContextConfiguration = [MergedContextConfiguration@355c7c65 testClass = PaymentRepositoryTest, locations = '{}', classes = '{class com.eleks.groupservice.GroupServiceApplication}', contextInitializerClasses = '[]', activeProfiles = '{}', propertySourceLocations = '{}', propertySourceProperties = '{org.springframework.boot.test.autoconfigure.orm.jpa.DataJpaTestContextBootstrapper=true}', contextCustomizers = set[org.springframework.boot.test.autoconfigure.OverrideAutoConfigurationContextCustomizerFactory$DisableAutoConfigurationContextCustomizer@36348cae, org.springframework.boot.test.autoconfigure.filter.TypeExcludeFiltersContextCustomizer@351584c0, org.springframework.boot.test.autoconfigure.properties.PropertyMappingContextCustomizer@2862c16d, org.springframework.boot.test.autoconfigure.web.servlet.WebDriverContextCustomizerFactory$Customizer@3337936d, [ImportsContextCustomizer@77e082cd key = [org.springframework.boot.autoconfigure.cache.CacheAutoConfiguration, org.springframework.boot.autoconfigure.data.jpa.JpaRepositoriesAutoConfiguration, org.springframework.boot.autoconfigure.flyway.FlywayAutoConfiguration, org.springframework.boot.autoconfigure.jdbc.DataSourceAutoConfiguration, org.springframework.boot.autoconfigure.jdbc.DataSourceTransactionManagerAutoConfiguration, org.springframework.boot.autoconfigure.jdbc.JdbcTemplateAutoConfiguration, org.springframework.boot.autoconfigure.liquibase.LiquibaseAutoConfiguration, org.springframework.boot.autoconfigure.orm.jpa.HibernateJpaAutoConfiguration, org.springframework.boot.autoconfigure.transaction.TransactionAutoConfiguration, org.springframework.boot.test.autoconfigure.jdbc.TestDatabaseAutoConfiguration, org.springframework.boot.test.autoconfigure.orm.jpa.TestEntityManagerAutoConfiguration]], org.springframework.boot.test.context.filter.ExcludeFilterContextCustomizer@e49b20c, org.springframework.boot.test.json.DuplicateJsonObjectContextCustomizerFactory$DuplicateJsonObjectContextCustomizer@2c210581, org.springframework.boot.test.mock.mockito.MockitoContextCustomizer@0], contextLoader = 'org.springframework.boot.test.context.SpringBootContextLoader', parent = [null]], attributes = map[[empty]]]
2020-02-02 16:27:29.812  INFO 19868 --- [    Test worker] o.s.t.c.transaction.TransactionContext   : Began transaction (1) for test context [DefaultTestContext@64a6a079 testClass = PaymentRepositoryTest, testInstance = com.eleks.groupservice.repository.PaymentRepositoryTest@24766080, testMethod = deleteById_DeleteExistingPayment_ShouldBeDeleted@PaymentRepositoryTest, testException = [null], mergedContextConfiguration = [MergedContextConfiguration@355c7c65 testClass = PaymentRepositoryTest, locations = '{}', classes = '{class com.eleks.groupservice.GroupServiceApplication}', contextInitializerClasses = '[]', activeProfiles = '{}', propertySourceLocations = '{}', propertySourceProperties = '{org.springframework.boot.test.autoconfigure.orm.jpa.DataJpaTestContextBootstrapper=true}', contextCustomizers = set[org.springframework.boot.test.autoconfigure.OverrideAutoConfigurationContextCustomizerFactory$DisableAutoConfigurationContextCustomizer@36348cae, org.springframework.boot.test.autoconfigure.filter.TypeExcludeFiltersContextCustomizer@351584c0, org.springframework.boot.test.autoconfigure.properties.PropertyMappingContextCustomizer@2862c16d, org.springframework.boot.test.autoconfigure.web.servlet.WebDriverContextCustomizerFactory$Customizer@3337936d, [ImportsContextCustomizer@77e082cd key = [org.springframework.boot.autoconfigure.cache.CacheAutoConfiguration, org.springframework.boot.autoconfigure.data.jpa.JpaRepositoriesAutoConfiguration, org.springframework.boot.autoconfigure.flyway.FlywayAutoConfiguration, org.springframework.boot.autoconfigure.jdbc.DataSourceAutoConfiguration, org.springframework.boot.autoconfigure.jdbc.DataSourceTransactionManagerAutoConfiguration, org.springframework.boot.autoconfigure.jdbc.JdbcTemplateAutoConfiguration, org.springframework.boot.autoconfigure.liquibase.LiquibaseAutoConfiguration, org.springframework.boot.autoconfigure.orm.jpa.HibernateJpaAutoConfiguration, org.springframework.boot.autoconfigure.transaction.TransactionAutoConfiguration, org.springframework.boot.test.autoconfigure.jdbc.TestDatabaseAutoConfiguration, org.springframework.boot.test.autoconfigure.orm.jpa.TestEntityManagerAutoConfiguration]], org.springframework.boot.test.context.filter.ExcludeFilterContextCustomizer@e49b20c, org.springframework.boot.test.json.DuplicateJsonObjectContextCustomizerFactory$DuplicateJsonObjectContextCustomizer@2c210581, org.springframework.boot.test.mock.mockito.MockitoContextCustomizer@0], contextLoader = 'org.springframework.boot.test.context.SpringBootContextLoader', parent = [null]], attributes = map[[empty]]]; transaction manager [org.springframework.orm.jpa.JpaTransactionManager@18feeca0]; rollback [true]
Hibernate: select payment0_.id as id1_0_0_, payment0_.co_payers as co_payer2_0_0_, payment0_.creator_id as creator_3_0_0_, payment0_.group_id as group_id7_0_0_, payment0_.payment_description as payment_4_0_0_, payment0_.price as price5_0_0_, payment0_.timestamp as timestam6_0_0_, group1_.id as id1_1_1_, group1_.currency as currency2_1_1_, group1_.group_name as group_na3_1_1_, group1_.members as members4_1_1_ from payment payment0_ left outer join user_group group1_ on payment0_.group_id=group1_.id where payment0_.id=?
Hibernate: select payments0_.group_id as group_id7_0_0_, payments0_.id as id1_0_0_, payments0_.id as id1_0_1_, payments0_.co_payers as co_payer2_0_1_, payments0_.creator_id as creator_3_0_1_, payments0_.group_id as group_id7_0_1_, payments0_.payment_description as payment_4_0_1_, payments0_.price as price5_0_1_, payments0_.timestamp as timestam6_0_1_ from payment payments0_ where payments0_.group_id=?
2020-02-02 16:27:29.865  INFO 19868 --- [    Test worker] o.s.t.c.transaction.TransactionContext   : Rolled back transaction for test: [DefaultTestContext@64a6a079 testClass = PaymentRepositoryTest, testInstance = com.eleks.groupservice.repository.PaymentRepositoryTest@24766080, testMethod = deleteById_DeleteExistingPayment_ShouldBeDeleted@PaymentRepositoryTest, testException = [null], mergedContextConfiguration = [MergedContextConfiguration@355c7c65 testClass = PaymentRepositoryTest, locations = '{}', classes = '{class com.eleks.groupservice.GroupServiceApplication}', contextInitializerClasses = '[]', activeProfiles = '{}', propertySourceLocations = '{}', propertySourceProperties = '{org.springframework.boot.test.autoconfigure.orm.jpa.DataJpaTestContextBootstrapper=true}', contextCustomizers = set[org.springframework.boot.test.autoconfigure.OverrideAutoConfigurationContextCustomizerFactory$DisableAutoConfigurationContextCustomizer@36348cae, org.springframework.boot.test.autoconfigure.filter.TypeExcludeFiltersContextCustomizer@351584c0, org.springframework.boot.test.autoconfigure.properties.PropertyMappingContextCustomizer@2862c16d, org.springframework.boot.test.autoconfigure.web.servlet.WebDriverContextCustomizerFactory$Customizer@3337936d, [ImportsContextCustomizer@77e082cd key = [org.springframework.boot.autoconfigure.cache.CacheAutoConfiguration, org.springframework.boot.autoconfigure.data.jpa.JpaRepositoriesAutoConfiguration, org.springframework.boot.autoconfigure.flyway.FlywayAutoConfiguration, org.springframework.boot.autoconfigure.jdbc.DataSourceAutoConfiguration, org.springframework.boot.autoconfigure.jdbc.DataSourceTransactionManagerAutoConfiguration, org.springframework.boot.autoconfigure.jdbc.JdbcTemplateAutoConfiguration, org.springframework.boot.autoconfigure.liquibase.LiquibaseAutoConfiguration, org.springframework.boot.autoconfigure.orm.jpa.HibernateJpaAutoConfiguration, org.springframework.boot.autoconfigure.transaction.TransactionAutoConfiguration, org.springframework.boot.test.autoconfigure.jdbc.TestDatabaseAutoConfiguration, org.springframework.boot.test.autoconfigure.orm.jpa.TestEntityManagerAutoConfiguration]], org.springframework.boot.test.context.filter.ExcludeFilterContextCustomizer@e49b20c, org.springframework.boot.test.json.DuplicateJsonObjectContextCustomizerFactory$DuplicateJsonObjectContextCustomizer@2c210581, org.springframework.boot.test.mock.mockito.MockitoContextCustomizer@0], contextLoader = 'org.springframework.boot.test.context.SpringBootContextLoader', parent = [null]], attributes = map[[empty]]]
2020-02-02 16:27:29.876  INFO 19868 --- [    Test worker] o.s.t.c.transaction.TransactionContext   : Began transaction (1) for test context [DefaultTestContext@64a6a079 testClass = PaymentRepositoryTest, testInstance = com.eleks.groupservice.repository.PaymentRepositoryTest@2ebd5cc1, testMethod = findAll_UsersDontExist_ReturnEmptyList@PaymentRepositoryTest, testException = [null], mergedContextConfiguration = [MergedContextConfiguration@355c7c65 testClass = PaymentRepositoryTest, locations = '{}', classes = '{class com.eleks.groupservice.GroupServiceApplication}', contextInitializerClasses = '[]', activeProfiles = '{}', propertySourceLocations = '{}', propertySourceProperties = '{org.springframework.boot.test.autoconfigure.orm.jpa.DataJpaTestContextBootstrapper=true}', contextCustomizers = set[org.springframework.boot.test.autoconfigure.OverrideAutoConfigurationContextCustomizerFactory$DisableAutoConfigurationContextCustomizer@36348cae, org.springframework.boot.test.autoconfigure.filter.TypeExcludeFiltersContextCustomizer@351584c0, org.springframework.boot.test.autoconfigure.properties.PropertyMappingContextCustomizer@2862c16d, org.springframework.boot.test.autoconfigure.web.servlet.WebDriverContextCustomizerFactory$Customizer@3337936d, [ImportsContextCustomizer@77e082cd key = [org.springframework.boot.autoconfigure.cache.CacheAutoConfiguration, org.springframework.boot.autoconfigure.data.jpa.JpaRepositoriesAutoConfiguration, org.springframework.boot.autoconfigure.flyway.FlywayAutoConfiguration, org.springframework.boot.autoconfigure.jdbc.DataSourceAutoConfiguration, org.springframework.boot.autoconfigure.jdbc.DataSourceTransactionManagerAutoConfiguration, org.springframework.boot.autoconfigure.jdbc.JdbcTemplateAutoConfiguration, org.springframework.boot.autoconfigure.liquibase.LiquibaseAutoConfiguration, org.springframework.boot.autoconfigure.orm.jpa.HibernateJpaAutoConfiguration, org.springframework.boot.autoconfigure.transaction.TransactionAutoConfiguration, org.springframework.boot.test.autoconfigure.jdbc.TestDatabaseAutoConfiguration, org.springframework.boot.test.autoconfigure.orm.jpa.TestEntityManagerAutoConfiguration]], org.springframework.boot.test.context.filter.ExcludeFilterContextCustomizer@e49b20c, org.springframework.boot.test.json.DuplicateJsonObjectContextCustomizerFactory$DuplicateJsonObjectContextCustomizer@2c210581, org.springframework.boot.test.mock.mockito.MockitoContextCustomizer@0], contextLoader = 'org.springframework.boot.test.context.SpringBootContextLoader', parent = [null]], attributes = map[[empty]]]; transaction manager [org.springframework.orm.jpa.JpaTransactionManager@18feeca0]; rollback [true]
Hibernate: select payment0_.id as id1_0_, payment0_.co_payers as co_payer2_0_, payment0_.creator_id as creator_3_0_, payment0_.group_id as group_id7_0_, payment0_.payment_description as payment_4_0_, payment0_.price as price5_0_, payment0_.timestamp as timestam6_0_ from payment payment0_
2020-02-02 16:27:29.890  INFO 19868 --- [    Test worker] o.s.t.c.transaction.TransactionContext   : Rolled back transaction for test: [DefaultTestContext@64a6a079 testClass = PaymentRepositoryTest, testInstance = com.eleks.groupservice.repository.PaymentRepositoryTest@2ebd5cc1, testMethod = findAll_UsersDontExist_ReturnEmptyList@PaymentRepositoryTest, testException = [null], mergedContextConfiguration = [MergedContextConfiguration@355c7c65 testClass = PaymentRepositoryTest, locations = '{}', classes = '{class com.eleks.groupservice.GroupServiceApplication}', contextInitializerClasses = '[]', activeProfiles = '{}', propertySourceLocations = '{}', propertySourceProperties = '{org.springframework.boot.test.autoconfigure.orm.jpa.DataJpaTestContextBootstrapper=true}', contextCustomizers = set[org.springframework.boot.test.autoconfigure.OverrideAutoConfigurationContextCustomizerFactory$DisableAutoConfigurationContextCustomizer@36348cae, org.springframework.boot.test.autoconfigure.filter.TypeExcludeFiltersContextCustomizer@351584c0, org.springframework.boot.test.autoconfigure.properties.PropertyMappingContextCustomizer@2862c16d, org.springframework.boot.test.autoconfigure.web.servlet.WebDriverContextCustomizerFactory$Customizer@3337936d, [ImportsContextCustomizer@77e082cd key = [org.springframework.boot.autoconfigure.cache.CacheAutoConfiguration, org.springframework.boot.autoconfigure.data.jpa.JpaRepositoriesAutoConfiguration, org.springframework.boot.autoconfigure.flyway.FlywayAutoConfiguration, org.springframework.boot.autoconfigure.jdbc.DataSourceAutoConfiguration, org.springframework.boot.autoconfigure.jdbc.DataSourceTransactionManagerAutoConfiguration, org.springframework.boot.autoconfigure.jdbc.JdbcTemplateAutoConfiguration, org.springframework.boot.autoconfigure.liquibase.LiquibaseAutoConfiguration, org.springframework.boot.autoconfigure.orm.jpa.HibernateJpaAutoConfiguration, org.springframework.boot.autoconfigure.transaction.TransactionAutoConfiguration, org.springframework.boot.test.autoconfigure.jdbc.TestDatabaseAutoConfiguration, org.springframework.boot.test.autoconfigure.orm.jpa.TestEntityManagerAutoConfiguration]], org.springframework.boot.test.context.filter.ExcludeFilterContextCustomizer@e49b20c, org.springframework.boot.test.json.DuplicateJsonObjectContextCustomizerFactory$DuplicateJsonObjectContextCustomizer@2c210581, org.springframework.boot.test.mock.mockito.MockitoContextCustomizer@0], contextLoader = 'org.springframework.boot.test.context.SpringBootContextLoader', parent = [null]], attributes = map[[empty]]]
2020-02-02 16:27:29.893  INFO 19868 --- [    Test worker] o.s.t.c.transaction.TransactionContext   : Began transaction (1) for test context [DefaultTestContext@64a6a079 testClass = PaymentRepositoryTest, testInstance = com.eleks.groupservice.repository.PaymentRepositoryTest@2e791b8f, testMethod = findById_PaymentDoesntExist_ShouldReturnNothing@PaymentRepositoryTest, testException = [null], mergedContextConfiguration = [MergedContextConfiguration@355c7c65 testClass = PaymentRepositoryTest, locations = '{}', classes = '{class com.eleks.groupservice.GroupServiceApplication}', contextInitializerClasses = '[]', activeProfiles = '{}', propertySourceLocations = '{}', propertySourceProperties = '{org.springframework.boot.test.autoconfigure.orm.jpa.DataJpaTestContextBootstrapper=true}', contextCustomizers = set[org.springframework.boot.test.autoconfigure.OverrideAutoConfigurationContextCustomizerFactory$DisableAutoConfigurationContextCustomizer@36348cae, org.springframework.boot.test.autoconfigure.filter.TypeExcludeFiltersContextCustomizer@351584c0, org.springframework.boot.test.autoconfigure.properties.PropertyMappingContextCustomizer@2862c16d, org.springframework.boot.test.autoconfigure.web.servlet.WebDriverContextCustomizerFactory$Customizer@3337936d, [ImportsContextCustomizer@77e082cd key = [org.springframework.boot.autoconfigure.cache.CacheAutoConfiguration, org.springframework.boot.autoconfigure.data.jpa.JpaRepositoriesAutoConfiguration, org.springframework.boot.autoconfigure.flyway.FlywayAutoConfiguration, org.springframework.boot.autoconfigure.jdbc.DataSourceAutoConfiguration, org.springframework.boot.autoconfigure.jdbc.DataSourceTransactionManagerAutoConfiguration, org.springframework.boot.autoconfigure.jdbc.JdbcTemplateAutoConfiguration, org.springframework.boot.autoconfigure.liquibase.LiquibaseAutoConfiguration, org.springframework.boot.autoconfigure.orm.jpa.HibernateJpaAutoConfiguration, org.springframework.boot.autoconfigure.transaction.TransactionAutoConfiguration, org.springframework.boot.test.autoconfigure.jdbc.TestDatabaseAutoConfiguration, org.springframework.boot.test.autoconfigure.orm.jpa.TestEntityManagerAutoConfiguration]], org.springframework.boot.test.context.filter.ExcludeFilterContextCustomizer@e49b20c, org.springframework.boot.test.json.DuplicateJsonObjectContextCustomizerFactory$DuplicateJsonObjectContextCustomizer@2c210581, org.springframework.boot.test.mock.mockito.MockitoContextCustomizer@0], contextLoader = 'org.springframework.boot.test.context.SpringBootContextLoader', parent = [null]], attributes = map[[empty]]]; transaction manager [org.springframework.orm.jpa.JpaTransactionManager@18feeca0]; rollback [true]
Hibernate: select payment0_.id as id1_0_0_, payment0_.co_payers as co_payer2_0_0_, payment0_.creator_id as creator_3_0_0_, payment0_.group_id as group_id7_0_0_, payment0_.payment_description as payment_4_0_0_, payment0_.price as price5_0_0_, payment0_.timestamp as timestam6_0_0_, group1_.id as id1_1_1_, group1_.currency as currency2_1_1_, group1_.group_name as group_na3_1_1_, group1_.members as members4_1_1_ from payment payment0_ left outer join user_group group1_ on payment0_.group_id=group1_.id where payment0_.id=?
2020-02-02 16:27:29.902  INFO 19868 --- [    Test worker] o.s.t.c.transaction.TransactionContext   : Rolled back transaction for test: [DefaultTestContext@64a6a079 testClass = PaymentRepositoryTest, testInstance = com.eleks.groupservice.repository.PaymentRepositoryTest@2e791b8f, testMethod = findById_PaymentDoesntExist_ShouldReturnNothing@PaymentRepositoryTest, testException = [null], mergedContextConfiguration = [MergedContextConfiguration@355c7c65 testClass = PaymentRepositoryTest, locations = '{}', classes = '{class com.eleks.groupservice.GroupServiceApplication}', contextInitializerClasses = '[]', activeProfiles = '{}', propertySourceLocations = '{}', propertySourceProperties = '{org.springframework.boot.test.autoconfigure.orm.jpa.DataJpaTestContextBootstrapper=true}', contextCustomizers = set[org.springframework.boot.test.autoconfigure.OverrideAutoConfigurationContextCustomizerFactory$DisableAutoConfigurationContextCustomizer@36348cae, org.springframework.boot.test.autoconfigure.filter.TypeExcludeFiltersContextCustomizer@351584c0, org.springframework.boot.test.autoconfigure.properties.PropertyMappingContextCustomizer@2862c16d, org.springframework.boot.test.autoconfigure.web.servlet.WebDriverContextCustomizerFactory$Customizer@3337936d, [ImportsContextCustomizer@77e082cd key = [org.springframework.boot.autoconfigure.cache.CacheAutoConfiguration, org.springframework.boot.autoconfigure.data.jpa.JpaRepositoriesAutoConfiguration, org.springframework.boot.autoconfigure.flyway.FlywayAutoConfiguration, org.springframework.boot.autoconfigure.jdbc.DataSourceAutoConfiguration, org.springframework.boot.autoconfigure.jdbc.DataSourceTransactionManagerAutoConfiguration, org.springframework.boot.autoconfigure.jdbc.JdbcTemplateAutoConfiguration, org.springframework.boot.autoconfigure.liquibase.LiquibaseAutoConfiguration, org.springframework.boot.autoconfigure.orm.jpa.HibernateJpaAutoConfiguration, org.springframework.boot.autoconfigure.transaction.TransactionAutoConfiguration, org.springframework.boot.test.autoconfigure.jdbc.TestDatabaseAutoConfiguration, org.springframework.boot.test.autoconfigure.orm.jpa.TestEntityManagerAutoConfiguration]], org.springframework.boot.test.context.filter.ExcludeFilterContextCustomizer@e49b20c, org.springframework.boot.test.json.DuplicateJsonObjectContextCustomizerFactory$DuplicateJsonObjectContextCustomizer@2c210581, org.springframework.boot.test.mock.mockito.MockitoContextCustomizer@0], contextLoader = 'org.springframework.boot.test.context.SpringBootContextLoader', parent = [null]], attributes = map[[empty]]]
2020-02-02 16:27:29.911  INFO 19868 --- [    Test worker] o.s.t.c.transaction.TransactionContext   : Began transaction (1) for test context [DefaultTestContext@64a6a079 testClass = PaymentRepositoryTest, testInstance = com.eleks.groupservice.repository.PaymentRepositoryTest@4962f8a2, testMethod = findById_GroupAndPaymentExists_ShouldReturnRightModel@PaymentRepositoryTest, testException = [null], mergedContextConfiguration = [MergedContextConfiguration@355c7c65 testClass = PaymentRepositoryTest, locations = '{}', classes = '{class com.eleks.groupservice.GroupServiceApplication}', contextInitializerClasses = '[]', activeProfiles = '{}', propertySourceLocations = '{}', propertySourceProperties = '{org.springframework.boot.test.autoconfigure.orm.jpa.DataJpaTestContextBootstrapper=true}', contextCustomizers = set[org.springframework.boot.test.autoconfigure.OverrideAutoConfigurationContextCustomizerFactory$DisableAutoConfigurationContextCustomizer@36348cae, org.springframework.boot.test.autoconfigure.filter.TypeExcludeFiltersContextCustomizer@351584c0, org.springframework.boot.test.autoconfigure.properties.PropertyMappingContextCustomizer@2862c16d, org.springframework.boot.test.autoconfigure.web.servlet.WebDriverContextCustomizerFactory$Customizer@3337936d, [ImportsContextCustomizer@77e082cd key = [org.springframework.boot.autoconfigure.cache.CacheAutoConfiguration, org.springframework.boot.autoconfigure.data.jpa.JpaRepositoriesAutoConfiguration, org.springframework.boot.autoconfigure.flyway.FlywayAutoConfiguration, org.springframework.boot.autoconfigure.jdbc.DataSourceAutoConfiguration, org.springframework.boot.autoconfigure.jdbc.DataSourceTransactionManagerAutoConfiguration, org.springframework.boot.autoconfigure.jdbc.JdbcTemplateAutoConfiguration, org.springframework.boot.autoconfigure.liquibase.LiquibaseAutoConfiguration, org.springframework.boot.autoconfigure.orm.jpa.HibernateJpaAutoConfiguration, org.springframework.boot.autoconfigure.transaction.TransactionAutoConfiguration, org.springframework.boot.test.autoconfigure.jdbc.TestDatabaseAutoConfiguration, org.springframework.boot.test.autoconfigure.orm.jpa.TestEntityManagerAutoConfiguration]], org.springframework.boot.test.context.filter.ExcludeFilterContextCustomizer@e49b20c, org.springframework.boot.test.json.DuplicateJsonObjectContextCustomizerFactory$DuplicateJsonObjectContextCustomizer@2c210581, org.springframework.boot.test.mock.mockito.MockitoContextCustomizer@0], contextLoader = 'org.springframework.boot.test.context.SpringBootContextLoader', parent = [null]], attributes = map[[empty]]]; transaction manager [org.springframework.orm.jpa.JpaTransactionManager@18feeca0]; rollback [true]
Hibernate: select payment0_.id as id1_0_0_, payment0_.co_payers as co_payer2_0_0_, payment0_.creator_id as creator_3_0_0_, payment0_.group_id as group_id7_0_0_, payment0_.payment_description as payment_4_0_0_, payment0_.price as price5_0_0_, payment0_.timestamp as timestam6_0_0_, group1_.id as id1_1_1_, group1_.currency as currency2_1_1_, group1_.group_name as group_na3_1_1_, group1_.members as members4_1_1_ from payment payment0_ left outer join user_group group1_ on payment0_.group_id=group1_.id where payment0_.id=?
Hibernate: select payments0_.group_id as group_id7_0_0_, payments0_.id as id1_0_0_, payments0_.id as id1_0_1_, payments0_.co_payers as co_payer2_0_1_, payments0_.creator_id as creator_3_0_1_, payments0_.group_id as group_id7_0_1_, payments0_.payment_description as payment_4_0_1_, payments0_.price as price5_0_1_, payments0_.timestamp as timestam6_0_1_ from payment payments0_ where payments0_.group_id=?
2020-02-02 16:27:29.945  INFO 19868 --- [    Test worker] o.s.t.c.transaction.TransactionContext   : Rolled back transaction for test: [DefaultTestContext@64a6a079 testClass = PaymentRepositoryTest, testInstance = com.eleks.groupservice.repository.PaymentRepositoryTest@4962f8a2, testMethod = findById_GroupAndPaymentExists_ShouldReturnRightModel@PaymentRepositoryTest, testException = [null], mergedContextConfiguration = [MergedContextConfiguration@355c7c65 testClass = PaymentRepositoryTest, locations = '{}', classes = '{class com.eleks.groupservice.GroupServiceApplication}', contextInitializerClasses = '[]', activeProfiles = '{}', propertySourceLocations = '{}', propertySourceProperties = '{org.springframework.boot.test.autoconfigure.orm.jpa.DataJpaTestContextBootstrapper=true}', contextCustomizers = set[org.springframework.boot.test.autoconfigure.OverrideAutoConfigurationContextCustomizerFactory$DisableAutoConfigurationContextCustomizer@36348cae, org.springframework.boot.test.autoconfigure.filter.TypeExcludeFiltersContextCustomizer@351584c0, org.springframework.boot.test.autoconfigure.properties.PropertyMappingContextCustomizer@2862c16d, org.springframework.boot.test.autoconfigure.web.servlet.WebDriverContextCustomizerFactory$Customizer@3337936d, [ImportsContextCustomizer@77e082cd key = [org.springframework.boot.autoconfigure.cache.CacheAutoConfiguration, org.springframework.boot.autoconfigure.data.jpa.JpaRepositoriesAutoConfiguration, org.springframework.boot.autoconfigure.flyway.FlywayAutoConfiguration, org.springframework.boot.autoconfigure.jdbc.DataSourceAutoConfiguration, org.springframework.boot.autoconfigure.jdbc.DataSourceTransactionManagerAutoConfiguration, org.springframework.boot.autoconfigure.jdbc.JdbcTemplateAutoConfiguration, org.springframework.boot.autoconfigure.liquibase.LiquibaseAutoConfiguration, org.springframework.boot.autoconfigure.orm.jpa.HibernateJpaAutoConfiguration, org.springframework.boot.autoconfigure.transaction.TransactionAutoConfiguration, org.springframework.boot.test.autoconfigure.jdbc.TestDatabaseAutoConfiguration, org.springframework.boot.test.autoconfigure.orm.jpa.TestEntityManagerAutoConfiguration]], org.springframework.boot.test.context.filter.ExcludeFilterContextCustomizer@e49b20c, org.springframework.boot.test.json.DuplicateJsonObjectContextCustomizerFactory$DuplicateJsonObjectContextCustomizer@2c210581, org.springframework.boot.test.mock.mockito.MockitoContextCustomizer@0], contextLoader = 'org.springframework.boot.test.context.SpringBootContextLoader', parent = [null]], attributes = map[[empty]]]
2020-02-02 16:27:29.952  INFO 19868 --- [    Test worker] o.s.t.c.transaction.TransactionContext   : Began transaction (1) for test context [DefaultTestContext@64a6a079 testClass = PaymentRepositoryTest, testInstance = com.eleks.groupservice.repository.PaymentRepositoryTest@28d332fd, testMethod = deleteById_DeleteNonExistingPayment_ShouldThrowEmptyResultDataAccessException@PaymentRepositoryTest, testException = [null], mergedContextConfiguration = [MergedContextConfiguration@355c7c65 testClass = PaymentRepositoryTest, locations = '{}', classes = '{class com.eleks.groupservice.GroupServiceApplication}', contextInitializerClasses = '[]', activeProfiles = '{}', propertySourceLocations = '{}', propertySourceProperties = '{org.springframework.boot.test.autoconfigure.orm.jpa.DataJpaTestContextBootstrapper=true}', contextCustomizers = set[org.springframework.boot.test.autoconfigure.OverrideAutoConfigurationContextCustomizerFactory$DisableAutoConfigurationContextCustomizer@36348cae, org.springframework.boot.test.autoconfigure.filter.TypeExcludeFiltersContextCustomizer@351584c0, org.springframework.boot.test.autoconfigure.properties.PropertyMappingContextCustomizer@2862c16d, org.springframework.boot.test.autoconfigure.web.servlet.WebDriverContextCustomizerFactory$Customizer@3337936d, [ImportsContextCustomizer@77e082cd key = [org.springframework.boot.autoconfigure.cache.CacheAutoConfiguration, org.springframework.boot.autoconfigure.data.jpa.JpaRepositoriesAutoConfiguration, org.springframework.boot.autoconfigure.flyway.FlywayAutoConfiguration, org.springframework.boot.autoconfigure.jdbc.DataSourceAutoConfiguration, org.springframework.boot.autoconfigure.jdbc.DataSourceTransactionManagerAutoConfiguration, org.springframework.boot.autoconfigure.jdbc.JdbcTemplateAutoConfiguration, org.springframework.boot.autoconfigure.liquibase.LiquibaseAutoConfiguration, org.springframework.boot.autoconfigure.orm.jpa.HibernateJpaAutoConfiguration, org.springframework.boot.autoconfigure.transaction.TransactionAutoConfiguration, org.springframework.boot.test.autoconfigure.jdbc.TestDatabaseAutoConfiguration, org.springframework.boot.test.autoconfigure.orm.jpa.TestEntityManagerAutoConfiguration]], org.springframework.boot.test.context.filter.ExcludeFilterContextCustomizer@e49b20c, org.springframework.boot.test.json.DuplicateJsonObjectContextCustomizerFactory$DuplicateJsonObjectContextCustomizer@2c210581, org.springframework.boot.test.mock.mockito.MockitoContextCustomizer@0], contextLoader = 'org.springframework.boot.test.context.SpringBootContextLoader', parent = [null]], attributes = map[[empty]]]; transaction manager [org.springframework.orm.jpa.JpaTransactionManager@18feeca0]; rollback [true]
Hibernate: select payment0_.id as id1_0_0_, payment0_.co_payers as co_payer2_0_0_, payment0_.creator_id as creator_3_0_0_, payment0_.group_id as group_id7_0_0_, payment0_.payment_description as payment_4_0_0_, payment0_.price as price5_0_0_, payment0_.timestamp as timestam6_0_0_, group1_.id as id1_1_1_, group1_.currency as currency2_1_1_, group1_.group_name as group_na3_1_1_, group1_.members as members4_1_1_ from payment payment0_ left outer join user_group group1_ on payment0_.group_id=group1_.id where payment0_.id=?
2020-02-02 16:27:29.965  INFO 19868 --- [    Test worker] o.s.t.c.transaction.TransactionContext   : Rolled back transaction for test: [DefaultTestContext@64a6a079 testClass = PaymentRepositoryTest, testInstance = com.eleks.groupservice.repository.PaymentRepositoryTest@28d332fd, testMethod = deleteById_DeleteNonExistingPayment_ShouldThrowEmptyResultDataAccessException@PaymentRepositoryTest, testException = [null], mergedContextConfiguration = [MergedContextConfiguration@355c7c65 testClass = PaymentRepositoryTest, locations = '{}', classes = '{class com.eleks.groupservice.GroupServiceApplication}', contextInitializerClasses = '[]', activeProfiles = '{}', propertySourceLocations = '{}', propertySourceProperties = '{org.springframework.boot.test.autoconfigure.orm.jpa.DataJpaTestContextBootstrapper=true}', contextCustomizers = set[org.springframework.boot.test.autoconfigure.OverrideAutoConfigurationContextCustomizerFactory$DisableAutoConfigurationContextCustomizer@36348cae, org.springframework.boot.test.autoconfigure.filter.TypeExcludeFiltersContextCustomizer@351584c0, org.springframework.boot.test.autoconfigure.properties.PropertyMappingContextCustomizer@2862c16d, org.springframework.boot.test.autoconfigure.web.servlet.WebDriverContextCustomizerFactory$Customizer@3337936d, [ImportsContextCustomizer@77e082cd key = [org.springframework.boot.autoconfigure.cache.CacheAutoConfiguration, org.springframework.boot.autoconfigure.data.jpa.JpaRepositoriesAutoConfiguration, org.springframework.boot.autoconfigure.flyway.FlywayAutoConfiguration, org.springframework.boot.autoconfigure.jdbc.DataSourceAutoConfiguration, org.springframework.boot.autoconfigure.jdbc.DataSourceTransactionManagerAutoConfiguration, org.springframework.boot.autoconfigure.jdbc.JdbcTemplateAutoConfiguration, org.springframework.boot.autoconfigure.liquibase.LiquibaseAutoConfiguration, org.springframework.boot.autoconfigure.orm.jpa.HibernateJpaAutoConfiguration, org.springframework.boot.autoconfigure.transaction.TransactionAutoConfiguration, org.springframework.boot.test.autoconfigure.jdbc.TestDatabaseAutoConfiguration, org.springframework.boot.test.autoconfigure.orm.jpa.TestEntityManagerAutoConfiguration]], org.springframework.boot.test.context.filter.ExcludeFilterContextCustomizer@e49b20c, org.springframework.boot.test.json.DuplicateJsonObjectContextCustomizerFactory$DuplicateJsonObjectContextCustomizer@2c210581, org.springframework.boot.test.mock.mockito.MockitoContextCustomizer@0], contextLoader = 'org.springframework.boot.test.context.SpringBootContextLoader', parent = [null]], attributes = map[[empty]]]
2020-02-02 16:27:29.985  INFO 19868 --- [    Test worker] o.s.t.c.transaction.TransactionContext   : Began transaction (1) for test context [DefaultTestContext@64a6a079 testClass = PaymentRepositoryTest, testInstance = com.eleks.groupservice.repository.PaymentRepositoryTest@11ec0d2, testMethod = save_SavePaymentToGroup_ShouldBeSavedWithIdAndTimestamp@PaymentRepositoryTest, testException = [null], mergedContextConfiguration = [MergedContextConfiguration@355c7c65 testClass = PaymentRepositoryTest, locations = '{}', classes = '{class com.eleks.groupservice.GroupServiceApplication}', contextInitializerClasses = '[]', activeProfiles = '{}', propertySourceLocations = '{}', propertySourceProperties = '{org.springframework.boot.test.autoconfigure.orm.jpa.DataJpaTestContextBootstrapper=true}', contextCustomizers = set[org.springframework.boot.test.autoconfigure.OverrideAutoConfigurationContextCustomizerFactory$DisableAutoConfigurationContextCustomizer@36348cae, org.springframework.boot.test.autoconfigure.filter.TypeExcludeFiltersContextCustomizer@351584c0, org.springframework.boot.test.autoconfigure.properties.PropertyMappingContextCustomizer@2862c16d, org.springframework.boot.test.autoconfigure.web.servlet.WebDriverContextCustomizerFactory$Customizer@3337936d, [ImportsContextCustomizer@77e082cd key = [org.springframework.boot.autoconfigure.cache.CacheAutoConfiguration, org.springframework.boot.autoconfigure.data.jpa.JpaRepositoriesAutoConfiguration, org.springframework.boot.autoconfigure.flyway.FlywayAutoConfiguration, org.springframework.boot.autoconfigure.jdbc.DataSourceAutoConfiguration, org.springframework.boot.autoconfigure.jdbc.DataSourceTransactionManagerAutoConfiguration, org.springframework.boot.autoconfigure.jdbc.JdbcTemplateAutoConfiguration, org.springframework.boot.autoconfigure.liquibase.LiquibaseAutoConfiguration, org.springframework.boot.autoconfigure.orm.jpa.HibernateJpaAutoConfiguration, org.springframework.boot.autoconfigure.transaction.TransactionAutoConfiguration, org.springframework.boot.test.autoconfigure.jdbc.TestDatabaseAutoConfiguration, org.springframework.boot.test.autoconfigure.orm.jpa.TestEntityManagerAutoConfiguration]], org.springframework.boot.test.context.filter.ExcludeFilterContextCustomizer@e49b20c, org.springframework.boot.test.json.DuplicateJsonObjectContextCustomizerFactory$DuplicateJsonObjectContextCustomizer@2c210581, org.springframework.boot.test.mock.mockito.MockitoContextCustomizer@0], contextLoader = 'org.springframework.boot.test.context.SpringBootContextLoader', parent = [null]], attributes = map[[empty]]]; transaction manager [org.springframework.orm.jpa.JpaTransactionManager@18feeca0]; rollback [true]
Hibernate: insert into payment (id, co_payers, creator_id, group_id, payment_description, price, timestamp) values (null, ?, ?, ?, ?, ?, ?)
2020-02-02 16:27:30.024  INFO 19868 --- [    Test worker] o.s.t.c.transaction.TransactionContext   : Rolled back transaction for test: [DefaultTestContext@64a6a079 testClass = PaymentRepositoryTest, testInstance = com.eleks.groupservice.repository.PaymentRepositoryTest@11ec0d2, testMethod = save_SavePaymentToGroup_ShouldBeSavedWithIdAndTimestamp@PaymentRepositoryTest, testException = [null], mergedContextConfiguration = [MergedContextConfiguration@355c7c65 testClass = PaymentRepositoryTest, locations = '{}', classes = '{class com.eleks.groupservice.GroupServiceApplication}', contextInitializerClasses = '[]', activeProfiles = '{}', propertySourceLocations = '{}', propertySourceProperties = '{org.springframework.boot.test.autoconfigure.orm.jpa.DataJpaTestContextBootstrapper=true}', contextCustomizers = set[org.springframework.boot.test.autoconfigure.OverrideAutoConfigurationContextCustomizerFactory$DisableAutoConfigurationContextCustomizer@36348cae, org.springframework.boot.test.autoconfigure.filter.TypeExcludeFiltersContextCustomizer@351584c0, org.springframework.boot.test.autoconfigure.properties.PropertyMappingContextCustomizer@2862c16d, org.springframework.boot.test.autoconfigure.web.servlet.WebDriverContextCustomizerFactory$Customizer@3337936d, [ImportsContextCustomizer@77e082cd key = [org.springframework.boot.autoconfigure.cache.CacheAutoConfiguration, org.springframework.boot.autoconfigure.data.jpa.JpaRepositoriesAutoConfiguration, org.springframework.boot.autoconfigure.flyway.FlywayAutoConfiguration, org.springframework.boot.autoconfigure.jdbc.DataSourceAutoConfiguration, org.springframework.boot.autoconfigure.jdbc.DataSourceTransactionManagerAutoConfiguration, org.springframework.boot.autoconfigure.jdbc.JdbcTemplateAutoConfiguration, org.springframework.boot.autoconfigure.liquibase.LiquibaseAutoConfiguration, org.springframework.boot.autoconfigure.orm.jpa.HibernateJpaAutoConfiguration, org.springframework.boot.autoconfigure.transaction.TransactionAutoConfiguration, org.springframework.boot.test.autoconfigure.jdbc.TestDatabaseAutoConfiguration, org.springframework.boot.test.autoconfigure.orm.jpa.TestEntityManagerAutoConfiguration]], org.springframework.boot.test.context.filter.ExcludeFilterContextCustomizer@e49b20c, org.springframework.boot.test.json.DuplicateJsonObjectContextCustomizerFactory$DuplicateJsonObjectContextCustomizer@2c210581, org.springframework.boot.test.mock.mockito.MockitoContextCustomizer@0], contextLoader = 'org.springframework.boot.test.context.SpringBootContextLoader', parent = [null]], attributes = map[[empty]]]
]]></system-out>
  <system-err><![CDATA[]]></system-err>
</testsuite>
