<?xml version="1.0" encoding="UTF-8"?>
<testsuite name="com.eleks.groupservice.controller.GroupControllerTest" tests="25" skipped="0" failures="0" errors="0" timestamp="2020-02-02T14:27:20" hostname="furious" time="2.782">
  <properties/>
  <testcase name="editGroup_GroupDoesntExist_ReturnNotFoundAndError()" classname="com.eleks.groupservice.controller.GroupControllerTest" time="0.399"/>
  <testcase name="saveGroup_GroupWithLongGroupName_ShouldReturnBadRequestAndError()" classname="com.eleks.groupservice.controller.GroupControllerTest" time="0.091"/>
  <testcase name="saveGroup_GroupWithoutCurrency_ShouldReturnBadRequestAndError()" classname="com.eleks.groupservice.controller.GroupControllerTest" time="0.094"/>
  <testcase name="getGroup_GroupDoesntExist_ReturnNotFoundAndError()" classname="com.eleks.groupservice.controller.GroupControllerTest" time="0.057"/>
  <testcase name="saveGroup_UserServiceError_ShouldReturnServerErrorAndErrorWithMsgFromException()" classname="com.eleks.groupservice.controller.GroupControllerTest" time="0.173"/>
  <testcase name="saveGroup_AllDataIsCorrect_ShouldReturnOkAndModel()" classname="com.eleks.groupservice.controller.GroupControllerTest" time="0.192"/>
  <testcase name="editGroup_GroupWithoutGroupName_ShouldReturnBadRequestAndError()" classname="com.eleks.groupservice.controller.GroupControllerTest" time="0.111"/>
  <testcase name="deleteGroup_GroupDoesntExist_ReturnNotFoundAndError()" classname="com.eleks.groupservice.controller.GroupControllerTest" time="0.103"/>
  <testcase name="saveGroup_GroupWithBlankGroupName_ShouldReturnBadRequestAndError()" classname="com.eleks.groupservice.controller.GroupControllerTest" time="0.075"/>
  <testcase name="getGroupMembersStatus_GroupExistsRequesterIsGroupMember_ReturnListOfStatuses()" classname="com.eleks.groupservice.controller.GroupControllerTest" time="0.087"/>
  <testcase name="editGroup_GroupMembersIdsAreInvalid_ShouldReturnBadRequestAndErrorWithMsgFromException()" classname="com.eleks.groupservice.controller.GroupControllerTest" time="0.065"/>
  <testcase name="deleteGroup_GroupExists_ReturnOk()" classname="com.eleks.groupservice.controller.GroupControllerTest" time="0.078"/>
  <testcase name="editGroup_GroupWithoutCurrency_ShouldReturnBadRequestAndError()" classname="com.eleks.groupservice.controller.GroupControllerTest" time="0.072"/>
  <testcase name="editGroup_GroupWithLongGroupName_ShouldReturnBadRequestAndError()" classname="com.eleks.groupservice.controller.GroupControllerTest" time="0.136"/>
  <testcase name="saveGroup_GroupWithoutGroupName_ShouldReturnBadRequestAndError()" classname="com.eleks.groupservice.controller.GroupControllerTest" time="0.078"/>
  <testcase name="editGroup_UserServiceError_ShouldReturnServerErrorAndErrorWithMsgFromException()" classname="com.eleks.groupservice.controller.GroupControllerTest" time="0.109"/>
  <testcase name="editGroup_GroupWithoutMembers_ShouldReturnBadRequestAndError()" classname="com.eleks.groupservice.controller.GroupControllerTest" time="0.095"/>
  <testcase name="editGroup_GroupWithBlankGroupName_ShouldReturnBadRequestAndError()" classname="com.eleks.groupservice.controller.GroupControllerTest" time="0.2"/>
  <testcase name="saveGroup_GroupWithoutMembers_ShouldReturnBadRequestAndError()" classname="com.eleks.groupservice.controller.GroupControllerTest" time="0.078"/>
  <testcase name="getGroupMembersStatus_GroupExistsButRequesterIsNotAMember_ReturnBadRequestAndError()" classname="com.eleks.groupservice.controller.GroupControllerTest" time="0.041"/>
  <testcase name="getGroup_GettingExistingGroup_ReturnOkAndGroupData()" classname="com.eleks.groupservice.controller.GroupControllerTest" time="0.049"/>
  <testcase name="getGroupMembersStatus_UserServiceError_ReturnServerErrorAndError()" classname="com.eleks.groupservice.controller.GroupControllerTest" time="0.041"/>
  <testcase name="getGroupMembersStatus_GroupDoesntExist_ReturnNotFoundAndError()" classname="com.eleks.groupservice.controller.GroupControllerTest" time="0.102"/>
  <testcase name="editGroup_GroupExists_ReturnOkAndUpdatedData()" classname="com.eleks.groupservice.controller.GroupControllerTest" time="0.074"/>
  <testcase name="saveGroup_GroupMembersIdsAreInvalid_ShouldReturnBadRequestAndErrorWithMsgFromException()" classname="com.eleks.groupservice.controller.GroupControllerTest" time="0.051"/>
  <system-out><![CDATA[2020-02-02 16:27:17.064  INFO 19868 --- [    Test worker] .b.t.a.w.s.WebMvcTestContextBootstrapper : Neither @ContextConfiguration nor @ContextHierarchy found for test class [com.eleks.groupservice.controller.GroupControllerTest], using SpringBootContextLoader
2020-02-02 16:27:17.066  INFO 19868 --- [    Test worker] o.s.t.c.support.AbstractContextLoader    : Could not detect default resource locations for test class [com.eleks.groupservice.controller.GroupControllerTest]: no resource found for suffixes {-context.xml, Context.groovy}.
2020-02-02 16:27:17.066  INFO 19868 --- [    Test worker] t.c.s.AnnotationConfigContextLoaderUtils : Could not detect default configuration classes for test class [com.eleks.groupservice.controller.GroupControllerTest]: GroupControllerTest does not declare any static, non-private, non-final, nested classes annotated with @Configuration.
2020-02-02 16:27:17.311  INFO 19868 --- [    Test worker] .b.t.c.SpringBootTestContextBootstrapper : Found @SpringBootConfiguration com.eleks.groupservice.GroupServiceApplication for test class com.eleks.groupservice.controller.GroupControllerTest
2020-02-02 16:27:17.312  INFO 19868 --- [    Test worker] .b.t.a.w.s.WebMvcTestContextBootstrapper : Loaded default TestExecutionListener class names from location [META-INF/spring.factories]: [org.springframework.security.test.context.support.WithSecurityContextTestExecutionListener, org.springframework.security.test.context.support.ReactorContextTestExecutionListener, org.springframework.boot.test.autoconfigure.restdocs.RestDocsTestExecutionListener, org.springframework.boot.test.autoconfigure.web.client.MockRestServiceServerResetTestExecutionListener, org.springframework.boot.test.autoconfigure.web.servlet.MockMvcPrintOnlyOnFailureTestExecutionListener, org.springframework.boot.test.autoconfigure.web.servlet.WebDriverTestExecutionListener, org.springframework.boot.test.mock.mockito.MockitoTestExecutionListener, org.springframework.boot.test.mock.mockito.ResetMocksTestExecutionListener, org.springframework.test.context.web.ServletTestExecutionListener, org.springframework.test.context.support.DirtiesContextBeforeModesTestExecutionListener, org.springframework.test.context.support.DependencyInjectionTestExecutionListener, org.springframework.test.context.support.DirtiesContextTestExecutionListener, org.springframework.test.context.transaction.TransactionalTestExecutionListener, org.springframework.test.context.jdbc.SqlScriptsTestExecutionListener, org.springframework.test.context.event.EventPublishingTestExecutionListener]
2020-02-02 16:27:17.314  INFO 19868 --- [    Test worker] .b.t.a.w.s.WebMvcTestContextBootstrapper : Using TestExecutionListeners: [org.springframework.test.context.web.ServletTestExecutionListener@3d615cd2, org.springframework.test.context.support.DirtiesContextBeforeModesTestExecutionListener@78df2d54, org.springframework.boot.test.mock.mockito.MockitoTestExecutionListener@2333ed4c, org.springframework.boot.test.autoconfigure.SpringBootDependencyInjectionTestExecutionListener@37fc8860, org.springframework.test.context.support.DirtiesContextTestExecutionListener@4cd581, org.springframework.test.context.transaction.TransactionalTestExecutionListener@1f8fd51, org.springframework.test.context.jdbc.SqlScriptsTestExecutionListener@3d9d39af, org.springframework.security.test.context.support.WithSecurityContextTestExecutionListener@6e7119f4, org.springframework.test.context.event.EventPublishingTestExecutionListener@8773966, org.springframework.security.test.context.support.ReactorContextTestExecutionListener@4e235f4c, org.springframework.boot.test.autoconfigure.restdocs.RestDocsTestExecutionListener@1a274766, org.springframework.boot.test.autoconfigure.web.client.MockRestServiceServerResetTestExecutionListener@7cff436f, org.springframework.boot.test.autoconfigure.web.servlet.MockMvcPrintOnlyOnFailureTestExecutionListener@4df2f99f, org.springframework.boot.test.autoconfigure.web.servlet.WebDriverTestExecutionListener@197f0652, org.springframework.boot.test.mock.mockito.ResetMocksTestExecutionListener@39437e6c]

  .   ____          _            __ _ _
 /\\ / ___'_ __ _ _(_)_ __  __ _ \ \ \ \
( ( )\___ | '_ | '_| | '_ \/ _` | \ \ \ \
 \\/  ___)| |_)| | | | | || (_| |  ) ) ) )
  '  |____| .__|_| |_|_| |_\__, | / / / /
 =========|_|==============|___/=/_/_/_/
 :: Spring Boot ::        (v2.2.2.RELEASE)

2020-02-02 16:27:17.644  INFO 19868 --- [    Test worker] c.e.g.controller.GroupControllerTest     : Starting GroupControllerTest on furious with PID 19868 (started by liuty in C:\Users\liuty\IdeaProjects\liutyi-payment-splitter-master\GroupService)
2020-02-02 16:27:17.660  INFO 19868 --- [    Test worker] c.e.g.controller.GroupControllerTest     : No active profile set, falling back to default profiles: default
2020-02-02 16:27:19.098  INFO 19868 --- [    Test worker] o.s.s.concurrent.ThreadPoolTaskExecutor  : Initializing ExecutorService 'applicationTaskExecutor'
2020-02-02 16:27:19.779  INFO 19868 --- [    Test worker] .s.s.UserDetailsServiceAutoConfiguration : 

Using generated security password: a61c7671-2b28-486c-a870-ea6a377435eb

2020-02-02 16:27:20.259  INFO 19868 --- [    Test worker] o.s.s.web.DefaultSecurityFilterChain     : Creating filter chain: any request, [org.springframework.security.web.context.request.async.WebAsyncManagerIntegrationFilter@4bf92eb3, org.springframework.security.web.context.SecurityContextPersistenceFilter@238c7948, org.springframework.security.web.header.HeaderWriterFilter@22a145e6, org.springframework.security.web.csrf.CsrfFilter@128babb8, org.springframework.security.web.authentication.logout.LogoutFilter@1809c528, org.springframework.security.web.authentication.UsernamePasswordAuthenticationFilter@1dddcd9a, org.springframework.security.web.authentication.ui.DefaultLoginPageGeneratingFilter@1a18e5ea, org.springframework.security.web.authentication.ui.DefaultLogoutPageGeneratingFilter@689a4379, org.springframework.security.web.authentication.www.BasicAuthenticationFilter@6e21794, org.springframework.security.web.savedrequest.RequestCacheAwareFilter@184fb4f8, org.springframework.security.web.servletapi.SecurityContextHolderAwareRequestFilter@30694c62, org.springframework.security.web.authentication.AnonymousAuthenticationFilter@7ed2a749, org.springframework.security.web.session.SessionManagementFilter@6d38ec61, org.springframework.security.web.access.ExceptionTranslationFilter@677b1f0, org.springframework.security.web.access.intercept.FilterSecurityInterceptor@1887a8de]
2020-02-02 16:27:20.361  INFO 19868 --- [    Test worker] o.s.b.t.m.w.SpringBootMockServletContext : Initializing Spring TestDispatcherServlet ''
2020-02-02 16:27:20.361  INFO 19868 --- [    Test worker] o.s.t.web.servlet.TestDispatcherServlet  : Initializing Servlet ''
2020-02-02 16:27:20.400  INFO 19868 --- [    Test worker] o.s.t.web.servlet.TestDispatcherServlet  : Completed initialization in 39 ms
2020-02-02 16:27:20.442  INFO 19868 --- [    Test worker] c.e.g.controller.GroupControllerTest     : Started GroupControllerTest in 3.1 seconds (JVM running for 30.151)
2020-02-02 16:27:20.505  INFO 19868 --- [    Test worker] o.s.mock.web.MockServletContext          : Initializing Spring TestDispatcherServlet ''
2020-02-02 16:27:20.505  INFO 19868 --- [    Test worker] o.s.t.web.servlet.TestDispatcherServlet  : Initializing Servlet ''
2020-02-02 16:27:20.506  INFO 19868 --- [    Test worker] o.s.t.web.servlet.TestDispatcherServlet  : Completed initialization in 1 ms
2020-02-02 16:27:20.905  INFO 19868 --- [    Test worker] o.s.mock.web.MockServletContext          : Initializing Spring TestDispatcherServlet ''
2020-02-02 16:27:20.906  INFO 19868 --- [    Test worker] o.s.t.web.servlet.TestDispatcherServlet  : Initializing Servlet ''
2020-02-02 16:27:20.907  INFO 19868 --- [    Test worker] o.s.t.web.servlet.TestDispatcherServlet  : Completed initialization in 0 ms
{"statusCode":400,"messages":["groupName length should be between 1 and 50"],"timestamp":"16:27:20 02-02-2020"}
2020-02-02 16:27:21.008  INFO 19868 --- [    Test worker] o.s.mock.web.MockServletContext          : Initializing Spring TestDispatcherServlet ''
2020-02-02 16:27:21.010  INFO 19868 --- [    Test worker] o.s.t.web.servlet.TestDispatcherServlet  : Initializing Servlet ''
2020-02-02 16:27:21.010  INFO 19868 --- [    Test worker] o.s.t.web.servlet.TestDispatcherServlet  : Completed initialization in 0 ms
{"statusCode":400,"messages":["currency is required"],"timestamp":"16:27:21 02-02-2020"}
2020-02-02 16:27:21.097  INFO 19868 --- [    Test worker] o.s.mock.web.MockServletContext          : Initializing Spring TestDispatcherServlet ''
2020-02-02 16:27:21.097  INFO 19868 --- [    Test worker] o.s.t.web.servlet.TestDispatcherServlet  : Initializing Servlet ''
2020-02-02 16:27:21.098  INFO 19868 --- [    Test worker] o.s.t.web.servlet.TestDispatcherServlet  : Completed initialization in 1 ms
2020-02-02 16:27:21.268  INFO 19868 --- [    Test worker] o.s.mock.web.MockServletContext          : Initializing Spring TestDispatcherServlet ''
2020-02-02 16:27:21.269  INFO 19868 --- [    Test worker] o.s.t.web.servlet.TestDispatcherServlet  : Initializing Servlet ''
2020-02-02 16:27:21.269  INFO 19868 --- [    Test worker] o.s.t.web.servlet.TestDispatcherServlet  : Completed initialization in 0 ms
{"statusCode":500,"messages":["msg"],"timestamp":"16:27:21 02-02-2020"}
2020-02-02 16:27:21.405  INFO 19868 --- [    Test worker] o.s.mock.web.MockServletContext          : Initializing Spring TestDispatcherServlet ''
2020-02-02 16:27:21.405  INFO 19868 --- [    Test worker] o.s.t.web.servlet.TestDispatcherServlet  : Initializing Servlet ''
2020-02-02 16:27:21.405  INFO 19868 --- [    Test worker] o.s.t.web.servlet.TestDispatcherServlet  : Completed initialization in 0 ms
2020-02-02 16:27:21.569  INFO 19868 --- [    Test worker] o.s.mock.web.MockServletContext          : Initializing Spring TestDispatcherServlet ''
2020-02-02 16:27:21.578  INFO 19868 --- [    Test worker] o.s.t.web.servlet.TestDispatcherServlet  : Initializing Servlet ''
2020-02-02 16:27:21.580  INFO 19868 --- [    Test worker] o.s.t.web.servlet.TestDispatcherServlet  : Completed initialization in 1 ms
2020-02-02 16:27:21.693  INFO 19868 --- [    Test worker] o.s.mock.web.MockServletContext          : Initializing Spring TestDispatcherServlet ''
2020-02-02 16:27:21.694  INFO 19868 --- [    Test worker] o.s.t.web.servlet.TestDispatcherServlet  : Initializing Servlet ''
2020-02-02 16:27:21.694  INFO 19868 --- [    Test worker] o.s.t.web.servlet.TestDispatcherServlet  : Completed initialization in 0 ms
2020-02-02 16:27:21.771  INFO 19868 --- [    Test worker] o.s.mock.web.MockServletContext          : Initializing Spring TestDispatcherServlet ''
2020-02-02 16:27:21.774  INFO 19868 --- [    Test worker] o.s.t.web.servlet.TestDispatcherServlet  : Initializing Servlet ''
2020-02-02 16:27:21.774  INFO 19868 --- [    Test worker] o.s.t.web.servlet.TestDispatcherServlet  : Completed initialization in 0 ms
{"statusCode":400,"messages":["groupName length should be between 1 and 50"],"timestamp":"16:27:21 02-02-2020"}
2020-02-02 16:27:21.823  INFO 19868 --- [    Test worker] o.s.mock.web.MockServletContext          : Initializing Spring TestDispatcherServlet ''
2020-02-02 16:27:21.824  INFO 19868 --- [    Test worker] o.s.t.web.servlet.TestDispatcherServlet  : Initializing Servlet ''
2020-02-02 16:27:21.854  INFO 19868 --- [    Test worker] o.s.t.web.servlet.TestDispatcherServlet  : Completed initialization in 4 ms
2020-02-02 16:27:21.909  INFO 19868 --- [    Test worker] o.s.mock.web.MockServletContext          : Initializing Spring TestDispatcherServlet ''
2020-02-02 16:27:21.910  INFO 19868 --- [    Test worker] o.s.t.web.servlet.TestDispatcherServlet  : Initializing Servlet ''
2020-02-02 16:27:21.911  INFO 19868 --- [    Test worker] o.s.t.web.servlet.TestDispatcherServlet  : Completed initialization in 1 ms
2020-02-02 16:27:21.989  INFO 19868 --- [    Test worker] o.s.mock.web.MockServletContext          : Initializing Spring TestDispatcherServlet ''
2020-02-02 16:27:21.989  INFO 19868 --- [    Test worker] o.s.t.web.servlet.TestDispatcherServlet  : Initializing Servlet ''
2020-02-02 16:27:21.990  INFO 19868 --- [    Test worker] o.s.t.web.servlet.TestDispatcherServlet  : Completed initialization in 1 ms
2020-02-02 16:27:22.099  INFO 19868 --- [    Test worker] o.s.mock.web.MockServletContext          : Initializing Spring TestDispatcherServlet ''
2020-02-02 16:27:22.100  INFO 19868 --- [    Test worker] o.s.t.web.servlet.TestDispatcherServlet  : Initializing Servlet ''
2020-02-02 16:27:22.100  INFO 19868 --- [    Test worker] o.s.t.web.servlet.TestDispatcherServlet  : Completed initialization in 0 ms
2020-02-02 16:27:22.202  INFO 19868 --- [    Test worker] o.s.mock.web.MockServletContext          : Initializing Spring TestDispatcherServlet ''
2020-02-02 16:27:22.203  INFO 19868 --- [    Test worker] o.s.t.web.servlet.TestDispatcherServlet  : Initializing Servlet ''
2020-02-02 16:27:22.206  INFO 19868 --- [    Test worker] o.s.t.web.servlet.TestDispatcherServlet  : Completed initialization in 1 ms
2020-02-02 16:27:22.322  INFO 19868 --- [    Test worker] o.s.mock.web.MockServletContext          : Initializing Spring TestDispatcherServlet ''
2020-02-02 16:27:22.322  INFO 19868 --- [    Test worker] o.s.t.web.servlet.TestDispatcherServlet  : Initializing Servlet ''
2020-02-02 16:27:22.323  INFO 19868 --- [    Test worker] o.s.t.web.servlet.TestDispatcherServlet  : Completed initialization in 0 ms
{"statusCode":400,"messages":["groupName is required"],"timestamp":"16:27:22 02-02-2020"}
2020-02-02 16:27:22.416  INFO 19868 --- [    Test worker] o.s.mock.web.MockServletContext          : Initializing Spring TestDispatcherServlet ''
2020-02-02 16:27:22.417  INFO 19868 --- [    Test worker] o.s.t.web.servlet.TestDispatcherServlet  : Initializing Servlet ''
2020-02-02 16:27:22.417  INFO 19868 --- [    Test worker] o.s.t.web.servlet.TestDispatcherServlet  : Completed initialization in 0 ms
2020-02-02 16:27:22.522  INFO 19868 --- [    Test worker] o.s.mock.web.MockServletContext          : Initializing Spring TestDispatcherServlet ''
2020-02-02 16:27:22.522  INFO 19868 --- [    Test worker] o.s.t.web.servlet.TestDispatcherServlet  : Initializing Servlet ''
2020-02-02 16:27:22.523  INFO 19868 --- [    Test worker] o.s.t.web.servlet.TestDispatcherServlet  : Completed initialization in 1 ms
2020-02-02 16:27:22.743  INFO 19868 --- [    Test worker] o.s.mock.web.MockServletContext          : Initializing Spring TestDispatcherServlet ''
2020-02-02 16:27:22.744  INFO 19868 --- [    Test worker] o.s.t.web.servlet.TestDispatcherServlet  : Initializing Servlet ''
2020-02-02 16:27:22.749  INFO 19868 --- [    Test worker] o.s.t.web.servlet.TestDispatcherServlet  : Completed initialization in 2 ms
2020-02-02 16:27:22.815  INFO 19868 --- [    Test worker] o.s.mock.web.MockServletContext          : Initializing Spring TestDispatcherServlet ''
2020-02-02 16:27:22.816  INFO 19868 --- [    Test worker] o.s.t.web.servlet.TestDispatcherServlet  : Initializing Servlet ''
2020-02-02 16:27:22.817  INFO 19868 --- [    Test worker] o.s.t.web.servlet.TestDispatcherServlet  : Completed initialization in 1 ms
{"statusCode":400,"messages":["members is required"],"timestamp":"16:27:22 02-02-2020"}
2020-02-02 16:27:22.894  INFO 19868 --- [    Test worker] o.s.mock.web.MockServletContext          : Initializing Spring TestDispatcherServlet ''
2020-02-02 16:27:22.894  INFO 19868 --- [    Test worker] o.s.t.web.servlet.TestDispatcherServlet  : Initializing Servlet ''
2020-02-02 16:27:22.895  INFO 19868 --- [    Test worker] o.s.t.web.servlet.TestDispatcherServlet  : Completed initialization in 1 ms
2020-02-02 16:27:22.943  INFO 19868 --- [    Test worker] o.s.mock.web.MockServletContext          : Initializing Spring TestDispatcherServlet ''
2020-02-02 16:27:22.944  INFO 19868 --- [    Test worker] o.s.t.web.servlet.TestDispatcherServlet  : Initializing Servlet ''
2020-02-02 16:27:22.945  INFO 19868 --- [    Test worker] o.s.t.web.servlet.TestDispatcherServlet  : Completed initialization in 1 ms
2020-02-02 16:27:22.987  INFO 19868 --- [    Test worker] o.s.mock.web.MockServletContext          : Initializing Spring TestDispatcherServlet ''
2020-02-02 16:27:22.987  INFO 19868 --- [    Test worker] o.s.t.web.servlet.TestDispatcherServlet  : Initializing Servlet ''
2020-02-02 16:27:22.989  INFO 19868 --- [    Test worker] o.s.t.web.servlet.TestDispatcherServlet  : Completed initialization in 2 ms
2020-02-02 16:27:23.091  INFO 19868 --- [    Test worker] o.s.mock.web.MockServletContext          : Initializing Spring TestDispatcherServlet ''
2020-02-02 16:27:23.092  INFO 19868 --- [    Test worker] o.s.t.web.servlet.TestDispatcherServlet  : Initializing Servlet ''
2020-02-02 16:27:23.092  INFO 19868 --- [    Test worker] o.s.t.web.servlet.TestDispatcherServlet  : Completed initialization in 0 ms
2020-02-02 16:27:23.155  INFO 19868 --- [    Test worker] o.s.mock.web.MockServletContext          : Initializing Spring TestDispatcherServlet ''
2020-02-02 16:27:23.156  INFO 19868 --- [    Test worker] o.s.t.web.servlet.TestDispatcherServlet  : Initializing Servlet ''
2020-02-02 16:27:23.157  INFO 19868 --- [    Test worker] o.s.t.web.servlet.TestDispatcherServlet  : Completed initialization in 1 ms
2020-02-02 16:27:23.213  INFO 19868 --- [    Test worker] o.s.mock.web.MockServletContext          : Initializing Spring TestDispatcherServlet ''
2020-02-02 16:27:23.214  INFO 19868 --- [    Test worker] o.s.t.web.servlet.TestDispatcherServlet  : Initializing Servlet ''
2020-02-02 16:27:23.214  INFO 19868 --- [    Test worker] o.s.t.web.servlet.TestDispatcherServlet  : Completed initialization in 0 ms
{"statusCode":400,"messages":["msg"],"timestamp":"16:27:23 02-02-2020"}
]]></system-out>
  <system-err><![CDATA[]]></system-err>
</testsuite>
