<?xml version="1.0" encoding="UTF-8"?>
<testsuite name="com.eleks.groupservice.service.PaymentsCalculatorTest" tests="8" skipped="0" failures="0" errors="0" timestamp="2020-02-02T14:27:30" hostname="furious" time="0.026">
  <properties/>
  <testcase name="calculateValues_OnePaymentByNonRequester_ReturnNegativeValueForOneOfOtherMembers()" classname="com.eleks.groupservice.service.PaymentsCalculatorTest" time="0.001"/>
  <testcase name="calculateValues_NoOtherMembers_ReturnEmptyValuesMap()" classname="com.eleks.groupservice.service.PaymentsCalculatorTest" time="0.001"/>
  <testcase name="calculateValues_NoPayments_ReturnValuesMapWithOnlyZeros()" classname="com.eleks.groupservice.service.PaymentsCalculatorTest" time="0.001"/>
  <testcase name="calculateValues_OnePaymentByRequester_ReturnPositiveValueForTwoOtherMembers()" classname="com.eleks.groupservice.service.PaymentsCalculatorTest" time="0.001"/>
  <testcase name="calculateValues_TwoPaymentsByNonRequester_ReturnNegativeSumValueForOneOfOtherMembers()" classname="com.eleks.groupservice.service.PaymentsCalculatorTest" time="0.001"/>
  <testcase name="calculateValues_TwoPaymentsByRequester_ReturnPositiveSumValuesForOtherMembers()" classname="com.eleks.groupservice.service.PaymentsCalculatorTest" time="0.004"/>
  <testcase name="calculateValues_NoPaymentsWithRequester_ReturnValuesMapWithOnlyZeros()" classname="com.eleks.groupservice.service.PaymentsCalculatorTest" time="0.005"/>
  <testcase name="calculateValues_OnePaymentByRequesterAndOneNot_ReturnRightValuesForOtherMembers()" classname="com.eleks.groupservice.service.PaymentsCalculatorTest" time="0.001"/>
  <system-out><![CDATA[]]></system-out>
  <system-err><![CDATA[]]></system-err>
</testsuite>
