<?xml version="1.0" encoding="UTF-8"?>
<testsuite name="com.eleks.groupservice.client.UserClientTest" tests="8" skipped="0" failures="0" errors="0" timestamp="2020-02-02T14:27:14" hostname="furious" time="2.848">
  <properties/>
  <testcase name="getUsersByIds_ServiceReturnsBadRequest_ShouldReturnEmptyList()" classname="com.eleks.groupservice.client.UserClientTest" time="1.326"/>
  <testcase name="areUserIdsValid_ServiceReturnsServerError_ShouldThrowException()" classname="com.eleks.groupservice.client.UserClientTest" time="0.156"/>
  <testcase name="areUserIdsValid_ServiceReturnsBadRequest_ShouldReturnFalse()" classname="com.eleks.groupservice.client.UserClientTest" time="0.223"/>
  <testcase name="getUsersByIds_ServiceReturnsEmptyList_ShouldReturnEmptyList()" classname="com.eleks.groupservice.client.UserClientTest" time="0.907"/>
  <testcase name="getUsersByIds_ServiceReturnsServerError_ShouldThrowException()" classname="com.eleks.groupservice.client.UserClientTest" time="0.102"/>
  <testcase name="areUserIdsValid_ServiceReturnsSameCountOfIdsAsRequested_ShouldReturnTrue()" classname="com.eleks.groupservice.client.UserClientTest" time="0.049"/>
  <testcase name="getUsersByIds_ServiceReturnsThreeUsers_ShouldReturnListOfThreeUsers()" classname="com.eleks.groupservice.client.UserClientTest" time="0.033"/>
  <testcase name="areUserIdsValid_ServiceReturnsLessCountOfIdsAsRequested_ShouldReturnFalse()" classname="com.eleks.groupservice.client.UserClientTest" time="0.019"/>
  <system-out><![CDATA[16:26:53.095 [Test worker] DEBUG org.springframework.test.context.BootstrapUtils - Instantiating CacheAwareContextLoaderDelegate from class [org.springframework.test.context.cache.DefaultCacheAwareContextLoaderDelegate]
16:26:53.218 [Test worker] DEBUG org.springframework.test.context.BootstrapUtils - Instantiating BootstrapContext using constructor [public org.springframework.test.context.support.DefaultBootstrapContext(java.lang.Class,org.springframework.test.context.CacheAwareContextLoaderDelegate)]
16:26:53.457 [Test worker] DEBUG org.springframework.test.context.BootstrapUtils - Instantiating TestContextBootstrapper for test class [com.eleks.groupservice.client.UserClientTest] from class [org.springframework.boot.test.context.SpringBootTestContextBootstrapper]
16:26:53.550 [Test worker] INFO org.springframework.boot.test.context.SpringBootTestContextBootstrapper - Neither @ContextConfiguration nor @ContextHierarchy found for test class [com.eleks.groupservice.client.UserClientTest], using SpringBootContextLoader
16:26:53.560 [Test worker] DEBUG org.springframework.test.context.support.AbstractContextLoader - Did not detect default resource location for test class [com.eleks.groupservice.client.UserClientTest]: class path resource [com/eleks/groupservice/client/UserClientTest-context.xml] does not exist
16:26:53.561 [Test worker] DEBUG org.springframework.test.context.support.AbstractContextLoader - Did not detect default resource location for test class [com.eleks.groupservice.client.UserClientTest]: class path resource [com/eleks/groupservice/client/UserClientTestContext.groovy] does not exist
16:26:53.562 [Test worker] INFO org.springframework.test.context.support.AbstractContextLoader - Could not detect default resource locations for test class [com.eleks.groupservice.client.UserClientTest]: no resource found for suffixes {-context.xml, Context.groovy}.
16:26:53.564 [Test worker] INFO org.springframework.test.context.support.AnnotationConfigContextLoaderUtils - Could not detect default configuration classes for test class [com.eleks.groupservice.client.UserClientTest]: UserClientTest does not declare any static, non-private, non-final, nested classes annotated with @Configuration.
16:26:53.680 [Test worker] DEBUG org.springframework.test.context.support.ActiveProfilesUtils - Could not find an 'annotation declaring class' for annotation type [org.springframework.test.context.ActiveProfiles] and class [com.eleks.groupservice.client.UserClientTest]
16:26:53.832 [Test worker] DEBUG org.springframework.context.annotation.ClassPathScanningCandidateComponentProvider - Identified candidate component class: file [C:\Users\liuty\IdeaProjects\liutyi-payment-splitter-master\GroupService\build\classes\java\main\com\eleks\groupservice\GroupServiceApplication.class]
16:26:53.835 [Test worker] INFO org.springframework.boot.test.context.SpringBootTestContextBootstrapper - Found @SpringBootConfiguration com.eleks.groupservice.GroupServiceApplication for test class com.eleks.groupservice.client.UserClientTest
16:26:54.104 [Test worker] DEBUG org.springframework.boot.test.context.SpringBootTestContextBootstrapper - @TestExecutionListeners is not present for class [com.eleks.groupservice.client.UserClientTest]: using defaults.
16:26:54.106 [Test worker] INFO org.springframework.boot.test.context.SpringBootTestContextBootstrapper - Loaded default TestExecutionListener class names from location [META-INF/spring.factories]: [org.springframework.security.test.context.support.WithSecurityContextTestExecutionListener, org.springframework.security.test.context.support.ReactorContextTestExecutionListener, org.springframework.boot.test.autoconfigure.restdocs.RestDocsTestExecutionListener, org.springframework.boot.test.autoconfigure.web.client.MockRestServiceServerResetTestExecutionListener, org.springframework.boot.test.autoconfigure.web.servlet.MockMvcPrintOnlyOnFailureTestExecutionListener, org.springframework.boot.test.autoconfigure.web.servlet.WebDriverTestExecutionListener, org.springframework.boot.test.mock.mockito.MockitoTestExecutionListener, org.springframework.boot.test.mock.mockito.ResetMocksTestExecutionListener, org.springframework.test.context.web.ServletTestExecutionListener, org.springframework.test.context.support.DirtiesContextBeforeModesTestExecutionListener, org.springframework.test.context.support.DependencyInjectionTestExecutionListener, org.springframework.test.context.support.DirtiesContextTestExecutionListener, org.springframework.test.context.transaction.TransactionalTestExecutionListener, org.springframework.test.context.jdbc.SqlScriptsTestExecutionListener, org.springframework.test.context.event.EventPublishingTestExecutionListener]
16:26:54.150 [Test worker] INFO org.springframework.boot.test.context.SpringBootTestContextBootstrapper - Using TestExecutionListeners: [org.springframework.test.context.web.ServletTestExecutionListener@5f4bf6b2, org.springframework.test.context.support.DirtiesContextBeforeModesTestExecutionListener@2fc21681, org.springframework.boot.test.mock.mockito.MockitoTestExecutionListener@6a538920, org.springframework.boot.test.autoconfigure.SpringBootDependencyInjectionTestExecutionListener@c092f0d, org.springframework.test.context.support.DirtiesContextTestExecutionListener@cf7b658, org.springframework.test.context.transaction.TransactionalTestExecutionListener@33bedf59, org.springframework.test.context.jdbc.SqlScriptsTestExecutionListener@45d24a87, org.springframework.security.test.context.support.WithSecurityContextTestExecutionListener@e67477, org.springframework.test.context.event.EventPublishingTestExecutionListener@31124745, org.springframework.security.test.context.support.ReactorContextTestExecutionListener@74930229, org.springframework.boot.test.autoconfigure.restdocs.RestDocsTestExecutionListener@23c2f84e, org.springframework.boot.test.autoconfigure.web.client.MockRestServiceServerResetTestExecutionListener@10b4658d, org.springframework.boot.test.autoconfigure.web.servlet.MockMvcPrintOnlyOnFailureTestExecutionListener@33bf30b1, org.springframework.boot.test.autoconfigure.web.servlet.WebDriverTestExecutionListener@5fd1eea5, org.springframework.boot.test.mock.mockito.ResetMocksTestExecutionListener@6b656d99]
16:26:54.159 [Test worker] DEBUG org.springframework.test.context.support.AbstractDirtiesContextTestExecutionListener - Before test class: context [DefaultTestContext@3978aca5 testClass = UserClientTest, testInstance = [null], testMethod = [null], testException = [null], mergedContextConfiguration = [WebMergedContextConfiguration@3df68722 testClass = UserClientTest, locations = '{}', classes = '{class com.eleks.groupservice.GroupServiceApplication}', contextInitializerClasses = '[]', activeProfiles = '{}', propertySourceLocations = '{}', propertySourceProperties = '{org.springframework.boot.test.context.SpringBootTestContextBootstrapper=true}', contextCustomizers = set[org.springframework.boot.test.autoconfigure.properties.PropertyMappingContextCustomizer@0, org.springframework.boot.test.autoconfigure.web.servlet.WebDriverContextCustomizerFactory$Customizer@3337936d, org.springframework.boot.test.context.filter.ExcludeFilterContextCustomizer@e49b20c, org.springframework.boot.test.json.DuplicateJsonObjectContextCustomizerFactory$DuplicateJsonObjectContextCustomizer@2c210581, org.springframework.boot.test.mock.mockito.MockitoContextCustomizer@87dacd12, org.springframework.boot.test.web.client.TestRestTemplateContextCustomizer@6f9c1b68], resourceBasePath = 'src/main/webapp', contextLoader = 'org.springframework.boot.test.context.SpringBootContextLoader', parent = [null]], attributes = map['org.springframework.test.context.web.ServletTestExecutionListener.activateListener' -> true]], class annotated with @DirtiesContext [false] with mode [null].
16:26:55.402 [Test worker] DEBUG org.eclipse.jetty.util.log - Logging to Logger[org.eclipse.jetty.util.log] via org.eclipse.jetty.util.log.Slf4jLog
16:26:55.411 [Test worker] INFO org.eclipse.jetty.util.log - Logging initialized @5119ms to org.eclipse.jetty.util.log.Slf4jLog
16:26:55.438 [Test worker] DEBUG org.eclipse.jetty.util.component.ContainerLifeCycle - Server@38fd082b{STOPPED}[9.4.24.v20191120] added {QueuedThreadPool[qtp1632589739]@614f57ab{STOPPED,8<=0<=14,i=0,r=-1,q=0}[NO_TRY],AUTO}
16:26:55.475 [Test worker] DEBUG org.eclipse.jetty.util.component.ContainerLifeCycle - HttpConnectionFactory@bfe05e2[HTTP/1.1] added {HttpConfiguration@520212f4{32768/8192,8192/8192,https://:0,[]},POJO}
16:26:55.505 [Test worker] DEBUG org.eclipse.jetty.util.component.ContainerLifeCycle - NetworkTrafficServerConnector@2ffc5e49{null,[]}{0.0.0.0:0} added {Server@38fd082b{STOPPED}[9.4.24.v20191120],UNMANAGED}
16:26:55.506 [Test worker] DEBUG org.eclipse.jetty.util.component.ContainerLifeCycle - NetworkTrafficServerConnector@2ffc5e49{null,[]}{0.0.0.0:0} added {QueuedThreadPool[qtp1632589739]@614f57ab{STOPPED,8<=0<=14,i=0,r=-1,q=0}[NO_TRY],AUTO}
16:26:55.507 [Test worker] DEBUG org.eclipse.jetty.util.component.ContainerLifeCycle - NetworkTrafficServerConnector@2ffc5e49{null,[]}{0.0.0.0:0} added {ScheduledExecutorScheduler@43330547{STOPPED},AUTO}
16:26:55.507 [Test worker] DEBUG org.eclipse.jetty.util.component.ContainerLifeCycle - NetworkTrafficServerConnector@2ffc5e49{null,[]}{0.0.0.0:0} added {org.eclipse.jetty.io.ArrayByteBufferPool@20bd1bb3,POJO}
16:26:55.508 [Test worker] DEBUG org.eclipse.jetty.util.component.ContainerLifeCycle - NetworkTrafficServerConnector@2ffc5e49{null,[http/1.1]}{0.0.0.0:0} added {HttpConnectionFactory@bfe05e2[HTTP/1.1],AUTO}
16:26:55.510 [Test worker] DEBUG org.eclipse.jetty.server.AbstractConnector - NetworkTrafficServerConnector@2ffc5e49{HTTP/1.1,[http/1.1]}{0.0.0.0:0} added HttpConnectionFactory@bfe05e2[HTTP/1.1]
16:26:55.521 [Test worker] DEBUG org.eclipse.jetty.util.component.ContainerLifeCycle - NetworkTrafficServerConnector@2ffc5e49{HTTP/1.1,[http/1.1]}{0.0.0.0:0} added {SelectorManager@NetworkTrafficServerConnector@2ffc5e49{HTTP/1.1,[http/1.1]}{0.0.0.0:0},MANAGED}
16:26:55.521 [Test worker] DEBUG org.eclipse.jetty.util.component.ContainerLifeCycle - Server@38fd082b{STOPPED}[9.4.24.v20191120] added {NetworkTrafficServerConnector@2ffc5e49{HTTP/1.1,[http/1.1]}{0.0.0.0:8085},AUTO}
16:26:55.576 [Test worker] DEBUG org.eclipse.jetty.util.component.ContainerLifeCycle - Server@38fd082b{STOPPED}[9.4.24.v20191120] added {o.e.j.s.ServletContextHandler@e768979{/__admin,null,UNAVAILABLE},MANAGED}
16:26:55.587 [Test worker] DEBUG org.eclipse.jetty.util.DecoratedObjectFactory - Adding Decorator: org.eclipse.jetty.util.DeprecationWarning@3733a67e
16:26:55.599 [Test worker] DEBUG org.eclipse.jetty.util.component.ContainerLifeCycle - o.e.j.s.ServletContextHandler@e768979{/__admin,null,UNAVAILABLE} added {ServletHandler@2b5d510c{STOPPED},MANAGED}
16:26:55.634 [Test worker] DEBUG org.eclipse.jetty.util.component.ContainerLifeCycle - Server@38fd082b{STOPPED}[9.4.24.v20191120] added {o.e.j.s.ServletContextHandler@62aa673{/,null,UNAVAILABLE},MANAGED}
16:26:55.635 [Test worker] DEBUG org.eclipse.jetty.util.DecoratedObjectFactory - Adding Decorator: org.eclipse.jetty.util.DeprecationWarning@3474f61
16:26:55.635 [Test worker] DEBUG org.eclipse.jetty.util.component.ContainerLifeCycle - o.e.j.s.ServletContextHandler@62aa673{/,null,UNAVAILABLE} added {ServletHandler@20e3458d{STOPPED},MANAGED}
16:26:55.665 [Test worker] DEBUG org.eclipse.jetty.http.PreEncodedHttpField - HttpField encoders loaded: [org.eclipse.jetty.http2.hpack.HpackFieldPreEncoder@dda1eb3, org.eclipse.jetty.http.Http1FieldPreEncoder@43acc45f]
16:26:55.721 [Test worker] DEBUG org.eclipse.jetty.util.component.ContainerLifeCycle - o.e.j.s.ServletContextHandler@62aa673{/,null,UNAVAILABLE} added {NotFoundHandler@2543480f{STOPPED},MANAGED}
16:26:55.750 [Test worker] DEBUG org.eclipse.jetty.util.component.ContainerLifeCycle - HandlerCollection@79b0fabc{STOPPED} added {o.e.j.s.ServletContextHandler@e768979{/__admin,null,UNAVAILABLE},AUTO}
16:26:55.765 [Test worker] DEBUG org.eclipse.jetty.http.pathmap.PathMappings - Added MappedResource[pathSpec=ServletPathSpec["*.svgz",pathDepth=0,group=SUFFIX_GLOB],resource=true] to PathMappings[size=1]
16:26:55.765 [Test worker] DEBUG org.eclipse.jetty.server.handler.gzip.GzipHandler - GzipHandler@462dfd49{STOPPED,min=32,inflate=-1} mime types IncludeExclude@5279cd44{i=[],ip=CONTAINS,e=[image/ief, image/vnd.wap.wbmp, image/jpeg, application/bzip2, image/x-portable-graymap, application/brotli, image/bmp, image/gif, image/x-icon, audio/midi, video/x-msvideo, image/x-xbitmap, application/x-rar-compressed, image/x-portable-bitmap, image/x-rgb, image/x-cmu-raster, application/gzip, audio/x-wav, audio/x-pn-realaudio, audio/basic, application/compress, audio/x-aiff, video/x.ms.asx, video/x.ms.asf, image/png, video/vnd.rn-realvideo, image/x-xwindowdump, image/jpeg2000, video/x-sgi-movie, audio/mpeg, image/xcf, video/mpeg, image/x-portable-pixmap, image/tiff, image/x-portable-anymap, image/x-xpixmap, application/zip, video/quicktime, application/x-xz, video/mp4],ep=CONTAINS}
16:26:55.771 [Test worker] DEBUG org.eclipse.jetty.util.component.ContainerLifeCycle - GzipHandler@462dfd49{STOPPED,min=32,inflate=-1} added {o.e.j.s.ServletContextHandler@62aa673{/,null,UNAVAILABLE},MANAGED}
16:26:55.771 [Test worker] DEBUG org.eclipse.jetty.util.component.ContainerLifeCycle - HandlerCollection@79b0fabc{STOPPED} added {GzipHandler@462dfd49{STOPPED,min=32,inflate=-1},AUTO}
16:26:55.771 [Test worker] DEBUG org.eclipse.jetty.util.component.ContainerLifeCycle - Server@38fd082b{STOPPED}[9.4.24.v20191120] added {HandlerCollection@79b0fabc{STOPPED},MANAGED}
16:26:55.784 [Test worker] DEBUG org.eclipse.jetty.util.component.AbstractLifeCycle - starting Server@38fd082b{STOPPED}[9.4.24.v20191120]
16:26:55.785 [Test worker] DEBUG org.eclipse.jetty.util.component.ContainerLifeCycle - Server@38fd082b{STARTING}[9.4.24.v20191120] added {ErrorHandler@5bef55ec{STOPPED},AUTO}
16:26:55.788 [Test worker] INFO org.eclipse.jetty.server.Server - jetty-9.4.24.v20191120; built: 2019-11-20T21:37:49.771Z; git: 363d5f2df3a8a28de40604320230664b9c793c16; jvm 1.8.0_181-b13
16:26:55.801 [Test worker] DEBUG org.eclipse.jetty.server.handler.AbstractHandler - starting Server@38fd082b{STARTING}[9.4.24.v20191120]
16:26:55.802 [Test worker] DEBUG org.eclipse.jetty.util.component.AbstractLifeCycle - starting QueuedThreadPool[qtp1632589739]@614f57ab{STOPPED,8<=0<=14,i=0,r=-1,q=0}[NO_TRY]
16:26:55.804 [Test worker] DEBUG org.eclipse.jetty.util.thread.ReservedThreadExecutor - ReservedThreadExecutor@59e1dd5c{s=0/1,p=0}
16:26:55.805 [Test worker] DEBUG org.eclipse.jetty.util.component.ContainerLifeCycle - QueuedThreadPool[qtp1632589739]@614f57ab{STARTING,8<=0<=14,i=0,r=-1,q=0}[ReservedThreadExecutor@59e1dd5c{s=0/1,p=0}] added {ReservedThreadExecutor@59e1dd5c{s=0/1,p=0},AUTO}
16:26:55.805 [Test worker] DEBUG org.eclipse.jetty.util.component.AbstractLifeCycle - starting ReservedThreadExecutor@59e1dd5c{s=0/1,p=0}
16:26:55.813 [Test worker] DEBUG org.eclipse.jetty.util.component.AbstractLifeCycle - STARTED @5522ms ReservedThreadExecutor@59e1dd5c{s=0/1,p=0}
16:26:55.814 [Test worker] DEBUG org.eclipse.jetty.util.thread.QueuedThreadPool - Starting Thread[qtp1632589739-14,5,main]
16:26:55.815 [Test worker] DEBUG org.eclipse.jetty.util.thread.QueuedThreadPool - Starting Thread[qtp1632589739-15,5,main]
16:26:55.815 [Test worker] DEBUG org.eclipse.jetty.util.thread.QueuedThreadPool - Starting Thread[qtp1632589739-16,5,main]
16:26:55.816 [Test worker] DEBUG org.eclipse.jetty.util.thread.QueuedThreadPool - Starting Thread[qtp1632589739-17,5,main]
16:26:55.816 [Test worker] DEBUG org.eclipse.jetty.util.thread.QueuedThreadPool - Starting Thread[qtp1632589739-18,5,main]
16:26:55.836 [Test worker] DEBUG org.eclipse.jetty.util.thread.QueuedThreadPool - Starting Thread[qtp1632589739-19,5,main]
16:26:55.839 [Test worker] DEBUG org.eclipse.jetty.util.thread.QueuedThreadPool - Starting Thread[qtp1632589739-20,5,main]
16:26:55.840 [Test worker] DEBUG org.eclipse.jetty.util.thread.QueuedThreadPool - Starting Thread[qtp1632589739-21,5,main]
16:26:55.841 [Test worker] DEBUG org.eclipse.jetty.util.component.AbstractLifeCycle - STARTED @5549ms QueuedThreadPool[qtp1632589739]@614f57ab{STARTED,8<=8<=14,i=8,r=1,q=0}[ReservedThreadExecutor@59e1dd5c{s=0/1,p=0}]
16:26:55.841 [Test worker] DEBUG org.eclipse.jetty.util.component.AbstractLifeCycle - starting HandlerCollection@79b0fabc{STOPPED}
16:26:55.842 [Test worker] DEBUG org.eclipse.jetty.server.handler.AbstractHandler - starting HandlerCollection@79b0fabc{STARTING}
16:26:55.842 [Test worker] DEBUG org.eclipse.jetty.util.component.AbstractLifeCycle - starting o.e.j.s.ServletContextHandler@e768979{/__admin,null,UNAVAILABLE}
16:26:55.843 [qtp1632589739-14] DEBUG org.eclipse.jetty.util.thread.QueuedThreadPool - Runner started for QueuedThreadPool[qtp1632589739]@614f57ab{STARTED,8<=8<=14,i=8,r=1,q=0}[ReservedThreadExecutor@59e1dd5c{s=0/1,p=0}]
16:26:55.844 [qtp1632589739-15] DEBUG org.eclipse.jetty.util.thread.QueuedThreadPool - Runner started for QueuedThreadPool[qtp1632589739]@614f57ab{STARTED,8<=8<=14,i=8,r=1,q=0}[ReservedThreadExecutor@59e1dd5c{s=0/1,p=0}]
16:26:55.846 [Test worker] DEBUG org.eclipse.jetty.server.handler.AbstractHandler - starting o.e.j.s.ServletContextHandler@e768979{/__admin,null,STARTING}
16:26:55.846 [Test worker] DEBUG org.eclipse.jetty.util.component.AbstractLifeCycle - starting ServletHandler@2b5d510c{STOPPED}
16:26:55.851 [Test worker] DEBUG org.eclipse.jetty.servlet.ServletHandler - Path=/recorder/*[EMBEDDED:null] mapped to servlet=org.eclipse.jetty.servlet.DefaultServlet-affeab9[EMBEDDED:null]
16:26:55.855 [Test worker] DEBUG org.eclipse.jetty.http.pathmap.PathMappings - Added MappedResource[pathSpec=ServletPathSpec["/recorder/*",pathDepth=2,group=PREFIX_GLOB],resource=org.eclipse.jetty.servlet.DefaultServlet-affeab9@22365315==org.eclipse.jetty.servlet.DefaultServlet,jsp=null,order=-1,inst=false,async=true] to PathMappings[size=1]
16:26:55.858 [Test worker] DEBUG org.eclipse.jetty.servlet.ServletHandler - Path=/swagger-ui/*[EMBEDDED:null] mapped to servlet=org.eclipse.jetty.servlet.DefaultServlet-362523af[EMBEDDED:null]
16:26:55.861 [Test worker] DEBUG org.eclipse.jetty.http.pathmap.PathMappings - Added MappedResource[pathSpec=ServletPathSpec["/swagger-ui/*",pathDepth=2,group=PREFIX_GLOB],resource=org.eclipse.jetty.servlet.DefaultServlet-362523af@337c722b==org.eclipse.jetty.servlet.DefaultServlet,jsp=null,order=-1,inst=false,async=true] to PathMappings[size=2]
16:26:55.862 [Test worker] DEBUG org.eclipse.jetty.servlet.ServletHandler - Path=/[EMBEDDED:null] mapped to servlet=com.github.tomakehurst.wiremock.servlet.WireMockHandlerDispatchingServlet-37ae8c4b[EMBEDDED:null]
16:26:55.868 [Test worker] DEBUG org.eclipse.jetty.http.pathmap.PathMappings - Added MappedResource[pathSpec=ServletPathSpec["/",pathDepth=-1,group=DEFAULT],resource=com.github.tomakehurst.wiremock.servlet.WireMockHandlerDispatchingServlet-37ae8c4b@18ecea6f==com.github.tomakehurst.wiremock.servlet.WireMockHandlerDispatchingServlet,jsp=null,order=-1,inst=false,async=true] to PathMappings[size=3]
16:26:55.870 [Test worker] DEBUG org.eclipse.jetty.servlet.ServletHandler - filterNameMap={org.eclipse.jetty.servlets.CrossOriginFilter-2580b6c8=org.eclipse.jetty.servlets.CrossOriginFilter-2580b6c8@2580b6c8==org.eclipse.jetty.servlets.CrossOriginFilter,inst=false,async=true}
16:26:55.879 [qtp1632589739-16] DEBUG org.eclipse.jetty.util.thread.QueuedThreadPool - Runner started for QueuedThreadPool[qtp1632589739]@614f57ab{STARTED,8<=8<=14,i=8,r=1,q=0}[ReservedThreadExecutor@59e1dd5c{s=0/1,p=0}]
16:26:55.881 [qtp1632589739-17] DEBUG org.eclipse.jetty.util.thread.QueuedThreadPool - Runner started for QueuedThreadPool[qtp1632589739]@614f57ab{STARTED,8<=8<=14,i=8,r=1,q=0}[ReservedThreadExecutor@59e1dd5c{s=0/1,p=0}]
16:26:55.881 [Test worker] INFO org.eclipse.jetty.util.TypeUtil - JVM Runtime does not support Modules
16:26:55.884 [qtp1632589739-18] DEBUG org.eclipse.jetty.util.thread.QueuedThreadPool - Runner started for QueuedThreadPool[qtp1632589739]@614f57ab{STARTED,8<=8<=14,i=8,r=1,q=0}[ReservedThreadExecutor@59e1dd5c{s=0/1,p=0}]
16:26:55.892 [qtp1632589739-19] DEBUG org.eclipse.jetty.util.thread.QueuedThreadPool - Runner started for QueuedThreadPool[qtp1632589739]@614f57ab{STARTED,8<=8<=14,i=8,r=1,q=0}[ReservedThreadExecutor@59e1dd5c{s=0/1,p=0}]
16:26:55.894 [qtp1632589739-20] DEBUG org.eclipse.jetty.util.thread.QueuedThreadPool - Runner started for QueuedThreadPool[qtp1632589739]@614f57ab{STARTED,8<=8<=14,i=8,r=1,q=0}[ReservedThreadExecutor@59e1dd5c{s=0/1,p=0}]
16:26:55.894 [qtp1632589739-21] DEBUG org.eclipse.jetty.util.thread.QueuedThreadPool - Runner started for QueuedThreadPool[qtp1632589739]@614f57ab{STARTED,8<=8<=14,i=8,r=1,q=0}[ReservedThreadExecutor@59e1dd5c{s=0/1,p=0}]
16:26:55.894 [Test worker] DEBUG org.eclipse.jetty.servlet.ServletHandler - pathFilters=[[/*]/[]/[REQUEST]=>org.eclipse.jetty.servlets.CrossOriginFilter-2580b6c8]
16:26:55.895 [Test worker] DEBUG org.eclipse.jetty.servlet.ServletHandler - servletFilterMap={}
16:26:55.895 [Test worker] DEBUG org.eclipse.jetty.servlet.ServletHandler - servletPathMap=PathMappings[size=3]
16:26:55.896 [Test worker] DEBUG org.eclipse.jetty.servlet.ServletHandler - servletNameMap={org.eclipse.jetty.servlet.DefaultServlet-affeab9=org.eclipse.jetty.servlet.DefaultServlet-affeab9@22365315==org.eclipse.jetty.servlet.DefaultServlet,jsp=null,order=-1,inst=false,async=true, com.github.tomakehurst.wiremock.servlet.WireMockHandlerDispatchingServlet-37ae8c4b=com.github.tomakehurst.wiremock.servlet.WireMockHandlerDispatchingServlet-37ae8c4b@18ecea6f==com.github.tomakehurst.wiremock.servlet.WireMockHandlerDispatchingServlet,jsp=null,order=-1,inst=false,async=true, org.eclipse.jetty.servlet.DefaultServlet-362523af=org.eclipse.jetty.servlet.DefaultServlet-362523af@337c722b==org.eclipse.jetty.servlet.DefaultServlet,jsp=null,order=-1,inst=false,async=true}
16:26:55.897 [Test worker] DEBUG org.eclipse.jetty.server.handler.AbstractHandler - starting ServletHandler@2b5d510c{STARTING}
16:26:55.897 [Test worker] DEBUG org.eclipse.jetty.util.component.AbstractLifeCycle - STARTED @5605ms ServletHandler@2b5d510c{STARTED}
16:26:55.898 [Test worker] DEBUG org.eclipse.jetty.util.component.AbstractLifeCycle - starting org.eclipse.jetty.servlets.CrossOriginFilter-2580b6c8@2580b6c8==org.eclipse.jetty.servlets.CrossOriginFilter,inst=false,async=true
16:26:55.899 [Test worker] DEBUG org.eclipse.jetty.util.component.AbstractLifeCycle - STARTED @5607ms org.eclipse.jetty.servlets.CrossOriginFilter-2580b6c8@2580b6c8==org.eclipse.jetty.servlets.CrossOriginFilter,inst=false,async=true
16:26:55.903 [Test worker] DEBUG org.eclipse.jetty.servlet.FilterHolder - Filter.init org.eclipse.jetty.servlets.CrossOriginFilter@307f256
16:26:55.911 [Test worker] DEBUG org.eclipse.jetty.servlets.CrossOriginFilter - Cross-origin filter configuration: allowedOrigins = *, allowedTimingOrigins = null, allowedMethods = OPTIONS,GET,POST,PUT,PATCH,DELETE, allowedHeaders = X-Requested-With,Content-Type,Accept,Origin,Authorization, preflightMaxAge = 1800, allowCredentials = true,exposedHeaders = ,chainPreflight = false
16:26:55.920 [Test worker] DEBUG org.eclipse.jetty.util.component.AbstractLifeCycle - starting com.github.tomakehurst.wiremock.servlet.WireMockHandlerDispatchingServlet-37ae8c4b@18ecea6f==com.github.tomakehurst.wiremock.servlet.WireMockHandlerDispatchingServlet,jsp=null,order=-1,inst=false,async=true
16:26:55.925 [Test worker] DEBUG org.eclipse.jetty.util.component.AbstractLifeCycle - STARTED @5633ms com.github.tomakehurst.wiremock.servlet.WireMockHandlerDispatchingServlet-37ae8c4b@18ecea6f==com.github.tomakehurst.wiremock.servlet.WireMockHandlerDispatchingServlet,jsp=null,order=-1,inst=false,async=true
16:26:55.929 [Test worker] DEBUG org.eclipse.jetty.util.component.AbstractLifeCycle - starting org.eclipse.jetty.servlet.DefaultServlet-362523af@337c722b==org.eclipse.jetty.servlet.DefaultServlet,jsp=null,order=-1,inst=false,async=true
16:26:55.966 [Test worker] DEBUG org.eclipse.jetty.util.component.AbstractLifeCycle - STARTED @5675ms org.eclipse.jetty.servlet.DefaultServlet-362523af@337c722b==org.eclipse.jetty.servlet.DefaultServlet,jsp=null,order=-1,inst=false,async=true
16:26:55.973 [Test worker] DEBUG org.eclipse.jetty.util.component.AbstractLifeCycle - starting org.eclipse.jetty.servlet.DefaultServlet-affeab9@22365315==org.eclipse.jetty.servlet.DefaultServlet,jsp=null,order=-1,inst=false,async=true
16:26:55.976 [Test worker] DEBUG org.eclipse.jetty.util.component.AbstractLifeCycle - STARTED @5684ms org.eclipse.jetty.servlet.DefaultServlet-affeab9@22365315==org.eclipse.jetty.servlet.DefaultServlet,jsp=null,order=-1,inst=false,async=true
16:26:55.978 [Test worker] INFO org.eclipse.jetty.server.handler.ContextHandler - Started o.e.j.s.ServletContextHandler@e768979{/__admin,null,AVAILABLE}
16:26:55.978 [Test worker] DEBUG org.eclipse.jetty.util.component.AbstractLifeCycle - STARTED @5687ms o.e.j.s.ServletContextHandler@e768979{/__admin,null,AVAILABLE}
16:26:55.979 [Test worker] DEBUG org.eclipse.jetty.util.component.AbstractLifeCycle - starting GzipHandler@462dfd49{STOPPED,min=32,inflate=-1}
16:26:55.983 [Test worker] DEBUG org.eclipse.jetty.server.handler.AbstractHandler - starting GzipHandler@462dfd49{STARTING,min=32,inflate=-1}
16:26:55.983 [Test worker] DEBUG org.eclipse.jetty.util.component.AbstractLifeCycle - starting o.e.j.s.ServletContextHandler@62aa673{/,null,UNAVAILABLE}
16:26:55.985 [Test worker] DEBUG org.eclipse.jetty.server.handler.AbstractHandler - starting o.e.j.s.ServletContextHandler@62aa673{/,null,STARTING}
16:26:55.986 [Test worker] DEBUG org.eclipse.jetty.util.component.AbstractLifeCycle - starting ServletHandler@20e3458d{STOPPED}
16:26:55.987 [Test worker] DEBUG org.eclipse.jetty.servlet.ServletHandler - Path=/__files/*[EMBEDDED:null] mapped to servlet=org.eclipse.jetty.servlet.DefaultServlet-6dc53be8[EMBEDDED:null]
16:26:55.988 [Test worker] DEBUG org.eclipse.jetty.http.pathmap.PathMappings - Added MappedResource[pathSpec=ServletPathSpec["/__files/*",pathDepth=2,group=PREFIX_GLOB],resource=org.eclipse.jetty.servlet.DefaultServlet-6dc53be8@401d3a01==org.eclipse.jetty.servlet.DefaultServlet,jsp=null,order=-1,inst=false,async=true] to PathMappings[size=1]
16:26:55.990 [Test worker] DEBUG org.eclipse.jetty.servlet.ServletHandler - Path=/[EMBEDDED:null] mapped to servlet=com.github.tomakehurst.wiremock.servlet.WireMockHandlerDispatchingServlet-6314bf08[EMBEDDED:null]
16:26:55.993 [Test worker] DEBUG org.eclipse.jetty.http.pathmap.PathMappings - Added MappedResource[pathSpec=ServletPathSpec["/",pathDepth=-1,group=DEFAULT],resource=com.github.tomakehurst.wiremock.servlet.WireMockHandlerDispatchingServlet-6314bf08@286f88ba==com.github.tomakehurst.wiremock.servlet.WireMockHandlerDispatchingServlet,jsp=null,order=-1,inst=false,async=true] to PathMappings[size=2]
16:26:55.996 [Test worker] DEBUG org.eclipse.jetty.servlet.ServletHandler - filterNameMap={com.github.tomakehurst.wiremock.servlet.TrailingSlashFilter-6b90312d=com.github.tomakehurst.wiremock.servlet.TrailingSlashFilter-6b90312d@6b90312d==com.github.tomakehurst.wiremock.servlet.TrailingSlashFilter,inst=false,async=true, com.github.tomakehurst.wiremock.servlet.ContentTypeSettingFilter-160048de=com.github.tomakehurst.wiremock.servlet.ContentTypeSettingFilter-160048de@160048de==com.github.tomakehurst.wiremock.servlet.ContentTypeSettingFilter,inst=false,async=true}
16:26:56.010 [Test worker] DEBUG org.eclipse.jetty.servlet.ServletHandler - pathFilters=[[/__files/*]/[]/[FORWARD]=>com.github.tomakehurst.wiremock.servlet.ContentTypeSettingFilter-160048de, [/__files/*]/[]/[ASYNC, REQUEST, FORWARD, ERROR, INCLUDE]=>com.github.tomakehurst.wiremock.servlet.TrailingSlashFilter-6b90312d]
16:26:56.015 [Test worker] DEBUG org.eclipse.jetty.servlet.ServletHandler - servletFilterMap={}
16:26:56.020 [Test worker] DEBUG org.eclipse.jetty.servlet.ServletHandler - servletPathMap=PathMappings[size=2]
16:26:56.023 [Test worker] DEBUG org.eclipse.jetty.servlet.ServletHandler - servletNameMap={com.github.tomakehurst.wiremock.servlet.WireMockHandlerDispatchingServlet-6314bf08=com.github.tomakehurst.wiremock.servlet.WireMockHandlerDispatchingServlet-6314bf08@286f88ba==com.github.tomakehurst.wiremock.servlet.WireMockHandlerDispatchingServlet,jsp=null,order=-1,inst=false,async=true, org.eclipse.jetty.servlet.DefaultServlet-6dc53be8=org.eclipse.jetty.servlet.DefaultServlet-6dc53be8@401d3a01==org.eclipse.jetty.servlet.DefaultServlet,jsp=null,order=-1,inst=false,async=true}
16:26:56.031 [Test worker] DEBUG org.eclipse.jetty.server.handler.AbstractHandler - starting ServletHandler@20e3458d{STARTING}
16:26:56.035 [Test worker] DEBUG org.eclipse.jetty.util.component.AbstractLifeCycle - STARTED @5743ms ServletHandler@20e3458d{STARTED}
16:26:56.037 [Test worker] DEBUG org.eclipse.jetty.util.component.AbstractLifeCycle - starting NotFoundHandler@2543480f{STOPPED}
16:26:56.047 [Test worker] DEBUG org.eclipse.jetty.server.handler.AbstractHandler - starting NotFoundHandler@2543480f{STARTING}
16:26:56.049 [Test worker] DEBUG org.eclipse.jetty.util.component.AbstractLifeCycle - STARTED @5758ms NotFoundHandler@2543480f{STARTED}
16:26:56.058 [Test worker] DEBUG org.eclipse.jetty.util.component.AbstractLifeCycle - starting com.github.tomakehurst.wiremock.servlet.ContentTypeSettingFilter-160048de@160048de==com.github.tomakehurst.wiremock.servlet.ContentTypeSettingFilter,inst=false,async=true
16:26:56.060 [Test worker] DEBUG org.eclipse.jetty.util.component.AbstractLifeCycle - STARTED @5768ms com.github.tomakehurst.wiremock.servlet.ContentTypeSettingFilter-160048de@160048de==com.github.tomakehurst.wiremock.servlet.ContentTypeSettingFilter,inst=false,async=true
16:26:56.061 [Test worker] DEBUG org.eclipse.jetty.servlet.FilterHolder - Filter.init com.github.tomakehurst.wiremock.servlet.ContentTypeSettingFilter@fbe5e3c
16:26:56.063 [Test worker] DEBUG org.eclipse.jetty.util.component.AbstractLifeCycle - starting com.github.tomakehurst.wiremock.servlet.TrailingSlashFilter-6b90312d@6b90312d==com.github.tomakehurst.wiremock.servlet.TrailingSlashFilter,inst=false,async=true
16:26:56.068 [Test worker] DEBUG org.eclipse.jetty.util.component.AbstractLifeCycle - STARTED @5776ms com.github.tomakehurst.wiremock.servlet.TrailingSlashFilter-6b90312d@6b90312d==com.github.tomakehurst.wiremock.servlet.TrailingSlashFilter,inst=false,async=true
16:26:56.071 [Test worker] DEBUG org.eclipse.jetty.servlet.FilterHolder - Filter.init com.github.tomakehurst.wiremock.servlet.TrailingSlashFilter@6854d7a6
16:26:56.072 [Test worker] DEBUG org.eclipse.jetty.util.component.AbstractLifeCycle - starting com.github.tomakehurst.wiremock.servlet.WireMockHandlerDispatchingServlet-6314bf08@286f88ba==com.github.tomakehurst.wiremock.servlet.WireMockHandlerDispatchingServlet,jsp=null,order=-1,inst=false,async=true
16:26:56.073 [Test worker] DEBUG org.eclipse.jetty.util.component.AbstractLifeCycle - STARTED @5782ms com.github.tomakehurst.wiremock.servlet.WireMockHandlerDispatchingServlet-6314bf08@286f88ba==com.github.tomakehurst.wiremock.servlet.WireMockHandlerDispatchingServlet,jsp=null,order=-1,inst=false,async=true
16:26:56.077 [Test worker] DEBUG org.eclipse.jetty.util.component.AbstractLifeCycle - starting org.eclipse.jetty.servlet.DefaultServlet-6dc53be8@401d3a01==org.eclipse.jetty.servlet.DefaultServlet,jsp=null,order=-1,inst=false,async=true
16:26:56.078 [Test worker] DEBUG org.eclipse.jetty.util.component.AbstractLifeCycle - STARTED @5786ms org.eclipse.jetty.servlet.DefaultServlet-6dc53be8@401d3a01==org.eclipse.jetty.servlet.DefaultServlet,jsp=null,order=-1,inst=false,async=true
16:26:56.079 [Test worker] INFO org.eclipse.jetty.server.handler.ContextHandler - Started o.e.j.s.ServletContextHandler@62aa673{/,null,AVAILABLE}
16:26:56.085 [Test worker] DEBUG org.eclipse.jetty.util.component.AbstractLifeCycle - STARTED @5793ms o.e.j.s.ServletContextHandler@62aa673{/,null,AVAILABLE}
16:26:56.096 [Test worker] DEBUG org.eclipse.jetty.util.component.AbstractLifeCycle - STARTED @5795ms GzipHandler@462dfd49{STARTED,min=32,inflate=-1}
16:26:56.097 [Test worker] DEBUG org.eclipse.jetty.util.component.AbstractLifeCycle - STARTED @5805ms HandlerCollection@79b0fabc{STARTED}
16:26:56.098 [Test worker] DEBUG org.eclipse.jetty.util.component.AbstractLifeCycle - starting ErrorHandler@5bef55ec{STOPPED}
16:26:56.098 [Test worker] DEBUG org.eclipse.jetty.server.handler.AbstractHandler - starting ErrorHandler@5bef55ec{STARTING}
16:26:56.099 [Test worker] DEBUG org.eclipse.jetty.util.component.AbstractLifeCycle - STARTED @5807ms ErrorHandler@5bef55ec{STARTED}
16:26:56.100 [Test worker] DEBUG org.eclipse.jetty.util.component.AbstractLifeCycle - starting NetworkTrafficServerConnector@2ffc5e49{HTTP/1.1,[http/1.1]}{0.0.0.0:8085}
16:26:56.102 [Test worker] DEBUG org.eclipse.jetty.util.component.ContainerLifeCycle - NetworkTrafficServerConnector@2ffc5e49{HTTP/1.1,[http/1.1]}{0.0.0.0:8085} added {sun.nio.ch.ServerSocketChannelImpl[/0:0:0:0:0:0:0:0:8085],POJO}
16:26:56.104 [Test worker] DEBUG org.eclipse.jetty.util.component.AbstractLifeCycle - starting ScheduledExecutorScheduler@43330547{STOPPED}
16:26:56.109 [Test worker] DEBUG org.eclipse.jetty.util.component.AbstractLifeCycle - STARTED @5817ms ScheduledExecutorScheduler@43330547{STARTED}
16:26:56.188 [Test worker] DEBUG org.eclipse.jetty.util.component.AbstractLifeCycle - starting HttpConnectionFactory@bfe05e2[HTTP/1.1]
16:26:56.189 [Test worker] DEBUG org.eclipse.jetty.util.component.AbstractLifeCycle - STARTED @5897ms HttpConnectionFactory@bfe05e2[HTTP/1.1]
16:26:56.190 [Test worker] DEBUG org.eclipse.jetty.util.component.AbstractLifeCycle - starting SelectorManager@NetworkTrafficServerConnector@2ffc5e49{HTTP/1.1,[http/1.1]}{0.0.0.0:8085}
16:26:56.282 [Test worker] DEBUG org.eclipse.jetty.util.component.ContainerLifeCycle - EatWhatYouKill@118ee46a/SelectorProducer@5cbc12/IDLE/p=false/QueuedThreadPool[qtp1632589739]@614f57ab{STARTED,8<=8<=14,i=8,r=1,q=0}[ReservedThreadExecutor@59e1dd5c{s=0/1,p=0}][pc=0,pic=0,pec=0,epc=0]@2020-02-02T16:26:56.253+02:00 added {SelectorProducer@5cbc12,POJO}
16:26:56.287 [Test worker] DEBUG org.eclipse.jetty.util.component.ContainerLifeCycle - EatWhatYouKill@118ee46a/SelectorProducer@5cbc12/IDLE/p=false/QueuedThreadPool[qtp1632589739]@614f57ab{STARTED,8<=8<=14,i=8,r=1,q=0}[ReservedThreadExecutor@59e1dd5c{s=0/1,p=0}][pc=0,pic=0,pec=0,epc=0]@2020-02-02T16:26:56.285+02:00 added {QueuedThreadPool[qtp1632589739]@614f57ab{STARTED,8<=8<=14,i=8,r=1,q=0}[ReservedThreadExecutor@59e1dd5c{s=0/1,p=0}],UNMANAGED}
16:26:56.287 [Test worker] DEBUG org.eclipse.jetty.util.thread.strategy.EatWhatYouKill - EatWhatYouKill@118ee46a/SelectorProducer@5cbc12/IDLE/p=false/QueuedThreadPool[qtp1632589739]@614f57ab{STARTED,8<=8<=14,i=8,r=1,q=0}[ReservedThreadExecutor@59e1dd5c{s=0/1,p=0}][pc=0,pic=0,pec=0,epc=0]@2020-02-02T16:26:56.287+02:00 created
16:26:56.288 [Test worker] DEBUG org.eclipse.jetty.util.component.ContainerLifeCycle - ManagedSelector@64dfdac1{STOPPED} id=0 keys=-1 selected=-1 updates=0 added {EatWhatYouKill@118ee46a/SelectorProducer@5cbc12/IDLE/p=false/QueuedThreadPool[qtp1632589739]@614f57ab{STARTED,8<=8<=14,i=8,r=1,q=0}[ReservedThreadExecutor@59e1dd5c{s=0/1,p=0}][pc=0,pic=0,pec=0,epc=0]@2020-02-02T16:26:56.288+02:00,MANAGED}
16:26:56.291 [Test worker] DEBUG org.eclipse.jetty.util.component.ContainerLifeCycle - SelectorManager@NetworkTrafficServerConnector@2ffc5e49{HTTP/1.1,[http/1.1]}{0.0.0.0:8085} added {ManagedSelector@64dfdac1{STOPPED} id=0 keys=-1 selected=-1 updates=0,AUTO}
16:26:56.295 [Test worker] DEBUG org.eclipse.jetty.util.component.ContainerLifeCycle - EatWhatYouKill@7d026ad4/SelectorProducer@73550add/IDLE/p=false/QueuedThreadPool[qtp1632589739]@614f57ab{STARTED,8<=8<=14,i=8,r=1,q=0}[ReservedThreadExecutor@59e1dd5c{s=0/1,p=0}][pc=0,pic=0,pec=0,epc=0]@2020-02-02T16:26:56.295+02:00 added {SelectorProducer@73550add,POJO}
16:26:56.300 [Test worker] DEBUG org.eclipse.jetty.util.component.ContainerLifeCycle - EatWhatYouKill@7d026ad4/SelectorProducer@73550add/IDLE/p=false/QueuedThreadPool[qtp1632589739]@614f57ab{STARTED,8<=8<=14,i=8,r=1,q=0}[ReservedThreadExecutor@59e1dd5c{s=0/1,p=0}][pc=0,pic=0,pec=0,epc=0]@2020-02-02T16:26:56.3+02:00 added {QueuedThreadPool[qtp1632589739]@614f57ab{STARTED,8<=8<=14,i=8,r=1,q=0}[ReservedThreadExecutor@59e1dd5c{s=0/1,p=0}],UNMANAGED}
16:26:56.303 [Test worker] DEBUG org.eclipse.jetty.util.thread.strategy.EatWhatYouKill - EatWhatYouKill@7d026ad4/SelectorProducer@73550add/IDLE/p=false/QueuedThreadPool[qtp1632589739]@614f57ab{STARTED,8<=8<=14,i=8,r=1,q=0}[ReservedThreadExecutor@59e1dd5c{s=0/1,p=0}][pc=0,pic=0,pec=0,epc=0]@2020-02-02T16:26:56.303+02:00 created
16:26:56.308 [Test worker] DEBUG org.eclipse.jetty.util.component.ContainerLifeCycle - ManagedSelector@2d933be0{STOPPED} id=1 keys=-1 selected=-1 updates=0 added {EatWhatYouKill@7d026ad4/SelectorProducer@73550add/IDLE/p=false/QueuedThreadPool[qtp1632589739]@614f57ab{STARTED,8<=8<=14,i=8,r=1,q=0}[ReservedThreadExecutor@59e1dd5c{s=0/1,p=0}][pc=0,pic=0,pec=0,epc=0]@2020-02-02T16:26:56.308+02:00,MANAGED}
16:26:56.310 [Test worker] DEBUG org.eclipse.jetty.util.component.ContainerLifeCycle - SelectorManager@NetworkTrafficServerConnector@2ffc5e49{HTTP/1.1,[http/1.1]}{0.0.0.0:8085} added {ManagedSelector@2d933be0{STOPPED} id=1 keys=-1 selected=-1 updates=0,AUTO}
16:26:56.315 [Test worker] DEBUG org.eclipse.jetty.util.component.AbstractLifeCycle - starting ManagedSelector@64dfdac1{STOPPED} id=0 keys=-1 selected=-1 updates=0
16:26:56.318 [Test worker] DEBUG org.eclipse.jetty.util.component.AbstractLifeCycle - starting EatWhatYouKill@118ee46a/SelectorProducer@5cbc12/IDLE/p=false/QueuedThreadPool[qtp1632589739]@614f57ab{STARTED,8<=8<=14,i=8,r=1,q=0}[ReservedThreadExecutor@59e1dd5c{s=0/1,p=0}][pc=0,pic=0,pec=0,epc=0]@2020-02-02T16:26:56.317+02:00
16:26:56.320 [Test worker] DEBUG org.eclipse.jetty.util.component.AbstractLifeCycle - STARTED @6027ms EatWhatYouKill@118ee46a/SelectorProducer@5cbc12/IDLE/p=false/QueuedThreadPool[qtp1632589739]@614f57ab{STARTED,8<=8<=14,i=8,r=1,q=0}[ReservedThreadExecutor@59e1dd5c{s=0/1,p=0}][pc=0,pic=0,pec=0,epc=0]@2020-02-02T16:26:56.32+02:00
16:26:56.324 [qtp1632589739-14] DEBUG org.eclipse.jetty.util.thread.QueuedThreadPool - run org.eclipse.jetty.io.ManagedSelector$$Lambda$318/1497005487@1fed7393 in QueuedThreadPool[qtp1632589739]@614f57ab{STARTED,8<=8<=14,i=7,r=1,q=0}[ReservedThreadExecutor@59e1dd5c{s=0/1,p=0}]
16:26:56.324 [qtp1632589739-14] DEBUG org.eclipse.jetty.util.thread.strategy.EatWhatYouKill - EatWhatYouKill@118ee46a/SelectorProducer@5cbc12/IDLE/p=false/QueuedThreadPool[qtp1632589739]@614f57ab{STARTED,8<=8<=14,i=7,r=1,q=0}[ReservedThreadExecutor@59e1dd5c{s=0/1,p=0}][pc=0,pic=0,pec=0,epc=0]@2020-02-02T16:26:56.324+02:00 tryProduce false
16:26:56.331 [qtp1632589739-14] DEBUG org.eclipse.jetty.io.ManagedSelector - updateable 0
16:26:56.331 [qtp1632589739-14] DEBUG org.eclipse.jetty.io.ManagedSelector - updates 0
16:26:56.331 [qtp1632589739-14] DEBUG org.eclipse.jetty.io.ManagedSelector - Selector sun.nio.ch.WindowsSelectorImpl@30387b6a waiting with 0 keys
16:26:56.335 [Test worker] DEBUG org.eclipse.jetty.util.thread.QueuedThreadPool - queue org.eclipse.jetty.io.ManagedSelector$$Lambda$318/1497005487@1fed7393 startThread=0
16:26:56.337 [Test worker] DEBUG org.eclipse.jetty.io.ManagedSelector - Queued change org.eclipse.jetty.io.ManagedSelector$Start@2e287b7 on ManagedSelector@64dfdac1{STARTING} id=0 keys=0 selected=0 updates=0
16:26:56.339 [Test worker] DEBUG org.eclipse.jetty.io.ManagedSelector - Wakeup on submit ManagedSelector@64dfdac1{STARTING} id=0 keys=0 selected=0 updates=1
16:26:56.342 [qtp1632589739-14] DEBUG org.eclipse.jetty.io.ManagedSelector - Selector sun.nio.ch.WindowsSelectorImpl@30387b6a woken with none selected
16:26:56.342 [qtp1632589739-14] DEBUG org.eclipse.jetty.io.ManagedSelector - Selector sun.nio.ch.WindowsSelectorImpl@30387b6a woken up from select, 0/0/0 selected
16:26:56.342 [qtp1632589739-14] DEBUG org.eclipse.jetty.io.ManagedSelector - Selector sun.nio.ch.WindowsSelectorImpl@30387b6a processing 0 keys, 1 updates
16:26:56.342 [qtp1632589739-14] DEBUG org.eclipse.jetty.io.ManagedSelector - updateable 1
16:26:56.342 [qtp1632589739-14] DEBUG org.eclipse.jetty.io.ManagedSelector - update org.eclipse.jetty.io.ManagedSelector$Start@2e287b7
16:26:56.343 [qtp1632589739-14] DEBUG org.eclipse.jetty.io.ManagedSelector - updates 0
16:26:56.343 [qtp1632589739-14] DEBUG org.eclipse.jetty.io.ManagedSelector - Selector sun.nio.ch.WindowsSelectorImpl@30387b6a waiting with 0 keys
16:26:56.352 [Test worker] DEBUG org.eclipse.jetty.util.component.AbstractLifeCycle - STARTED @6060ms ManagedSelector@64dfdac1{STARTED} id=0 keys=0 selected=0 updates=0
16:26:56.353 [Test worker] DEBUG org.eclipse.jetty.util.component.AbstractLifeCycle - starting ManagedSelector@2d933be0{STOPPED} id=1 keys=-1 selected=-1 updates=0
16:26:56.355 [Test worker] DEBUG org.eclipse.jetty.util.component.AbstractLifeCycle - starting EatWhatYouKill@7d026ad4/SelectorProducer@73550add/IDLE/p=false/QueuedThreadPool[qtp1632589739]@614f57ab{STARTED,8<=8<=14,i=7,r=1,q=0}[ReservedThreadExecutor@59e1dd5c{s=0/1,p=0}][pc=0,pic=0,pec=0,epc=0]@2020-02-02T16:26:56.355+02:00
16:26:56.357 [Test worker] DEBUG org.eclipse.jetty.util.component.AbstractLifeCycle - STARTED @6064ms EatWhatYouKill@7d026ad4/SelectorProducer@73550add/IDLE/p=false/QueuedThreadPool[qtp1632589739]@614f57ab{STARTED,8<=8<=14,i=7,r=1,q=0}[ReservedThreadExecutor@59e1dd5c{s=0/1,p=0}][pc=0,pic=0,pec=0,epc=0]@2020-02-02T16:26:56.356+02:00
16:26:56.359 [qtp1632589739-15] DEBUG org.eclipse.jetty.util.thread.QueuedThreadPool - run org.eclipse.jetty.io.ManagedSelector$$Lambda$318/1497005487@52ee669d in QueuedThreadPool[qtp1632589739]@614f57ab{STARTED,8<=8<=14,i=6,r=1,q=0}[ReservedThreadExecutor@59e1dd5c{s=0/1,p=0}]
16:26:56.360 [qtp1632589739-15] DEBUG org.eclipse.jetty.util.thread.strategy.EatWhatYouKill - EatWhatYouKill@7d026ad4/SelectorProducer@73550add/IDLE/p=false/QueuedThreadPool[qtp1632589739]@614f57ab{STARTED,8<=8<=14,i=6,r=1,q=0}[ReservedThreadExecutor@59e1dd5c{s=0/1,p=0}][pc=0,pic=0,pec=0,epc=0]@2020-02-02T16:26:56.36+02:00 tryProduce false
16:26:56.360 [qtp1632589739-15] DEBUG org.eclipse.jetty.io.ManagedSelector - updateable 0
16:26:56.360 [qtp1632589739-15] DEBUG org.eclipse.jetty.io.ManagedSelector - updates 0
16:26:56.360 [qtp1632589739-15] DEBUG org.eclipse.jetty.io.ManagedSelector - Selector sun.nio.ch.WindowsSelectorImpl@5c2982b0 waiting with 0 keys
16:26:56.375 [Test worker] DEBUG org.eclipse.jetty.util.thread.QueuedThreadPool - queue org.eclipse.jetty.io.ManagedSelector$$Lambda$318/1497005487@52ee669d startThread=0
16:26:56.376 [Test worker] DEBUG org.eclipse.jetty.io.ManagedSelector - Queued change org.eclipse.jetty.io.ManagedSelector$Start@361af030 on ManagedSelector@2d933be0{STARTING} id=1 keys=0 selected=0 updates=0
16:26:56.377 [Test worker] DEBUG org.eclipse.jetty.io.ManagedSelector - Wakeup on submit ManagedSelector@2d933be0{STARTING} id=1 keys=0 selected=0 updates=1
16:26:56.378 [qtp1632589739-15] DEBUG org.eclipse.jetty.io.ManagedSelector - Selector sun.nio.ch.WindowsSelectorImpl@5c2982b0 woken with none selected
16:26:56.379 [qtp1632589739-15] DEBUG org.eclipse.jetty.io.ManagedSelector - Selector sun.nio.ch.WindowsSelectorImpl@5c2982b0 woken up from select, 0/0/0 selected
16:26:56.379 [qtp1632589739-15] DEBUG org.eclipse.jetty.io.ManagedSelector - Selector sun.nio.ch.WindowsSelectorImpl@5c2982b0 processing 0 keys, 1 updates
16:26:56.379 [qtp1632589739-15] DEBUG org.eclipse.jetty.io.ManagedSelector - updateable 1
16:26:56.379 [qtp1632589739-15] DEBUG org.eclipse.jetty.io.ManagedSelector - update org.eclipse.jetty.io.ManagedSelector$Start@361af030
16:26:56.379 [qtp1632589739-15] DEBUG org.eclipse.jetty.io.ManagedSelector - updates 0
16:26:56.379 [qtp1632589739-15] DEBUG org.eclipse.jetty.io.ManagedSelector - Selector sun.nio.ch.WindowsSelectorImpl@5c2982b0 waiting with 0 keys
16:26:56.380 [Test worker] DEBUG org.eclipse.jetty.util.component.AbstractLifeCycle - STARTED @6089ms ManagedSelector@2d933be0{STARTED} id=1 keys=0 selected=0 updates=0
16:26:56.381 [Test worker] DEBUG org.eclipse.jetty.util.component.AbstractLifeCycle - STARTED @6089ms SelectorManager@NetworkTrafficServerConnector@2ffc5e49{HTTP/1.1,[http/1.1]}{0.0.0.0:8085}
16:26:56.383 [Test worker] DEBUG org.eclipse.jetty.util.component.ContainerLifeCycle - NetworkTrafficServerConnector@2ffc5e49{HTTP/1.1,[http/1.1]}{0.0.0.0:8085} added {acceptor-0@1a949226,POJO}
16:26:56.387 [Test worker] DEBUG org.eclipse.jetty.util.thread.QueuedThreadPool - queue acceptor-0@1a949226 startThread=0
16:26:56.387 [Test worker] DEBUG org.eclipse.jetty.util.component.ContainerLifeCycle - NetworkTrafficServerConnector@2ffc5e49{HTTP/1.1,[http/1.1]}{0.0.0.0:8085} added {acceptor-1@7b6e6a34,POJO}
16:26:56.387 [Test worker] DEBUG org.eclipse.jetty.util.thread.QueuedThreadPool - queue acceptor-1@7b6e6a34 startThread=0
16:26:56.387 [Test worker] DEBUG org.eclipse.jetty.util.component.ContainerLifeCycle - NetworkTrafficServerConnector@2ffc5e49{HTTP/1.1,[http/1.1]}{0.0.0.0:8085} added {acceptor-2@7867a65f,POJO}
16:26:56.387 [Test worker] DEBUG org.eclipse.jetty.util.thread.QueuedThreadPool - queue acceptor-2@7867a65f startThread=0
16:26:56.388 [Test worker] INFO org.eclipse.jetty.server.AbstractConnector - Started NetworkTrafficServerConnector@2ffc5e49{HTTP/1.1,[http/1.1]}{0.0.0.0:8085}
16:26:56.388 [Test worker] DEBUG org.eclipse.jetty.util.component.AbstractLifeCycle - STARTED @6096ms NetworkTrafficServerConnector@2ffc5e49{HTTP/1.1,[http/1.1]}{0.0.0.0:8085}
16:26:56.388 [Test worker] INFO org.eclipse.jetty.server.Server - Started @6097ms
16:26:56.388 [Test worker] DEBUG org.eclipse.jetty.util.component.AbstractLifeCycle - STARTED @6097ms Server@38fd082b{STARTED}[9.4.24.v20191120]
16:26:56.390 [qtp1632589739-16] DEBUG org.eclipse.jetty.util.thread.QueuedThreadPool - run acceptor-0@1a949226 in QueuedThreadPool[qtp1632589739]@614f57ab{STARTED,8<=8<=14,i=3,r=1,q=0}[ReservedThreadExecutor@59e1dd5c{s=0/1,p=0}]
16:26:56.390 [qtp1632589739-17] DEBUG org.eclipse.jetty.util.thread.QueuedThreadPool - run acceptor-1@7b6e6a34 in QueuedThreadPool[qtp1632589739]@614f57ab{STARTED,8<=8<=14,i=3,r=1,q=0}[ReservedThreadExecutor@59e1dd5c{s=0/1,p=0}]
16:26:56.391 [qtp1632589739-18] DEBUG org.eclipse.jetty.util.thread.QueuedThreadPool - run acceptor-2@7867a65f in QueuedThreadPool[qtp1632589739]@614f57ab{STARTED,8<=8<=14,i=3,r=1,q=0}[ReservedThreadExecutor@59e1dd5c{s=0/1,p=0}]
16:26:56.606 [Test worker] DEBUG org.springframework.test.context.support.TestPropertySourceUtils - Adding inlined properties to environment: {spring.jmx.enabled=false, org.springframework.boot.test.context.SpringBootTestContextBootstrapper=true, server.port=-1}

  .   ____          _            __ _ _
 /\\ / ___'_ __ _ _(_)_ __  __ _ \ \ \ \
( ( )\___ | '_ | '_| | '_ \/ _` | \ \ \ \
 \\/  ___)| |_)| | | | | || (_| |  ) ) ) )
  '  |____| .__|_| |_|_| |_\__, | / / / /
 =========|_|==============|___/=/_/_/_/
 :: Spring Boot ::        (v2.2.2.RELEASE)

2020-02-02 16:26:57.370  INFO 19868 --- [    Test worker] c.e.groupservice.client.UserClientTest   : Starting UserClientTest on furious with PID 19868 (started by liuty in C:\Users\liuty\IdeaProjects\liutyi-payment-splitter-master\GroupService)
2020-02-02 16:26:57.373  INFO 19868 --- [    Test worker] c.e.groupservice.client.UserClientTest   : No active profile set, falling back to default profiles: default
2020-02-02 16:27:00.572  INFO 19868 --- [    Test worker] .s.d.r.c.RepositoryConfigurationDelegate : Bootstrapping Spring Data JPA repositories in DEFAULT mode.
2020-02-02 16:27:00.913  INFO 19868 --- [    Test worker] .s.d.r.c.RepositoryConfigurationDelegate : Finished Spring Data repository scanning in 283ms. Found 2 JPA repository interfaces.
2020-02-02 16:27:03.080  INFO 19868 --- [    Test worker] trationDelegate$BeanPostProcessorChecker : Bean 'org.springframework.transaction.annotation.ProxyTransactionManagementConfiguration' of type [org.springframework.transaction.annotation.ProxyTransactionManagementConfiguration] is not eligible for getting processed by all BeanPostProcessors (for example: not eligible for auto-proxying)
2020-02-02 16:27:03.773  INFO 19868 --- [    Test worker] o.hibernate.jpa.internal.util.LogHelper  : HHH000204: Processing PersistenceUnitInfo [name: default]
2020-02-02 16:27:03.978  INFO 19868 --- [    Test worker] org.hibernate.Version                    : HHH000412: Hibernate Core {5.4.9.Final}
2020-02-02 16:27:04.098  INFO 19868 --- [    Test worker] o.hibernate.annotations.common.Version   : HCANN000001: Hibernate Commons Annotations {5.1.0.Final}
2020-02-02 16:27:04.480  INFO 19868 --- [    Test worker] com.zaxxer.hikari.HikariDataSource       : HikariPool-1 - Starting...
2020-02-02 16:27:04.989  INFO 19868 --- [    Test worker] com.zaxxer.hikari.HikariDataSource       : HikariPool-1 - Start completed.
2020-02-02 16:27:05.107  INFO 19868 --- [    Test worker] org.hibernate.dialect.Dialect            : HHH000400: Using dialect: org.hibernate.dialect.H2Dialect
2020-02-02 16:27:07.003  INFO 19868 --- [    Test worker] o.h.e.t.j.p.i.JtaPlatformInitiator       : HHH000490: Using JtaPlatform implementation: [org.hibernate.engine.transaction.jta.platform.internal.NoJtaPlatform]
2020-02-02 16:27:07.023  INFO 19868 --- [    Test worker] j.LocalContainerEntityManagerFactoryBean : Initialized JPA EntityManagerFactory for persistence unit 'default'
2020-02-02 16:27:08.677  WARN 19868 --- [    Test worker] JpaBaseConfiguration$JpaWebConfiguration : spring.jpa.open-in-view is enabled by default. Therefore, database queries may be performed during view rendering. Explicitly configure spring.jpa.open-in-view to disable this warning
2020-02-02 16:27:09.665  INFO 19868 --- [    Test worker] o.s.b.a.e.web.EndpointLinksResolver      : Exposing 2 endpoint(s) beneath base path '/actuator'
2020-02-02 16:27:10.145  INFO 19868 --- [    Test worker] pertySourcedRequestMappingHandlerMapping : Mapped URL path [/v2/api-docs] onto method [springfox.documentation.swagger2.web.Swagger2Controller#getDocumentation(String, HttpServletRequest)]
2020-02-02 16:27:10.505  INFO 19868 --- [    Test worker] .s.s.UserDetailsServiceAutoConfiguration : 

Using generated security password: 2f969cfd-807b-472d-97d0-311585a2741f

2020-02-02 16:27:10.708  INFO 19868 --- [    Test worker] o.s.s.web.DefaultSecurityFilterChain     : Creating filter chain: Ant [pattern='/v2/api-docs'], []
2020-02-02 16:27:10.708  INFO 19868 --- [    Test worker] o.s.s.web.DefaultSecurityFilterChain     : Creating filter chain: Ant [pattern='/swagger-resources'], []
2020-02-02 16:27:10.709  INFO 19868 --- [    Test worker] o.s.s.web.DefaultSecurityFilterChain     : Creating filter chain: Ant [pattern='/swagger-resources/**'], []
2020-02-02 16:27:10.709  INFO 19868 --- [    Test worker] o.s.s.web.DefaultSecurityFilterChain     : Creating filter chain: Ant [pattern='/configuration/ui'], []
2020-02-02 16:27:10.709  INFO 19868 --- [    Test worker] o.s.s.web.DefaultSecurityFilterChain     : Creating filter chain: Ant [pattern='/configuration/security'], []
2020-02-02 16:27:10.709  INFO 19868 --- [    Test worker] o.s.s.web.DefaultSecurityFilterChain     : Creating filter chain: Ant [pattern='/swagger-ui.html'], []
2020-02-02 16:27:10.709  INFO 19868 --- [    Test worker] o.s.s.web.DefaultSecurityFilterChain     : Creating filter chain: Ant [pattern='/webjars/**'], []
2020-02-02 16:27:10.960  INFO 19868 --- [    Test worker] o.s.s.web.DefaultSecurityFilterChain     : Creating filter chain: any request, [org.springframework.security.web.context.request.async.WebAsyncManagerIntegrationFilter@4492e173, org.springframework.security.web.context.SecurityContextPersistenceFilter@22c0070c, org.springframework.security.web.header.HeaderWriterFilter@5344acaa, org.springframework.security.web.authentication.logout.LogoutFilter@5bc8ef58, com.eleks.common.security.AuthRequestFilter@30de5161, org.springframework.security.web.savedrequest.RequestCacheAwareFilter@39f94ee1, org.springframework.security.web.servletapi.SecurityContextHolderAwareRequestFilter@6542165, org.springframework.security.web.authentication.AnonymousAuthenticationFilter@58b32526, org.springframework.security.web.session.SessionManagementFilter@4a1eb01a, org.springframework.security.web.access.ExceptionTranslationFilter@3294bea4, org.springframework.security.web.access.intercept.FilterSecurityInterceptor@1946feba]
2020-02-02 16:27:11.972  INFO 19868 --- [    Test worker] o.s.s.concurrent.ThreadPoolTaskExecutor  : Initializing ExecutorService 'applicationTaskExecutor'
2020-02-02 16:27:13.380  INFO 19868 --- [    Test worker] d.s.w.p.DocumentationPluginsBootstrapper : Context refreshed
2020-02-02 16:27:13.411  INFO 19868 --- [    Test worker] d.s.w.p.DocumentationPluginsBootstrapper : Found 1 custom documentation plugin(s)
2020-02-02 16:27:13.485  INFO 19868 --- [    Test worker] s.d.s.w.s.ApiListingReferenceScanner     : Scanning for api listing references
2020-02-02 16:27:13.928  INFO 19868 --- [    Test worker] .d.s.w.r.o.CachingOperationNameGenerator : Generating unique operation named: handleUsingGET_1
2020-02-02 16:27:13.932  INFO 19868 --- [    Test worker] .d.s.w.r.o.CachingOperationNameGenerator : Generating unique operation named: handleUsingGET_2
2020-02-02 16:27:14.049  INFO 19868 --- [    Test worker] c.e.groupservice.client.UserClientTest   : Started UserClientTest in 17.417 seconds (JVM running for 23.757)
2020-02-02 16:27:14.653  INFO 19868 --- [tp1632589739-21] o.e.j.s.handler.ContextHandler.ROOT      : RequestHandlerClass from context returned com.github.tomakehurst.wiremock.http.StubRequestHandler. Normalized mapped under returned 'null'
2020-02-02 16:27:15.224  INFO 19868 --- [    Test worker] c.eleks.groupservice.client.UserClient   : Client error during request to UserService

org.springframework.web.client.HttpClientErrorException$BadRequest: 400 Bad Request: [no body]
	at org.springframework.web.client.HttpClientErrorException.create(HttpClientErrorException.java:101) ~[spring-web-5.2.2.RELEASE.jar:5.2.2.RELEASE]
	at org.springframework.web.client.DefaultResponseErrorHandler.handleError(DefaultResponseErrorHandler.java:170) ~[spring-web-5.2.2.RELEASE.jar:5.2.2.RELEASE]
	at org.springframework.web.client.DefaultResponseErrorHandler.handleError(DefaultResponseErrorHandler.java:112) ~[spring-web-5.2.2.RELEASE.jar:5.2.2.RELEASE]
	at org.springframework.web.client.ResponseErrorHandler.handleError(ResponseErrorHandler.java:63) ~[spring-web-5.2.2.RELEASE.jar:5.2.2.RELEASE]
	at org.springframework.web.client.RestTemplate.handleResponse(RestTemplate.java:785) ~[spring-web-5.2.2.RELEASE.jar:5.2.2.RELEASE]
	at org.springframework.web.client.RestTemplate.doExecute(RestTemplate.java:743) ~[spring-web-5.2.2.RELEASE.jar:5.2.2.RELEASE]
	at org.springframework.web.client.RestTemplate.execute(RestTemplate.java:677) ~[spring-web-5.2.2.RELEASE.jar:5.2.2.RELEASE]
	at org.springframework.web.client.RestTemplate.exchange(RestTemplate.java:586) ~[spring-web-5.2.2.RELEASE.jar:5.2.2.RELEASE]
	at com.eleks.groupservice.client.UserClient.getUsersFromUserService(UserClient.java:59) ~[main/:na]
	at com.eleks.groupservice.client.UserClient.getUsersByIds(UserClient.java:46) ~[main/:na]
	at com.eleks.groupservice.client.UserClientTest.getUsersByIds_ServiceReturnsBadRequest_ShouldReturnEmptyList(UserClientTest.java:158) [test/:na]
	at sun.reflect.NativeMethodAccessorImpl.invoke0(Native Method) ~[na:1.8.0_181]
	at sun.reflect.NativeMethodAccessorImpl.invoke(NativeMethodAccessorImpl.java:62) ~[na:1.8.0_181]
	at sun.reflect.DelegatingMethodAccessorImpl.invoke(DelegatingMethodAccessorImpl.java:43) ~[na:1.8.0_181]
	at java.lang.reflect.Method.invoke(Method.java:498) ~[na:1.8.0_181]
	at org.junit.platform.commons.util.ReflectionUtils.invokeMethod(ReflectionUtils.java:675) [junit-platform-commons-1.5.2.jar:1.5.2]
	at org.junit.jupiter.engine.execution.MethodInvocation.proceed(MethodInvocation.java:60) [junit-jupiter-engine-5.5.2.jar:5.5.2]
	at org.junit.jupiter.engine.execution.InvocationInterceptorChain$ValidatingInvocation.proceed(InvocationInterceptorChain.java:125) [junit-jupiter-engine-5.5.2.jar:5.5.2]
	at org.junit.jupiter.engine.extension.TimeoutExtension.intercept(TimeoutExtension.java:132) [junit-jupiter-engine-5.5.2.jar:5.5.2]
	at org.junit.jupiter.engine.extension.TimeoutExtension.interceptTestableMethod(TimeoutExtension.java:124) [junit-jupiter-engine-5.5.2.jar:5.5.2]
	at org.junit.jupiter.engine.extension.TimeoutExtension.interceptTestMethod(TimeoutExtension.java:74) [junit-jupiter-engine-5.5.2.jar:5.5.2]
	at org.junit.jupiter.engine.execution.ExecutableInvoker$ReflectiveInterceptorCall.lambda$ofVoidMethod$0(ExecutableInvoker.java:115) ~[junit-jupiter-engine-5.5.2.jar:5.5.2]
	at org.junit.jupiter.engine.execution.ExecutableInvoker.lambda$invoke$0(ExecutableInvoker.java:105) ~[junit-jupiter-engine-5.5.2.jar:5.5.2]
	at org.junit.jupiter.engine.execution.InvocationInterceptorChain$InterceptedInvocation.proceed(InvocationInterceptorChain.java:104) ~[junit-jupiter-engine-5.5.2.jar:5.5.2]
	at org.junit.jupiter.engine.execution.InvocationInterceptorChain.proceed(InvocationInterceptorChain.java:62) ~[junit-jupiter-engine-5.5.2.jar:5.5.2]
	at org.junit.jupiter.engine.execution.InvocationInterceptorChain.chainAndInvoke(InvocationInterceptorChain.java:43) ~[junit-jupiter-engine-5.5.2.jar:5.5.2]
	at org.junit.jupiter.engine.execution.InvocationInterceptorChain.invoke(InvocationInterceptorChain.java:35) ~[junit-jupiter-engine-5.5.2.jar:5.5.2]
	at org.junit.jupiter.engine.execution.ExecutableInvoker.invoke(ExecutableInvoker.java:104) ~[junit-jupiter-engine-5.5.2.jar:5.5.2]
	at org.junit.jupiter.engine.execution.ExecutableInvoker.invoke(ExecutableInvoker.java:98) ~[junit-jupiter-engine-5.5.2.jar:5.5.2]
	at org.junit.jupiter.engine.descriptor.TestMethodTestDescriptor.lambda$invokeTestMethod$6(TestMethodTestDescriptor.java:202) ~[junit-jupiter-engine-5.5.2.jar:5.5.2]
	at org.junit.platform.engine.support.hierarchical.ThrowableCollector.execute(ThrowableCollector.java:73) ~[junit-platform-engine-1.5.2.jar:1.5.2]
	at org.junit.jupiter.engine.descriptor.TestMethodTestDescriptor.invokeTestMethod(TestMethodTestDescriptor.java:198) ~[junit-jupiter-engine-5.5.2.jar:5.5.2]
	at org.junit.jupiter.engine.descriptor.TestMethodTestDescriptor.execute(TestMethodTestDescriptor.java:135) ~[junit-jupiter-engine-5.5.2.jar:5.5.2]
	at org.junit.jupiter.engine.descriptor.TestMethodTestDescriptor.execute(TestMethodTestDescriptor.java:69) ~[junit-jupiter-engine-5.5.2.jar:5.5.2]
	at org.junit.platform.engine.support.hierarchical.NodeTestTask.lambda$executeRecursively$5(NodeTestTask.java:135) ~[junit-platform-engine-1.5.2.jar:1.5.2]
	at org.junit.platform.engine.support.hierarchical.ThrowableCollector.execute(ThrowableCollector.java:73) ~[junit-platform-engine-1.5.2.jar:1.5.2]
	at org.junit.platform.engine.support.hierarchical.NodeTestTask.lambda$executeRecursively$7(NodeTestTask.java:125) ~[junit-platform-engine-1.5.2.jar:1.5.2]
	at org.junit.platform.engine.support.hierarchical.Node.around(Node.java:135) ~[junit-platform-engine-1.5.2.jar:1.5.2]
	at org.junit.platform.engine.support.hierarchical.NodeTestTask.lambda$executeRecursively$8(NodeTestTask.java:123) ~[junit-platform-engine-1.5.2.jar:1.5.2]
	at org.junit.platform.engine.support.hierarchical.ThrowableCollector.execute(ThrowableCollector.java:73) ~[junit-platform-engine-1.5.2.jar:1.5.2]
	at org.junit.platform.engine.support.hierarchical.NodeTestTask.executeRecursively(NodeTestTask.java:122) ~[junit-platform-engine-1.5.2.jar:1.5.2]
	at org.junit.platform.engine.support.hierarchical.NodeTestTask.execute(NodeTestTask.java:80) ~[junit-platform-engine-1.5.2.jar:1.5.2]
	at java.util.ArrayList.forEach(ArrayList.java:1257) ~[na:1.8.0_181]
	at org.junit.platform.engine.support.hierarchical.SameThreadHierarchicalTestExecutorService.invokeAll(SameThreadHierarchicalTestExecutorService.java:38) ~[junit-platform-engine-1.5.2.jar:1.5.2]
	at org.junit.platform.engine.support.hierarchical.NodeTestTask.lambda$executeRecursively$5(NodeTestTask.java:139) ~[junit-platform-engine-1.5.2.jar:1.5.2]
	at org.junit.platform.engine.support.hierarchical.ThrowableCollector.execute(ThrowableCollector.java:73) ~[junit-platform-engine-1.5.2.jar:1.5.2]
	at org.junit.platform.engine.support.hierarchical.NodeTestTask.lambda$executeRecursively$7(NodeTestTask.java:125) ~[junit-platform-engine-1.5.2.jar:1.5.2]
	at org.junit.platform.engine.support.hierarchical.Node.around(Node.java:135) ~[junit-platform-engine-1.5.2.jar:1.5.2]
	at org.junit.platform.engine.support.hierarchical.NodeTestTask.lambda$executeRecursively$8(NodeTestTask.java:123) ~[junit-platform-engine-1.5.2.jar:1.5.2]
	at org.junit.platform.engine.support.hierarchical.ThrowableCollector.execute(ThrowableCollector.java:73) ~[junit-platform-engine-1.5.2.jar:1.5.2]
	at org.junit.platform.engine.support.hierarchical.NodeTestTask.executeRecursively(NodeTestTask.java:122) ~[junit-platform-engine-1.5.2.jar:1.5.2]
	at org.junit.platform.engine.support.hierarchical.NodeTestTask.execute(NodeTestTask.java:80) ~[junit-platform-engine-1.5.2.jar:1.5.2]
	at java.util.ArrayList.forEach(ArrayList.java:1257) ~[na:1.8.0_181]
	at org.junit.platform.engine.support.hierarchical.SameThreadHierarchicalTestExecutorService.invokeAll(SameThreadHierarchicalTestExecutorService.java:38) ~[junit-platform-engine-1.5.2.jar:1.5.2]
	at org.junit.platform.engine.support.hierarchical.NodeTestTask.lambda$executeRecursively$5(NodeTestTask.java:139) ~[junit-platform-engine-1.5.2.jar:1.5.2]
	at org.junit.platform.engine.support.hierarchical.ThrowableCollector.execute(ThrowableCollector.java:73) ~[junit-platform-engine-1.5.2.jar:1.5.2]
	at org.junit.platform.engine.support.hierarchical.NodeTestTask.lambda$executeRecursively$7(NodeTestTask.java:125) ~[junit-platform-engine-1.5.2.jar:1.5.2]
	at org.junit.platform.engine.support.hierarchical.Node.around(Node.java:135) ~[junit-platform-engine-1.5.2.jar:1.5.2]
	at org.junit.platform.engine.support.hierarchical.NodeTestTask.lambda$executeRecursively$8(NodeTestTask.java:123) ~[junit-platform-engine-1.5.2.jar:1.5.2]
	at org.junit.platform.engine.support.hierarchical.ThrowableCollector.execute(ThrowableCollector.java:73) ~[junit-platform-engine-1.5.2.jar:1.5.2]
	at org.junit.platform.engine.support.hierarchical.NodeTestTask.executeRecursively(NodeTestTask.java:122) ~[junit-platform-engine-1.5.2.jar:1.5.2]
	at org.junit.platform.engine.support.hierarchical.NodeTestTask.execute(NodeTestTask.java:80) ~[junit-platform-engine-1.5.2.jar:1.5.2]
	at org.junit.platform.engine.support.hierarchical.SameThreadHierarchicalTestExecutorService.submit(SameThreadHierarchicalTestExecutorService.java:32) ~[junit-platform-engine-1.5.2.jar:1.5.2]
	at org.junit.platform.engine.support.hierarchical.HierarchicalTestExecutor.execute(HierarchicalTestExecutor.java:57) ~[junit-platform-engine-1.5.2.jar:1.5.2]
	at org.junit.platform.engine.support.hierarchical.HierarchicalTestEngine.execute(HierarchicalTestEngine.java:51) ~[junit-platform-engine-1.5.2.jar:1.5.2]
	at org.junit.platform.launcher.core.DefaultLauncher.execute(DefaultLauncher.java:220) ~[na:na]
	at org.junit.platform.launcher.core.DefaultLauncher.lambda$execute$6(DefaultLauncher.java:188) ~[na:na]
	at org.junit.platform.launcher.core.DefaultLauncher.withInterceptedStreams(DefaultLauncher.java:202) ~[na:na]
	at org.junit.platform.launcher.core.DefaultLauncher.execute(DefaultLauncher.java:181) ~[na:na]
	at org.junit.platform.launcher.core.DefaultLauncher.execute(DefaultLauncher.java:128) ~[na:na]
	at org.gradle.api.internal.tasks.testing.junitplatform.JUnitPlatformTestClassProcessor$CollectAllTestClassesExecutor.processAllTestClasses(JUnitPlatformTestClassProcessor.java:102) ~[na:na]
	at org.gradle.api.internal.tasks.testing.junitplatform.JUnitPlatformTestClassProcessor$CollectAllTestClassesExecutor.access$000(JUnitPlatformTestClassProcessor.java:82) ~[na:na]
	at org.gradle.api.internal.tasks.testing.junitplatform.JUnitPlatformTestClassProcessor.stop(JUnitPlatformTestClassProcessor.java:78) ~[na:na]
	at org.gradle.api.internal.tasks.testing.SuiteTestClassProcessor.stop(SuiteTestClassProcessor.java:61) ~[na:na]
	at sun.reflect.NativeMethodAccessorImpl.invoke0(Native Method) ~[na:1.8.0_181]
	at sun.reflect.NativeMethodAccessorImpl.invoke(NativeMethodAccessorImpl.java:62) ~[na:1.8.0_181]
	at sun.reflect.DelegatingMethodAccessorImpl.invoke(DelegatingMethodAccessorImpl.java:43) ~[na:1.8.0_181]
	at java.lang.reflect.Method.invoke(Method.java:498) ~[na:1.8.0_181]
	at org.gradle.internal.dispatch.ReflectionDispatch.dispatch(ReflectionDispatch.java:35) ~[na:na]
	at org.gradle.internal.dispatch.ReflectionDispatch.dispatch(ReflectionDispatch.java:24) ~[na:na]
	at org.gradle.internal.dispatch.ContextClassLoaderDispatch.dispatch(ContextClassLoaderDispatch.java:32) ~[na:na]
	at org.gradle.internal.dispatch.ProxyDispatchAdapter$DispatchingInvocationHandler.invoke(ProxyDispatchAdapter.java:93) ~[na:na]
	at com.sun.proxy.$Proxy2.stop(Unknown Source) ~[na:na]
	at org.gradle.api.internal.tasks.testing.worker.TestWorker.stop(TestWorker.java:132) ~[na:na]
	at sun.reflect.NativeMethodAccessorImpl.invoke0(Native Method) ~[na:1.8.0_181]
	at sun.reflect.NativeMethodAccessorImpl.invoke(NativeMethodAccessorImpl.java:62) ~[na:1.8.0_181]
	at sun.reflect.DelegatingMethodAccessorImpl.invoke(DelegatingMethodAccessorImpl.java:43) ~[na:1.8.0_181]
	at java.lang.reflect.Method.invoke(Method.java:498) ~[na:1.8.0_181]
	at org.gradle.internal.dispatch.ReflectionDispatch.dispatch(ReflectionDispatch.java:35) ~[na:na]
	at org.gradle.internal.dispatch.ReflectionDispatch.dispatch(ReflectionDispatch.java:24) ~[na:na]
	at org.gradle.internal.remote.internal.hub.MessageHubBackedObjectConnection$DispatchWrapper.dispatch(MessageHubBackedObjectConnection.java:175) ~[na:na]
	at org.gradle.internal.remote.internal.hub.MessageHubBackedObjectConnection$DispatchWrapper.dispatch(MessageHubBackedObjectConnection.java:157) ~[na:na]
	at org.gradle.internal.remote.internal.hub.MessageHub$Handler.run(MessageHub.java:404) ~[na:na]
	at org.gradle.internal.concurrent.ExecutorPolicy$CatchAndRecordFailures.onExecute(ExecutorPolicy.java:63) ~[na:na]
	at org.gradle.internal.concurrent.ManagedExecutorImpl$1.run(ManagedExecutorImpl.java:46) ~[na:na]
	at java.util.concurrent.ThreadPoolExecutor.runWorker(ThreadPoolExecutor.java:1149) ~[na:1.8.0_181]
	at java.util.concurrent.ThreadPoolExecutor$Worker.run(ThreadPoolExecutor.java:624) ~[na:1.8.0_181]
	at org.gradle.internal.concurrent.ThreadFactoryImpl$ManagedThreadRunnable.run(ThreadFactoryImpl.java:55) ~[na:na]
	at java.lang.Thread.run(Thread.java:748) ~[na:1.8.0_181]

2020-02-02 16:27:15.648  INFO 19868 --- [    Test worker] c.eleks.groupservice.client.UserClient   : Server error during request to UserService
2020-02-02 16:27:15.775  INFO 19868 --- [    Test worker] c.eleks.groupservice.client.UserClient   : Client error during request to UserService

org.springframework.web.client.HttpClientErrorException$BadRequest: 400 Bad Request: [no body]
	at org.springframework.web.client.HttpClientErrorException.create(HttpClientErrorException.java:101) ~[spring-web-5.2.2.RELEASE.jar:5.2.2.RELEASE]
	at org.springframework.web.client.DefaultResponseErrorHandler.handleError(DefaultResponseErrorHandler.java:170) ~[spring-web-5.2.2.RELEASE.jar:5.2.2.RELEASE]
	at org.springframework.web.client.DefaultResponseErrorHandler.handleError(DefaultResponseErrorHandler.java:112) ~[spring-web-5.2.2.RELEASE.jar:5.2.2.RELEASE]
	at org.springframework.web.client.ResponseErrorHandler.handleError(ResponseErrorHandler.java:63) ~[spring-web-5.2.2.RELEASE.jar:5.2.2.RELEASE]
	at org.springframework.web.client.RestTemplate.handleResponse(RestTemplate.java:785) ~[spring-web-5.2.2.RELEASE.jar:5.2.2.RELEASE]
	at org.springframework.web.client.RestTemplate.doExecute(RestTemplate.java:743) ~[spring-web-5.2.2.RELEASE.jar:5.2.2.RELEASE]
	at org.springframework.web.client.RestTemplate.execute(RestTemplate.java:677) ~[spring-web-5.2.2.RELEASE.jar:5.2.2.RELEASE]
	at org.springframework.web.client.RestTemplate.exchange(RestTemplate.java:586) ~[spring-web-5.2.2.RELEASE.jar:5.2.2.RELEASE]
	at com.eleks.groupservice.client.UserClient.getUsersFromUserService(UserClient.java:59) ~[main/:na]
	at com.eleks.groupservice.client.UserClient.areUserIdsValid(UserClient.java:37) ~[main/:na]
	at com.eleks.groupservice.client.UserClientTest.areUserIdsValid_ServiceReturnsBadRequest_ShouldReturnFalse(UserClientTest.java:101) [test/:na]
	at sun.reflect.NativeMethodAccessorImpl.invoke0(Native Method) ~[na:1.8.0_181]
	at sun.reflect.NativeMethodAccessorImpl.invoke(NativeMethodAccessorImpl.java:62) ~[na:1.8.0_181]
	at sun.reflect.DelegatingMethodAccessorImpl.invoke(DelegatingMethodAccessorImpl.java:43) ~[na:1.8.0_181]
	at java.lang.reflect.Method.invoke(Method.java:498) ~[na:1.8.0_181]
	at org.junit.platform.commons.util.ReflectionUtils.invokeMethod(ReflectionUtils.java:675) [junit-platform-commons-1.5.2.jar:1.5.2]
	at org.junit.jupiter.engine.execution.MethodInvocation.proceed(MethodInvocation.java:60) [junit-jupiter-engine-5.5.2.jar:5.5.2]
	at org.junit.jupiter.engine.execution.InvocationInterceptorChain$ValidatingInvocation.proceed(InvocationInterceptorChain.java:125) [junit-jupiter-engine-5.5.2.jar:5.5.2]
	at org.junit.jupiter.engine.extension.TimeoutExtension.intercept(TimeoutExtension.java:132) [junit-jupiter-engine-5.5.2.jar:5.5.2]
	at org.junit.jupiter.engine.extension.TimeoutExtension.interceptTestableMethod(TimeoutExtension.java:124) [junit-jupiter-engine-5.5.2.jar:5.5.2]
	at org.junit.jupiter.engine.extension.TimeoutExtension.interceptTestMethod(TimeoutExtension.java:74) [junit-jupiter-engine-5.5.2.jar:5.5.2]
	at org.junit.jupiter.engine.execution.ExecutableInvoker$ReflectiveInterceptorCall.lambda$ofVoidMethod$0(ExecutableInvoker.java:115) ~[junit-jupiter-engine-5.5.2.jar:5.5.2]
	at org.junit.jupiter.engine.execution.ExecutableInvoker.lambda$invoke$0(ExecutableInvoker.java:105) ~[junit-jupiter-engine-5.5.2.jar:5.5.2]
	at org.junit.jupiter.engine.execution.InvocationInterceptorChain$InterceptedInvocation.proceed(InvocationInterceptorChain.java:104) ~[junit-jupiter-engine-5.5.2.jar:5.5.2]
	at org.junit.jupiter.engine.execution.InvocationInterceptorChain.proceed(InvocationInterceptorChain.java:62) ~[junit-jupiter-engine-5.5.2.jar:5.5.2]
	at org.junit.jupiter.engine.execution.InvocationInterceptorChain.chainAndInvoke(InvocationInterceptorChain.java:43) ~[junit-jupiter-engine-5.5.2.jar:5.5.2]
	at org.junit.jupiter.engine.execution.InvocationInterceptorChain.invoke(InvocationInterceptorChain.java:35) ~[junit-jupiter-engine-5.5.2.jar:5.5.2]
	at org.junit.jupiter.engine.execution.ExecutableInvoker.invoke(ExecutableInvoker.java:104) ~[junit-jupiter-engine-5.5.2.jar:5.5.2]
	at org.junit.jupiter.engine.execution.ExecutableInvoker.invoke(ExecutableInvoker.java:98) ~[junit-jupiter-engine-5.5.2.jar:5.5.2]
	at org.junit.jupiter.engine.descriptor.TestMethodTestDescriptor.lambda$invokeTestMethod$6(TestMethodTestDescriptor.java:202) ~[junit-jupiter-engine-5.5.2.jar:5.5.2]
	at org.junit.platform.engine.support.hierarchical.ThrowableCollector.execute(ThrowableCollector.java:73) ~[junit-platform-engine-1.5.2.jar:1.5.2]
	at org.junit.jupiter.engine.descriptor.TestMethodTestDescriptor.invokeTestMethod(TestMethodTestDescriptor.java:198) ~[junit-jupiter-engine-5.5.2.jar:5.5.2]
	at org.junit.jupiter.engine.descriptor.TestMethodTestDescriptor.execute(TestMethodTestDescriptor.java:135) ~[junit-jupiter-engine-5.5.2.jar:5.5.2]
	at org.junit.jupiter.engine.descriptor.TestMethodTestDescriptor.execute(TestMethodTestDescriptor.java:69) ~[junit-jupiter-engine-5.5.2.jar:5.5.2]
	at org.junit.platform.engine.support.hierarchical.NodeTestTask.lambda$executeRecursively$5(NodeTestTask.java:135) ~[junit-platform-engine-1.5.2.jar:1.5.2]
	at org.junit.platform.engine.support.hierarchical.ThrowableCollector.execute(ThrowableCollector.java:73) ~[junit-platform-engine-1.5.2.jar:1.5.2]
	at org.junit.platform.engine.support.hierarchical.NodeTestTask.lambda$executeRecursively$7(NodeTestTask.java:125) ~[junit-platform-engine-1.5.2.jar:1.5.2]
	at org.junit.platform.engine.support.hierarchical.Node.around(Node.java:135) ~[junit-platform-engine-1.5.2.jar:1.5.2]
	at org.junit.platform.engine.support.hierarchical.NodeTestTask.lambda$executeRecursively$8(NodeTestTask.java:123) ~[junit-platform-engine-1.5.2.jar:1.5.2]
	at org.junit.platform.engine.support.hierarchical.ThrowableCollector.execute(ThrowableCollector.java:73) ~[junit-platform-engine-1.5.2.jar:1.5.2]
	at org.junit.platform.engine.support.hierarchical.NodeTestTask.executeRecursively(NodeTestTask.java:122) ~[junit-platform-engine-1.5.2.jar:1.5.2]
	at org.junit.platform.engine.support.hierarchical.NodeTestTask.execute(NodeTestTask.java:80) ~[junit-platform-engine-1.5.2.jar:1.5.2]
	at java.util.ArrayList.forEach(ArrayList.java:1257) ~[na:1.8.0_181]
	at org.junit.platform.engine.support.hierarchical.SameThreadHierarchicalTestExecutorService.invokeAll(SameThreadHierarchicalTestExecutorService.java:38) ~[junit-platform-engine-1.5.2.jar:1.5.2]
	at org.junit.platform.engine.support.hierarchical.NodeTestTask.lambda$executeRecursively$5(NodeTestTask.java:139) ~[junit-platform-engine-1.5.2.jar:1.5.2]
	at org.junit.platform.engine.support.hierarchical.ThrowableCollector.execute(ThrowableCollector.java:73) ~[junit-platform-engine-1.5.2.jar:1.5.2]
	at org.junit.platform.engine.support.hierarchical.NodeTestTask.lambda$executeRecursively$7(NodeTestTask.java:125) ~[junit-platform-engine-1.5.2.jar:1.5.2]
	at org.junit.platform.engine.support.hierarchical.Node.around(Node.java:135) ~[junit-platform-engine-1.5.2.jar:1.5.2]
	at org.junit.platform.engine.support.hierarchical.NodeTestTask.lambda$executeRecursively$8(NodeTestTask.java:123) ~[junit-platform-engine-1.5.2.jar:1.5.2]
	at org.junit.platform.engine.support.hierarchical.ThrowableCollector.execute(ThrowableCollector.java:73) ~[junit-platform-engine-1.5.2.jar:1.5.2]
	at org.junit.platform.engine.support.hierarchical.NodeTestTask.executeRecursively(NodeTestTask.java:122) ~[junit-platform-engine-1.5.2.jar:1.5.2]
	at org.junit.platform.engine.support.hierarchical.NodeTestTask.execute(NodeTestTask.java:80) ~[junit-platform-engine-1.5.2.jar:1.5.2]
	at java.util.ArrayList.forEach(ArrayList.java:1257) ~[na:1.8.0_181]
	at org.junit.platform.engine.support.hierarchical.SameThreadHierarchicalTestExecutorService.invokeAll(SameThreadHierarchicalTestExecutorService.java:38) ~[junit-platform-engine-1.5.2.jar:1.5.2]
	at org.junit.platform.engine.support.hierarchical.NodeTestTask.lambda$executeRecursively$5(NodeTestTask.java:139) ~[junit-platform-engine-1.5.2.jar:1.5.2]
	at org.junit.platform.engine.support.hierarchical.ThrowableCollector.execute(ThrowableCollector.java:73) ~[junit-platform-engine-1.5.2.jar:1.5.2]
	at org.junit.platform.engine.support.hierarchical.NodeTestTask.lambda$executeRecursively$7(NodeTestTask.java:125) ~[junit-platform-engine-1.5.2.jar:1.5.2]
	at org.junit.platform.engine.support.hierarchical.Node.around(Node.java:135) ~[junit-platform-engine-1.5.2.jar:1.5.2]
	at org.junit.platform.engine.support.hierarchical.NodeTestTask.lambda$executeRecursively$8(NodeTestTask.java:123) ~[junit-platform-engine-1.5.2.jar:1.5.2]
	at org.junit.platform.engine.support.hierarchical.ThrowableCollector.execute(ThrowableCollector.java:73) ~[junit-platform-engine-1.5.2.jar:1.5.2]
	at org.junit.platform.engine.support.hierarchical.NodeTestTask.executeRecursively(NodeTestTask.java:122) ~[junit-platform-engine-1.5.2.jar:1.5.2]
	at org.junit.platform.engine.support.hierarchical.NodeTestTask.execute(NodeTestTask.java:80) ~[junit-platform-engine-1.5.2.jar:1.5.2]
	at org.junit.platform.engine.support.hierarchical.SameThreadHierarchicalTestExecutorService.submit(SameThreadHierarchicalTestExecutorService.java:32) ~[junit-platform-engine-1.5.2.jar:1.5.2]
	at org.junit.platform.engine.support.hierarchical.HierarchicalTestExecutor.execute(HierarchicalTestExecutor.java:57) ~[junit-platform-engine-1.5.2.jar:1.5.2]
	at org.junit.platform.engine.support.hierarchical.HierarchicalTestEngine.execute(HierarchicalTestEngine.java:51) ~[junit-platform-engine-1.5.2.jar:1.5.2]
	at org.junit.platform.launcher.core.DefaultLauncher.execute(DefaultLauncher.java:220) ~[na:na]
	at org.junit.platform.launcher.core.DefaultLauncher.lambda$execute$6(DefaultLauncher.java:188) ~[na:na]
	at org.junit.platform.launcher.core.DefaultLauncher.withInterceptedStreams(DefaultLauncher.java:202) ~[na:na]
	at org.junit.platform.launcher.core.DefaultLauncher.execute(DefaultLauncher.java:181) ~[na:na]
	at org.junit.platform.launcher.core.DefaultLauncher.execute(DefaultLauncher.java:128) ~[na:na]
	at org.gradle.api.internal.tasks.testing.junitplatform.JUnitPlatformTestClassProcessor$CollectAllTestClassesExecutor.processAllTestClasses(JUnitPlatformTestClassProcessor.java:102) ~[na:na]
	at org.gradle.api.internal.tasks.testing.junitplatform.JUnitPlatformTestClassProcessor$CollectAllTestClassesExecutor.access$000(JUnitPlatformTestClassProcessor.java:82) ~[na:na]
	at org.gradle.api.internal.tasks.testing.junitplatform.JUnitPlatformTestClassProcessor.stop(JUnitPlatformTestClassProcessor.java:78) ~[na:na]
	at org.gradle.api.internal.tasks.testing.SuiteTestClassProcessor.stop(SuiteTestClassProcessor.java:61) ~[na:na]
	at sun.reflect.NativeMethodAccessorImpl.invoke0(Native Method) ~[na:1.8.0_181]
	at sun.reflect.NativeMethodAccessorImpl.invoke(NativeMethodAccessorImpl.java:62) ~[na:1.8.0_181]
	at sun.reflect.DelegatingMethodAccessorImpl.invoke(DelegatingMethodAccessorImpl.java:43) ~[na:1.8.0_181]
	at java.lang.reflect.Method.invoke(Method.java:498) ~[na:1.8.0_181]
	at org.gradle.internal.dispatch.ReflectionDispatch.dispatch(ReflectionDispatch.java:35) ~[na:na]
	at org.gradle.internal.dispatch.ReflectionDispatch.dispatch(ReflectionDispatch.java:24) ~[na:na]
	at org.gradle.internal.dispatch.ContextClassLoaderDispatch.dispatch(ContextClassLoaderDispatch.java:32) ~[na:na]
	at org.gradle.internal.dispatch.ProxyDispatchAdapter$DispatchingInvocationHandler.invoke(ProxyDispatchAdapter.java:93) ~[na:na]
	at com.sun.proxy.$Proxy2.stop(Unknown Source) ~[na:na]
	at org.gradle.api.internal.tasks.testing.worker.TestWorker.stop(TestWorker.java:132) ~[na:na]
	at sun.reflect.NativeMethodAccessorImpl.invoke0(Native Method) ~[na:1.8.0_181]
	at sun.reflect.NativeMethodAccessorImpl.invoke(NativeMethodAccessorImpl.java:62) ~[na:1.8.0_181]
	at sun.reflect.DelegatingMethodAccessorImpl.invoke(DelegatingMethodAccessorImpl.java:43) ~[na:1.8.0_181]
	at java.lang.reflect.Method.invoke(Method.java:498) ~[na:1.8.0_181]
	at org.gradle.internal.dispatch.ReflectionDispatch.dispatch(ReflectionDispatch.java:35) ~[na:na]
	at org.gradle.internal.dispatch.ReflectionDispatch.dispatch(ReflectionDispatch.java:24) ~[na:na]
	at org.gradle.internal.remote.internal.hub.MessageHubBackedObjectConnection$DispatchWrapper.dispatch(MessageHubBackedObjectConnection.java:175) ~[na:na]
	at org.gradle.internal.remote.internal.hub.MessageHubBackedObjectConnection$DispatchWrapper.dispatch(MessageHubBackedObjectConnection.java:157) ~[na:na]
	at org.gradle.internal.remote.internal.hub.MessageHub$Handler.run(MessageHub.java:404) ~[na:na]
	at org.gradle.internal.concurrent.ExecutorPolicy$CatchAndRecordFailures.onExecute(ExecutorPolicy.java:63) ~[na:na]
	at org.gradle.internal.concurrent.ManagedExecutorImpl$1.run(ManagedExecutorImpl.java:46) ~[na:na]
	at java.util.concurrent.ThreadPoolExecutor.runWorker(ThreadPoolExecutor.java:1149) ~[na:1.8.0_181]
	at java.util.concurrent.ThreadPoolExecutor$Worker.run(ThreadPoolExecutor.java:624) ~[na:1.8.0_181]
	at org.gradle.internal.concurrent.ThreadFactoryImpl$ManagedThreadRunnable.run(ThreadFactoryImpl.java:55) ~[na:na]
	at java.lang.Thread.run(Thread.java:748) ~[na:1.8.0_181]

2020-02-02 16:27:16.908  INFO 19868 --- [    Test worker] c.eleks.groupservice.client.UserClient   : Server error during request to UserService
2020-02-02 16:27:17.049  INFO 19868 --- [    Test worker] o.e.jetty.server.AbstractConnector       : Stopped NetworkTrafficServerConnector@2ffc5e49{HTTP/1.1,[http/1.1]}{0.0.0.0:8085}
2020-02-02 16:27:17.053  INFO 19868 --- [    Test worker] o.e.jetty.server.handler.ContextHandler  : Stopped o.e.j.s.ServletContextHandler@62aa673{/,null,UNAVAILABLE}
2020-02-02 16:27:17.053  INFO 19868 --- [    Test worker] o.e.jetty.server.handler.ContextHandler  : Stopped o.e.j.s.ServletContextHandler@e768979{/__admin,null,UNAVAILABLE}
]]></system-out>
  <system-err><![CDATA[]]></system-err>
</testsuite>
