<?xml version="1.0" encoding="UTF-8"?>
<testsuite name="com.eleks.groupservice.mapper.GroupMapperTest" tests="4" skipped="0" failures="0" errors="0" timestamp="2020-02-02T14:27:26" hostname="furious" time="0.019">
  <properties/>
  <testcase name="toDto_NotNullEntity_ReturnDto()" classname="com.eleks.groupservice.mapper.GroupMapperTest" time="0.005"/>
  <testcase name="toEntity_NotNullDto_ReturnEntity()" classname="com.eleks.groupservice.mapper.GroupMapperTest" time="0.003"/>
  <testcase name="toEntity_NullDto_ReturnNull()" classname="com.eleks.groupservice.mapper.GroupMapperTest" time="0.002"/>
  <testcase name="toDto_NullEntity_ReturnNull()" classname="com.eleks.groupservice.mapper.GroupMapperTest" time="0.002"/>
  <system-out><![CDATA[]]></system-out>
  <system-err><![CDATA[]]></system-err>
</testsuite>
