<?xml version="1.0" encoding="UTF-8"?>
<testsuite name="com.eleks.userservice.UserserviceApplicationTests" tests="1" skipped="0" failures="0" errors="0" timestamp="2020-01-29T18:54:53" hostname="WS-LV-CP3577" time="0.012">
  <properties/>
  <testcase name="contextLoads()" classname="com.eleks.userservice.UserserviceApplicationTests" time="0.012"/>
  <system-out><![CDATA[2020-01-29 20:54:53.239  INFO 19452 --- [    Test worker] .b.t.c.SpringBootTestContextBootstrapper : Neither @ContextConfiguration nor @ContextHierarchy found for test class [com.eleks.userservice.UserserviceApplicationTests], using SpringBootContextLoader
2020-01-29 20:54:53.241  INFO 19452 --- [    Test worker] o.s.t.c.support.AbstractContextLoader    : Could not detect default resource locations for test class [com.eleks.userservice.UserserviceApplicationTests]: no resource found for suffixes {-context.xml, Context.groovy}.
2020-01-29 20:54:53.241  INFO 19452 --- [    Test worker] t.c.s.AnnotationConfigContextLoaderUtils : Could not detect default configuration classes for test class [com.eleks.userservice.UserserviceApplicationTests]: UserserviceApplicationTests does not declare any static, non-private, non-final, nested classes annotated with @Configuration.
2020-01-29 20:54:53.252  INFO 19452 --- [    Test worker] .b.t.c.SpringBootTestContextBootstrapper : Found @SpringBootConfiguration com.eleks.userservice.UserServiceApplication for test class com.eleks.userservice.UserserviceApplicationTests
2020-01-29 20:54:53.261  INFO 19452 --- [    Test worker] .b.t.c.SpringBootTestContextBootstrapper : Loaded default TestExecutionListener class names from location [META-INF/spring.factories]: [org.springframework.security.test.context.support.WithSecurityContextTestExecutionListener, org.springframework.security.test.context.support.ReactorContextTestExecutionListener, org.springframework.boot.test.autoconfigure.restdocs.RestDocsTestExecutionListener, org.springframework.boot.test.autoconfigure.web.client.MockRestServiceServerResetTestExecutionListener, org.springframework.boot.test.autoconfigure.web.servlet.MockMvcPrintOnlyOnFailureTestExecutionListener, org.springframework.boot.test.autoconfigure.web.servlet.WebDriverTestExecutionListener, org.springframework.boot.test.mock.mockito.MockitoTestExecutionListener, org.springframework.boot.test.mock.mockito.ResetMocksTestExecutionListener, org.springframework.test.context.web.ServletTestExecutionListener, org.springframework.test.context.support.DirtiesContextBeforeModesTestExecutionListener, org.springframework.test.context.support.DependencyInjectionTestExecutionListener, org.springframework.test.context.support.DirtiesContextTestExecutionListener, org.springframework.test.context.transaction.TransactionalTestExecutionListener, org.springframework.test.context.jdbc.SqlScriptsTestExecutionListener, org.springframework.test.context.event.EventPublishingTestExecutionListener]
2020-01-29 20:54:53.263  INFO 19452 --- [    Test worker] .b.t.c.SpringBootTestContextBootstrapper : Using TestExecutionListeners: [org.springframework.test.context.web.ServletTestExecutionListener@281da3dc, org.springframework.test.context.support.DirtiesContextBeforeModesTestExecutionListener@7d8e65bb, org.springframework.boot.test.mock.mockito.MockitoTestExecutionListener@55d0151d, org.springframework.boot.test.autoconfigure.SpringBootDependencyInjectionTestExecutionListener@7f92030c, org.springframework.test.context.support.DirtiesContextTestExecutionListener@3ad44c61, org.springframework.test.context.transaction.TransactionalTestExecutionListener@34f9553d, org.springframework.test.context.jdbc.SqlScriptsTestExecutionListener@6154c642, org.springframework.security.test.context.support.WithSecurityContextTestExecutionListener@e312307, org.springframework.test.context.event.EventPublishingTestExecutionListener@161ec1e4, org.springframework.security.test.context.support.ReactorContextTestExecutionListener@68302ea7, org.springframework.boot.test.autoconfigure.restdocs.RestDocsTestExecutionListener@2f919335, org.springframework.boot.test.autoconfigure.web.client.MockRestServiceServerResetTestExecutionListener@28bfb4db, org.springframework.boot.test.autoconfigure.web.servlet.MockMvcPrintOnlyOnFailureTestExecutionListener@484e51c9, org.springframework.boot.test.autoconfigure.web.servlet.WebDriverTestExecutionListener@21e20b71, org.springframework.boot.test.mock.mockito.ResetMocksTestExecutionListener@2c92c43]
]]></system-out>
  <system-err><![CDATA[]]></system-err>
</testsuite>
