<?xml version="1.0" encoding="UTF-8"?>
<testsuite name="com.eleks.userservice.service.UserServiceImplTest" tests="13" skipped="0" failures="0" errors="0" timestamp="2020-01-29T18:54:53" hostname="WS-LV-CP3577" time="0.158">
  <properties/>
  <testcase name="getUser_UserWithIdExists_ReturnUserModel()" classname="com.eleks.userservice.service.UserServiceImplTest" time="0.04"/>
  <testcase name="deleteById_UserWithIdExists_CallRepositoryDelete()" classname="com.eleks.userservice.service.UserServiceImplTest" time="0.006"/>
  <testcase name="saveUser_UserWithSuchEmailAlreadyExists_ThrowError()" classname="com.eleks.userservice.service.UserServiceImplTest" time="0.006"/>
  <testcase name="getUsers_ListOfUsersExists_ReturnList()" classname="com.eleks.userservice.service.UserServiceImplTest" time="0.005"/>
  <testcase name="searchUsers_RepositoryReturnsNothing_ShouldReturnEmptyListOfResponses()" classname="com.eleks.userservice.service.UserServiceImplTest" time="0.005"/>
  <testcase name="searchUsers_RepositoryReturnsNotEmptyList_ShouldReturnListOfResponses()" classname="com.eleks.userservice.service.UserServiceImplTest" time="0.005"/>
  <testcase name="deleteById_UserWithIdDoesntExist_ThrowResourceNotExists()" classname="com.eleks.userservice.service.UserServiceImplTest" time="0.007"/>
  <testcase name="getUsers_NoUsersInRepository_ReturnEmptyList()" classname="com.eleks.userservice.service.UserServiceImplTest" time="0.004"/>
  <testcase name="editUser_UserIdDoesntExist_ThrowResourceNotFoundException()" classname="com.eleks.userservice.service.UserServiceImplTest" time="0.004"/>
  <testcase name="editUser_UserIdExists_ReturnResponseDto()" classname="com.eleks.userservice.service.UserServiceImplTest" time="0.036"/>
  <testcase name="getUser_UserWithIdDoesntExist_ReturnNothing()" classname="com.eleks.userservice.service.UserServiceImplTest" time="0.005"/>
  <testcase name="saveUser_UserWithSuchUsernameAlreadyExists_ThrowUniqueUserPropertiesViolationException()" classname="com.eleks.userservice.service.UserServiceImplTest" time="0.004"/>
  <testcase name="saveUser_UserWithSuchUsernameOrEmailDoesntExist_ReturnSavedUser()" classname="com.eleks.userservice.service.UserServiceImplTest" time="0.017"/>
  <system-out><![CDATA[]]></system-out>
  <system-err><![CDATA[]]></system-err>
</testsuite>
