<?xml version="1.0" encoding="UTF-8"?>
<testsuite name="com.eleks.userservice.controller.AuthControllerTest" tests="4" skipped="0" failures="0" errors="0" timestamp="2020-01-29T18:54:33" hostname="WS-LV-CP3577" time="2.454">
  <properties/>
  <testcase name="login_PasswordNotPassed_ShouldReturnBadRequestAndError()" classname="com.eleks.userservice.controller.AuthControllerTest" time="2.126"/>
  <testcase name="login_UsernameNotPassed_ShouldReturnBadRequestAndError()" classname="com.eleks.userservice.controller.AuthControllerTest" time="0.076"/>
  <testcase name="login_ValidCredentials_ShouldReturnOkAndToken()" classname="com.eleks.userservice.controller.AuthControllerTest" time="0.183"/>
  <testcase name="login_InvalidCredentials_ShouldReturnUnauthorizedAndError()" classname="com.eleks.userservice.controller.AuthControllerTest" time="0.065"/>
  <system-out><![CDATA[20:54:35.075 [Test worker] DEBUG org.jboss.logging - Logging Provider: org.jboss.logging.Log4j2LoggerProvider
20:54:35.084 [Test worker] INFO org.hibernate.validator.internal.util.Version - HV000001: Hibernate Validator 6.0.18.Final
20:54:35.103 [Test worker] DEBUG org.hibernate.validator.internal.engine.resolver.TraversableResolvers - Found javax.persistence.Persistence on classpath containing 'getPersistenceUtil'. Assuming JPA 2 environment. Trying to instantiate JPA aware TraversableResolver
20:54:35.106 [Test worker] DEBUG org.hibernate.validator.internal.engine.resolver.TraversableResolvers - Instantiated JPA aware TraversableResolver of type org.hibernate.validator.internal.engine.resolver.JPATraversableResolver.
20:54:35.127 [Test worker] DEBUG org.hibernate.validator.messageinterpolation.ResourceBundleMessageInterpolator - Loaded expression factory via original TCCL
20:54:35.128 [Test worker] DEBUG org.hibernate.validator.internal.engine.ConfigurationImpl - Setting custom MessageInterpolator of type org.springframework.validation.beanvalidation.LocaleContextMessageInterpolator
20:54:35.129 [Test worker] DEBUG org.hibernate.validator.internal.engine.ConfigurationImpl - Setting custom ParameterNameProvider of type org.springframework.validation.beanvalidation.LocalValidatorFactoryBean$1
20:54:35.134 [Test worker] DEBUG org.hibernate.validator.internal.xml.config.ValidationXmlParser - Trying to load META-INF/validation.xml for XML based Validator configuration.
20:54:35.136 [Test worker] DEBUG org.hibernate.validator.internal.xml.config.ResourceLoaderHelper - Trying to load META-INF/validation.xml via TCCL
20:54:35.137 [Test worker] DEBUG org.hibernate.validator.internal.xml.config.ResourceLoaderHelper - Trying to load META-INF/validation.xml via Hibernate Validator's class loader
20:54:35.138 [Test worker] DEBUG org.hibernate.validator.internal.xml.config.ValidationXmlParser - No META-INF/validation.xml found. Using annotation based configuration only.
20:54:35.289 [Test worker] DEBUG org.hibernate.validator.internal.engine.ValidatorFactoryImpl - HV000234: Using org.springframework.validation.beanvalidation.LocaleContextMessageInterpolator as ValidatorFactory-scoped message interpolator.
20:54:35.289 [Test worker] DEBUG org.hibernate.validator.internal.engine.ValidatorFactoryImpl - HV000234: Using org.hibernate.validator.internal.engine.resolver.JPATraversableResolver as ValidatorFactory-scoped traversable resolver.
20:54:35.289 [Test worker] DEBUG org.hibernate.validator.internal.engine.ValidatorFactoryImpl - HV000234: Using org.hibernate.validator.internal.util.ExecutableParameterNameProvider as ValidatorFactory-scoped parameter name provider.
20:54:35.289 [Test worker] DEBUG org.hibernate.validator.internal.engine.ValidatorFactoryImpl - HV000234: Using org.hibernate.validator.internal.engine.DefaultClockProvider as ValidatorFactory-scoped clock provider.
20:54:35.289 [Test worker] DEBUG org.hibernate.validator.internal.engine.ValidatorFactoryImpl - HV000234: Using org.hibernate.validator.internal.engine.scripting.DefaultScriptEvaluatorFactory as ValidatorFactory-scoped script evaluator factory.
20:54:35.437 [Test worker] DEBUG org.springframework.web.servlet.mvc.method.annotation.RequestMappingHandlerMapping - 1 mappings in <unknown>
20:54:35.540 [Test worker] DEBUG org.springframework.web.servlet.mvc.method.annotation.RequestMappingHandlerAdapter - ControllerAdvice beans: 0 @ModelAttribute, 0 @InitBinder, 1 RequestBodyAdvice, 1 ResponseBodyAdvice
20:54:35.584 [Test worker] DEBUG org.springframework.web.servlet.mvc.method.annotation.ExceptionHandlerExceptionResolver - ControllerAdvice beans: 1 @ExceptionHandler, 1 ResponseBodyAdvice
20:54:35.621 [Test worker] INFO org.springframework.mock.web.MockServletContext - Initializing Spring TestDispatcherServlet ''
20:54:35.621 [Test worker] INFO org.springframework.test.web.servlet.TestDispatcherServlet - Initializing Servlet ''
20:54:35.625 [Test worker] DEBUG org.springframework.test.web.servlet.TestDispatcherServlet - Detected AcceptHeaderLocaleResolver
20:54:35.626 [Test worker] DEBUG org.springframework.test.web.servlet.TestDispatcherServlet - Detected FixedThemeResolver
20:54:35.627 [Test worker] DEBUG org.springframework.test.web.servlet.TestDispatcherServlet - Detected org.springframework.web.servlet.view.DefaultRequestToViewNameTranslator@51c29380
20:54:35.627 [Test worker] DEBUG org.springframework.test.web.servlet.TestDispatcherServlet - Detected org.springframework.web.servlet.support.SessionFlashMapManager@56de04fd
20:54:35.627 [Test worker] DEBUG org.springframework.test.web.servlet.TestDispatcherServlet - enableLoggingRequestDetails='false': request parameters and headers will be masked to prevent unsafe logging of potentially sensitive data
20:54:35.627 [Test worker] INFO org.springframework.test.web.servlet.TestDispatcherServlet - Completed initialization in 6 ms
20:54:35.735 [Test worker] DEBUG org.springframework.test.web.servlet.TestDispatcherServlet - POST "/login", parameters={}
20:54:35.743 [Test worker] DEBUG org.springframework.web.servlet.mvc.method.annotation.RequestMappingHandlerMapping - Mapped to com.eleks.userservice.controller.AuthController#login(LoginRequest)
20:54:35.823 [Test worker] DEBUG org.springframework.web.servlet.mvc.method.annotation.RequestResponseBodyMethodProcessor - Read "application/json" to [LoginRequest(username=testUser, password=null)]
20:54:35.964 [Test worker] DEBUG org.springframework.web.servlet.mvc.method.annotation.ExceptionHandlerExceptionResolver - Using @ExceptionHandler com.eleks.userservice.handler.CustomExceptionHandler#handleException(Exception, WebRequest)
20:54:35.965 [Test worker] INFO com.eleks.userservice.handler.CustomExceptionHandler - handleMethodArgumentNotValid, Validation failed for argument [0] in public com.eleks.userservice.dto.login.JwtResponse com.eleks.userservice.controller.AuthController.login(com.eleks.userservice.dto.login.LoginRequest) throws java.io.IOException,org.springframework.security.authentication.BadCredentialsException: [Field error in object 'loginRequest' on field 'password': rejected value [null]; codes [NotNull.loginRequest.password,NotNull.password,NotNull.java.lang.String,NotNull]; arguments [org.springframework.context.support.DefaultMessageSourceResolvable: codes [loginRequest.password,password]; arguments []; default message [password]]; default message [password is required]] 
20:54:35.985 [Test worker] DEBUG org.springframework.web.servlet.mvc.method.annotation.HttpEntityMethodProcessor - Using 'application/json', given [*/*] and supported [application/json, application/*+json]
20:54:35.986 [Test worker] DEBUG org.springframework.web.servlet.mvc.method.annotation.HttpEntityMethodProcessor - Writing [ErrorDto(statusCode=400, messages=[password is required], timestamp=2020-01-29T20:54:35.972014800)]
20:54:35.999 [Test worker] DEBUG org.springframework.web.servlet.mvc.method.annotation.ExceptionHandlerExceptionResolver - Resolved [org.springframework.web.bind.MethodArgumentNotValidException: Validation failed for argument [0] in public com.eleks.userservice.dto.login.JwtResponse com.eleks.userservice.controller.AuthController.login(com.eleks.userservice.dto.login.LoginRequest) throws java.io.IOException,org.springframework.security.authentication.BadCredentialsException: [Field error in object 'loginRequest' on field 'password': rejected value [null]; codes [NotNull.loginRequest.password,NotNull.password,NotNull.java.lang.String,NotNull]; arguments [org.springframework.context.support.DefaultMessageSourceResolvable: codes [loginRequest.password,password]; arguments []; default message [password]]; default message [password is required]] ]
20:54:36.000 [Test worker] DEBUG org.springframework.test.web.servlet.TestDispatcherServlet - Completed 400 BAD_REQUEST
20:54:36.057 [Test worker] DEBUG org.hibernate.validator.internal.engine.resolver.TraversableResolvers - Found javax.persistence.Persistence on classpath containing 'getPersistenceUtil'. Assuming JPA 2 environment. Trying to instantiate JPA aware TraversableResolver
20:54:36.058 [Test worker] DEBUG org.hibernate.validator.internal.engine.resolver.TraversableResolvers - Instantiated JPA aware TraversableResolver of type org.hibernate.validator.internal.engine.resolver.JPATraversableResolver.
20:54:36.058 [Test worker] DEBUG org.hibernate.validator.messageinterpolation.ResourceBundleMessageInterpolator - Loaded expression factory via original TCCL
20:54:36.058 [Test worker] DEBUG org.hibernate.validator.internal.engine.ConfigurationImpl - Setting custom MessageInterpolator of type org.springframework.validation.beanvalidation.LocaleContextMessageInterpolator
20:54:36.058 [Test worker] DEBUG org.hibernate.validator.internal.engine.ConfigurationImpl - Setting custom ParameterNameProvider of type org.springframework.validation.beanvalidation.LocalValidatorFactoryBean$1
20:54:36.060 [Test worker] DEBUG org.hibernate.validator.internal.xml.config.ValidationXmlParser - Trying to load META-INF/validation.xml for XML based Validator configuration.
20:54:36.060 [Test worker] DEBUG org.hibernate.validator.internal.xml.config.ResourceLoaderHelper - Trying to load META-INF/validation.xml via TCCL
20:54:36.061 [Test worker] DEBUG org.hibernate.validator.internal.xml.config.ResourceLoaderHelper - Trying to load META-INF/validation.xml via Hibernate Validator's class loader
20:54:36.061 [Test worker] DEBUG org.hibernate.validator.internal.xml.config.ValidationXmlParser - No META-INF/validation.xml found. Using annotation based configuration only.
20:54:36.076 [Test worker] DEBUG org.hibernate.validator.internal.engine.ValidatorFactoryImpl - HV000234: Using org.springframework.validation.beanvalidation.LocaleContextMessageInterpolator as ValidatorFactory-scoped message interpolator.
20:54:36.077 [Test worker] DEBUG org.hibernate.validator.internal.engine.ValidatorFactoryImpl - HV000234: Using org.hibernate.validator.internal.engine.resolver.JPATraversableResolver as ValidatorFactory-scoped traversable resolver.
20:54:36.077 [Test worker] DEBUG org.hibernate.validator.internal.engine.ValidatorFactoryImpl - HV000234: Using org.hibernate.validator.internal.util.ExecutableParameterNameProvider as ValidatorFactory-scoped parameter name provider.
20:54:36.077 [Test worker] DEBUG org.hibernate.validator.internal.engine.ValidatorFactoryImpl - HV000234: Using org.hibernate.validator.internal.engine.DefaultClockProvider as ValidatorFactory-scoped clock provider.
20:54:36.077 [Test worker] DEBUG org.hibernate.validator.internal.engine.ValidatorFactoryImpl - HV000234: Using org.hibernate.validator.internal.engine.scripting.DefaultScriptEvaluatorFactory as ValidatorFactory-scoped script evaluator factory.
20:54:36.082 [Test worker] DEBUG org.springframework.web.servlet.mvc.method.annotation.RequestMappingHandlerMapping - 1 mappings in <unknown>
20:54:36.095 [Test worker] DEBUG org.springframework.web.servlet.mvc.method.annotation.RequestMappingHandlerAdapter - ControllerAdvice beans: 0 @ModelAttribute, 0 @InitBinder, 1 RequestBodyAdvice, 1 ResponseBodyAdvice
20:54:36.103 [Test worker] DEBUG org.springframework.web.servlet.mvc.method.annotation.ExceptionHandlerExceptionResolver - ControllerAdvice beans: 1 @ExceptionHandler, 1 ResponseBodyAdvice
20:54:36.104 [Test worker] INFO org.springframework.mock.web.MockServletContext - Initializing Spring TestDispatcherServlet ''
20:54:36.104 [Test worker] INFO org.springframework.test.web.servlet.TestDispatcherServlet - Initializing Servlet ''
20:54:36.105 [Test worker] DEBUG org.springframework.test.web.servlet.TestDispatcherServlet - Detected AcceptHeaderLocaleResolver
20:54:36.105 [Test worker] DEBUG org.springframework.test.web.servlet.TestDispatcherServlet - Detected FixedThemeResolver
20:54:36.105 [Test worker] DEBUG org.springframework.test.web.servlet.TestDispatcherServlet - Detected org.springframework.web.servlet.view.DefaultRequestToViewNameTranslator@5b61a515
20:54:36.105 [Test worker] DEBUG org.springframework.test.web.servlet.TestDispatcherServlet - Detected org.springframework.web.servlet.support.SessionFlashMapManager@261715e0
20:54:36.105 [Test worker] DEBUG org.springframework.test.web.servlet.TestDispatcherServlet - enableLoggingRequestDetails='false': request parameters and headers will be masked to prevent unsafe logging of potentially sensitive data
20:54:36.106 [Test worker] INFO org.springframework.test.web.servlet.TestDispatcherServlet - Completed initialization in 2 ms
20:54:36.107 [Test worker] DEBUG org.springframework.test.web.servlet.TestDispatcherServlet - POST "/login", parameters={}
20:54:36.108 [Test worker] DEBUG org.springframework.web.servlet.mvc.method.annotation.RequestMappingHandlerMapping - Mapped to com.eleks.userservice.controller.AuthController#login(LoginRequest)
20:54:36.110 [Test worker] DEBUG org.springframework.web.servlet.mvc.method.annotation.RequestResponseBodyMethodProcessor - Read "application/json" to [LoginRequest(username=null, password=Passw0rd)]
20:54:36.119 [Test worker] DEBUG org.springframework.web.servlet.mvc.method.annotation.ExceptionHandlerExceptionResolver - Using @ExceptionHandler com.eleks.userservice.handler.CustomExceptionHandler#handleException(Exception, WebRequest)
20:54:36.120 [Test worker] INFO com.eleks.userservice.handler.CustomExceptionHandler - handleMethodArgumentNotValid, Validation failed for argument [0] in public com.eleks.userservice.dto.login.JwtResponse com.eleks.userservice.controller.AuthController.login(com.eleks.userservice.dto.login.LoginRequest) throws java.io.IOException,org.springframework.security.authentication.BadCredentialsException: [Field error in object 'loginRequest' on field 'username': rejected value [null]; codes [NotNull.loginRequest.username,NotNull.username,NotNull.java.lang.String,NotNull]; arguments [org.springframework.context.support.DefaultMessageSourceResolvable: codes [loginRequest.username,username]; arguments []; default message [username]]; default message [username is required]] 
20:54:36.123 [Test worker] DEBUG org.springframework.web.servlet.mvc.method.annotation.HttpEntityMethodProcessor - Using 'application/json', given [*/*] and supported [application/json, application/*+json]
20:54:36.124 [Test worker] DEBUG org.springframework.web.servlet.mvc.method.annotation.HttpEntityMethodProcessor - Writing [ErrorDto(statusCode=400, messages=[username is required], timestamp=2020-01-29T20:54:36.120020400)]
20:54:36.125 [Test worker] DEBUG org.springframework.web.servlet.mvc.method.annotation.ExceptionHandlerExceptionResolver - Resolved [org.springframework.web.bind.MethodArgumentNotValidException: Validation failed for argument [0] in public com.eleks.userservice.dto.login.JwtResponse com.eleks.userservice.controller.AuthController.login(com.eleks.userservice.dto.login.LoginRequest) throws java.io.IOException,org.springframework.security.authentication.BadCredentialsException: [Field error in object 'loginRequest' on field 'username': rejected value [null]; codes [NotNull.loginRequest.username,NotNull.username,NotNull.java.lang.String,NotNull]; arguments [org.springframework.context.support.DefaultMessageSourceResolvable: codes [loginRequest.username,username]; arguments []; default message [username]]; default message [username is required]] ]
20:54:36.126 [Test worker] DEBUG org.springframework.test.web.servlet.TestDispatcherServlet - Completed 400 BAD_REQUEST
20:54:36.138 [Test worker] DEBUG org.hibernate.validator.internal.engine.resolver.TraversableResolvers - Found javax.persistence.Persistence on classpath containing 'getPersistenceUtil'. Assuming JPA 2 environment. Trying to instantiate JPA aware TraversableResolver
20:54:36.138 [Test worker] DEBUG org.hibernate.validator.internal.engine.resolver.TraversableResolvers - Instantiated JPA aware TraversableResolver of type org.hibernate.validator.internal.engine.resolver.JPATraversableResolver.
20:54:36.138 [Test worker] DEBUG org.hibernate.validator.messageinterpolation.ResourceBundleMessageInterpolator - Loaded expression factory via original TCCL
20:54:36.138 [Test worker] DEBUG org.hibernate.validator.internal.engine.ConfigurationImpl - Setting custom MessageInterpolator of type org.springframework.validation.beanvalidation.LocaleContextMessageInterpolator
20:54:36.139 [Test worker] DEBUG org.hibernate.validator.internal.engine.ConfigurationImpl - Setting custom ParameterNameProvider of type org.springframework.validation.beanvalidation.LocalValidatorFactoryBean$1
20:54:36.140 [Test worker] DEBUG org.hibernate.validator.internal.xml.config.ValidationXmlParser - Trying to load META-INF/validation.xml for XML based Validator configuration.
20:54:36.141 [Test worker] DEBUG org.hibernate.validator.internal.xml.config.ResourceLoaderHelper - Trying to load META-INF/validation.xml via TCCL
20:54:36.141 [Test worker] DEBUG org.hibernate.validator.internal.xml.config.ResourceLoaderHelper - Trying to load META-INF/validation.xml via Hibernate Validator's class loader
20:54:36.143 [Test worker] DEBUG org.hibernate.validator.internal.xml.config.ValidationXmlParser - No META-INF/validation.xml found. Using annotation based configuration only.
20:54:36.158 [Test worker] DEBUG org.hibernate.validator.internal.engine.ValidatorFactoryImpl - HV000234: Using org.springframework.validation.beanvalidation.LocaleContextMessageInterpolator as ValidatorFactory-scoped message interpolator.
20:54:36.159 [Test worker] DEBUG org.hibernate.validator.internal.engine.ValidatorFactoryImpl - HV000234: Using org.hibernate.validator.internal.engine.resolver.JPATraversableResolver as ValidatorFactory-scoped traversable resolver.
20:54:36.159 [Test worker] DEBUG org.hibernate.validator.internal.engine.ValidatorFactoryImpl - HV000234: Using org.hibernate.validator.internal.util.ExecutableParameterNameProvider as ValidatorFactory-scoped parameter name provider.
20:54:36.159 [Test worker] DEBUG org.hibernate.validator.internal.engine.ValidatorFactoryImpl - HV000234: Using org.hibernate.validator.internal.engine.DefaultClockProvider as ValidatorFactory-scoped clock provider.
20:54:36.160 [Test worker] DEBUG org.hibernate.validator.internal.engine.ValidatorFactoryImpl - HV000234: Using org.hibernate.validator.internal.engine.scripting.DefaultScriptEvaluatorFactory as ValidatorFactory-scoped script evaluator factory.
20:54:36.162 [Test worker] DEBUG org.springframework.web.servlet.mvc.method.annotation.RequestMappingHandlerMapping - 1 mappings in <unknown>
20:54:36.179 [Test worker] DEBUG org.springframework.web.servlet.mvc.method.annotation.RequestMappingHandlerAdapter - ControllerAdvice beans: 0 @ModelAttribute, 0 @InitBinder, 1 RequestBodyAdvice, 1 ResponseBodyAdvice
20:54:36.189 [Test worker] DEBUG org.springframework.web.servlet.mvc.method.annotation.ExceptionHandlerExceptionResolver - ControllerAdvice beans: 1 @ExceptionHandler, 1 ResponseBodyAdvice
20:54:36.190 [Test worker] INFO org.springframework.mock.web.MockServletContext - Initializing Spring TestDispatcherServlet ''
20:54:36.191 [Test worker] INFO org.springframework.test.web.servlet.TestDispatcherServlet - Initializing Servlet ''
20:54:36.191 [Test worker] DEBUG org.springframework.test.web.servlet.TestDispatcherServlet - Detected AcceptHeaderLocaleResolver
20:54:36.191 [Test worker] DEBUG org.springframework.test.web.servlet.TestDispatcherServlet - Detected FixedThemeResolver
20:54:36.192 [Test worker] DEBUG org.springframework.test.web.servlet.TestDispatcherServlet - Detected org.springframework.web.servlet.view.DefaultRequestToViewNameTranslator@4c94a0da
20:54:36.192 [Test worker] DEBUG org.springframework.test.web.servlet.TestDispatcherServlet - Detected org.springframework.web.servlet.support.SessionFlashMapManager@71569292
20:54:36.192 [Test worker] DEBUG org.springframework.test.web.servlet.TestDispatcherServlet - enableLoggingRequestDetails='false': request parameters and headers will be masked to prevent unsafe logging of potentially sensitive data
20:54:36.192 [Test worker] INFO org.springframework.test.web.servlet.TestDispatcherServlet - Completed initialization in 1 ms
20:54:36.276 [Test worker] DEBUG org.springframework.test.web.servlet.TestDispatcherServlet - POST "/login", parameters={}
20:54:36.276 [Test worker] DEBUG org.springframework.web.servlet.mvc.method.annotation.RequestMappingHandlerMapping - Mapped to com.eleks.userservice.controller.AuthController#login(LoginRequest)
20:54:36.278 [Test worker] DEBUG org.springframework.web.servlet.mvc.method.annotation.RequestResponseBodyMethodProcessor - Read "application/json" to [LoginRequest(username=testUser, password=Passw0rd)]
20:54:36.296 [Test worker] DEBUG org.springframework.web.servlet.mvc.method.annotation.RequestResponseBodyMethodProcessor - Using 'application/json', given [*/*] and supported [application/json, application/*+json]
20:54:36.296 [Test worker] DEBUG org.springframework.web.servlet.mvc.method.annotation.RequestResponseBodyMethodProcessor - Writing [JwtResponse(jwt=token)]
20:54:36.298 [Test worker] DEBUG org.springframework.test.web.servlet.TestDispatcherServlet - Completed 200 OK
20:54:36.317 [Test worker] DEBUG org.hibernate.validator.internal.engine.resolver.TraversableResolvers - Found javax.persistence.Persistence on classpath containing 'getPersistenceUtil'. Assuming JPA 2 environment. Trying to instantiate JPA aware TraversableResolver
20:54:36.318 [Test worker] DEBUG org.hibernate.validator.internal.engine.resolver.TraversableResolvers - Instantiated JPA aware TraversableResolver of type org.hibernate.validator.internal.engine.resolver.JPATraversableResolver.
20:54:36.319 [Test worker] DEBUG org.hibernate.validator.messageinterpolation.ResourceBundleMessageInterpolator - Loaded expression factory via original TCCL
20:54:36.319 [Test worker] DEBUG org.hibernate.validator.internal.engine.ConfigurationImpl - Setting custom MessageInterpolator of type org.springframework.validation.beanvalidation.LocaleContextMessageInterpolator
20:54:36.320 [Test worker] DEBUG org.hibernate.validator.internal.engine.ConfigurationImpl - Setting custom ParameterNameProvider of type org.springframework.validation.beanvalidation.LocalValidatorFactoryBean$1
20:54:36.321 [Test worker] DEBUG org.hibernate.validator.internal.xml.config.ValidationXmlParser - Trying to load META-INF/validation.xml for XML based Validator configuration.
20:54:36.322 [Test worker] DEBUG org.hibernate.validator.internal.xml.config.ResourceLoaderHelper - Trying to load META-INF/validation.xml via TCCL
20:54:36.322 [Test worker] DEBUG org.hibernate.validator.internal.xml.config.ResourceLoaderHelper - Trying to load META-INF/validation.xml via Hibernate Validator's class loader
20:54:36.323 [Test worker] DEBUG org.hibernate.validator.internal.xml.config.ValidationXmlParser - No META-INF/validation.xml found. Using annotation based configuration only.
20:54:36.340 [Test worker] DEBUG org.hibernate.validator.internal.engine.ValidatorFactoryImpl - HV000234: Using org.springframework.validation.beanvalidation.LocaleContextMessageInterpolator as ValidatorFactory-scoped message interpolator.
20:54:36.341 [Test worker] DEBUG org.hibernate.validator.internal.engine.ValidatorFactoryImpl - HV000234: Using org.hibernate.validator.internal.engine.resolver.JPATraversableResolver as ValidatorFactory-scoped traversable resolver.
20:54:36.341 [Test worker] DEBUG org.hibernate.validator.internal.engine.ValidatorFactoryImpl - HV000234: Using org.hibernate.validator.internal.util.ExecutableParameterNameProvider as ValidatorFactory-scoped parameter name provider.
20:54:36.341 [Test worker] DEBUG org.hibernate.validator.internal.engine.ValidatorFactoryImpl - HV000234: Using org.hibernate.validator.internal.engine.DefaultClockProvider as ValidatorFactory-scoped clock provider.
20:54:36.341 [Test worker] DEBUG org.hibernate.validator.internal.engine.ValidatorFactoryImpl - HV000234: Using org.hibernate.validator.internal.engine.scripting.DefaultScriptEvaluatorFactory as ValidatorFactory-scoped script evaluator factory.
20:54:36.346 [Test worker] DEBUG org.springframework.web.servlet.mvc.method.annotation.RequestMappingHandlerMapping - 1 mappings in <unknown>
20:54:36.354 [Test worker] DEBUG org.springframework.web.servlet.mvc.method.annotation.RequestMappingHandlerAdapter - ControllerAdvice beans: 0 @ModelAttribute, 0 @InitBinder, 1 RequestBodyAdvice, 1 ResponseBodyAdvice
20:54:36.358 [Test worker] DEBUG org.springframework.web.servlet.mvc.method.annotation.ExceptionHandlerExceptionResolver - ControllerAdvice beans: 1 @ExceptionHandler, 1 ResponseBodyAdvice
20:54:36.358 [Test worker] INFO org.springframework.mock.web.MockServletContext - Initializing Spring TestDispatcherServlet ''
20:54:36.358 [Test worker] INFO org.springframework.test.web.servlet.TestDispatcherServlet - Initializing Servlet ''
20:54:36.359 [Test worker] DEBUG org.springframework.test.web.servlet.TestDispatcherServlet - Detected AcceptHeaderLocaleResolver
20:54:36.359 [Test worker] DEBUG org.springframework.test.web.servlet.TestDispatcherServlet - Detected FixedThemeResolver
20:54:36.359 [Test worker] DEBUG org.springframework.test.web.servlet.TestDispatcherServlet - Detected org.springframework.web.servlet.view.DefaultRequestToViewNameTranslator@245cf63f
20:54:36.359 [Test worker] DEBUG org.springframework.test.web.servlet.TestDispatcherServlet - Detected org.springframework.web.servlet.support.SessionFlashMapManager@496b0c9b
20:54:36.359 [Test worker] DEBUG org.springframework.test.web.servlet.TestDispatcherServlet - enableLoggingRequestDetails='false': request parameters and headers will be masked to prevent unsafe logging of potentially sensitive data
20:54:36.359 [Test worker] INFO org.springframework.test.web.servlet.TestDispatcherServlet - Completed initialization in 0 ms
20:54:36.364 [Test worker] DEBUG org.springframework.test.web.servlet.TestDispatcherServlet - POST "/login", parameters={}
20:54:36.364 [Test worker] DEBUG org.springframework.web.servlet.mvc.method.annotation.RequestMappingHandlerMapping - Mapped to com.eleks.userservice.controller.AuthController#login(LoginRequest)
20:54:36.367 [Test worker] DEBUG org.springframework.web.servlet.mvc.method.annotation.RequestResponseBodyMethodProcessor - Read "application/json" to [LoginRequest(username=testUser, password=Passw0rd)]
20:54:36.374 [Test worker] DEBUG org.springframework.web.servlet.mvc.method.annotation.ExceptionHandlerExceptionResolver - Using @ExceptionHandler com.eleks.userservice.handler.CustomExceptionHandler#handleBadCredentialsException(BadCredentialsException)
20:54:36.374 [Test worker] INFO com.eleks.userservice.handler.CustomExceptionHandler - handleBadCredentialsException, Invalid credentials
20:54:36.376 [Test worker] DEBUG org.springframework.web.servlet.mvc.method.annotation.RequestResponseBodyMethodProcessor - Using 'application/json', given [*/*] and supported [application/json, application/*+json]
20:54:36.376 [Test worker] DEBUG org.springframework.web.servlet.mvc.method.annotation.RequestResponseBodyMethodProcessor - Writing [ErrorDto(statusCode=401, messages=[Invalid credentials], timestamp=2020-01-29T20:54:36.374914900)]
20:54:36.377 [Test worker] DEBUG org.springframework.web.servlet.mvc.method.annotation.ExceptionHandlerExceptionResolver - Resolved [org.springframework.security.authentication.BadCredentialsException: Invalid credentials]
20:54:36.377 [Test worker] DEBUG org.springframework.test.web.servlet.TestDispatcherServlet - Completed 401 UNAUTHORIZED
]]></system-out>
  <system-err><![CDATA[]]></system-err>
</testsuite>
